<?xml version="1.0" encoding="UTF-8"?>
<robot generator="Robot 7.3.2 (Python 3.12.2 on win32)" generated="2026-03-03T21:38:28.955642" rpa="false" schemaversion="5">
<suite id="s1" name="test UAT" source="D:\Software_Engineer\test_painamnae\sprint 2\UAT\test_UAT.robot">
<test id="s1-t1" name="Report Without Evidence:" line="26">
<kw name="Open PNN website">
<kw name="Open Browser" owner="SeleniumLibrary">
<msg time="2026-03-03T21:38:29.542949" level="INFO">Opening browser 'Edge' to base url 'http://www.google.com'.</msg>
<arg>${homepage}</arg>
<arg>${browser}</arg>
<doc>Opens a new browser instance to the optional ``url``.</doc>
<status status="PASS" start="2026-03-03T21:38:29.541899" elapsed="2.691709"/>
</kw>
<kw name="Maximize Browser Window" owner="SeleniumLibrary">
<doc>Maximizes current browser window.</doc>
<status status="PASS" start="2026-03-03T21:38:32.233608" elapsed="0.060871"/>
</kw>
<kw name="Go To" owner="SeleniumLibrary">
<msg time="2026-03-03T21:38:32.295496" level="INFO">Opening url 'https://csse1369.cpkku.com/'</msg>
<arg>${pnnUrl}</arg>
<doc>Navigates the current browser window to the provided ``url``.</doc>
<status status="PASS" start="2026-03-03T21:38:32.295496" elapsed="0.352520"/>
</kw>
<status status="PASS" start="2026-03-03T21:38:29.540352" elapsed="3.107664"/>
</kw>
<kw name="Login as Driver">
<kw name="Sleep" owner="BuiltIn">
<msg time="2026-03-03T21:38:34.649406" level="INFO">Slept 2 seconds.</msg>
<arg>2s</arg>
<doc>Pauses the test executed for the given time.</doc>
<status status="PASS" start="2026-03-03T21:38:32.649014" elapsed="2.000392"/>
</kw>
<kw name="Wait Until Page Contains" owner="SeleniumLibrary">
<arg>เดินทางร่วมกัน อย่างมั่นใจ ด้วยความปลอดภัยเป็นอันดับหนึ่ง</arg>
<arg>timeout=10s</arg>
<doc>Waits until ``text`` appears on the current page.</doc>
<status status="PASS" start="2026-03-03T21:38:34.649406" elapsed="0.018137"/>
</kw>
<kw name="Click Element" owner="SeleniumLibrary">
<msg time="2026-03-03T21:38:34.668542" level="INFO">Clicking element 'xpath=//a[normalize-space()="เข้าสู่ระบบ"]'.</msg>
<arg>xpath=//a[normalize-space()="เข้าสู่ระบบ"]</arg>
<doc>Click the element identified by ``locator``.</doc>
<status status="PASS" start="2026-03-03T21:38:34.667543" elapsed="0.137837"/>
</kw>
<kw name="Sleep" owner="BuiltIn">
<msg time="2026-03-03T21:38:36.807429" level="INFO">Slept 2 seconds.</msg>
<arg>2s</arg>
<doc>Pauses the test executed for the given time.</doc>
<status status="PASS" start="2026-03-03T21:38:34.805380" elapsed="2.002049"/>
</kw>
<kw name="Input Text" owner="SeleniumLibrary">
<msg time="2026-03-03T21:38:36.807429" level="INFO">Typing text 'driver123' into text field 'id=identifier'.</msg>
<arg>id=identifier</arg>
<arg>${driverUser}</arg>
<doc>Types the given ``text`` into the text field identified by ``locator``.</doc>
<status status="PASS" start="2026-03-03T21:38:36.807429" elapsed="0.113690"/>
</kw>
<kw name="Input Text" owner="SeleniumLibrary">
<msg time="2026-03-03T21:38:36.922119" level="INFO">Typing text 'driver987654321' into text field 'id=password'.</msg>
<arg>id=password</arg>
<arg>${driverPass}</arg>
<doc>Types the given ``text`` into the text field identified by ``locator``.</doc>
<status status="PASS" start="2026-03-03T21:38:36.921119" elapsed="0.080462"/>
</kw>
<kw name="Click Button" owner="SeleniumLibrary">
<msg time="2026-03-03T21:38:37.001581" level="INFO">Clicking button 'xpath=//button[normalize-space()="เข้าสู่ระบบ"]'.</msg>
<arg>xpath=//button[normalize-space()="เข้าสู่ระบบ"]</arg>
<doc>Clicks the button identified by ``locator``.</doc>
<status status="PASS" start="2026-03-03T21:38:37.001581" elapsed="0.083489"/>
</kw>
<status status="PASS" start="2026-03-03T21:38:32.649014" elapsed="4.436056"/>
</kw>
<kw name="Go to Home page as driver">
<kw name="Sleep" owner="BuiltIn">
<msg time="2026-03-03T21:38:39.086375" level="INFO">Slept 2 seconds.</msg>
<arg>2s</arg>
<doc>Pauses the test executed for the given time.</doc>
<status status="PASS" start="2026-03-03T21:38:37.086082" elapsed="2.000293"/>
</kw>
<kw name="Wait Until Page Contains" owner="SeleniumLibrary">
<arg>เดินทางร่วมกัน อย่างมั่นใจ ด้วยความปลอดภัยเป็นอันดับหนึ่ง</arg>
<arg>timeout=10s</arg>
<doc>Waits until ``text`` appears on the current page.</doc>
<status status="PASS" start="2026-03-03T21:38:39.086375" elapsed="0.012347"/>
</kw>
<kw name="Wait Until Page Contains" owner="SeleniumLibrary">
<arg>${driverName}</arg>
<arg>timeout=10s</arg>
<doc>Waits until ``text`` appears on the current page.</doc>
<status status="PASS" start="2026-03-03T21:38:39.098722" elapsed="0.013574"/>
</kw>
<status status="PASS" start="2026-03-03T21:38:37.085070" elapsed="2.027226"/>
</kw>
<kw name="Go to Request Trip">
<kw name="Sleep" owner="BuiltIn">
<msg time="2026-03-03T21:38:41.113435" level="INFO">Slept 2 seconds.</msg>
<arg>2s</arg>
<doc>Pauses the test executed for the given time.</doc>
<status status="PASS" start="2026-03-03T21:38:39.113303" elapsed="2.000132"/>
</kw>
<kw name="Mouse Over" owner="SeleniumLibrary">
<msg time="2026-03-03T21:38:41.113435" level="INFO">Simulating Mouse Over on element 'xpath=//*[@id="__nuxt"]/div/div[1]/header/div/div[1]/nav/div[2]/div/a'.</msg>
<arg>xpath=//*[@id="__nuxt"]/div/div[1]/header/div/div[1]/nav/div[2]/div/a</arg>
<doc>Simulates hovering the mouse over the element ``locator``.</doc>
<status status="PASS" start="2026-03-03T21:38:41.113435" elapsed="0.292465"/>
</kw>
<kw name="Click Element" owner="SeleniumLibrary">
<msg time="2026-03-03T21:38:41.406899" level="INFO">Clicking element 'xpath=//*[@id="__nuxt"]/div/div[1]/header/div/div[1]/nav/div[2]/div/div/a[2]'.</msg>
<arg>xpath=//*[@id="__nuxt"]/div/div[1]/header/div/div[1]/nav/div[2]/div/div/a[2]</arg>
<doc>Click the element identified by ``locator``.</doc>
<status status="PASS" start="2026-03-03T21:38:41.405900" elapsed="0.072691"/>
</kw>
<kw name="Wait Until Page Contains" owner="SeleniumLibrary">
<arg>คำขอจองเส้นทางของฉัน</arg>
<arg>timeout=10s</arg>
<doc>Waits until ``text`` appears on the current page.</doc>
<status status="PASS" start="2026-03-03T21:38:41.478591" elapsed="0.034717"/>
</kw>
<status status="PASS" start="2026-03-03T21:38:39.113303" elapsed="2.401516"/>
</kw>
<kw name="Go to ReportForm">
<kw name="Sleep" owner="BuiltIn">
<msg time="2026-03-03T21:38:43.516324" level="INFO">Slept 2 seconds.</msg>
<arg>2s</arg>
<doc>Pauses the test executed for the given time.</doc>
<status status="PASS" start="2026-03-03T21:38:41.515834" elapsed="2.000490"/>
</kw>
<kw name="Click Button" owner="SeleniumLibrary">
<msg time="2026-03-03T21:38:43.516324" level="INFO">Clicking button 'xpath=//*[@id="__nuxt"]/div/div[1]/main/div/div/div[2]/div/button[2]'.</msg>
<arg>xpath=//*[@id="__nuxt"]/div/div[1]/main/div/div/div[2]/div/button[2]</arg>
<doc>Clicks the button identified by ``locator``.</doc>
<status status="PASS" start="2026-03-03T21:38:43.516324" elapsed="0.221290"/>
</kw>
<kw name="Wait Until Page Contains" owner="SeleniumLibrary">
<arg>ยืนยันแล้ว</arg>
<arg>timeout=10s</arg>
<doc>Waits until ``text`` appears on the current page.</doc>
<status status="PASS" start="2026-03-03T21:38:43.737614" elapsed="0.084400"/>
</kw>
<kw name="Click Element" owner="SeleniumLibrary">
<msg time="2026-03-03T21:38:43.822014" level="INFO">Clicking element 'xpath=//*[@id="__nuxt"]/div/div[1]/main/div/div/div[3]/div[1]/div/div[2]/div/div[2]/div[1]/div[1]/a'.</msg>
<arg>xpath=//*[@id="__nuxt"]/div/div[1]/main/div/div/div[3]/div[1]/div/div[2]/div/div[2]/div[1]/div[1]/a</arg>
<doc>Click the element identified by ``locator``.</doc>
<status status="PASS" start="2026-03-03T21:38:43.822014" elapsed="0.168674"/>
</kw>
<status status="PASS" start="2026-03-03T21:38:41.514819" elapsed="2.475869"/>
</kw>
<kw name="Without Upload File">
<kw name="Sleep" owner="BuiltIn">
<msg time="2026-03-03T21:38:45.993244" level="INFO">Slept 2 seconds.</msg>
<arg>2s</arg>
<doc>Pauses the test executed for the given time.</doc>
<status status="PASS" start="2026-03-03T21:38:43.992709" elapsed="2.000535"/>
</kw>
<kw name="Wait Until Page Contains" owner="SeleniumLibrary">
<arg>รายงานปัญหา</arg>
<arg>timeout=10s</arg>
<doc>Waits until ``text`` appears on the current page.</doc>
<status status="PASS" start="2026-03-03T21:38:45.993244" elapsed="0.012640"/>
</kw>
<kw name="Input Text" owner="SeleniumLibrary">
<msg time="2026-03-03T21:38:46.005884" level="INFO">Typing text 'ส่งรายงานได้ โดยไม่แนบหลักฐานใดๆ' into text field 'xpath=//*[@id="__nuxt"]/div/div[1]/main/div/div/div[1]/input'.</msg>
<arg>xpath=//*[@id="__nuxt"]/div/div[1]/main/div/div/div[1]/input</arg>
<arg>ส่งรายงานได้ โดยไม่แนบหลักฐานใดๆ</arg>
<doc>Types the given ``text`` into the text field identified by ``locator``.</doc>
<status status="PASS" start="2026-03-03T21:38:46.005884" elapsed="0.125418"/>
</kw>
<kw name="Input Text" owner="SeleniumLibrary">
<msg time="2026-03-03T21:38:46.132316" level="INFO">Typing text 'ส่งรายงานปัญหา โดยไม่แนบหลักฐานใดๆไปกับรายงาน' into text field 'xpath=//*[@id="__nuxt"]/div/div[1]/main/div/div/div[2]/textarea'.</msg>
<arg>xpath=//*[@id="__nuxt"]/div/div[1]/main/div/div/div[2]/textarea</arg>
<arg>ส่งรายงานปัญหา โดยไม่แนบหลักฐานใดๆไปกับรายงาน</arg>
<doc>Types the given ``text`` into the text field identified by ``locator``.</doc>
<status status="PASS" start="2026-03-03T21:38:46.132316" elapsed="0.118373"/>
</kw>
<kw name="Sleep" owner="BuiltIn">
<msg time="2026-03-03T21:38:51.251967" level="INFO">Slept 5 seconds.</msg>
<arg>5s</arg>
<doc>Pauses the test executed for the given time.</doc>
<status status="PASS" start="2026-03-03T21:38:46.251694" elapsed="5.000273"/>
</kw>
<kw name="Click Button" owner="SeleniumLibrary">
<msg time="2026-03-03T21:38:51.251967" level="INFO">Clicking button 'xpath=//*[@id="__nuxt"]/div/div[1]/main/div/div/div[3]/div/button[2]'.</msg>
<arg>xpath=//*[@id="__nuxt"]/div/div[1]/main/div/div/div[3]/div/button[2]</arg>
<doc>Clicks the button identified by ``locator``.</doc>
<status status="PASS" start="2026-03-03T21:38:51.251967" elapsed="0.079289"/>
</kw>
<kw name="Select From List By Label" owner="SeleniumLibrary">
<msg time="2026-03-03T21:38:51.332772" level="INFO">Selecting options from selection list 'xpath=//*[@id="__nuxt"]/div/div[1]/main/div/div/div[4]/select' by label อื่น ๆ.</msg>
<arg>xpath=//*[@id="__nuxt"]/div/div[1]/main/div/div/div[4]/select</arg>
<arg>อื่น ๆ</arg>
<doc>Selects options from selection list ``locator`` by ``labels``.</doc>
<status status="PASS" start="2026-03-03T21:38:51.331256" elapsed="0.100958"/>
</kw>
<kw name="Click Button" owner="SeleniumLibrary">
<msg time="2026-03-03T21:38:51.432214" level="INFO">Clicking button 'xpath=//*[@id="__nuxt"]/div/div[1]/main/div/div/div[6]/button[2]'.</msg>
<arg>xpath=//*[@id="__nuxt"]/div/div[1]/main/div/div/div[6]/button[2]</arg>
<doc>Clicks the button identified by ``locator``.</doc>
<status status="PASS" start="2026-03-03T21:38:51.432214" elapsed="0.073098"/>
</kw>
<kw name="Sleep" owner="BuiltIn">
<msg time="2026-03-03T21:38:53.505760" level="INFO">Slept 2 seconds.</msg>
<arg>2s</arg>
<doc>Pauses the test executed for the given time.</doc>
<status status="PASS" start="2026-03-03T21:38:51.505312" elapsed="2.000448"/>
</kw>
<kw name="Alert Should Be Present" owner="SeleniumLibrary">
<msg time="2026-03-03T21:38:53.505760" level="INFO">HANDLE::&lt;class 'datetime.timedelta'&gt;::0:00:10</msg>
<arg>ส่งรายงานปัญหาสำเร็จ ✓</arg>
<arg>timeout=10s</arg>
<doc>Verifies that an alert is present and by default, accepts it.</doc>
<status status="PASS" start="2026-03-03T21:38:53.505760" elapsed="0.008084"/>
</kw>
<status status="PASS" start="2026-03-03T21:38:43.991690" elapsed="9.523662"/>
</kw>
<kw name="Close Browser" owner="SeleniumLibrary">
<doc>Closes the current browser.</doc>
<status status="PASS" start="2026-03-03T21:38:53.515352" elapsed="2.274513"/>
</kw>
<doc>ทำการรายงานปัญหาของ driver จากการรายงานระหว่างการเดินทาง โดยเป็นการรายงานปัญหาที่ไม่ได้มีการอัปโหลดไฟล์ใดๆ</doc>
<status status="PASS" start="2026-03-03T21:38:29.536851" elapsed="26.253864"/>
</test>
<test id="s1-t2" name="Report With Picture Evidence:" line="37">
<kw name="Open PNN website">
<kw name="Open Browser" owner="SeleniumLibrary">
<msg time="2026-03-03T21:38:55.793746" level="INFO">Opening browser 'Edge' to base url 'http://www.google.com'.</msg>
<arg>${homepage}</arg>
<arg>${browser}</arg>
<doc>Opens a new browser instance to the optional ``url``.</doc>
<status status="PASS" start="2026-03-03T21:38:55.793746" elapsed="2.065804"/>
</kw>
<kw name="Maximize Browser Window" owner="SeleniumLibrary">
<doc>Maximizes current browser window.</doc>
<status status="PASS" start="2026-03-03T21:38:57.859550" elapsed="0.071408"/>
</kw>
<kw name="Go To" owner="SeleniumLibrary">
<msg time="2026-03-03T21:38:57.931952" level="INFO">Opening url 'https://csse1369.cpkku.com/'</msg>
<arg>${pnnUrl}</arg>
<doc>Navigates the current browser window to the provided ``url``.</doc>
<status status="PASS" start="2026-03-03T21:38:57.931952" elapsed="0.331372"/>
</kw>
<status status="PASS" start="2026-03-03T21:38:55.793746" elapsed="2.469578"/>
</kw>
<kw name="Login as Driver">
<kw name="Sleep" owner="BuiltIn">
<msg time="2026-03-03T21:39:00.264685" level="INFO">Slept 2 seconds.</msg>
<arg>2s</arg>
<doc>Pauses the test executed for the given time.</doc>
<status status="PASS" start="2026-03-03T21:38:58.264328" elapsed="2.000357"/>
</kw>
<kw name="Wait Until Page Contains" owner="SeleniumLibrary">
<arg>เดินทางร่วมกัน อย่างมั่นใจ ด้วยความปลอดภัยเป็นอันดับหนึ่ง</arg>
<arg>timeout=10s</arg>
<doc>Waits until ``text`` appears on the current page.</doc>
<status status="PASS" start="2026-03-03T21:39:00.264685" elapsed="0.018128"/>
</kw>
<kw name="Click Element" owner="SeleniumLibrary">
<msg time="2026-03-03T21:39:00.282813" level="INFO">Clicking element 'xpath=//a[normalize-space()="เข้าสู่ระบบ"]'.</msg>
<arg>xpath=//a[normalize-space()="เข้าสู่ระบบ"]</arg>
<doc>Click the element identified by ``locator``.</doc>
<status status="PASS" start="2026-03-03T21:39:00.282813" elapsed="0.187882"/>
</kw>
<kw name="Sleep" owner="BuiltIn">
<msg time="2026-03-03T21:39:02.471987" level="INFO">Slept 2 seconds.</msg>
<arg>2s</arg>
<doc>Pauses the test executed for the given time.</doc>
<status status="PASS" start="2026-03-03T21:39:00.470695" elapsed="2.001292"/>
</kw>
<kw name="Input Text" owner="SeleniumLibrary">
<msg time="2026-03-03T21:39:02.473004" level="INFO">Typing text 'driver123' into text field 'id=identifier'.</msg>
<arg>id=identifier</arg>
<arg>${driverUser}</arg>
<doc>Types the given ``text`` into the text field identified by ``locator``.</doc>
<status status="PASS" start="2026-03-03T21:39:02.471987" elapsed="0.105352"/>
</kw>
<kw name="Input Text" owner="SeleniumLibrary">
<msg time="2026-03-03T21:39:02.579901" level="INFO">Typing text 'driver987654321' into text field 'id=password'.</msg>
<arg>id=password</arg>
<arg>${driverPass}</arg>
<doc>Types the given ``text`` into the text field identified by ``locator``.</doc>
<status status="PASS" start="2026-03-03T21:39:02.578863" elapsed="0.090518"/>
</kw>
<kw name="Click Button" owner="SeleniumLibrary">
<msg time="2026-03-03T21:39:02.670385" level="INFO">Clicking button 'xpath=//button[normalize-space()="เข้าสู่ระบบ"]'.</msg>
<arg>xpath=//button[normalize-space()="เข้าสู่ระบบ"]</arg>
<doc>Clicks the button identified by ``locator``.</doc>
<status status="PASS" start="2026-03-03T21:39:02.670385" elapsed="0.083330"/>
</kw>
<status status="PASS" start="2026-03-03T21:38:58.263324" elapsed="4.490391"/>
</kw>
<kw name="Go to Home page as driver">
<kw name="Sleep" owner="BuiltIn">
<msg time="2026-03-03T21:39:04.755327" level="INFO">Slept 2 seconds.</msg>
<arg>2s</arg>
<doc>Pauses the test executed for the given time.</doc>
<status status="PASS" start="2026-03-03T21:39:02.755222" elapsed="2.000105"/>
</kw>
<kw name="Wait Until Page Contains" owner="SeleniumLibrary">
<arg>เดินทางร่วมกัน อย่างมั่นใจ ด้วยความปลอดภัยเป็นอันดับหนึ่ง</arg>
<arg>timeout=10s</arg>
<doc>Waits until ``text`` appears on the current page.</doc>
<status status="PASS" start="2026-03-03T21:39:04.755327" elapsed="0.010014"/>
</kw>
<kw name="Wait Until Page Contains" owner="SeleniumLibrary">
<arg>${driverName}</arg>
<arg>timeout=10s</arg>
<doc>Waits until ``text`` appears on the current page.</doc>
<status status="PASS" start="2026-03-03T21:39:04.766383" elapsed="0.013781"/>
</kw>
<status status="PASS" start="2026-03-03T21:39:02.755222" elapsed="2.024942"/>
</kw>
<kw name="Go to Request Trip">
<kw name="Sleep" owner="BuiltIn">
<msg time="2026-03-03T21:39:06.781457" level="INFO">Slept 2 seconds.</msg>
<arg>2s</arg>
<doc>Pauses the test executed for the given time.</doc>
<status status="PASS" start="2026-03-03T21:39:04.780164" elapsed="2.001293"/>
</kw>
<kw name="Mouse Over" owner="SeleniumLibrary">
<msg time="2026-03-03T21:39:06.781457" level="INFO">Simulating Mouse Over on element 'xpath=//*[@id="__nuxt"]/div/div[1]/header/div/div[1]/nav/div[2]/div/a'.</msg>
<arg>xpath=//*[@id="__nuxt"]/div/div[1]/header/div/div[1]/nav/div[2]/div/a</arg>
<doc>Simulates hovering the mouse over the element ``locator``.</doc>
<status status="PASS" start="2026-03-03T21:39:06.781457" elapsed="0.279370"/>
</kw>
<kw name="Click Element" owner="SeleniumLibrary">
<msg time="2026-03-03T21:39:07.061828" level="INFO">Clicking element 'xpath=//*[@id="__nuxt"]/div/div[1]/header/div/div[1]/nav/div[2]/div/div/a[2]'.</msg>
<arg>xpath=//*[@id="__nuxt"]/div/div[1]/header/div/div[1]/nav/div[2]/div/div/a[2]</arg>
<doc>Click the element identified by ``locator``.</doc>
<status status="PASS" start="2026-03-03T21:39:07.060827" elapsed="0.157879"/>
</kw>
<kw name="Wait Until Page Contains" owner="SeleniumLibrary">
<arg>คำขอจองเส้นทางของฉัน</arg>
<arg>timeout=10s</arg>
<doc>Waits until ``text`` appears on the current page.</doc>
<status status="PASS" start="2026-03-03T21:39:07.218706" elapsed="0.020110"/>
</kw>
<status status="PASS" start="2026-03-03T21:39:04.780164" elapsed="2.458652"/>
</kw>
<kw name="Go to ReportForm">
<kw name="Sleep" owner="BuiltIn">
<msg time="2026-03-03T21:39:09.240795" level="INFO">Slept 2 seconds.</msg>
<arg>2s</arg>
<doc>Pauses the test executed for the given time.</doc>
<status status="PASS" start="2026-03-03T21:39:07.240336" elapsed="2.001007"/>
</kw>
<kw name="Click Button" owner="SeleniumLibrary">
<msg time="2026-03-03T21:39:09.241343" level="INFO">Clicking button 'xpath=//*[@id="__nuxt"]/div/div[1]/main/div/div/div[2]/div/button[2]'.</msg>
<arg>xpath=//*[@id="__nuxt"]/div/div[1]/main/div/div/div[2]/div/button[2]</arg>
<doc>Clicks the button identified by ``locator``.</doc>
<status status="PASS" start="2026-03-03T21:39:09.241343" elapsed="0.117062"/>
</kw>
<kw name="Wait Until Page Contains" owner="SeleniumLibrary">
<arg>ยืนยันแล้ว</arg>
<arg>timeout=10s</arg>
<doc>Waits until ``text`` appears on the current page.</doc>
<status status="PASS" start="2026-03-03T21:39:09.358405" elapsed="0.055557"/>
</kw>
<kw name="Click Element" owner="SeleniumLibrary">
<msg time="2026-03-03T21:39:09.413962" level="INFO">Clicking element 'xpath=//*[@id="__nuxt"]/div/div[1]/main/div/div/div[3]/div[1]/div/div[2]/div/div[2]/div[1]/div[1]/a'.</msg>
<arg>xpath=//*[@id="__nuxt"]/div/div[1]/main/div/div/div[3]/div[1]/div/div[2]/div/div[2]/div[1]/div[1]/a</arg>
<doc>Click the element identified by ``locator``.</doc>
<status status="PASS" start="2026-03-03T21:39:09.413962" elapsed="0.238677"/>
</kw>
<status status="PASS" start="2026-03-03T21:39:07.240336" elapsed="2.413304"/>
</kw>
<kw name="Upload Picture">
<kw name="Sleep" owner="BuiltIn">
<msg time="2026-03-03T21:39:11.654059" level="INFO">Slept 2 seconds.</msg>
<arg>2s</arg>
<doc>Pauses the test executed for the given time.</doc>
<status status="PASS" start="2026-03-03T21:39:09.653640" elapsed="2.000419"/>
</kw>
<kw name="Wait Until Page Contains" owner="SeleniumLibrary">
<arg>รายงานปัญหา</arg>
<arg>timeout=10s</arg>
<doc>Waits until ``text`` appears on the current page.</doc>
<status status="PASS" start="2026-03-03T21:39:11.654059" elapsed="0.013731"/>
</kw>
<kw name="Input Text" owner="SeleniumLibrary">
<msg time="2026-03-03T21:39:11.668789" level="INFO">Typing text 'ส่งรายงานได้ โดยแนบหลักฐานเพียงรูปภาพ' into text field 'xpath=//*[@id="__nuxt"]/div/div[1]/main/div/div/div[1]/input'.</msg>
<arg>xpath=//*[@id="__nuxt"]/div/div[1]/main/div/div/div[1]/input</arg>
<arg>ส่งรายงานได้ โดยแนบหลักฐานเพียงรูปภาพ</arg>
<doc>Types the given ``text`` into the text field identified by ``locator``.</doc>
<status status="PASS" start="2026-03-03T21:39:11.668789" elapsed="0.120927"/>
</kw>
<kw name="Input Text" owner="SeleniumLibrary">
<msg time="2026-03-03T21:39:11.789716" level="INFO">Typing text 'ส่งรายงานปัญหา โดยแนบหลักฐานเพียงรูปภาพไฟล์เดียว' into text field 'xpath=//*[@id="__nuxt"]/div/div[1]/main/div/div/div[2]/textarea'.</msg>
<arg>xpath=//*[@id="__nuxt"]/div/div[1]/main/div/div/div[2]/textarea</arg>
<arg>ส่งรายงานปัญหา โดยแนบหลักฐานเพียงรูปภาพไฟล์เดียว</arg>
<doc>Types the given ``text`` into the text field identified by ``locator``.</doc>
<status status="PASS" start="2026-03-03T21:39:11.789716" elapsed="0.138080"/>
</kw>
<kw name="Click Button" owner="SeleniumLibrary">
<msg time="2026-03-03T21:39:11.928813" level="INFO">Clicking button 'xpath=//*[@id="__nuxt"]/div/div[1]/main/div/div/div[3]/div/button[2]'.</msg>
<arg>xpath=//*[@id="__nuxt"]/div/div[1]/main/div/div/div[3]/div/button[2]</arg>
<doc>Clicks the button identified by ``locator``.</doc>
<status status="PASS" start="2026-03-03T21:39:11.928813" elapsed="0.076555"/>
</kw>
<kw name="Select From List By Label" owner="SeleniumLibrary">
<msg time="2026-03-03T21:39:12.005368" level="INFO">Selecting options from selection list 'xpath=//*[@id="__nuxt"]/div/div[1]/main/div/div/div[4]/select' by label อื่น ๆ.</msg>
<arg>xpath=//*[@id="__nuxt"]/div/div[1]/main/div/div/div[4]/select</arg>
<arg>อื่น ๆ</arg>
<doc>Selects options from selection list ``locator`` by ``labels``.</doc>
<status status="PASS" start="2026-03-03T21:39:12.005368" elapsed="0.128886"/>
</kw>
<kw name="Click Button" owner="SeleniumLibrary">
<msg time="2026-03-03T21:39:12.134254" level="INFO">Clicking button 'xpath=//*[@id="__nuxt"]/div/div[1]/main/div/div/div[5]/div/button[1]'.</msg>
<arg>xpath=//*[@id="__nuxt"]/div/div[1]/main/div/div/div[5]/div/button[1]</arg>
<doc>Clicks the button identified by ``locator``.</doc>
<status status="PASS" start="2026-03-03T21:39:12.134254" elapsed="0.076368"/>
</kw>
<kw name="Sleep" owner="BuiltIn">
<msg time="2026-03-03T21:39:13.211983" level="INFO">Slept 1 second.</msg>
<arg>1s</arg>
<doc>Pauses the test executed for the given time.</doc>
<status status="PASS" start="2026-03-03T21:39:12.211620" elapsed="1.000363"/>
</kw>
<kw name="Choose File" owner="SeleniumLibrary">
<msg time="2026-03-03T21:39:13.211983" level="INFO">Sending D:\Software_Engineer\test_painamnae\sprint 2\UAT\testdata\picture_evidence.jpg to browser.</msg>
<arg>xpath=//*[@id="__nuxt"]/div/div[1]/main/div/div/div[5]/div[2]/input</arg>
<arg>${picture_evidence}</arg>
<doc>Inputs the ``file_path`` into the file input field ``locator``.</doc>
<status status="PASS" start="2026-03-03T21:39:13.211983" elapsed="0.040443"/>
</kw>
<kw name="Click Button" owner="SeleniumLibrary">
<msg time="2026-03-03T21:39:13.252426" level="INFO">Clicking button 'xpath=//*[@id="__nuxt"]/div/div[1]/main/div/div/div[6]/button[2]'.</msg>
<arg>xpath=//*[@id="__nuxt"]/div/div[1]/main/div/div/div[6]/button[2]</arg>
<doc>Clicks the button identified by ``locator``.</doc>
<status status="PASS" start="2026-03-03T21:39:13.252426" elapsed="0.098194"/>
</kw>
<kw name="Sleep" owner="BuiltIn">
<msg time="2026-03-03T21:39:15.350825" level="INFO">Slept 2 seconds.</msg>
<arg>2s</arg>
<doc>Pauses the test executed for the given time.</doc>
<status status="PASS" start="2026-03-03T21:39:13.350620" elapsed="2.000205"/>
</kw>
<kw name="Alert Should Be Present" owner="SeleniumLibrary">
<msg time="2026-03-03T21:39:15.350825" level="INFO">HANDLE::&lt;class 'datetime.timedelta'&gt;::0:00:10</msg>
<arg>ส่งรายงานปัญหาสำเร็จ ✓</arg>
<arg>timeout=10s</arg>
<doc>Verifies that an alert is present and by default, accepts it.</doc>
<status status="PASS" start="2026-03-03T21:39:15.350825" elapsed="0.508950"/>
</kw>
<status status="PASS" start="2026-03-03T21:39:09.653640" elapsed="6.206135"/>
</kw>
<kw name="Close Browser" owner="SeleniumLibrary">
<doc>Closes the current browser.</doc>
<status status="PASS" start="2026-03-03T21:39:15.860761" elapsed="2.255237"/>
</kw>
<doc>ทำการรายงานปัญหาของ driver จากการรายงานระหว่างการเดินทาง โดยเป็นการรายงานปัญหาที่มีการอัปโหลดไฟล์รูปภาพอย่างเดียว</doc>
<status status="PASS" start="2026-03-03T21:38:55.791728" elapsed="22.325282"/>
</test>
<test id="s1-t3" name="Report With VDO Evidence:" line="48">
<kw name="Open PNN website">
<kw name="Open Browser" owner="SeleniumLibrary">
<msg time="2026-03-03T21:39:18.121019" level="INFO">Opening browser 'Edge' to base url 'http://www.google.com'.</msg>
<arg>${homepage}</arg>
<arg>${browser}</arg>
<doc>Opens a new browser instance to the optional ``url``.</doc>
<status status="PASS" start="2026-03-03T21:39:18.121019" elapsed="2.129139"/>
</kw>
<kw name="Maximize Browser Window" owner="SeleniumLibrary">
<doc>Maximizes current browser window.</doc>
<status status="PASS" start="2026-03-03T21:39:20.251158" elapsed="0.093433"/>
</kw>
<kw name="Go To" owner="SeleniumLibrary">
<msg time="2026-03-03T21:39:20.345602" level="INFO">Opening url 'https://csse1369.cpkku.com/'</msg>
<arg>${pnnUrl}</arg>
<doc>Navigates the current browser window to the provided ``url``.</doc>
<status status="PASS" start="2026-03-03T21:39:20.344591" elapsed="0.325774"/>
</kw>
<status status="PASS" start="2026-03-03T21:39:18.121019" elapsed="2.549346"/>
</kw>
<kw name="Login as Driver">
<kw name="Sleep" owner="BuiltIn">
<msg time="2026-03-03T21:39:22.672063" level="INFO">Slept 2 seconds.</msg>
<arg>2s</arg>
<doc>Pauses the test executed for the given time.</doc>
<status status="PASS" start="2026-03-03T21:39:20.671882" elapsed="2.000181"/>
</kw>
<kw name="Wait Until Page Contains" owner="SeleniumLibrary">
<arg>เดินทางร่วมกัน อย่างมั่นใจ ด้วยความปลอดภัยเป็นอันดับหนึ่ง</arg>
<arg>timeout=10s</arg>
<doc>Waits until ``text`` appears on the current page.</doc>
<status status="PASS" start="2026-03-03T21:39:22.672063" elapsed="0.049638"/>
</kw>
<kw name="Click Element" owner="SeleniumLibrary">
<msg time="2026-03-03T21:39:22.722707" level="INFO">Clicking element 'xpath=//a[normalize-space()="เข้าสู่ระบบ"]'.</msg>
<arg>xpath=//a[normalize-space()="เข้าสู่ระบบ"]</arg>
<doc>Click the element identified by ``locator``.</doc>
<status status="PASS" start="2026-03-03T21:39:22.721701" elapsed="0.172510"/>
</kw>
<kw name="Sleep" owner="BuiltIn">
<msg time="2026-03-03T21:39:24.894531" level="INFO">Slept 2 seconds.</msg>
<arg>2s</arg>
<doc>Pauses the test executed for the given time.</doc>
<status status="PASS" start="2026-03-03T21:39:22.894211" elapsed="2.000320"/>
</kw>
<kw name="Input Text" owner="SeleniumLibrary">
<msg time="2026-03-03T21:39:24.894531" level="INFO">Typing text 'driver123' into text field 'id=identifier'.</msg>
<arg>id=identifier</arg>
<arg>${driverUser}</arg>
<doc>Types the given ``text`` into the text field identified by ``locator``.</doc>
<status status="PASS" start="2026-03-03T21:39:24.894531" elapsed="0.110529"/>
</kw>
<kw name="Input Text" owner="SeleniumLibrary">
<msg time="2026-03-03T21:39:25.006077" level="INFO">Typing text 'driver987654321' into text field 'id=password'.</msg>
<arg>id=password</arg>
<arg>${driverPass}</arg>
<doc>Types the given ``text`` into the text field identified by ``locator``.</doc>
<status status="PASS" start="2026-03-03T21:39:25.005060" elapsed="0.091861"/>
</kw>
<kw name="Click Button" owner="SeleniumLibrary">
<msg time="2026-03-03T21:39:25.098934" level="INFO">Clicking button 'xpath=//button[normalize-space()="เข้าสู่ระบบ"]'.</msg>
<arg>xpath=//button[normalize-space()="เข้าสู่ระบบ"]</arg>
<doc>Clicks the button identified by ``locator``.</doc>
<status status="PASS" start="2026-03-03T21:39:25.097929" elapsed="0.081885"/>
</kw>
<status status="PASS" start="2026-03-03T21:39:20.671882" elapsed="4.508945"/>
</kw>
<kw name="Go to Home page as driver">
<kw name="Sleep" owner="BuiltIn">
<msg time="2026-03-03T21:39:27.182573" level="INFO">Slept 2 seconds.</msg>
<arg>2s</arg>
<doc>Pauses the test executed for the given time.</doc>
<status status="PASS" start="2026-03-03T21:39:25.181825" elapsed="2.000748"/>
</kw>
<kw name="Wait Until Page Contains" owner="SeleniumLibrary">
<arg>เดินทางร่วมกัน อย่างมั่นใจ ด้วยความปลอดภัยเป็นอันดับหนึ่ง</arg>
<arg>timeout=10s</arg>
<doc>Waits until ``text`` appears on the current page.</doc>
<status status="PASS" start="2026-03-03T21:39:27.182573" elapsed="0.011626"/>
</kw>
<kw name="Wait Until Page Contains" owner="SeleniumLibrary">
<arg>${driverName}</arg>
<arg>timeout=10s</arg>
<doc>Waits until ``text`` appears on the current page.</doc>
<status status="PASS" start="2026-03-03T21:39:27.194199" elapsed="0.012019"/>
</kw>
<status status="PASS" start="2026-03-03T21:39:25.180827" elapsed="2.025391"/>
</kw>
<kw name="Go to Request Trip">
<kw name="Sleep" owner="BuiltIn">
<msg time="2026-03-03T21:39:29.206694" level="INFO">Slept 2 seconds.</msg>
<arg>2s</arg>
<doc>Pauses the test executed for the given time.</doc>
<status status="PASS" start="2026-03-03T21:39:27.206218" elapsed="2.000476"/>
</kw>
<kw name="Mouse Over" owner="SeleniumLibrary">
<msg time="2026-03-03T21:39:29.207210" level="INFO">Simulating Mouse Over on element 'xpath=//*[@id="__nuxt"]/div/div[1]/header/div/div[1]/nav/div[2]/div/a'.</msg>
<arg>xpath=//*[@id="__nuxt"]/div/div[1]/header/div/div[1]/nav/div[2]/div/a</arg>
<doc>Simulates hovering the mouse over the element ``locator``.</doc>
<status status="PASS" start="2026-03-03T21:39:29.207210" elapsed="0.289099"/>
</kw>
<kw name="Click Element" owner="SeleniumLibrary">
<msg time="2026-03-03T21:39:29.496309" level="INFO">Clicking element 'xpath=//*[@id="__nuxt"]/div/div[1]/header/div/div[1]/nav/div[2]/div/div/a[2]'.</msg>
<arg>xpath=//*[@id="__nuxt"]/div/div[1]/header/div/div[1]/nav/div[2]/div/div/a[2]</arg>
<doc>Click the element identified by ``locator``.</doc>
<status status="PASS" start="2026-03-03T21:39:29.496309" elapsed="0.069062"/>
</kw>
<kw name="Wait Until Page Contains" owner="SeleniumLibrary">
<arg>คำขอจองเส้นทางของฉัน</arg>
<arg>timeout=10s</arg>
<doc>Waits until ``text`` appears on the current page.</doc>
<status status="PASS" start="2026-03-03T21:39:29.565371" elapsed="0.030769"/>
</kw>
<status status="PASS" start="2026-03-03T21:39:27.206218" elapsed="2.389922"/>
</kw>
<kw name="Go to ReportForm">
<kw name="Sleep" owner="BuiltIn">
<msg time="2026-03-03T21:39:31.597377" level="INFO">Slept 2 seconds.</msg>
<arg>2s</arg>
<doc>Pauses the test executed for the given time.</doc>
<status status="PASS" start="2026-03-03T21:39:29.597159" elapsed="2.000218"/>
</kw>
<kw name="Click Button" owner="SeleniumLibrary">
<msg time="2026-03-03T21:39:31.598389" level="INFO">Clicking button 'xpath=//*[@id="__nuxt"]/div/div[1]/main/div/div/div[2]/div/button[2]'.</msg>
<arg>xpath=//*[@id="__nuxt"]/div/div[1]/main/div/div/div[2]/div/button[2]</arg>
<doc>Clicks the button identified by ``locator``.</doc>
<status status="PASS" start="2026-03-03T21:39:31.597377" elapsed="0.119008"/>
</kw>
<kw name="Wait Until Page Contains" owner="SeleniumLibrary">
<arg>ยืนยันแล้ว</arg>
<arg>timeout=10s</arg>
<doc>Waits until ``text`` appears on the current page.</doc>
<status status="PASS" start="2026-03-03T21:39:31.716385" elapsed="0.139827"/>
</kw>
<kw name="Click Element" owner="SeleniumLibrary">
<msg time="2026-03-03T21:39:31.856726" level="INFO">Clicking element 'xpath=//*[@id="__nuxt"]/div/div[1]/main/div/div/div[3]/div[1]/div/div[2]/div/div[2]/div[1]/div[1]/a'.</msg>
<arg>xpath=//*[@id="__nuxt"]/div/div[1]/main/div/div/div[3]/div[1]/div/div[2]/div/div[2]/div[1]/div[1]/a</arg>
<doc>Click the element identified by ``locator``.</doc>
<status status="PASS" start="2026-03-03T21:39:31.856212" elapsed="0.181261"/>
</kw>
<status status="PASS" start="2026-03-03T21:39:29.596140" elapsed="2.441333"/>
</kw>
<kw name="Upload VDO">
<kw name="Sleep" owner="BuiltIn">
<msg time="2026-03-03T21:39:34.039071" level="INFO">Slept 2 seconds.</msg>
<arg>2s</arg>
<doc>Pauses the test executed for the given time.</doc>
<status status="PASS" start="2026-03-03T21:39:32.038471" elapsed="2.000600"/>
</kw>
<kw name="Wait Until Page Contains" owner="SeleniumLibrary">
<arg>รายงานปัญหา</arg>
<arg>timeout=10s</arg>
<doc>Waits until ``text`` appears on the current page.</doc>
<status status="PASS" start="2026-03-03T21:39:34.039071" elapsed="0.015812"/>
</kw>
<kw name="Input Text" owner="SeleniumLibrary">
<msg time="2026-03-03T21:39:34.054883" level="INFO">Typing text 'ส่งรายงานได้ โดยแนบหลักฐานเพียงคลิปวิดีโอ' into text field 'xpath=//*[@id="__nuxt"]/div/div[1]/main/div/div/div[1]/input'.</msg>
<arg>xpath=//*[@id="__nuxt"]/div/div[1]/main/div/div/div[1]/input</arg>
<arg>ส่งรายงานได้ โดยแนบหลักฐานเพียงคลิปวิดีโอ</arg>
<doc>Types the given ``text`` into the text field identified by ``locator``.</doc>
<status status="PASS" start="2026-03-03T21:39:34.054883" elapsed="0.131199"/>
</kw>
<kw name="Input Text" owner="SeleniumLibrary">
<msg time="2026-03-03T21:39:34.186082" level="INFO">Typing text 'ส่งรายงานปัญหา โดยแนบหลักฐานเพียงคลิปวิดีโอไฟล์เดียว' into text field 'xpath=//*[@id="__nuxt"]/div/div[1]/main/div/div/div[2]/textarea'.</msg>
<arg>xpath=//*[@id="__nuxt"]/div/div[1]/main/div/div/div[2]/textarea</arg>
<arg>ส่งรายงานปัญหา โดยแนบหลักฐานเพียงคลิปวิดีโอไฟล์เดียว</arg>
<doc>Types the given ``text`` into the text field identified by ``locator``.</doc>
<status status="PASS" start="2026-03-03T21:39:34.186082" elapsed="0.122573"/>
</kw>
<kw name="Click Button" owner="SeleniumLibrary">
<msg time="2026-03-03T21:39:34.308655" level="INFO">Clicking button 'xpath=//*[@id="__nuxt"]/div/div[1]/main/div/div/div[3]/div/button[2]'.</msg>
<arg>xpath=//*[@id="__nuxt"]/div/div[1]/main/div/div/div[3]/div/button[2]</arg>
<doc>Clicks the button identified by ``locator``.</doc>
<status status="PASS" start="2026-03-03T21:39:34.308655" elapsed="0.072435"/>
</kw>
<kw name="Select From List By Label" owner="SeleniumLibrary">
<msg time="2026-03-03T21:39:34.382098" level="INFO">Selecting options from selection list 'xpath=//*[@id="__nuxt"]/div/div[1]/main/div/div/div[4]/select' by label อื่น ๆ.</msg>
<arg>xpath=//*[@id="__nuxt"]/div/div[1]/main/div/div/div[4]/select</arg>
<arg>อื่น ๆ</arg>
<doc>Selects options from selection list ``locator`` by ``labels``.</doc>
<status status="PASS" start="2026-03-03T21:39:34.382098" elapsed="0.090796"/>
</kw>
<kw name="Sleep" owner="BuiltIn">
<msg time="2026-03-03T21:39:39.474444" level="INFO">Slept 5 seconds.</msg>
<arg>5s</arg>
<doc>Pauses the test executed for the given time.</doc>
<status status="PASS" start="2026-03-03T21:39:34.473901" elapsed="5.000543"/>
</kw>
<kw name="Click Button" owner="SeleniumLibrary">
<msg time="2026-03-03T21:39:39.475474" level="INFO">Clicking button 'xpath=//*[@id="__nuxt"]/div/div[1]/main/div/div/div[5]/div[1]/button[2]'.</msg>
<arg>xpath=//*[@id="__nuxt"]/div/div[1]/main/div/div/div[5]/div[1]/button[2]</arg>
<doc>Clicks the button identified by ``locator``.</doc>
<status status="PASS" start="2026-03-03T21:39:39.474444" elapsed="0.104790"/>
</kw>
<kw name="Choose File" owner="SeleniumLibrary">
<msg time="2026-03-03T21:39:39.579740" level="INFO">Sending D:\Software_Engineer\test_painamnae\sprint 2\UAT\testdata\vdo_evidence.mp4 to browser.</msg>
<arg>xpath=//*[@id="__nuxt"]/div/div[1]/main/div/div/div[5]/div[2]/input</arg>
<arg>${vdo_evidence}</arg>
<doc>Inputs the ``file_path`` into the file input field ``locator``.</doc>
<status status="PASS" start="2026-03-03T21:39:39.579740" elapsed="0.045115"/>
</kw>
<kw name="Click Button" owner="SeleniumLibrary">
<msg time="2026-03-03T21:39:39.624855" level="INFO">Clicking button 'xpath=//*[@id="__nuxt"]/div/div[1]/main/div/div/div[6]/button[2]'.</msg>
<arg>xpath=//*[@id="__nuxt"]/div/div[1]/main/div/div/div[6]/button[2]</arg>
<doc>Clicks the button identified by ``locator``.</doc>
<status status="PASS" start="2026-03-03T21:39:39.624855" elapsed="0.111557"/>
</kw>
<kw name="Sleep" owner="BuiltIn">
<msg time="2026-03-03T21:39:41.736913" level="INFO">Slept 2 seconds.</msg>
<arg>2s</arg>
<doc>Pauses the test executed for the given time.</doc>
<status status="PASS" start="2026-03-03T21:39:39.736412" elapsed="2.000501"/>
</kw>
<kw name="Alert Should Be Present" owner="SeleniumLibrary">
<msg time="2026-03-03T21:39:41.737930" level="INFO">HANDLE::&lt;class 'datetime.timedelta'&gt;::0:00:10</msg>
<arg>ส่งรายงานปัญหาสำเร็จ ✓</arg>
<arg>timeout=10s</arg>
<doc>Verifies that an alert is present and by default, accepts it.</doc>
<status status="PASS" start="2026-03-03T21:39:41.736913" elapsed="10.065677"/>
</kw>
<status status="PASS" start="2026-03-03T21:39:32.038471" elapsed="19.764119"/>
</kw>
<kw name="Close Browser" owner="SeleniumLibrary">
<doc>Closes the current browser.</doc>
<status status="PASS" start="2026-03-03T21:39:51.803595" elapsed="2.276525"/>
</kw>
<doc>ทำการรายงานปัญหาของ driver จากการรายงานระหว่างการเดินทาง โดยเป็นการรายงานปัญหาที่มีการอัปโหลดไฟล์วิดีโออย่างเดียว</doc>
<status status="PASS" start="2026-03-03T21:39:18.119023" elapsed="35.961097"/>
</test>
<test id="s1-t4" name="Report With Sound Evidence:" line="59">
<kw name="Open PNN website">
<kw name="Open Browser" owner="SeleniumLibrary">
<msg time="2026-03-03T21:39:54.085385" level="INFO">Opening browser 'Edge' to base url 'http://www.google.com'.</msg>
<arg>${homepage}</arg>
<arg>${browser}</arg>
<doc>Opens a new browser instance to the optional ``url``.</doc>
<status status="PASS" start="2026-03-03T21:39:54.085385" elapsed="2.065740"/>
</kw>
<kw name="Maximize Browser Window" owner="SeleniumLibrary">
<doc>Maximizes current browser window.</doc>
<status status="PASS" start="2026-03-03T21:39:56.151125" elapsed="0.085680"/>
</kw>
<kw name="Go To" owner="SeleniumLibrary">
<msg time="2026-03-03T21:39:56.236805" level="INFO">Opening url 'https://csse1369.cpkku.com/'</msg>
<arg>${pnnUrl}</arg>
<doc>Navigates the current browser window to the provided ``url``.</doc>
<status status="PASS" start="2026-03-03T21:39:56.236805" elapsed="0.383332"/>
</kw>
<status status="PASS" start="2026-03-03T21:39:54.085385" elapsed="2.534752"/>
</kw>
<kw name="Login as Driver">
<kw name="Sleep" owner="BuiltIn">
<msg time="2026-03-03T21:39:58.621295" level="INFO">Slept 2 seconds.</msg>
<arg>2s</arg>
<doc>Pauses the test executed for the given time.</doc>
<status status="PASS" start="2026-03-03T21:39:56.621135" elapsed="2.000160"/>
</kw>
<kw name="Wait Until Page Contains" owner="SeleniumLibrary">
<arg>เดินทางร่วมกัน อย่างมั่นใจ ด้วยความปลอดภัยเป็นอันดับหนึ่ง</arg>
<arg>timeout=10s</arg>
<doc>Waits until ``text`` appears on the current page.</doc>
<status status="PASS" start="2026-03-03T21:39:58.621295" elapsed="0.015559"/>
</kw>
<kw name="Click Element" owner="SeleniumLibrary">
<msg time="2026-03-03T21:39:58.636854" level="INFO">Clicking element 'xpath=//a[normalize-space()="เข้าสู่ระบบ"]'.</msg>
<arg>xpath=//a[normalize-space()="เข้าสู่ระบบ"]</arg>
<doc>Click the element identified by ``locator``.</doc>
<status status="PASS" start="2026-03-03T21:39:58.636854" elapsed="0.184463"/>
</kw>
<kw name="Sleep" owner="BuiltIn">
<msg time="2026-03-03T21:40:00.821700" level="INFO">Slept 2 seconds.</msg>
<arg>2s</arg>
<doc>Pauses the test executed for the given time.</doc>
<status status="PASS" start="2026-03-03T21:39:58.821317" elapsed="2.000383"/>
</kw>
<kw name="Input Text" owner="SeleniumLibrary">
<msg time="2026-03-03T21:40:00.821700" level="INFO">Typing text 'driver123' into text field 'id=identifier'.</msg>
<arg>id=identifier</arg>
<arg>${driverUser}</arg>
<doc>Types the given ``text`` into the text field identified by ``locator``.</doc>
<status status="PASS" start="2026-03-03T21:40:00.821700" elapsed="0.104534"/>
</kw>
<kw name="Input Text" owner="SeleniumLibrary">
<msg time="2026-03-03T21:40:00.927229" level="INFO">Typing text 'driver987654321' into text field 'id=password'.</msg>
<arg>id=password</arg>
<arg>${driverPass}</arg>
<doc>Types the given ``text`` into the text field identified by ``locator``.</doc>
<status status="PASS" start="2026-03-03T21:40:00.926234" elapsed="0.077493"/>
</kw>
<kw name="Click Button" owner="SeleniumLibrary">
<msg time="2026-03-03T21:40:01.003727" level="INFO">Clicking button 'xpath=//button[normalize-space()="เข้าสู่ระบบ"]'.</msg>
<arg>xpath=//button[normalize-space()="เข้าสู่ระบบ"]</arg>
<doc>Clicks the button identified by ``locator``.</doc>
<status status="PASS" start="2026-03-03T21:40:01.003727" elapsed="0.093865"/>
</kw>
<status status="PASS" start="2026-03-03T21:39:56.621135" elapsed="4.476457"/>
</kw>
<kw name="Go to Home page as driver">
<kw name="Sleep" owner="BuiltIn">
<msg time="2026-03-03T21:40:03.098970" level="INFO">Slept 2 seconds.</msg>
<arg>2s</arg>
<doc>Pauses the test executed for the given time.</doc>
<status status="PASS" start="2026-03-03T21:40:01.098601" elapsed="2.000369"/>
</kw>
<kw name="Wait Until Page Contains" owner="SeleniumLibrary">
<arg>เดินทางร่วมกัน อย่างมั่นใจ ด้วยความปลอดภัยเป็นอันดับหนึ่ง</arg>
<arg>timeout=10s</arg>
<doc>Waits until ``text`` appears on the current page.</doc>
<status status="PASS" start="2026-03-03T21:40:03.098970" elapsed="0.010074"/>
</kw>
<kw name="Wait Until Page Contains" owner="SeleniumLibrary">
<arg>${driverName}</arg>
<arg>timeout=10s</arg>
<doc>Waits until ``text`` appears on the current page.</doc>
<status status="PASS" start="2026-03-03T21:40:03.110048" elapsed="0.012867"/>
</kw>
<status status="PASS" start="2026-03-03T21:40:01.098601" elapsed="2.024314"/>
</kw>
<kw name="Go to Request Trip">
<kw name="Sleep" owner="BuiltIn">
<msg time="2026-03-03T21:40:05.124391" level="INFO">Slept 2 seconds.</msg>
<arg>2s</arg>
<doc>Pauses the test executed for the given time.</doc>
<status status="PASS" start="2026-03-03T21:40:03.123905" elapsed="2.000486"/>
</kw>
<kw name="Mouse Over" owner="SeleniumLibrary">
<msg time="2026-03-03T21:40:05.124914" level="INFO">Simulating Mouse Over on element 'xpath=//*[@id="__nuxt"]/div/div[1]/header/div/div[1]/nav/div[2]/div/a'.</msg>
<arg>xpath=//*[@id="__nuxt"]/div/div[1]/header/div/div[1]/nav/div[2]/div/a</arg>
<doc>Simulates hovering the mouse over the element ``locator``.</doc>
<status status="PASS" start="2026-03-03T21:40:05.124391" elapsed="0.280203"/>
</kw>
<kw name="Click Element" owner="SeleniumLibrary">
<msg time="2026-03-03T21:40:05.404594" level="INFO">Clicking element 'xpath=//*[@id="__nuxt"]/div/div[1]/header/div/div[1]/nav/div[2]/div/div/a[2]'.</msg>
<arg>xpath=//*[@id="__nuxt"]/div/div[1]/header/div/div[1]/nav/div[2]/div/div/a[2]</arg>
<doc>Click the element identified by ``locator``.</doc>
<status status="PASS" start="2026-03-03T21:40:05.404594" elapsed="0.067707"/>
</kw>
<kw name="Wait Until Page Contains" owner="SeleniumLibrary">
<arg>คำขอจองเส้นทางของฉัน</arg>
<arg>timeout=10s</arg>
<doc>Waits until ``text`` appears on the current page.</doc>
<status status="PASS" start="2026-03-03T21:40:05.472301" elapsed="0.033447"/>
</kw>
<status status="PASS" start="2026-03-03T21:40:03.122915" elapsed="2.382833"/>
</kw>
<kw name="Go to ReportForm">
<kw name="Sleep" owner="BuiltIn">
<msg time="2026-03-03T21:40:07.506262" level="INFO">Slept 2 seconds.</msg>
<arg>2s</arg>
<doc>Pauses the test executed for the given time.</doc>
<status status="PASS" start="2026-03-03T21:40:05.505748" elapsed="2.000514"/>
</kw>
<kw name="Click Button" owner="SeleniumLibrary">
<msg time="2026-03-03T21:40:07.506262" level="INFO">Clicking button 'xpath=//*[@id="__nuxt"]/div/div[1]/main/div/div/div[2]/div/button[2]'.</msg>
<arg>xpath=//*[@id="__nuxt"]/div/div[1]/main/div/div/div[2]/div/button[2]</arg>
<doc>Clicks the button identified by ``locator``.</doc>
<status status="PASS" start="2026-03-03T21:40:07.506262" elapsed="0.112031"/>
</kw>
<kw name="Wait Until Page Contains" owner="SeleniumLibrary">
<arg>ยืนยันแล้ว</arg>
<arg>timeout=10s</arg>
<doc>Waits until ``text`` appears on the current page.</doc>
<status status="PASS" start="2026-03-03T21:40:07.619292" elapsed="0.024619"/>
</kw>
<kw name="Click Element" owner="SeleniumLibrary">
<msg time="2026-03-03T21:40:07.643911" level="INFO">Clicking element 'xpath=//*[@id="__nuxt"]/div/div[1]/main/div/div/div[3]/div[1]/div/div[2]/div/div[2]/div[1]/div[1]/a'.</msg>
<arg>xpath=//*[@id="__nuxt"]/div/div[1]/main/div/div/div[3]/div[1]/div/div[2]/div/div[2]/div[1]/div[1]/a</arg>
<doc>Click the element identified by ``locator``.</doc>
<status status="PASS" start="2026-03-03T21:40:07.643911" elapsed="0.281898"/>
</kw>
<status status="PASS" start="2026-03-03T21:40:05.505748" elapsed="2.421581"/>
</kw>
<kw name="Upload Sound">
<kw name="Sleep" owner="BuiltIn">
<msg time="2026-03-03T21:40:09.929028" level="INFO">Slept 2 seconds.</msg>
<arg>2s</arg>
<doc>Pauses the test executed for the given time.</doc>
<status status="PASS" start="2026-03-03T21:40:07.928341" elapsed="2.000687"/>
</kw>
<kw name="Wait Until Page Contains" owner="SeleniumLibrary">
<arg>รายงานปัญหา</arg>
<arg>timeout=10s</arg>
<doc>Waits until ``text`` appears on the current page.</doc>
<status status="PASS" start="2026-03-03T21:40:09.929028" elapsed="0.015581"/>
</kw>
<kw name="Input Text" owner="SeleniumLibrary">
<msg time="2026-03-03T21:40:09.944609" level="INFO">Typing text 'ส่งรายงานได้ โดยแนบหลักฐานเพียงคลิปเสียง' into text field 'xpath=//*[@id="__nuxt"]/div/div[1]/main/div/div/div[1]/input'.</msg>
<arg>xpath=//*[@id="__nuxt"]/div/div[1]/main/div/div/div[1]/input</arg>
<arg>ส่งรายงานได้ โดยแนบหลักฐานเพียงคลิปเสียง</arg>
<doc>Types the given ``text`` into the text field identified by ``locator``.</doc>
<status status="PASS" start="2026-03-03T21:40:09.944609" elapsed="0.143673"/>
</kw>
<kw name="Input Text" owner="SeleniumLibrary">
<msg time="2026-03-03T21:40:10.089296" level="INFO">Typing text 'ส่งรายงานปัญหา โดยแนบหลักฐานเพียงคลิปเสียงไฟล์เดียว' into text field 'xpath=//*[@id="__nuxt"]/div/div[1]/main/div/div/div[2]/textarea'.</msg>
<arg>xpath=//*[@id="__nuxt"]/div/div[1]/main/div/div/div[2]/textarea</arg>
<arg>ส่งรายงานปัญหา โดยแนบหลักฐานเพียงคลิปเสียงไฟล์เดียว</arg>
<doc>Types the given ``text`` into the text field identified by ``locator``.</doc>
<status status="PASS" start="2026-03-03T21:40:10.089296" elapsed="0.136010"/>
</kw>
<kw name="Click Button" owner="SeleniumLibrary">
<msg time="2026-03-03T21:40:10.225306" level="INFO">Clicking button 'xpath=//*[@id="__nuxt"]/div/div[1]/main/div/div/div[3]/div/button[2]'.</msg>
<arg>xpath=//*[@id="__nuxt"]/div/div[1]/main/div/div/div[3]/div/button[2]</arg>
<doc>Clicks the button identified by ``locator``.</doc>
<status status="PASS" start="2026-03-03T21:40:10.225306" elapsed="0.089963"/>
</kw>
<kw name="Select From List By Label" owner="SeleniumLibrary">
<msg time="2026-03-03T21:40:10.315269" level="INFO">Selecting options from selection list 'xpath=//*[@id="__nuxt"]/div/div[1]/main/div/div/div[4]/select' by label อื่น ๆ.</msg>
<arg>xpath=//*[@id="__nuxt"]/div/div[1]/main/div/div/div[4]/select</arg>
<arg>อื่น ๆ</arg>
<doc>Selects options from selection list ``locator`` by ``labels``.</doc>
<status status="PASS" start="2026-03-03T21:40:10.315269" elapsed="0.094137"/>
</kw>
<kw name="Sleep" owner="BuiltIn">
<msg time="2026-03-03T21:40:15.409743" level="INFO">Slept 5 seconds.</msg>
<arg>5s</arg>
<doc>Pauses the test executed for the given time.</doc>
<status status="PASS" start="2026-03-03T21:40:10.409406" elapsed="5.000337"/>
</kw>
<kw name="Click Button" owner="SeleniumLibrary">
<msg time="2026-03-03T21:40:15.410759" level="INFO">Clicking button 'xpath=//*[@id="__nuxt"]/div/div[1]/main/div/div/div[5]/div[1]/button[3]'.</msg>
<arg>xpath=//*[@id="__nuxt"]/div/div[1]/main/div/div/div[5]/div[1]/button[3]</arg>
<doc>Clicks the button identified by ``locator``.</doc>
<status status="PASS" start="2026-03-03T21:40:15.409743" elapsed="0.104511"/>
</kw>
<kw name="Choose File" owner="SeleniumLibrary">
<msg time="2026-03-03T21:40:15.515255" level="INFO">Sending D:\Software_Engineer\test_painamnae\sprint 2\UAT\testdata\sound_evidence.mp3 to browser.</msg>
<arg>xpath=//*[@id="__nuxt"]/div/div[1]/main/div/div/div[5]/div[2]/input</arg>
<arg>${sound_evidence}</arg>
<doc>Inputs the ``file_path`` into the file input field ``locator``.</doc>
<status status="PASS" start="2026-03-03T21:40:15.514254" elapsed="0.047206"/>
</kw>
<kw name="Click Button" owner="SeleniumLibrary">
<msg time="2026-03-03T21:40:15.561460" level="INFO">Clicking button 'xpath=//*[@id="__nuxt"]/div/div[1]/main/div/div/div[6]/button[2]'.</msg>
<arg>xpath=//*[@id="__nuxt"]/div/div[1]/main/div/div/div[6]/button[2]</arg>
<doc>Clicks the button identified by ``locator``.</doc>
<status status="PASS" start="2026-03-03T21:40:15.561460" elapsed="0.090413"/>
</kw>
<kw name="Sleep" owner="BuiltIn">
<msg time="2026-03-03T21:40:17.652356" level="INFO">Slept 2 seconds.</msg>
<arg>2s</arg>
<doc>Pauses the test executed for the given time.</doc>
<status status="PASS" start="2026-03-03T21:40:15.651873" elapsed="2.000483"/>
</kw>
<kw name="Alert Should Be Present" owner="SeleniumLibrary">
<msg time="2026-03-03T21:40:17.653371" level="INFO">HANDLE::&lt;class 'datetime.timedelta'&gt;::0:00:10</msg>
<arg>ส่งรายงานปัญหาสำเร็จ ✓</arg>
<arg>timeout=10s</arg>
<doc>Verifies that an alert is present and by default, accepts it.</doc>
<status status="PASS" start="2026-03-03T21:40:17.652356" elapsed="4.537455"/>
</kw>
<status status="PASS" start="2026-03-03T21:40:07.927329" elapsed="14.262482"/>
</kw>
<kw name="Close Browser" owner="SeleniumLibrary">
<doc>Closes the current browser.</doc>
<status status="PASS" start="2026-03-03T21:40:22.189811" elapsed="2.280940"/>
</kw>
<doc>ทำการรายงานปัญหาของ driver จากการรายงานระหว่างการเดินทาง โดยเป็นการรายงานปัญหาที่มีการอัปโหลดไฟล์เสียงอย่างเดียว</doc>
<status status="PASS" start="2026-03-03T21:39:54.083387" elapsed="30.388363"/>
</test>
<test id="s1-t5" name="Report With All types of Evidence:" line="70">
<kw name="Open PNN website">
<kw name="Open Browser" owner="SeleniumLibrary">
<msg time="2026-03-03T21:40:24.475277" level="INFO">Opening browser 'Edge' to base url 'http://www.google.com'.</msg>
<arg>${homepage}</arg>
<arg>${browser}</arg>
<doc>Opens a new browser instance to the optional ``url``.</doc>
<status status="PASS" start="2026-03-03T21:40:24.475277" elapsed="2.697668"/>
</kw>
<kw name="Maximize Browser Window" owner="SeleniumLibrary">
<doc>Maximizes current browser window.</doc>
<status status="PASS" start="2026-03-03T21:40:27.172945" elapsed="0.099310"/>
</kw>
<kw name="Go To" owner="SeleniumLibrary">
<msg time="2026-03-03T21:40:27.272255" level="INFO">Opening url 'https://csse1369.cpkku.com/'</msg>
<arg>${pnnUrl}</arg>
<doc>Navigates the current browser window to the provided ``url``.</doc>
<status status="PASS" start="2026-03-03T21:40:27.272255" elapsed="0.327898"/>
</kw>
<status status="PASS" start="2026-03-03T21:40:24.474238" elapsed="3.125915"/>
</kw>
<kw name="Login as Driver">
<kw name="Sleep" owner="BuiltIn">
<msg time="2026-03-03T21:40:29.602344" level="INFO">Slept 2 seconds.</msg>
<arg>2s</arg>
<doc>Pauses the test executed for the given time.</doc>
<status status="PASS" start="2026-03-03T21:40:27.601155" elapsed="2.001189"/>
</kw>
<kw name="Wait Until Page Contains" owner="SeleniumLibrary">
<arg>เดินทางร่วมกัน อย่างมั่นใจ ด้วยความปลอดภัยเป็นอันดับหนึ่ง</arg>
<arg>timeout=10s</arg>
<doc>Waits until ``text`` appears on the current page.</doc>
<status status="PASS" start="2026-03-03T21:40:29.602344" elapsed="0.019247"/>
</kw>
<kw name="Click Element" owner="SeleniumLibrary">
<msg time="2026-03-03T21:40:29.621591" level="INFO">Clicking element 'xpath=//a[normalize-space()="เข้าสู่ระบบ"]'.</msg>
<arg>xpath=//a[normalize-space()="เข้าสู่ระบบ"]</arg>
<doc>Click the element identified by ``locator``.</doc>
<status status="PASS" start="2026-03-03T21:40:29.621591" elapsed="0.222074"/>
</kw>
<kw name="Sleep" owner="BuiltIn">
<msg time="2026-03-03T21:40:31.845619" level="INFO">Slept 2 seconds.</msg>
<arg>2s</arg>
<doc>Pauses the test executed for the given time.</doc>
<status status="PASS" start="2026-03-03T21:40:29.845198" elapsed="2.000421"/>
</kw>
<kw name="Input Text" owner="SeleniumLibrary">
<msg time="2026-03-03T21:40:31.845619" level="INFO">Typing text 'driver123' into text field 'id=identifier'.</msg>
<arg>id=identifier</arg>
<arg>${driverUser}</arg>
<doc>Types the given ``text`` into the text field identified by ``locator``.</doc>
<status status="PASS" start="2026-03-03T21:40:31.845619" elapsed="0.104373"/>
</kw>
<kw name="Input Text" owner="SeleniumLibrary">
<msg time="2026-03-03T21:40:31.950989" level="INFO">Typing text 'driver987654321' into text field 'id=password'.</msg>
<arg>id=password</arg>
<arg>${driverPass}</arg>
<doc>Types the given ``text`` into the text field identified by ``locator``.</doc>
<status status="PASS" start="2026-03-03T21:40:31.949992" elapsed="0.080188"/>
</kw>
<kw name="Click Button" owner="SeleniumLibrary">
<msg time="2026-03-03T21:40:32.031177" level="INFO">Clicking button 'xpath=//button[normalize-space()="เข้าสู่ระบบ"]'.</msg>
<arg>xpath=//button[normalize-space()="เข้าสู่ระบบ"]</arg>
<doc>Clicks the button identified by ``locator``.</doc>
<status status="PASS" start="2026-03-03T21:40:32.030180" elapsed="0.075252"/>
</kw>
<status status="PASS" start="2026-03-03T21:40:27.601155" elapsed="4.504277"/>
</kw>
<kw name="Go to Home page as driver">
<kw name="Sleep" owner="BuiltIn">
<msg time="2026-03-03T21:40:34.107517" level="INFO">Slept 2 seconds.</msg>
<arg>2s</arg>
<doc>Pauses the test executed for the given time.</doc>
<status status="PASS" start="2026-03-03T21:40:32.106942" elapsed="2.000575"/>
</kw>
<kw name="Wait Until Page Contains" owner="SeleniumLibrary">
<arg>เดินทางร่วมกัน อย่างมั่นใจ ด้วยความปลอดภัยเป็นอันดับหนึ่ง</arg>
<arg>timeout=10s</arg>
<doc>Waits until ``text`` appears on the current page.</doc>
<status status="PASS" start="2026-03-03T21:40:34.108038" elapsed="0.010475"/>
</kw>
<kw name="Wait Until Page Contains" owner="SeleniumLibrary">
<arg>${driverName}</arg>
<arg>timeout=10s</arg>
<doc>Waits until ``text`` appears on the current page.</doc>
<status status="PASS" start="2026-03-03T21:40:34.118513" elapsed="0.011619"/>
</kw>
<status status="PASS" start="2026-03-03T21:40:32.105432" elapsed="2.025700"/>
</kw>
<kw name="Go to Request Trip">
<kw name="Sleep" owner="BuiltIn">
<msg time="2026-03-03T21:40:36.131667" level="INFO">Slept 2 seconds.</msg>
<arg>2s</arg>
<doc>Pauses the test executed for the given time.</doc>
<status status="PASS" start="2026-03-03T21:40:34.131132" elapsed="2.000535"/>
</kw>
<kw name="Mouse Over" owner="SeleniumLibrary">
<msg time="2026-03-03T21:40:36.132689" level="INFO">Simulating Mouse Over on element 'xpath=//*[@id="__nuxt"]/div/div[1]/header/div/div[1]/nav/div[2]/div/a'.</msg>
<arg>xpath=//*[@id="__nuxt"]/div/div[1]/header/div/div[1]/nav/div[2]/div/a</arg>
<doc>Simulates hovering the mouse over the element ``locator``.</doc>
<status status="PASS" start="2026-03-03T21:40:36.132689" elapsed="0.281171"/>
</kw>
<kw name="Click Element" owner="SeleniumLibrary">
<msg time="2026-03-03T21:40:36.413860" level="INFO">Clicking element 'xpath=//*[@id="__nuxt"]/div/div[1]/header/div/div[1]/nav/div[2]/div/div/a[2]'.</msg>
<arg>xpath=//*[@id="__nuxt"]/div/div[1]/header/div/div[1]/nav/div[2]/div/div/a[2]</arg>
<doc>Click the element identified by ``locator``.</doc>
<status status="PASS" start="2026-03-03T21:40:36.413860" elapsed="0.068604"/>
</kw>
<kw name="Wait Until Page Contains" owner="SeleniumLibrary">
<arg>คำขอจองเส้นทางของฉัน</arg>
<arg>timeout=10s</arg>
<doc>Waits until ``text`` appears on the current page.</doc>
<status status="PASS" start="2026-03-03T21:40:36.482464" elapsed="0.034187"/>
</kw>
<status status="PASS" start="2026-03-03T21:40:34.131132" elapsed="2.385519"/>
</kw>
<kw name="Go to ReportForm">
<kw name="Sleep" owner="BuiltIn">
<msg time="2026-03-03T21:40:38.518545" level="INFO">Slept 2 seconds.</msg>
<arg>2s</arg>
<doc>Pauses the test executed for the given time.</doc>
<status status="PASS" start="2026-03-03T21:40:36.518166" elapsed="2.000379"/>
</kw>
<kw name="Click Button" owner="SeleniumLibrary">
<msg time="2026-03-03T21:40:38.518545" level="INFO">Clicking button 'xpath=//*[@id="__nuxt"]/div/div[1]/main/div/div/div[2]/div/button[2]'.</msg>
<arg>xpath=//*[@id="__nuxt"]/div/div[1]/main/div/div/div[2]/div/button[2]</arg>
<doc>Clicks the button identified by ``locator``.</doc>
<status status="PASS" start="2026-03-03T21:40:38.518545" elapsed="0.111575"/>
</kw>
<kw name="Wait Until Page Contains" owner="SeleniumLibrary">
<arg>ยืนยันแล้ว</arg>
<arg>timeout=10s</arg>
<doc>Waits until ``text`` appears on the current page.</doc>
<status status="PASS" start="2026-03-03T21:40:38.630120" elapsed="0.073968"/>
</kw>
<kw name="Click Element" owner="SeleniumLibrary">
<msg time="2026-03-03T21:40:38.704088" level="INFO">Clicking element 'xpath=//*[@id="__nuxt"]/div/div[1]/main/div/div/div[3]/div[1]/div/div[2]/div/div[2]/div[1]/div[1]/a'.</msg>
<arg>xpath=//*[@id="__nuxt"]/div/div[1]/main/div/div/div[3]/div[1]/div/div[2]/div/div[2]/div[1]/div[1]/a</arg>
<doc>Click the element identified by ``locator``.</doc>
<status status="PASS" start="2026-03-03T21:40:38.704088" elapsed="0.225962"/>
</kw>
<status status="PASS" start="2026-03-03T21:40:36.516651" elapsed="2.413399"/>
</kw>
<kw name="Upload All Evidence">
<kw name="Sleep" owner="BuiltIn">
<msg time="2026-03-03T21:40:40.932411" level="INFO">Slept 2 seconds.</msg>
<arg>2s</arg>
<doc>Pauses the test executed for the given time.</doc>
<status status="PASS" start="2026-03-03T21:40:38.931053" elapsed="2.001358"/>
</kw>
<kw name="Wait Until Page Contains" owner="SeleniumLibrary">
<arg>รายงานปัญหา</arg>
<arg>timeout=10s</arg>
<doc>Waits until ``text`` appears on the current page.</doc>
<status status="PASS" start="2026-03-03T21:40:40.933432" elapsed="0.012746"/>
</kw>
<kw name="Input Text" owner="SeleniumLibrary">
<msg time="2026-03-03T21:40:40.946178" level="INFO">Typing text 'ส่งรายงานได้ โดยแนบหลักฐานทุกประเภท' into text field 'xpath=//*[@id="__nuxt"]/div/div[1]/main/div/div/div[1]/input'.</msg>
<arg>xpath=//*[@id="__nuxt"]/div/div[1]/main/div/div/div[1]/input</arg>
<arg>ส่งรายงานได้ โดยแนบหลักฐานทุกประเภท</arg>
<doc>Types the given ``text`` into the text field identified by ``locator``.</doc>
<status status="PASS" start="2026-03-03T21:40:40.946178" elapsed="0.118276"/>
</kw>
<kw name="Input Text" owner="SeleniumLibrary">
<msg time="2026-03-03T21:40:41.064454" level="INFO">Typing text 'ส่งรายงานปัญหาโดยแนบหลักฐานทั้งรูปภาพ คลิปวิดีโอ คลิปเสียง' into text field 'xpath=//*[@id="__nuxt"]/div/div[1]/main/div/div/div[2]/textarea'.</msg>
<arg>xpath=//*[@id="__nuxt"]/div/div[1]/main/div/div/div[2]/textarea</arg>
<arg>ส่งรายงานปัญหาโดยแนบหลักฐานทั้งรูปภาพ คลิปวิดีโอ คลิปเสียง</arg>
<doc>Types the given ``text`` into the text field identified by ``locator``.</doc>
<status status="PASS" start="2026-03-03T21:40:41.064454" elapsed="0.129023"/>
</kw>
<kw name="Click Button" owner="SeleniumLibrary">
<msg time="2026-03-03T21:40:41.193477" level="INFO">Clicking button 'xpath=//*[@id="__nuxt"]/div/div[1]/main/div/div/div[3]/div/button[2]'.</msg>
<arg>xpath=//*[@id="__nuxt"]/div/div[1]/main/div/div/div[3]/div/button[2]</arg>
<doc>Clicks the button identified by ``locator``.</doc>
<status status="PASS" start="2026-03-03T21:40:41.193477" elapsed="0.073419"/>
</kw>
<kw name="Select From List By Label" owner="SeleniumLibrary">
<msg time="2026-03-03T21:40:41.266896" level="INFO">Selecting options from selection list 'xpath=//*[@id="__nuxt"]/div/div[1]/main/div/div/div[4]/select' by label อื่น ๆ.</msg>
<arg>xpath=//*[@id="__nuxt"]/div/div[1]/main/div/div/div[4]/select</arg>
<arg>อื่น ๆ</arg>
<doc>Selects options from selection list ``locator`` by ``labels``.</doc>
<status status="PASS" start="2026-03-03T21:40:41.266896" elapsed="0.093753"/>
</kw>
<kw name="Click Button" owner="SeleniumLibrary">
<msg time="2026-03-03T21:40:41.360649" level="INFO">Clicking button 'xpath=//*[@id="__nuxt"]/div/div[1]/main/div/div/div[5]/div/button[1]'.</msg>
<arg>xpath=//*[@id="__nuxt"]/div/div[1]/main/div/div/div[5]/div/button[1]</arg>
<doc>Clicks the button identified by ``locator``.</doc>
<status status="PASS" start="2026-03-03T21:40:41.360649" elapsed="0.078585"/>
</kw>
<kw name="Choose File" owner="SeleniumLibrary">
<msg time="2026-03-03T21:40:41.440817" level="INFO">Sending D:\Software_Engineer\test_painamnae\sprint 2\UAT\testdata\picture_evidence.jpg to browser.</msg>
<arg>xpath=//input[@type='file' and @accept='image/*']</arg>
<arg>${picture_evidence}</arg>
<doc>Inputs the ``file_path`` into the file input field ``locator``.</doc>
<status status="PASS" start="2026-03-03T21:40:41.440234" elapsed="0.043277"/>
</kw>
<kw name="Sleep" owner="BuiltIn">
<msg time="2026-03-03T21:40:43.483810" level="INFO">Slept 2 seconds.</msg>
<arg>2s</arg>
<doc>Pauses the test executed for the given time.</doc>
<status status="PASS" start="2026-03-03T21:40:41.483511" elapsed="2.000299"/>
</kw>
<kw name="Click Button" owner="SeleniumLibrary">
<msg time="2026-03-03T21:40:43.483810" level="INFO">Clicking button 'xpath=//*[@id="__nuxt"]/div/div[1]/main/div/div/div[5]/div[1]/button[2]'.</msg>
<arg>xpath=//*[@id="__nuxt"]/div/div[1]/main/div/div/div[5]/div[1]/button[2]</arg>
<doc>Clicks the button identified by ``locator``.</doc>
<status status="PASS" start="2026-03-03T21:40:43.483810" elapsed="0.084492"/>
</kw>
<kw name="Choose File" owner="SeleniumLibrary">
<msg time="2026-03-03T21:40:43.568302" level="INFO">Sending D:\Software_Engineer\test_painamnae\sprint 2\UAT\testdata\vdo_evidence.mp4 to browser.</msg>
<arg>xpath=//input[@type='file' and @accept='video/mp4']</arg>
<arg>${vdo_evidence}</arg>
<doc>Inputs the ``file_path`` into the file input field ``locator``.</doc>
<status status="PASS" start="2026-03-03T21:40:43.568302" elapsed="0.042109"/>
</kw>
<kw name="Sleep" owner="BuiltIn">
<msg time="2026-03-03T21:40:45.612064" level="INFO">Slept 2 seconds.</msg>
<arg>2s</arg>
<doc>Pauses the test executed for the given time.</doc>
<status status="PASS" start="2026-03-03T21:40:43.610411" elapsed="2.001653"/>
</kw>
<kw name="Click Button" owner="SeleniumLibrary">
<msg time="2026-03-03T21:40:45.612064" level="INFO">Clicking button 'xpath=//*[@id="__nuxt"]/div/div[1]/main/div/div/div[5]/div[1]/button[3]'.</msg>
<msg time="2026-03-03T21:40:45.739282" level="INFO" html="true">&lt;/td&gt;&lt;/tr&gt;&lt;tr&gt;&lt;td colspan="3"&gt;&lt;a href="selenium-screenshot-1.png"&gt;&lt;img src="selenium-screenshot-1.png" width="800px"&gt;&lt;/a&gt;</msg>
<msg time="2026-03-03T21:40:45.739282" level="FAIL">UnexpectedAlertPresentException: Alert Text: รองรับเฉพาะวิดีโอไฟล์ .mp4 เท่านั้น
Message: unexpected alert open: {Alert text : รองรับเฉพาะวิดีโอไฟล์ .mp4 เท่านั้น}
  (Session info: MicrosoftEdge=145.0.3800.82)
Stacktrace:
Symbols not available. Dumping unresolved backtrace:
	0x7ff720cb6835
	0x7ff720cb6894
	0x7ff720ffad2a
	0x7ff720a8f62e
	0x7ff720a49a1c
	0x7ff720a48c76
	0x7ff720a49843
	0x7ff720b10564
	0x7ff720b0ca03
	0x7ff720b1d0c3
	0x7ff720cd0f18
	0x7ff720cd97f6
	0x7ff720cbde74
	0x7ff720cbdfb9
	0x7ff720cabdf2
	0x7ff86778e8d7
	0x7ff869a4c40c
</msg>
<arg>xpath=//*[@id="__nuxt"]/div/div[1]/main/div/div/div[5]/div[1]/button[3]</arg>
<doc>Clicks the button identified by ``locator``.</doc>
<status status="FAIL" start="2026-03-03T21:40:45.612064" elapsed="0.137274">UnexpectedAlertPresentException: Alert Text: รองรับเฉพาะวิดีโอไฟล์ .mp4 เท่านั้น
Message: unexpected alert open: {Alert text : รองรับเฉพาะวิดีโอไฟล์ .mp4 เท่านั้น}
  (Session info: MicrosoftEdge=145.0.3800.82)
Stacktrace:
Symbols not available. Dumping unresolved backtrace:
	0x7ff720cb6835
	0x7ff720cb6894
	0x7ff720ffad2a
	0x7ff720a8f62e
	0x7ff720a49a1c
	0x7ff720a48c76
	0x7ff720a49843
	0x7ff720b10564
	0x7ff720b0ca03
	0x7ff720b1d0c3
	0x7ff720cd0f18
	0x7ff720cd97f6
	0x7ff720cbde74
	0x7ff720cbdfb9
	0x7ff720cabdf2
	0x7ff86778e8d7
	0x7ff869a4c40c
</status>
</kw>
<kw name="Choose File" owner="SeleniumLibrary">
<arg>xpath=//input[@type='file' and @accept='audio/*']</arg>
<arg>${sound_evidence}</arg>
<doc>Inputs the ``file_path`` into the file input field ``locator``.</doc>
<status status="NOT RUN" start="2026-03-03T21:40:45.749338" elapsed="0.000000"/>
</kw>
<kw name="Sleep" owner="BuiltIn">
<arg>2s</arg>
<doc>Pauses the test executed for the given time.</doc>
<status status="NOT RUN" start="2026-03-03T21:40:45.749338" elapsed="0.001003"/>
</kw>
<kw name="Click Button" owner="SeleniumLibrary">
<arg>xpath=//*[@id="__nuxt"]/div/div[1]/main/div/div/div[6]/button[2]</arg>
<doc>Clicks the button identified by ``locator``.</doc>
<status status="NOT RUN" start="2026-03-03T21:40:45.750341" elapsed="0.000000"/>
</kw>
<kw name="Sleep" owner="BuiltIn">
<arg>2s</arg>
<doc>Pauses the test executed for the given time.</doc>
<status status="NOT RUN" start="2026-03-03T21:40:45.750341" elapsed="0.000000"/>
</kw>
<kw name="Alert Should Be Present" owner="SeleniumLibrary">
<arg>ส่งรายงานปัญหาสำเร็จ ✓</arg>
<arg>timeout=10s</arg>
<doc>Verifies that an alert is present and by default, accepts it.</doc>
<status status="NOT RUN" start="2026-03-03T21:40:45.750341" elapsed="0.000000"/>
</kw>
<status status="FAIL" start="2026-03-03T21:40:38.931053" elapsed="6.819288">UnexpectedAlertPresentException: Alert Text: รองรับเฉพาะวิดีโอไฟล์ .mp4 เท่านั้น
Message: unexpected alert open: {Alert text : รองรับเฉพาะวิดีโอไฟล์ .mp4 เท่านั้น}
  (Session info: MicrosoftEdge=145.0.3800.82)
Stacktrace:
Symbols not available. Dumping unresolved backtrace:
	0x7ff720cb6835
	0x7ff720cb6894
	0x7ff720ffad2a
	0x7ff720a8f62e
	0x7ff720a49a1c
	0x7ff720a48c76
	0x7ff720a49843
	0x7ff720b10564
	0x7ff720b0ca03
	0x7ff720b1d0c3
	0x7ff720cd0f18
	0x7ff720cd97f6
	0x7ff720cbde74
	0x7ff720cbdfb9
	0x7ff720cabdf2
	0x7ff86778e8d7
	0x7ff869a4c40c
</status>
</kw>
<kw name="Close Browser" owner="SeleniumLibrary">
<doc>Closes the current browser.</doc>
<status status="NOT RUN" start="2026-03-03T21:40:45.750341" elapsed="0.000000"/>
</kw>
<doc>ทำการรายงานปัญหาของ driver จากการรายงานระหว่างการเดินทาง โดยเป็นการรายงานปัญหาที่มีการอัปโหลดไฟล์ทุกประเภทพร้อมๆกัน</doc>
<status status="FAIL" start="2026-03-03T21:40:24.471750" elapsed="21.278591">UnexpectedAlertPresentException: Alert Text: รองรับเฉพาะวิดีโอไฟล์ .mp4 เท่านั้น
Message: unexpected alert open: {Alert text : รองรับเฉพาะวิดีโอไฟล์ .mp4 เท่านั้น}
  (Session info: MicrosoftEdge=145.0.3800.82)
Stacktrace:
Symbols not available. Dumping unresolved backtrace:
	0x7ff720cb6835
	0x7ff720cb6894
	0x7ff720ffad2a
	0x7ff720a8f62e
	0x7ff720a49a1c
	0x7ff720a48c76
	0x7ff720a49843
	0x7ff720b10564
	0x7ff720b0ca03
	0x7ff720b1d0c3
	0x7ff720cd0f18
	0x7ff720cd97f6
	0x7ff720cbde74
	0x7ff720cbdfb9
	0x7ff720cabdf2
	0x7ff86778e8d7
	0x7ff869a4c40c
</status>
</test>
<test id="s1-t6" name="Report With Application Problem:" line="81">
<kw name="Open PNN website">
<kw name="Open Browser" owner="SeleniumLibrary">
<msg time="2026-03-03T21:40:45.753003" level="INFO">Opening browser 'Edge' to base url 'http://www.google.com'.</msg>
<arg>${homepage}</arg>
<arg>${browser}</arg>
<doc>Opens a new browser instance to the optional ``url``.</doc>
<status status="PASS" start="2026-03-03T21:40:45.753003" elapsed="2.068885"/>
</kw>
<kw name="Maximize Browser Window" owner="SeleniumLibrary">
<doc>Maximizes current browser window.</doc>
<status status="PASS" start="2026-03-03T21:40:47.822886" elapsed="0.064742"/>
</kw>
<kw name="Go To" owner="SeleniumLibrary">
<msg time="2026-03-03T21:40:47.888641" level="INFO">Opening url 'https://csse1369.cpkku.com/'</msg>
<arg>${pnnUrl}</arg>
<doc>Navigates the current browser window to the provided ``url``.</doc>
<status status="PASS" start="2026-03-03T21:40:47.888641" elapsed="0.328805"/>
</kw>
<status status="PASS" start="2026-03-03T21:40:45.753003" elapsed="2.464443"/>
</kw>
<kw name="Login as Driver">
<kw name="Sleep" owner="BuiltIn">
<msg time="2026-03-03T21:40:50.219107" level="INFO">Slept 2 seconds.</msg>
<arg>2s</arg>
<doc>Pauses the test executed for the given time.</doc>
<status status="PASS" start="2026-03-03T21:40:48.218438" elapsed="2.000669"/>
</kw>
<kw name="Wait Until Page Contains" owner="SeleniumLibrary">
<arg>เดินทางร่วมกัน อย่างมั่นใจ ด้วยความปลอดภัยเป็นอันดับหนึ่ง</arg>
<arg>timeout=10s</arg>
<doc>Waits until ``text`` appears on the current page.</doc>
<status status="PASS" start="2026-03-03T21:40:50.219107" elapsed="0.015034"/>
</kw>
<kw name="Click Element" owner="SeleniumLibrary">
<msg time="2026-03-03T21:40:50.234141" level="INFO">Clicking element 'xpath=//a[normalize-space()="เข้าสู่ระบบ"]'.</msg>
<arg>xpath=//a[normalize-space()="เข้าสู่ระบบ"]</arg>
<doc>Click the element identified by ``locator``.</doc>
<status status="PASS" start="2026-03-03T21:40:50.234141" elapsed="0.156669"/>
</kw>
<kw name="Sleep" owner="BuiltIn">
<msg time="2026-03-03T21:40:52.391671" level="INFO">Slept 2 seconds.</msg>
<arg>2s</arg>
<doc>Pauses the test executed for the given time.</doc>
<status status="PASS" start="2026-03-03T21:40:50.391370" elapsed="2.000301"/>
</kw>
<kw name="Input Text" owner="SeleniumLibrary">
<msg time="2026-03-03T21:40:52.392227" level="INFO">Typing text 'driver123' into text field 'id=identifier'.</msg>
<arg>id=identifier</arg>
<arg>${driverUser}</arg>
<doc>Types the given ``text`` into the text field identified by ``locator``.</doc>
<status status="PASS" start="2026-03-03T21:40:52.391671" elapsed="0.118002"/>
</kw>
<kw name="Input Text" owner="SeleniumLibrary">
<msg time="2026-03-03T21:40:52.510666" level="INFO">Typing text 'driver987654321' into text field 'id=password'.</msg>
<arg>id=password</arg>
<arg>${driverPass}</arg>
<doc>Types the given ``text`` into the text field identified by ``locator``.</doc>
<status status="PASS" start="2026-03-03T21:40:52.509673" elapsed="0.082264"/>
</kw>
<kw name="Click Button" owner="SeleniumLibrary">
<msg time="2026-03-03T21:40:52.591937" level="INFO">Clicking button 'xpath=//button[normalize-space()="เข้าสู่ระบบ"]'.</msg>
<arg>xpath=//button[normalize-space()="เข้าสู่ระบบ"]</arg>
<doc>Clicks the button identified by ``locator``.</doc>
<status status="PASS" start="2026-03-03T21:40:52.591937" elapsed="0.076829"/>
</kw>
<status status="PASS" start="2026-03-03T21:40:48.218438" elapsed="4.450328"/>
</kw>
<kw name="Go to Home page as driver">
<kw name="Sleep" owner="BuiltIn">
<msg time="2026-03-03T21:40:54.669150" level="INFO">Slept 2 seconds.</msg>
<arg>2s</arg>
<doc>Pauses the test executed for the given time.</doc>
<status status="PASS" start="2026-03-03T21:40:52.668766" elapsed="2.000384"/>
</kw>
<kw name="Wait Until Page Contains" owner="SeleniumLibrary">
<arg>เดินทางร่วมกัน อย่างมั่นใจ ด้วยความปลอดภัยเป็นอันดับหนึ่ง</arg>
<arg>timeout=10s</arg>
<doc>Waits until ``text`` appears on the current page.</doc>
<status status="PASS" start="2026-03-03T21:40:54.669150" elapsed="0.012058"/>
</kw>
<kw name="Wait Until Page Contains" owner="SeleniumLibrary">
<arg>${driverName}</arg>
<arg>timeout=10s</arg>
<doc>Waits until ``text`` appears on the current page.</doc>
<status status="PASS" start="2026-03-03T21:40:54.681208" elapsed="0.011116"/>
</kw>
<status status="PASS" start="2026-03-03T21:40:52.668766" elapsed="2.023558"/>
</kw>
<kw name="Go to Request Trip">
<kw name="Sleep" owner="BuiltIn">
<msg time="2026-03-03T21:40:56.694418" level="INFO">Slept 2 seconds.</msg>
<arg>2s</arg>
<doc>Pauses the test executed for the given time.</doc>
<status status="PASS" start="2026-03-03T21:40:54.693840" elapsed="2.000578"/>
</kw>
<kw name="Mouse Over" owner="SeleniumLibrary">
<msg time="2026-03-03T21:40:56.695458" level="INFO">Simulating Mouse Over on element 'xpath=//*[@id="__nuxt"]/div/div[1]/header/div/div[1]/nav/div[2]/div/a'.</msg>
<arg>xpath=//*[@id="__nuxt"]/div/div[1]/header/div/div[1]/nav/div[2]/div/a</arg>
<doc>Simulates hovering the mouse over the element ``locator``.</doc>
<status status="PASS" start="2026-03-03T21:40:56.694418" elapsed="0.292323"/>
</kw>
<kw name="Click Element" owner="SeleniumLibrary">
<msg time="2026-03-03T21:40:56.986741" level="INFO">Clicking element 'xpath=//*[@id="__nuxt"]/div/div[1]/header/div/div[1]/nav/div[2]/div/div/a[2]'.</msg>
<arg>xpath=//*[@id="__nuxt"]/div/div[1]/header/div/div[1]/nav/div[2]/div/div/a[2]</arg>
<doc>Click the element identified by ``locator``.</doc>
<status status="PASS" start="2026-03-03T21:40:56.986741" elapsed="0.072243"/>
</kw>
<kw name="Wait Until Page Contains" owner="SeleniumLibrary">
<arg>คำขอจองเส้นทางของฉัน</arg>
<arg>timeout=10s</arg>
<doc>Waits until ``text`` appears on the current page.</doc>
<status status="PASS" start="2026-03-03T21:40:57.060140" elapsed="0.029756"/>
</kw>
<status status="PASS" start="2026-03-03T21:40:54.693840" elapsed="2.397573"/>
</kw>
<kw name="Go to ReportForm">
<kw name="Sleep" owner="BuiltIn">
<msg time="2026-03-03T21:40:59.093657" level="INFO">Slept 2 seconds.</msg>
<arg>2s</arg>
<doc>Pauses the test executed for the given time.</doc>
<status status="PASS" start="2026-03-03T21:40:57.092426" elapsed="2.001231"/>
</kw>
<kw name="Click Button" owner="SeleniumLibrary">
<msg time="2026-03-03T21:40:59.094680" level="INFO">Clicking button 'xpath=//*[@id="__nuxt"]/div/div[1]/main/div/div/div[2]/div/button[2]'.</msg>
<arg>xpath=//*[@id="__nuxt"]/div/div[1]/main/div/div/div[2]/div/button[2]</arg>
<doc>Clicks the button identified by ``locator``.</doc>
<status status="PASS" start="2026-03-03T21:40:59.093657" elapsed="0.123013"/>
</kw>
<kw name="Wait Until Page Contains" owner="SeleniumLibrary">
<arg>ยืนยันแล้ว</arg>
<arg>timeout=10s</arg>
<doc>Waits until ``text`` appears on the current page.</doc>
<status status="PASS" start="2026-03-03T21:40:59.217877" elapsed="0.115081"/>
</kw>
<kw name="Click Element" owner="SeleniumLibrary">
<msg time="2026-03-03T21:40:59.332958" level="INFO">Clicking element 'xpath=//*[@id="__nuxt"]/div/div[1]/main/div/div/div[3]/div[1]/div/div[2]/div/div[2]/div[1]/div[1]/a'.</msg>
<arg>xpath=//*[@id="__nuxt"]/div/div[1]/main/div/div/div[3]/div[1]/div/div[2]/div/div[2]/div[1]/div[1]/a</arg>
<doc>Click the element identified by ``locator``.</doc>
<status status="PASS" start="2026-03-03T21:40:59.332958" elapsed="0.192245"/>
</kw>
<status status="PASS" start="2026-03-03T21:40:57.091413" elapsed="2.434802"/>
</kw>
<kw name="Application Problem">
<kw name="Sleep" owner="BuiltIn">
<msg time="2026-03-03T21:41:01.527435" level="INFO">Slept 2 seconds.</msg>
<arg>2s</arg>
<doc>Pauses the test executed for the given time.</doc>
<status status="PASS" start="2026-03-03T21:40:59.527203" elapsed="2.000232"/>
</kw>
<kw name="Wait Until Page Contains" owner="SeleniumLibrary">
<arg>รายงานปัญหา</arg>
<arg>timeout=10s</arg>
<doc>Waits until ``text`` appears on the current page.</doc>
<status status="PASS" start="2026-03-03T21:41:01.527942" elapsed="0.013750"/>
</kw>
<kw name="Input Text" owner="SeleniumLibrary">
<msg time="2026-03-03T21:41:01.542699" level="INFO">Typing text 'ส่งรายงานได้ โดยเลือกหมวดหมู่ system และ ประเภท แอพขัดข้อง' into text field 'xpath=//*[@id="__nuxt"]/div/div[1]/main/div/div/div[1]/input'.</msg>
<arg>xpath=//*[@id="__nuxt"]/div/div[1]/main/div/div/div[1]/input</arg>
<arg>ส่งรายงานได้ โดยเลือกหมวดหมู่ system และ ประเภท แอพขัดข้อง</arg>
<doc>Types the given ``text`` into the text field identified by ``locator``.</doc>
<status status="PASS" start="2026-03-03T21:41:01.541692" elapsed="0.170913"/>
</kw>
<kw name="Input Text" owner="SeleniumLibrary">
<msg time="2026-03-03T21:41:01.712605" level="INFO">Typing text 'ส่งรายงานปัญหาโดยกดเลือกหมวดหมู่ "System Report" และเลือกประเภท "แอปพลิเคชันขัดข้อง"' into text field 'xpath=//*[@id="__nuxt"]/div/div[1]/main/div/div/div[2]/textarea'.</msg>
<arg>xpath=//*[@id="__nuxt"]/div/div[1]/main/div/div/div[2]/textarea</arg>
<arg>ส่งรายงานปัญหาโดยกดเลือกหมวดหมู่ "System Report" และเลือกประเภท "แอปพลิเคชันขัดข้อง"</arg>
<doc>Types the given ``text`` into the text field identified by ``locator``.</doc>
<status status="PASS" start="2026-03-03T21:41:01.712605" elapsed="0.179392"/>
</kw>
<kw name="Click Button" owner="SeleniumLibrary">
<msg time="2026-03-03T21:41:01.892996" level="INFO">Clicking button 'xpath=//*[@id="__nuxt"]/div/div[1]/main/div/div/div[3]/div/button[1]'.</msg>
<arg>xpath=//*[@id="__nuxt"]/div/div[1]/main/div/div/div[3]/div/button[1]</arg>
<doc>Clicks the button identified by ``locator``.</doc>
<status status="PASS" start="2026-03-03T21:41:01.891997" elapsed="0.071911"/>
</kw>
<kw name="Select From List By Label" owner="SeleniumLibrary">
<msg time="2026-03-03T21:41:01.964904" level="INFO">Selecting options from selection list 'xpath=//*[@id="__nuxt"]/div/div[1]/main/div/div/div[4]/select' by label แอปพลิเคชันขัดข้อง.</msg>
<arg>xpath=//*[@id="__nuxt"]/div/div[1]/main/div/div/div[4]/select</arg>
<arg>แอปพลิเคชันขัดข้อง</arg>
<doc>Selects options from selection list ``locator`` by ``labels``.</doc>
<status status="PASS" start="2026-03-03T21:41:01.964904" elapsed="0.098067"/>
</kw>
<kw name="Click Button" owner="SeleniumLibrary">
<msg time="2026-03-03T21:41:02.062971" level="INFO">Clicking button 'xpath=//*[@id="__nuxt"]/div/div[1]/main/div/div/div[6]/button[2]'.</msg>
<arg>xpath=//*[@id="__nuxt"]/div/div[1]/main/div/div/div[6]/button[2]</arg>
<doc>Clicks the button identified by ``locator``.</doc>
<status status="PASS" start="2026-03-03T21:41:02.062971" elapsed="0.100067"/>
</kw>
<kw name="Sleep" owner="BuiltIn">
<msg time="2026-03-03T21:41:04.164300" level="INFO">Slept 2 seconds.</msg>
<arg>2s</arg>
<doc>Pauses the test executed for the given time.</doc>
<status status="PASS" start="2026-03-03T21:41:02.163038" elapsed="2.001262"/>
</kw>
<kw name="Alert Should Be Present" owner="SeleniumLibrary">
<msg time="2026-03-03T21:41:04.164809" level="INFO">HANDLE::&lt;class 'datetime.timedelta'&gt;::0:00:10</msg>
<arg>ส่งรายงานปัญหาสำเร็จ ✓</arg>
<arg>timeout=10s</arg>
<doc>Verifies that an alert is present and by default, accepts it.</doc>
<status status="PASS" start="2026-03-03T21:41:04.164809" elapsed="0.006067"/>
</kw>
<status status="PASS" start="2026-03-03T21:40:59.526215" elapsed="4.644661"/>
</kw>
<kw name="Close Browser" owner="SeleniumLibrary">
<doc>Closes the current browser.</doc>
<status status="PASS" start="2026-03-03T21:41:04.172416" elapsed="2.249121"/>
</kw>
<doc>ทำการรายงานปัญหาของ driver จากการรายงานระหว่างการเดินทาง โดยเป็นการรายงานปัญหาที่มีการเลือกหมวดหมู่ System Report และประเภทปัญหา แอปพลิเคชันขัดข้อง</doc>
<status status="PASS" start="2026-03-03T21:40:45.751995" elapsed="20.670524"/>
</test>
<test id="s1-t7" name="Report With Map Problem:" line="92">
<kw name="Open PNN website">
<kw name="Open Browser" owner="SeleniumLibrary">
<msg time="2026-03-03T21:41:06.425302" level="INFO">Opening browser 'Edge' to base url 'http://www.google.com'.</msg>
<arg>${homepage}</arg>
<arg>${browser}</arg>
<doc>Opens a new browser instance to the optional ``url``.</doc>
<status status="PASS" start="2026-03-03T21:41:06.425302" elapsed="2.109579"/>
</kw>
<kw name="Maximize Browser Window" owner="SeleniumLibrary">
<doc>Maximizes current browser window.</doc>
<status status="PASS" start="2026-03-03T21:41:08.534881" elapsed="0.084362"/>
</kw>
<kw name="Go To" owner="SeleniumLibrary">
<msg time="2026-03-03T21:41:08.620252" level="INFO">Opening url 'https://csse1369.cpkku.com/'</msg>
<arg>${pnnUrl}</arg>
<doc>Navigates the current browser window to the provided ``url``.</doc>
<status status="PASS" start="2026-03-03T21:41:08.619243" elapsed="0.352823"/>
</kw>
<status status="PASS" start="2026-03-03T21:41:06.425302" elapsed="2.546764"/>
</kw>
<kw name="Login as Driver">
<kw name="Sleep" owner="BuiltIn">
<msg time="2026-03-03T21:41:10.972292" level="INFO">Slept 2 seconds.</msg>
<arg>2s</arg>
<doc>Pauses the test executed for the given time.</doc>
<status status="PASS" start="2026-03-03T21:41:08.972066" elapsed="2.000226"/>
</kw>
<kw name="Wait Until Page Contains" owner="SeleniumLibrary">
[...]
<msg time="2026-03-03T21:46:39.920405" level="INFO">Slept 1 second.</msg>
<arg>1s</arg>
<doc>Pauses the test executed for the given time.</doc>
<status status="PASS" start="2026-03-03T21:46:38.918872" elapsed="1.001533"/>
</kw>
<kw name="Element Text Should Be" owner="SeleniumLibrary">
<msg time="2026-03-03T21:46:39.920405" level="INFO">Verifying element 'xpath=//*[@id="main-content"]/div[2]/div[1]/div[1]/div/div[2]/span' contains exact text 'Resolved'.</msg>
<arg>xpath=//*[@id="main-content"]/div[2]/div[1]/div[1]/div/div[2]/span</arg>
<arg>Resolved</arg>
<doc>Verifies that element ``locator`` contains exact the text ``expected``.</doc>
<status status="PASS" start="2026-03-03T21:46:39.920405" elapsed="0.024835"/>
</kw>
<kw name="Wait Until Page Contains" owner="SeleniumLibrary">
<arg>✅ Updated successfully</arg>
<arg>timeout=10s</arg>
<doc>Waits until ``text`` appears on the current page.</doc>
<status status="PASS" start="2026-03-03T21:46:39.945240" elapsed="0.012016"/>
</kw>
<status status="PASS" start="2026-03-03T21:46:36.095984" elapsed="3.862779"/>
</kw>
<kw name="Close Browser" owner="SeleniumLibrary">
<doc>Closes the current browser.</doc>
<status status="PASS" start="2026-03-03T21:46:39.958763" elapsed="2.247510"/>
</kw>
<doc>ทำการอัปเดตสถานะของรายงานโดย admin เป็น Resolved ด้วยปุ่มลัด และมี Comment ตอบกลับ</doc>
<status status="PASS" start="2026-03-03T21:46:24.347166" elapsed="17.859107"/>
</test>
<test id="s1-t24" name="Update Status Rejected by hotkey with Comment:" line="279">
<kw name="Open PNN website">
<kw name="Open Browser" owner="SeleniumLibrary">
<msg time="2026-03-03T21:46:42.209274" level="INFO">Opening browser 'Edge' to base url 'http://www.google.com'.</msg>
<arg>${homepage}</arg>
<arg>${browser}</arg>
<doc>Opens a new browser instance to the optional ``url``.</doc>
<status status="PASS" start="2026-03-03T21:46:42.208275" elapsed="2.057946"/>
</kw>
<kw name="Maximize Browser Window" owner="SeleniumLibrary">
<doc>Maximizes current browser window.</doc>
<status status="PASS" start="2026-03-03T21:46:44.266221" elapsed="0.081656"/>
</kw>
<kw name="Go To" owner="SeleniumLibrary">
<msg time="2026-03-03T21:46:44.350424" level="INFO">Opening url 'https://csse1369.cpkku.com/'</msg>
<arg>${pnnUrl}</arg>
<doc>Navigates the current browser window to the provided ``url``.</doc>
<status status="PASS" start="2026-03-03T21:46:44.349401" elapsed="0.314409"/>
</kw>
<status status="PASS" start="2026-03-03T21:46:42.208275" elapsed="2.455535"/>
</kw>
<kw name="Login as Admin">
<kw name="Sleep" owner="BuiltIn">
<msg time="2026-03-03T21:46:46.666275" level="INFO">Slept 2 seconds.</msg>
<arg>2s</arg>
<doc>Pauses the test executed for the given time.</doc>
<status status="PASS" start="2026-03-03T21:46:44.664822" elapsed="2.001453"/>
</kw>
<kw name="Wait Until Page Contains" owner="SeleniumLibrary">
<arg>เดินทางร่วมกัน อย่างมั่นใจ ด้วยความปลอดภัยเป็นอันดับหนึ่ง</arg>
<arg>timeout=10s</arg>
<doc>Waits until ``text`` appears on the current page.</doc>
<status status="PASS" start="2026-03-03T21:46:46.666275" elapsed="0.028308"/>
</kw>
<kw name="Click Element" owner="SeleniumLibrary">
<msg time="2026-03-03T21:46:46.694583" level="INFO">Clicking element 'xpath=//a[normalize-space()="เข้าสู่ระบบ"]'.</msg>
<arg>xpath=//a[normalize-space()="เข้าสู่ระบบ"]</arg>
<doc>Click the element identified by ``locator``.</doc>
<status status="PASS" start="2026-03-03T21:46:46.694583" elapsed="0.142159"/>
</kw>
<kw name="Input Text" owner="SeleniumLibrary">
<msg time="2026-03-03T21:46:46.837763" level="INFO">Typing text 'admin123' into text field 'id=identifier'.</msg>
<arg>id=identifier</arg>
<arg>${adminUser}</arg>
<doc>Types the given ``text`` into the text field identified by ``locator``.</doc>
<status status="PASS" start="2026-03-03T21:46:46.836742" elapsed="0.163680"/>
</kw>
<kw name="Input Text" owner="SeleniumLibrary">
<msg time="2026-03-03T21:46:47.001933" level="INFO">Typing text '123456789' into text field 'id=password'.</msg>
<arg>id=password</arg>
<arg>${adminPass}</arg>
<doc>Types the given ``text`` into the text field identified by ``locator``.</doc>
<status status="PASS" start="2026-03-03T21:46:47.001422" elapsed="0.112649"/>
</kw>
<kw name="Click Button" owner="SeleniumLibrary">
<msg time="2026-03-03T21:46:47.115072" level="INFO">Clicking button 'xpath=//button[normalize-space()="เข้าสู่ระบบ"]'.</msg>
<arg>xpath=//button[normalize-space()="เข้าสู่ระบบ"]</arg>
<doc>Clicks the button identified by ``locator``.</doc>
<status status="PASS" start="2026-03-03T21:46:47.114071" elapsed="0.083342"/>
</kw>
<status status="PASS" start="2026-03-03T21:46:44.664822" elapsed="2.532591"/>
</kw>
<kw name="Go to Home page as admin">
<kw name="Sleep" owner="BuiltIn">
<msg time="2026-03-03T21:46:49.198741" level="INFO">Slept 2 seconds.</msg>
<arg>2s</arg>
<doc>Pauses the test executed for the given time.</doc>
<status status="PASS" start="2026-03-03T21:46:47.197413" elapsed="2.001328"/>
</kw>
<kw name="Wait Until Page Contains" owner="SeleniumLibrary">
<arg>เดินทางร่วมกัน อย่างมั่นใจ ด้วยความปลอดภัยเป็นอันดับหนึ่ง</arg>
<arg>timeout=10s</arg>
<doc>Waits until ``text`` appears on the current page.</doc>
<status status="PASS" start="2026-03-03T21:46:49.198741" elapsed="0.012584"/>
</kw>
<kw name="Wait Until Page Contains" owner="SeleniumLibrary">
<arg>${adminName}</arg>
<arg>timeout=10s</arg>
<doc>Waits until ``text`` appears on the current page.</doc>
<status status="PASS" start="2026-03-03T21:46:49.211325" elapsed="0.011397"/>
</kw>
<status status="PASS" start="2026-03-03T21:46:47.197413" elapsed="2.025309"/>
</kw>
<kw name="Go to Dashboard page">
<kw name="Sleep" owner="BuiltIn">
<msg time="2026-03-03T21:46:51.222812" level="INFO">Slept 2 seconds.</msg>
<arg>2s</arg>
<doc>Pauses the test executed for the given time.</doc>
<status status="PASS" start="2026-03-03T21:46:49.222722" elapsed="2.000090"/>
</kw>
<kw name="Mouse Over" owner="SeleniumLibrary">
<msg time="2026-03-03T21:46:51.222812" level="INFO">Simulating Mouse Over on element 'xpath=//*[@id="__nuxt"]/div/div[1]/header/div/div[1]/nav/div[4]/div[1]'.</msg>
<arg>xpath=//*[@id="__nuxt"]/div/div[1]/header/div/div[1]/nav/div[4]/div[1]</arg>
<doc>Simulates hovering the mouse over the element ``locator``.</doc>
<status status="PASS" start="2026-03-03T21:46:51.222812" elapsed="0.276616"/>
</kw>
<kw name="Click Element" owner="SeleniumLibrary">
<msg time="2026-03-03T21:46:51.500528" level="INFO">Clicking element 'xpath=//*[@id="__nuxt"]/div/div[1]/header/div/div[1]/nav/div[4]/div[2]/a[2]'.</msg>
<arg>xpath=//*[@id="__nuxt"]/div/div[1]/header/div/div[1]/nav/div[4]/div[2]/a[2]</arg>
<doc>Click the element identified by ``locator``.</doc>
<status status="PASS" start="2026-03-03T21:46:51.499428" elapsed="0.073193"/>
</kw>
<kw name="Wait Until Page Contains" owner="SeleniumLibrary">
<arg>User Management</arg>
<arg>timeout=10s</arg>
<doc>Waits until ``text`` appears on the current page.</doc>
<status status="PASS" start="2026-03-03T21:46:51.572621" elapsed="0.050996"/>
</kw>
<status status="PASS" start="2026-03-03T21:46:49.222722" elapsed="2.401904"/>
</kw>
<kw name="Go to Incident Management page">
<kw name="Sleep" owner="BuiltIn">
<msg time="2026-03-03T21:46:53.624913" level="INFO">Slept 2 seconds.</msg>
<arg>2s</arg>
<doc>Pauses the test executed for the given time.</doc>
<status status="PASS" start="2026-03-03T21:46:51.624626" elapsed="2.000287"/>
</kw>
<kw name="Click Element" owner="SeleniumLibrary">
<msg time="2026-03-03T21:46:53.624913" level="INFO">Clicking element 'xpath=//*[@id="sidebar"]/div/nav/a[6]'.</msg>
<arg>xpath=//*[@id="sidebar"]/div/nav/a[6]</arg>
<doc>Click the element identified by ``locator``.</doc>
<status status="PASS" start="2026-03-03T21:46:53.624913" elapsed="0.066972"/>
</kw>
<kw name="Wait Until Page Contains" owner="SeleniumLibrary">
<arg>Incident Management</arg>
<arg>timeout=10s</arg>
<doc>Waits until ``text`` appears on the current page.</doc>
<status status="PASS" start="2026-03-03T21:46:53.691885" elapsed="0.048579"/>
</kw>
<status status="PASS" start="2026-03-03T21:46:51.624626" elapsed="2.115838"/>
</kw>
<kw name="Update Status Rejected by hotkey and Comment">
<kw name="Sleep" owner="BuiltIn">
<msg time="2026-03-03T21:46:55.741571" level="INFO">Slept 2 seconds.</msg>
<arg>2s</arg>
<doc>Pauses the test executed for the given time.</doc>
<status status="PASS" start="2026-03-03T21:46:53.741459" elapsed="2.000112"/>
</kw>
<kw name="Click Button" owner="SeleniumLibrary">
<msg time="2026-03-03T21:46:55.742075" level="INFO">Clicking button 'xpath=//*[@id="main-content"]/div[3]/div/button[2]'.</msg>
<arg>xpath=//*[@id="main-content"]/div[3]/div/button[2]</arg>
<doc>Clicks the button identified by ``locator``.</doc>
<status status="PASS" start="2026-03-03T21:46:55.741571" elapsed="0.083028"/>
</kw>
<kw name="Click Element" owner="SeleniumLibrary">
<msg time="2026-03-03T21:46:55.825602" level="INFO">Clicking element 'xpath=//*[@id="main-content"]/div[4]/div[1]/table/tbody/tr[1]'.</msg>
<arg>xpath=//*[@id="main-content"]/div[4]/div[1]/table/tbody/tr[1]</arg>
<doc>Click the element identified by ``locator``.</doc>
<status status="PASS" start="2026-03-03T21:46:55.824599" elapsed="0.078804"/>
</kw>
<kw name="Wait Until Page Contains" owner="SeleniumLibrary">
<arg>Incident Details</arg>
<arg>timeout=10s</arg>
<doc>Waits until ``text`` appears on the current page.</doc>
<status status="PASS" start="2026-03-03T21:46:55.903403" elapsed="0.453904"/>
</kw>
<kw name="Input Text" owner="SeleniumLibrary">
<msg time="2026-03-03T21:46:56.357307" level="INFO">Typing text 'ปฏิเสธการแก้ไขปัญหาที่แจ้งมา' into text field 'xpath=//*[@id="main-content"]/div[2]/div[1]/div[2]/div/textarea'.</msg>
<arg>xpath=//*[@id="main-content"]/div[2]/div[1]/div[2]/div/textarea</arg>
<arg>ปฏิเสธการแก้ไขปัญหาที่แจ้งมา</arg>
<doc>Types the given ``text`` into the text field identified by ``locator``.</doc>
<status status="PASS" start="2026-03-03T21:46:56.357307" elapsed="0.123802"/>
</kw>
<kw name="Sleep" owner="BuiltIn">
<msg time="2026-03-03T21:47:01.482587" level="INFO">Slept 5 seconds.</msg>
<arg>5s</arg>
<doc>Pauses the test executed for the given time.</doc>
<status status="PASS" start="2026-03-03T21:46:56.482116" elapsed="5.000471"/>
</kw>
<kw name="Click Button" owner="SeleniumLibrary">
<msg time="2026-03-03T21:47:01.482587" level="INFO">Clicking button 'xpath=//*[@id="main-content"]/div[2]/div[1]/div[2]/div/div[2]/div/button[1]'.</msg>
<arg>xpath=//*[@id="main-content"]/div[2]/div[1]/div[2]/div/div[2]/div/button[1]</arg>
<doc>Clicks the button identified by ``locator``.</doc>
<status status="PASS" start="2026-03-03T21:47:01.482587" elapsed="0.084635"/>
</kw>
<kw name="Sleep" owner="BuiltIn">
<msg time="2026-03-03T21:47:02.568263" level="INFO">Slept 1 second.</msg>
<arg>1s</arg>
<doc>Pauses the test executed for the given time.</doc>
<status status="PASS" start="2026-03-03T21:47:01.567222" elapsed="1.001041"/>
</kw>
<kw name="Element Text Should Be" owner="SeleniumLibrary">
<msg time="2026-03-03T21:47:02.568263" level="INFO">Verifying element 'xpath=//*[@id="main-content"]/div[2]/div[1]/div[1]/div/div[2]/span' contains exact text 'Rejected'.</msg>
<arg>xpath=//*[@id="main-content"]/div[2]/div[1]/div[1]/div/div[2]/span</arg>
<arg>Rejected</arg>
<doc>Verifies that element ``locator`` contains exact the text ``expected``.</doc>
<status status="PASS" start="2026-03-03T21:47:02.568263" elapsed="0.025208"/>
</kw>
<kw name="Wait Until Page Contains" owner="SeleniumLibrary">
<arg>✅ Updated successfully</arg>
<arg>timeout=10s</arg>
<doc>Waits until ``text`` appears on the current page.</doc>
<status status="PASS" start="2026-03-03T21:47:02.593471" elapsed="0.014065"/>
</kw>
<status status="PASS" start="2026-03-03T21:46:53.741459" elapsed="8.866077"/>
</kw>
<kw name="Close Browser" owner="SeleniumLibrary">
<doc>Closes the current browser.</doc>
<status status="PASS" start="2026-03-03T21:47:02.608541" elapsed="2.248574"/>
</kw>
<doc>ทำการอัปเดตสถานะของรายงานโดย admin เป็น Rejected ด้วยปุ่มลัด และมี Comment ตอบกลับ</doc>
<status status="PASS" start="2026-03-03T21:46:42.207297" elapsed="22.649818"/>
</test>
<test id="s1-t25" name="Driver View All Report:" line="290">
<kw name="Open PNN website">
<kw name="Open Browser" owner="SeleniumLibrary">
<msg time="2026-03-03T21:47:04.859652" level="INFO">Opening browser 'Edge' to base url 'http://www.google.com'.</msg>
<arg>${homepage}</arg>
<arg>${browser}</arg>
<doc>Opens a new browser instance to the optional ``url``.</doc>
<status status="PASS" start="2026-03-03T21:47:04.858635" elapsed="2.073347"/>
</kw>
<kw name="Maximize Browser Window" owner="SeleniumLibrary">
<doc>Maximizes current browser window.</doc>
<status status="PASS" start="2026-03-03T21:47:06.931982" elapsed="0.110105"/>
</kw>
<kw name="Go To" owner="SeleniumLibrary">
<msg time="2026-03-03T21:47:07.044083" level="INFO">Opening url 'https://csse1369.cpkku.com/'</msg>
<arg>${pnnUrl}</arg>
<doc>Navigates the current browser window to the provided ``url``.</doc>
<status status="PASS" start="2026-03-03T21:47:07.043084" elapsed="0.324674"/>
</kw>
<status status="PASS" start="2026-03-03T21:47:04.858635" elapsed="2.510137"/>
</kw>
<kw name="Login as Driver">
<kw name="Sleep" owner="BuiltIn">
<msg time="2026-03-03T21:47:09.370458" level="INFO">Slept 2 seconds.</msg>
<arg>2s</arg>
<doc>Pauses the test executed for the given time.</doc>
<status status="PASS" start="2026-03-03T21:47:07.369770" elapsed="2.000688"/>
</kw>
<kw name="Wait Until Page Contains" owner="SeleniumLibrary">
<arg>เดินทางร่วมกัน อย่างมั่นใจ ด้วยความปลอดภัยเป็นอันดับหนึ่ง</arg>
<arg>timeout=10s</arg>
<doc>Waits until ``text`` appears on the current page.</doc>
<status status="PASS" start="2026-03-03T21:47:09.370458" elapsed="0.013828"/>
</kw>
<kw name="Click Element" owner="SeleniumLibrary">
<msg time="2026-03-03T21:47:09.384286" level="INFO">Clicking element 'xpath=//a[normalize-space()="เข้าสู่ระบบ"]'.</msg>
<arg>xpath=//a[normalize-space()="เข้าสู่ระบบ"]</arg>
<doc>Click the element identified by ``locator``.</doc>
<status status="PASS" start="2026-03-03T21:47:09.384286" elapsed="0.141514"/>
</kw>
<kw name="Sleep" owner="BuiltIn">
<msg time="2026-03-03T21:47:11.527321" level="INFO">Slept 2 seconds.</msg>
<arg>2s</arg>
<doc>Pauses the test executed for the given time.</doc>
<status status="PASS" start="2026-03-03T21:47:09.525800" elapsed="2.001521"/>
</kw>
<kw name="Input Text" owner="SeleniumLibrary">
<msg time="2026-03-03T21:47:11.527833" level="INFO">Typing text 'driver123' into text field 'id=identifier'.</msg>
<arg>id=identifier</arg>
<arg>${driverUser}</arg>
<doc>Types the given ``text`` into the text field identified by ``locator``.</doc>
<status status="PASS" start="2026-03-03T21:47:11.527321" elapsed="0.105766"/>
</kw>
<kw name="Input Text" owner="SeleniumLibrary">
<msg time="2026-03-03T21:47:11.633087" level="INFO">Typing text 'driver987654321' into text field 'id=password'.</msg>
<arg>id=password</arg>
<arg>${driverPass}</arg>
<doc>Types the given ``text`` into the text field identified by ``locator``.</doc>
<status status="PASS" start="2026-03-03T21:47:11.633087" elapsed="0.085101"/>
</kw>
<kw name="Click Button" owner="SeleniumLibrary">
<msg time="2026-03-03T21:47:11.719187" level="INFO">Clicking button 'xpath=//button[normalize-space()="เข้าสู่ระบบ"]'.</msg>
<arg>xpath=//button[normalize-space()="เข้าสู่ระบบ"]</arg>
<doc>Clicks the button identified by ``locator``.</doc>
<status status="PASS" start="2026-03-03T21:47:11.719187" elapsed="0.088205"/>
</kw>
<status status="PASS" start="2026-03-03T21:47:07.369770" elapsed="4.437622"/>
</kw>
<kw name="Go to Profile page">
<kw name="Sleep" owner="BuiltIn">
<msg time="2026-03-03T21:47:13.808665" level="INFO">Slept 2 seconds.</msg>
<arg>2s</arg>
<doc>Pauses the test executed for the given time.</doc>
<status status="PASS" start="2026-03-03T21:47:11.808392" elapsed="2.000273"/>
</kw>
<kw name="Mouse Over" owner="SeleniumLibrary">
<msg time="2026-03-03T21:47:13.808665" level="INFO">Simulating Mouse Over on element 'xpath=//*[@id="__nuxt"]/div/div[1]/header/div/div[1]/nav/div[4]/div[1]'.</msg>
<arg>xpath=//*[@id="__nuxt"]/div/div[1]/header/div/div[1]/nav/div[4]/div[1]</arg>
<doc>Simulates hovering the mouse over the element ``locator``.</doc>
<status status="PASS" start="2026-03-03T21:47:13.808665" elapsed="0.283359"/>
</kw>
<kw name="Click Element" owner="SeleniumLibrary">
<msg time="2026-03-03T21:47:14.092024" level="INFO">Clicking element 'xpath=//*[@id="__nuxt"]/div/div[1]/header/div/div[1]/nav/div[4]/div[2]/a[1]'.</msg>
<arg>xpath=//*[@id="__nuxt"]/div/div[1]/header/div/div[1]/nav/div[4]/div[2]/a[1]</arg>
<doc>Click the element identified by ``locator``.</doc>
<status status="PASS" start="2026-03-03T21:47:14.092024" elapsed="0.080259"/>
</kw>
<kw name="Wait Until Page Contains" owner="SeleniumLibrary">
<arg>โปรไฟล์ของฉัน</arg>
<arg>timeout=10s</arg>
<doc>Waits until ``text`` appears on the current page.</doc>
<status status="PASS" start="2026-03-03T21:47:14.173304" elapsed="0.045777"/>
</kw>
<status status="PASS" start="2026-03-03T21:47:11.807392" elapsed="2.411689"/>
</kw>
<kw name="View All Report">
<kw name="Sleep" owner="BuiltIn">
<msg time="2026-03-03T21:47:16.221173" level="INFO">Slept 2 seconds.</msg>
<arg>2s</arg>
<doc>Pauses the test executed for the given time.</doc>
<status status="PASS" start="2026-03-03T21:47:14.220592" elapsed="2.000581"/>
</kw>
<kw name="Click Element" owner="SeleniumLibrary">
<msg time="2026-03-03T21:47:16.222215" level="INFO">Clicking element 'xpath=//a[normalize-space()='ประวัติการรายงานปัญหา']'.</msg>
<arg>xpath=//a[normalize-space()='ประวัติการรายงานปัญหา']</arg>
<doc>Click the element identified by ``locator``.</doc>
<status status="PASS" start="2026-03-03T21:47:16.221173" elapsed="0.079018"/>
</kw>
<kw name="Wait Until Page Contains" owner="SeleniumLibrary">
<arg>ประวัติการรายงานปัญหา</arg>
<arg>timeout=10s</arg>
<doc>Waits until ``text`` appears on the current page.</doc>
<status status="PASS" start="2026-03-03T21:47:16.300191" elapsed="0.023417"/>
</kw>
<kw name="Sleep" owner="BuiltIn">
<msg time="2026-03-03T21:47:18.325203" level="INFO">Slept 2 seconds.</msg>
<arg>2s</arg>
<doc>Pauses the test executed for the given time.</doc>
<status status="PASS" start="2026-03-03T21:47:16.324599" elapsed="2.000604"/>
</kw>
<kw name="Click Element" owner="SeleniumLibrary">
<msg time="2026-03-03T21:47:18.326245" level="INFO">Clicking element 'xpath=//*[@id="__nuxt"]/div/div[1]/main/div/div/main/div[2]/a[1]'.</msg>
<arg>xpath=//*[@id="__nuxt"]/div/div[1]/main/div/div/main/div[2]/a[1]</arg>
<doc>Click the element identified by ``locator``.</doc>
<status status="PASS" start="2026-03-03T21:47:18.325203" elapsed="0.083335"/>
</kw>
<kw name="Sleep" owner="BuiltIn">
<msg time="2026-03-03T21:47:19.409118" level="INFO">Slept 1 second.</msg>
<arg>1s</arg>
<doc>Pauses the test executed for the given time.</doc>
<status status="PASS" start="2026-03-03T21:47:18.408538" elapsed="1.000580"/>
</kw>
<kw name="Wait Until Page Contains" owner="SeleniumLibrary">
<arg>ปัญหาที่คุณได้รายงานไว้</arg>
<arg>timeout=10s</arg>
<doc>Waits until ``text`` appears on the current page.</doc>
<status status="PASS" start="2026-03-03T21:47:19.409118" elapsed="0.014219"/>
</kw>
<status status="PASS" start="2026-03-03T21:47:14.220083" elapsed="5.203254"/>
</kw>
<kw name="Close Browser" owner="SeleniumLibrary">
<doc>Closes the current browser.</doc>
<status status="PASS" start="2026-03-03T21:47:19.423858" elapsed="2.243946"/>
</kw>
<doc>driver ทำการตรวจสอบประวัติรายงานปัญหาที่ได้รายงานไป</doc>
<status status="PASS" start="2026-03-03T21:47:04.857115" elapsed="16.811719"/>
</test>
<status status="FAIL" start="2026-03-03T21:38:28.958645" elapsed="532.711700"/>
</suite>
<statistics>
<total>
<stat pass="24" fail="1" skip="0">All Tests</stat>
</total>
<tag>
</tag>
<suite>
<stat name="test UAT" id="s1" pass="24" fail="1" skip="0">test UAT</stat>
</suite>
</statistics>
<errors>
</errors>
</robot>
