<?xml version="1.0" encoding="UTF-8"?>
<robot generator="Robot 7.4.1 (Python 3.14.2 on win32)" generated="2026-02-17T20:10:05.748405" rpa="false" schemaversion="5">
<suite id="s1" name="Api User Test" source="D:\PaiNamNaeWebApp_Sec1_Group3\sprint1\test\api_user_test.robot">
<test id="s1-t1" name="Register API Test" line="11">
<kw name="Create Session" owner="RequestsLibrary">
<msg time="2026-02-17T20:10:05.852040" level="INFO">Creating Session using : alias=api, url=http://localhost:3000, headers={},                     cookies={}, auth=None, timeout=None, proxies=None, verify=False,                     debug=0 </msg>
<arg>${SESSION}</arg>
<arg>${BASE_URL}</arg>
<doc>Create Session: create a HTTP session to a server</doc>
<status status="PASS" start="2026-02-17T20:10:05.851868" elapsed="0.000324"/>
</kw>
<kw name="Create Account">
<kw name="Generate Random Data">
<kw name="Evaluate" owner="BuiltIn">
<msg time="2026-02-17T20:10:05.853295" level="INFO">${rand} = 617098</msg>
<var>${rand}</var>
<arg>random.randint(100000,999999)</arg>
<arg>modules=random</arg>
<doc>Evaluates the given expression in Python and returns the result.</doc>
<status status="PASS" start="2026-02-17T20:10:05.852960" elapsed="0.000359"/>
</kw>
<kw name="Evaluate" owner="BuiltIn">
<msg time="2026-02-17T20:10:05.853656" level="INFO">${nid} = 9385061060655</msg>
<var>${nid}</var>
<arg>''.join(random.choices('0123456789', k=13))</arg>
<arg>modules=random</arg>
<doc>Evaluates the given expression in Python and returns the result.</doc>
<status status="PASS" start="2026-02-17T20:10:05.853400" elapsed="0.000275"/>
</kw>
<return>
<value>${rand}</value>
<value>${nid}</value>
<status status="PASS" start="2026-02-17T20:10:05.853716" elapsed="0.000036"/>
</return>
<msg time="2026-02-17T20:10:05.853872" level="INFO">${rand} = 617098</msg>
<msg time="2026-02-17T20:10:05.853898" level="INFO">${nid} = 9385061060655</msg>
<var>${rand}</var>
<var>${nid}</var>
<status status="PASS" start="2026-02-17T20:10:05.852816" elapsed="0.001097"/>
</kw>
<kw name="Set Variable" owner="BuiltIn">
<msg time="2026-02-17T20:10:05.854170" level="INFO">${USERNAME} = user617098</msg>
<var>${USERNAME}</var>
<arg>user${rand}</arg>
<doc>Returns the given values which can then be assigned to a variables.</doc>
<status status="PASS" start="2026-02-17T20:10:05.853978" elapsed="0.000208"/>
</kw>
<kw name="Set Variable" owner="BuiltIn">
<msg time="2026-02-17T20:10:05.854408" level="INFO">${EMAIL} = test617098@gmail.com</msg>
<var>${EMAIL}</var>
<arg>test${rand}@gmail.com</arg>
<doc>Returns the given values which can then be assigned to a variables.</doc>
<status status="PASS" start="2026-02-17T20:10:05.854248" elapsed="0.000176"/>
</kw>
<kw name="Set Variable" owner="BuiltIn">
<msg time="2026-02-17T20:10:05.854611" level="INFO">${PASSWORD} = 12345678</msg>
<var>${PASSWORD}</var>
<arg>12345678</arg>
<doc>Returns the given values which can then be assigned to a variables.</doc>
<status status="PASS" start="2026-02-17T20:10:05.854481" elapsed="0.000145"/>
</kw>
<kw name="Get Binary File" owner="OperatingSystem">
<msg time="2026-02-17T20:10:05.854751" level="INFO" html="true">Getting file '&lt;a href="file://D:\PaiNamNaeWebApp_Sec1_Group3\sprint1\test\files\national.jpg"&gt;D:\PaiNamNaeWebApp_Sec1_Group3\sprint1\test\files\national.jpg&lt;/a&gt;'.</msg>
<msg time="2026-02-17T20:10:05.855177" level="INFO">${national_file} = ÿØÿàJFIF``ÿÛC


ÿÛC		ÿÀ$"ÿÄ...</msg>
<var>${national_file}</var>
<arg>D:\\PaiNamNaeWebApp_Sec1_Group3\\sprint1\\test/files/national.jpg</arg>
<doc>Returns the contents of a specified file.</doc>
<status status="PASS" start="2026-02-17T20:10:05.854680" elapsed="0.000537"/>
</kw>
<kw name="Create List" owner="BuiltIn">
<msg time="2026-02-17T20:10:05.856268" level="INFO">${national_list} = ['national.jpg', b'\xff\xd8\xff\xe0\x00\x10JFIF\x00\x01\x01\x01\x00`\x00`\x00\x00\xff\xdb\x00C\x00\x03\x02\x02\x03\x02\x02\x03\x03\x03\x03\x04\x03\x03\x04\x05\x08\x05\x05\x04\x04\x05\n\x07\x07\x06\x08...</msg>
<var>${national_list}</var>
<arg>national.jpg</arg>
<arg>${national_file}</arg>
<arg>image/jpeg</arg>
<doc>Returns a list containing given items.</doc>
<status status="PASS" start="2026-02-17T20:10:05.855288" elapsed="0.001005"/>
</kw>
<kw name="Create Dictionary" owner="BuiltIn">
<msg time="2026-02-17T20:10:05.858472" level="INFO">&amp;{files} = { nationalIdPhotoUrl=['national.jpg', b'\xff\xd8\xff\xe0\x00\x10JFIF\x00\x01\x01\x01\x00`\x00`\x00\x00\xff\xdb\x00C\x00\x03\x02\x02\x03\x02\x02\x03\x03\x03\x03\x04\x03\x03\x04\x05\x08\x05\x05\x04\x04\...</msg>
<var>&amp;{files}</var>
<arg>nationalIdPhotoUrl=${national_list}</arg>
<arg>selfiePhotoUrl=${national_list}</arg>
<doc>Creates and returns a dictionary based on the given ``items``.</doc>
<status status="PASS" start="2026-02-17T20:10:05.856377" elapsed="0.002127"/>
</kw>
<kw name="Create Dictionary" owner="BuiltIn">
<msg time="2026-02-17T20:10:05.858954" level="INFO">&amp;{form} = { username=user617098 | email=test617098@gmail.com | password=12345678 | firstName=test | lastName=user | gender=MALE | phoneNumber=0656587417 | nationalIdNumber=9385061060655 | nationalIdExpiryDate=2...</msg>
<var>&amp;{form}</var>
<arg>username=${USERNAME}</arg>
<arg>email=${EMAIL}</arg>
<arg>password=${PASSWORD}</arg>
<arg>firstName=test</arg>
<arg>lastName=user</arg>
<arg>gender=MALE</arg>
<arg>phoneNumber=0656587417</arg>
<arg>nationalIdNumber=${nid}</arg>
<arg>nationalIdExpiryDate=2026-12-31T00:00:00.000Z</arg>
<doc>Creates and returns a dictionary based on the given ``items``.</doc>
<status status="PASS" start="2026-02-17T20:10:05.858590" elapsed="0.000384"/>
</kw>
<kw name="POST On Session" owner="RequestsLibrary">
<msg time="2026-02-17T20:10:09.043003" level="INFO">POST Request : url=http://localhost:3000/api/users 
 path_url=/api/users 
 headers={'User-Agent': 'python-requests/2.32.5', 'Accept-Encoding': 'gzip, deflate, zstd', 'Accept': '*/*', 'Connection': 'keep-alive', 'Content-Length': '188799', 'Content-Type': 'multipart/form-data; boundary=972259b5e07e760a2df137a7f9c86423'} 
 body=b'--972259b5e07e760a2df137a7f9c86423\r\nContent-Disposition: form-data; name="username"\r\n\r\nuser617098\r\n--972259b5e07e760a2df137a7f9c86423\r\nContent-Disposition: form-data; name="email"\r\n\r\ntest617098@gmail.com\r\n--972259b5e07e760a2df137a7f9c86423\r\nContent-Disposition: form-data; name="password"\r\n\r\n12345678\r\n--972259b5e07e760a2df137a7f9c86423\r\nContent-Disposition: form-data; name="firstName"\r\n\r\ntest\r\n--972259b5e07e760a2df137a7f9c86423\r\nContent-Disposition: form-data; name="lastName"\r\n\r\nuser\r\n--972259b5e07e760a2df137a7f9c86423\r\nContent-Disposition: form-data; name="gender"\r\n\r\nMALE\r\n--972259b5e07e760a2df137a7f9c86423\r\nContent-Disposition: form-data; name="phoneNumber"\r\n\r\n0656587417\r\n--972259b5e07e760a2df137a7f9c86423\r\nContent-Disposition: form-data; name="nationalIdNumber"\r\n\r\n9385061060655\r\n--972259b5e07e760a2df137a7f9c86423\r\nContent-Disposition: form-data; name="nationalIdExpiryDate"\r\n\r\n2026-12-31T00:00:00.000Z\r\n--972259b5e07e760a2df137a7f9c86423\r\nContent-Disposition: form-data; name="nationalIdPhotoUrl"; filename="national.jpg"\r\nContent-Type: image/jpeg\r\n\r\n\xff\xd8\xff\xe0\x00\x10JFIF\x00\x01\x01\x01\x00`\x00`\x00\x00\xff\xdb\x00C\x00\x03\x02\x02\x03\x02\x02\x03\x03\x03\x03\x04\x03\x03\x04\x05\x08\x05\x05\x04\x04\x05\n\x07\x07\x06\x08\x0c\n\x0c\x0c\x0b\n\x0b\x0b\r\x0e\x12\x10\r\x0e\x11\x0e\x0b\x0b\x10\x16\x10\x11\x13\x14\x15\x15\x15\x0c\x0f\x17\x18\x16\x14\x18\x12\x14\x15\x14\xff\xdb\x00C\x01\x03\x04\x04\x05\x04\x05\t\x05\x05\t\x14\r\x0b\r\x14\x14\x14\x14\x14\x14\x14\x14\x14\x14\x14\x14\x14\x14\x14\x14\x14\x14\x14\x14\x14\x14\x14\x14\x14\x14\x14\x14\x14\x14\x14\x14\x14\x14\x14\x14\x14\x14\x14\x14\x14\x14\x14\x14\x14\x14\x14\x14\x14\x14\xff\xc0\x00\x11\x08\x05\x99\x04$\x03\x01"\x00\x02\x11\x01\x03\x11\x01\xff\xc4\x00\x1f\x00\x00\x01\x05\x01\x01\x01\x01\x01\x01\x00\x00\x00\x00\x00\x00\x00\x00\x01\x02\x03\x04\x05\x06\x07\x08\t\n\x0b\xff\xc4\x00\xb5\x10\x00\x02\x01\x03\x03\x02\x04\x03\x05\x05\x04\x04\x00\x00\x01}\x01\x02\x03\x00\x04\x11\x05\x12!1A\x06\x13Qa\x07"q\x142\x81\x91\xa1\x08#B\xb1\xc1\x15R\xd1\xf0$3br\x82\t\n\x16\x17\x18\x19\x1a%&amp;\'()*456789:CDEFGHIJSTUVWXYZcdefghijstuvwxyz\x83\x84\x85\x86\x87\x88\x89\x8a\x92\x93\x94\x95\x96\x97\x98\x99\x9a\xa2\xa3\xa4\xa5\xa6\xa7\xa8\xa9\xaa\xb2\xb3\xb4\xb5\xb6\xb7\xb8\xb9\xba\xc2\xc3\xc4\xc5\xc6\xc7\xc8\xc9\xca\xd2\xd3\xd4\xd5\xd6\xd7\xd8\xd9\xda\xe1\xe2\xe3\xe4\xe5\xe6\xe7\xe8\xe9\xea\xf1\xf2\xf3\xf4\xf5\xf6\xf7\xf8\xf9\xfa\xff\xc4\x00\x1f\x01\x00\x03\x01\x01\x01\x01\x01\x01\x01\x01\x01\x00\x00\x00\x00\x00\x00\x01\x02\x03\x04\x05\x06\x07\x08\t\n\x0b\xff\xc4\x00\xb5\x11\x00\x02\x01\x02\x04\x04\x03\x04\x07\x05\x04\x04\x00\x01\x02w\x00\x01\x02\x03\x11\x04\x05!1\x06\x12AQ\x07aq\x13"2\x81\x08\x14B\x91\xa1\xb1\xc1\t#3R\xf0\x15br\xd1\n\x16$4\xe1%\xf1\x17\x18\x19\x1a&amp;\'()*56789:CDEFGHIJSTUVWXYZcdefghijstuvwxyz\x82\x83\x84\x85\x86\x87\x88\x89\x8a\x92\x93\x94\x95\x96\x97\x98\x99\x9a\xa2\xa3\xa4\xa5\xa6\xa7\xa8\xa9\xaa\xb2\xb3\xb4\xb5\xb6\xb7\xb8\xb9\xba\xc2\xc3\xc4\xc5\xc6\xc7\xc8\xc9\xca\xd2\xd3\xd4\xd5\xd6\xd7\xd8\xd9\xda\xe2\xe3\xe4\xe5\xe6\xe7\xe8\xe9\xea\xf2\xf3\xf4\xf5\xf6\xf7\xf8\xf9\xfa\xff\xda\x00\x0c\x03\x01\x00\x02\x11\x03\x11\x00?\x00\xfd@\xa2\x8a+\xa0\x02\x8a(\xa0\x02\x8a(\xa0\x02\x8a(\xa0\x02\x8a(\xa0\x02\x8a(\xa0\x02\x8a(\xa0\x02\x8a(\xa0\x02\x8a(\xa0\x02\x8a(\xa0\x02\x8a(\xa0\x02\x8a(\xa0\x02\x8a(\xa0\x02\x8a(\xa0\x02\x8a(\xa0\x02\x8a(\xa0\x02\x8a(\xa0\x02\x8a(\xa0\x02\x8a(\xa0\x02\x8a(\xa0\x02\x8a(\xa0\x02\x8a(\xa0\x02\x8a(\xa0\x02\x8a(\xa0\x02\x8a(\xa0\x02\x8a(\xa0\x02\x8a(\xa0\x02\x8a(\xa0\x02\x8a(\xa0\x02\x8a(\xa0\x02\x8a(\xa0\x02\x8a(\xa0\x02\x8a(\xa0\x02\x8a(\xa0\x02\x8a(\xa0\x02\x8a(\xa0\x02\x8a(\xa0\x02\x8a(\xa0\x02\x8a(\xa0\x02\x8a(\xa0\x02\x8a(\xa0\x02\x8a(\xa0\x02\x8a(\xa0\x02\x8a(\xa0\x02\x8a(\xa0\x02\x8a(\xa0\x02\x8a(\xa0\x02\x8a(\xa0\x02\x8a(\xa0\x02\x8a(\xa0\x02\x8a(\xa0\x02\x8a(\xa0\x02\x8a(\xa0\x02\x8a(\xa0\x02\x8a(\xa0\x02\x8a(\xa0\x02\x8a(\xa0\x02\x8a(\xa0\x02\x8a(\xa0\x02\x8a(\xa0\x02\x8a(\xa0\x02\x8a(\xa0\x02\x8a(\xa0\x02\x8a(\xa0\x02\x8a(\xa0\x02\x8a(\xa0\x02\x8a(\xa0\x02\x8a(\xa0\x02\x8a(\xa0\x02\x8a(\xa0\x02\x8a(\xa0\x02\x8a(\xa0\x02\x8a(\xa0\x02\x8a(\xa0\x02\x8a(\xa0\x02\x8a(\xa0\x02\x8a(\xa0\x02\x8a(\xa0\x02\x8a(\xa0\x02\x8a(\xa0\x02\x8a(\xa0\x02\x8a(\xa0\x02\x8a(\xa0\x02\x8a(\xa0\x02\x8a(\xa0\x02\x8a(\xa0\x02\x8a(\xa0\x02\x8a(\xa0\x02\x8a(\xa0\x02\x8a(\xa0\x02\x8a(\xa0\x02\x8a(\xa0\x02\x8a(\xa0\x02\x8a(\xa0\x02\x8a(\xa0\x02\x8a(\xa0\x02\x8a(\xa0\x02\x8a(\xa0\x02\x8a(\xa0\x02\x8a(\xa0\x02\x8a(\xa0\x02\x8a(\xa0\x02\x8a(\xa0\x02\x8a(\xa0\x02\x8a(\xa0\x02\x8a(\xa0\x02\x8a(\xa0\x02\x8a(\xa0\x02\x8a(\xa0\x02\x8a(\xa0\x02\x8a(\xa0\x02\x8a(\xa0\x02\x8a(\xa0\x02\x8a(\xa0\x02\x8a(\xa0\x02\x8a(\xa0\x02\x8a(\xa0\x02\x8a(\xa0\x02\x8a(\xa0\x02\x8a(\xa0\x02\x8a(\xa0\x02\x8a(\xa0\x02\x8a(\xa0\x02\x8a(\xa0\x02\x8a(\xa0\x02\x8a(\xa0\x02\x8a(\xa0\x02\x8a(\xa0\x02\x8a(\xa0\x02\x8a(\xa0\x02\x8a(\xa0\x02\x8a(\xa0\x02\x8a(\xa0\x02\x8a(\xa0\x02\x8a(\xa0\x02\x8a(\xa0\x02\x8a(\xa0\x02\x8a(\xa0\x02\x8a(\xa0\x02\x8a(\xa0\x02\x8a(\xa0\x02\x8a(\xa0\x02\x8a(\xa0\x02\x8a(\xa0\x02\x8a(\xa0\x02\x8a(\xa0\x02\x8a(\xa0\x02\x8a(\xa0\x02\x8a(\xa0\x02\x8a(\xa0\x02\x8a(\xa0\x02\x8a(\xa0\x02\x8a(\xa0\x02\x8a(\xa0\x02\x8a(\xa0\x02\x8a(\xa0\x02\x8a(\xa0\x02\x8a(\xa0\x02\x8a(\xa0\x02\x8a(\xa0\x02\x8a(\xa0\x02\x8a(\xa0\x02\x8a(\xa0\x02\x8a(\xa0\x02\x8a(\xa0\x02\x8a(\xa0\x02\x8a(\xa0\x02\x8a(\xa0\x02\x8a(\xa0\x02\x8a(\xa0\x02\x8a(\xa0\x02\x8a(\xa0\x02\x8a(\xa0\x02\x8a(\xa0\x02\x8a(\xa0\x02\x8a(\xa0\x02\x8a(\xa0\x02\x8a(\xa0\x02\x8a(\xa0\x02\x8a(\xa0\x02\x8a(\xa0\x02\x8a(\xa0\x02\x8a(\xa0\x02\x8a(\xa0\x02\x8a(\xa0\x02\x8a(\xa0\x02\x8a(\xa0\x02\x8a(\xa0\x02\x8a(\xa0\x02\x8a(\xa0\x02\x8a(\xa0\x02\x8a(\xa0\x02\x8a(\xa0\x02\x8a(\xa0\x02\x8a(\xa0\x02\x8a(\xa0\x02\x8a(\xa0\x02\x8a(\xa0\x02\x8a(\xa0\x02\x8a(\xa0\x02\x8a(\xa0\x02\x8a(\xa0\x02\x8a(\xa0\x02\x8a(\xa0\x02\x8a(\xa0\x02\x8a(\xa0\x02\x8a(\xa0\x02\x8a(\xa0\x02\x8a(\xa0\x02\x8a(\xa0\x02\x8a(\xa0\x02\x8a(\xa0\x02\x8a(\xa0\x02\x8a(\xa0\x02\x8a(\xa0\x02\x8a(\xa0\x02\x8a(\xa0\x02\x8a(\xa0\x02\x8a(\xa0\x02\x8a(\xa0\x02\x8a(\xa0\x02\x8a(\xa0\x02\x8a(\xa0\x02\x8a(\xa0\x02\x8a(\xa0\x02\x8a(\xa0\x02\x8a(\xa0\x02\x8a(\xa0\x02\x8a(\xa0\x02\x8a(\xa0\x02\x8a(\xa0\x02\x8a(\xa0\x02\x8a(\xa0\x02\x8a(\xa0\x02\x8a(\xa0\x02\x8a(\xa0\x02\x8a(\xa0\x02\x8a(\xa0\x02\x8a(\xa0\x02\x8a(\xa0\x02\x8a(\xa0\x02\x8a(\xa0\x02\x8a(\xa0\x02\x8a(\xa0\x02\x8a(\xa0\x02\x8a(\xa0\x02\x8a(\xa0\x02\x8a(\xa0\x02\x8a(\xa0\x02\x8a(\xa0\x02\x8a(\xa0\x02\x8a(\xa0\x02\x8a(\xa0\x02\x8a(\xa0\x02\x8a(\xa0\x02\x8a(\xa0\x02\x8a(\xa0\x02\x8a(\xa0\x02\x8a(\xa0\x02\x8a(\xa0\x02\x8a(\xa0\x02\x8a(\xa0\x02\x8a(\xa0\x02\x8a(\xa0\x02\x8a(\xa0\x02\x8a(\xa0\x02\x8a(\xa0\x02\x8a(\xa0\x02\x8a(\xa0\x02\x8a(\xa0\x02\x8a(\xa0\x02\x8a(\xa0\x02\x8a(\xa0\x02\x8a(\xa0\x02\x8a(\xa0\x02\x8a(\xa0\x02\x8a(\xa0\x02\x8a(\xa0\x02\x8a(\xa0\x02\x8a(\xa0\x02\x8a(\xa0\x02\x8a(\xa0\x02\x8a(\xa0\x02\x8a(\xa0\x02\x8a(\xa0\x02\x8a(\xa0\x02\x8a(\xa0\x02\x8a(\xa0\x02\x8a(\xa0\x02\x8a(\xa0\x02\x8a(\xa0\x02\x8a(\xa0\x02\x8a(\xa0\x02\x8a(\xa0\x02\x8a(\xa0\x02\x8a(\xa0\x02\x8a(\xa0\x02\x8a(\xa0\x02\x8a(\xa0\x02\x8a(\xa0\x02\x8a(\xa0\x02\x8a(\xa0\x02\x8a(\xa0\x02\x8a(\xa0\x02\x8a(\xa0\x02\x8a(\xa0\x02\x8a(\xa0\x02\x8a(\xa0\x02\x8a(\xa0\x02\x8a(\xa0\x02\x8a(\xa0\x02\x8a(\xa0\x02\x8a(\xa0\x02\x8a(\xa0\x02\x8a(\xa0\x02\x8a(\xa0\x02\x8a(\xa0\x02\x8a(\xa0\x02\x8a(\xa0\x02\x8a(\xa0\x02\x8a(\xa0\x02\x8a(\xa0\x02\x8a(\xa0\x02\x8a(\xa0\x02\x8a(\xa0\x02\x8a(\xa0\x02\x8a(\xa0\x02\x8a(\xa0\x02\x8a(\xa0\x02\x8a(\xa0\x02\x8a(\xa0\x02\x8a(\xa0\x02\x8a(\xa0\x02\x8a(\xa0\x02\x8a(\xa0\x02\x8a(\xa0\x02\x8a(\xa0\x02\x8a(\xa0\x02\x8a(\xa0\x02\x8a(\xa0\x02\x8a(\xa0\x02\x8a(\xa0\x02\x8a(\xa0\x02\x8a(\xa0\x02\x8a(\xa0\x02\x8a(\xa0\x02\x8a(\xa0\x02\x8a(\xa0\x02\x8a(\xa0\x02\x8a(\xa0\x02\x8a(\xa0\x02\x8a(\xa0\x02\x8a(\xa0\x02\x8a(\xa0\x02\x8a(\xa0\x02\x8a(\xa0\x02\x8a(\xa0\x02\x8a(\xa0\x02\x8a(\xa0\x02\x8a(\xa0\x02\x8a(\xa0\x02\x8a(\xa0\x02\x8a(\xa0\x02\x8a(\xa0\x02\x8a)\x86L\x12(\x01\xf4TQ\xf2\xc4\xf9\xd8\xf6\xf4\xa9P\xf9\xacW9\xc7\x19\xa0\x02\x8a\x85\xe7\xd8\xec\xb8\xe8qN\x12\xe4\x03@\x12QPKs\x81\x8alWP\xe7\x99\xb0{\x8fJ\x00\xb3EG\xe6\x83\xc89\x1d\x8f\xad"7\x9c\xc4P\x04\xb4R\xb8\xda\x00\xf4\xe2\x9a\x07\x03\xf7\xd8\xf6\xf4\xa0\x05\xa2\x8f\xc7&gt;\xfe\xb4P\x01E\x14P\x01E\x14P\x01E\x14P\x01E\x14P\x01E\x14P\x01E\x14P\x01E\x14P\x01E\x14P\x01E\x14P\x01E\x14P\x01E\x14P\x01E\x14P\x01E\x14P\x01E\x14P\x01E\x14P\x01E\x14P\x01E\x14P\x01E\x14P\x01E\x14P\x01E\x14P\x01E\x14P\x01E\x14P\x01E\x14P\x01E\x14P\x01E\x14P\x01E\x14P\x01E\x14P\x01E\x14P\x01E\x14P\x01E\x14P\x01E\x14P\x01E\x14P\x01E\x14P\x01E\x14P\x01E\x14P\x01E\x14P\x01E\x14P\x01E\x14P\x01E\x14P\x01E\x14P\x01E\x14P\x01E\x14P\x01E\x14P\x01E\x14P\x01E\x14P\x01E\x14P\x01E\x14P\x01E\x14P\x01E\x14P\x01E\x14P\x01E\x14P\x01E\x14P\x01E\x14P\x01E\x14P\x01E\x14P\x01E\x14P\x01E\x14P\x01E\x14P\x01E\x14P\x03%\x7f$n\xaa\xc7R\xc154\xd1\xe7&amp;\x99\x14\\\xff\x00\xa9\xcf\xbf\xad\x003\xfbb\x11\xc1\x87\'\xb9\xf5\xa3\xfbCw.1\x19\xe4\x0fAU\xef\xf58l\x01\xc9\xf3\x08\xea\x9e\x9e\xd5\x81\xabjw\xfa\xcc";ko%q\xc3z\x8a\x96\x06\xf5\xee\xb5ef\x9b\x8fZ\xe6u_\x8a\xd6\x9ar\x95\xb0\xb5\xfbl\xcb\xc3\'\xa1\xefQ\xdbx:i\xd1f\xbe\x7f\xb5\xe0\x0c\xc7\xe9\xedW\x96M/CP|\xa8,p&gt;\xf1\xebB\x03\x9c\xff\x00\x85\x85\xe3\rc\x9b]\x07\xc9F\xe5O\xb7j\x86\xe5\xfe$H\xbb\xd5\xecm\x95\xb9\x01\xfa\x8fc\xefZ\xba\xaf\xc4KE\xb7\x91m\x1cH\xe0\x91\xb9z7\xbds\t\xe2\x91v\xc5\xb5\x1dk\xec\xf17"\x0foJ\x1c\xac\x05\x1db\xdb\xc7,\x99\xb8\xd6\xed\x94\x9e\xa1z\n\xc2\x93]\xf1v\x86\xa1\x86\xa1`\xf8\xfe#\xd4\xfb\xd7f5\xaf\x0cJ\x02\x9b\x8d\xc4q\x9f;\x19\xfc)\xf1M\xe1v9\xces\xces\x9c\xfe5&gt;\xd0\x0f&gt;\xb9\xfd\xa1\xfcM\xe1\xb5\rp\x8bs\x02\xf0\xc5:\x1f\xa7\xb5t~\x0c\xfd\xaf\xf4\x1dfAo\xaa\xc3\xf6\x1b\x85\xf9Q\xbdk\xa4\x92o\x06^(\xb7\x9e\xcf~x\xdd\xeb\xef\\\xdf\x88\xbe\t\xf8\x17\xc5q\x95\xb7\x8b\xecW\r\xca\xbf\xad\x1c\xdc\xc0zn\x8f\xf1[I\xd7\x1f\tq\xb9\x0fB;\x8a\xe9!\xd5\xec.1\xe4\xcf\xcd|w\xe2o\xd9\xeb\xc5^\x0f\x0f\x7f\xe1\x9dc\xedv\xb1\x93\xba?\xee\x8fJ\x83\xc1\xbf\x1eu/\n\xdc\xfd\x8b\xc4\x1aw\x95$G\xcb\xfbO\xd3\x8c\xfe\x95H\x0f\xb4|\xd0y\x07#\xd7\xd6\x9f\x14\xdei\xdb\xe9\xc5p&gt;\x05\xf8\x8fo\xe2\x8d)\'\xb5\x97\xed\xd1\xb2+2\xfdEv\x1af\xad\x04\xd1\xb8\xd9\xe5\xff\x00\xb1\xfd\xdfj\xa04\xf1\x8e(\xa8\x95\x03\xa8a\xd0\x8c\x8ai\xb8\xdaJ\xe3\xa7\x14\x01=\x15\x14gq\xcf\xadK@\x05\x14Q@\x05\x14Q@\x05\x14Q@\x05\x14Q@\x05\x14Q@\x05\x14Q@\x05\x14Q@\x05\x14Q@\x05\x14Q@\x05\x14Q@\x05\x14Q@\x05\x14Q@\x05\x14Q@\x05\x14Q@\x05\x14Q@\x05\x14Q@\x05\x14Q@\x05\x14Q@\x05\x14Q@\x05\x14Q@\x05\x14Q@\x05\x14Q@\x05\x14Q@\x05\x14Q@\x05\x14Q@\x05\x14Q@\x05\x14Q@\x05\x14Q@\x05\x14Q@\x05\x14Q@\x05\x14Q@\x05\x14Q@\x05\x14Q@\x05\x14Q@\x05\x14Q@\x05\x14Q@\x05\x14Q@\x05\x14Q@\x05\x14Q@\x05\x14Q@\x05\x14Q@\x05\x14Q@\x05\x14Q@\x05\x14Q@\x05\x14Q@\x05\x14Q@\x05\x14Q@\x05\x14Q@\x05\x14Q@\x05\x14Q@\x05\x14Q@\x05\x14Q@\x05\x14Q@\x05\x14Q@\x05\x14Q@\x050\xc9\x82E&gt;\x99-\xcc*0z\x8e\xb4^\xc0&lt;\x1c\x80i\xa7\xadV\x92\xe2\x0b\xa1\xb3\xd3\x8a\xcb\xd5\xbcJ\x9a&lt;B\x14\xff\x00]\x8c-\x17\xb8\x17\xf5=~\x1d\t\x06\xee\xad\xcdcAu\xa9x\x92F\x16\xff\x00\xe8\xf6\xecs\xe7\xff\x00x\x7fv\xb1m\xed_S\xbe\xfbv\xa1\xf7\xb3\xb9&gt;\x94x\xb7\xe2\xa5\xaf\x824\xf7\x92\xealF\x07\x03\xd0R\x03\xac\xb5\xf0\xc4Za\xfbC}\xf1\xc9\xfa\xd6O\x89&gt;#\xe9\x1e\x1c\xb6\x95\xae&amp;\xc1\x04\xe4zW\xc8\xdf\x16?n\xc8-\x99\xad4\xc3\x97RS&gt;\xb8\xe2\xbcG\xc4\x7f\xb4\x0f\x89\xfcWn\x1dl\xf7\xac\x83xoPy\xcd&amp;\x07\xd6\xfe8\xfd\xa9\xd2\xd67\x83E\xb4\xf3\x1f$\x07\xfe\xf7\xbdy=\xf7\x8f\xfcy\xe3k\x91\x8b\x88,-\xa4;\xb2z\x80k\xe5\x1f\x11\xfcd\xd74\x84m\xcb\xb5\x87\x05}\x0f\xa5p\x9a\xbf\xed\r\xad\xdd\xc7\xb3\xed\x93\xae8\xda\xbd\x07\xb5 &gt;\xcc\xd5\x1bX\xd2\x9d\xcd\xc7\x8dm\xe3!\x8eS\xfb\xbe\xd5\xc9x\x93\xc6\xaa\x90\x05\x8f\\\x1a\x85\xd8\x18\xe3\xa15\xf1\x8d\xcf\xc5}T;JX\xb9rX\xb1\xeasS\xc7\xf1\xc6\xfa8\xd5OU\x00\x1a\x99\x01\xf5\x04&gt;*\xd6\xdf\r\xf6\xcd\xb9\xe7o\xa7\xb5E\xff\x00\x0b\x13\xc6Z|\xad\xe5_~\xec\x12\x17\xe9\xda\xbel\xb6\xf8\xcf\xa9\xce\xdc^m\x07\xa2\xfa{U\xb9&gt;-\xdfJ\xa1M\xc6H\xeaj\x00\xfawH\xfd\xa0&lt;Q\xa4I\xe7\\\xb6\xe8S\x87o_z\xee\xb4\x1f\xda\xc6\xd7Rp\x97\x0b\xe5v-\xeb_\x1c\xe9_\x10\xef_kg9\x19\xcf\xadY\xbb\xd7.\xb5"M\xd7\xfa\xb69\x1fJL\x0f\xd1\x0f\r\xfck\x8bQ\xb6\x06\xca\xfb\x05\x94\x1a\xd4\x97]\xd1\xfcG\x03\xae\xa5\x1f\x98\xe7\x97\x7f\xef\x1e\xe6\xbf8t\xbf\x16\xdcxb\xe29lo6\x1c\x02\x17\xd3\xda\xbd?\xc3\xdf\xb4\x93\xc3\x07\x97r\xdb\xaeTm\xdd\xeaGz\xd1\x01\xf4\xf5\xc4:\xe7\xc3\x9b\xe6\xd7\xfc\x19\xa8\xff\x00\xc4\xb5X\xc95\x8f\xf7\xb9\xce+\xd5\xbe\x1b\xfe\xd2zg\x8c\xed\x98_\xff\x00\xc4\xbbPQ\x89=\x9f\xbf\xeb\x9a\xf9\x83\xc1\x9f\x1c\xef\xb5U\x88Io\xe5\xa5\xc2\x88\xc3\xfa\x8cu\xae\x97\xc5\xbf\xb3\xd6\xa1\xa9X\xa7\x89\xf4\xbb\xdd\xa7h\x9aA\xe8H\xc9\xfeu\\\xdc\xa0}\x85\xa7\xfcT\xb1\\\x01\xa8\xfd\xa3\x1cb\xb5\xac\xfe"\xe8\xd7\x12\x1d\xd7\xbbX\x9eG\xa1\xaf\x8c~\x14\xe8\xd7:\x94\xcc\xf7\x17\xdf\xe90\x1d\xbf\x88\xafp\xb1\xd3F\xa2\x89k{?\x960\x06\xff\x00_z^\xd0\x0f|\xb0\xf1.\x9f\xa9\xb0H.3\xef\xebZ\x9fC\x91\xeb\xeb_;^\xfc?\xd4\xb48\xfc\xfd6\xff\x00(\xdf2};R\xe8\x9f\x11\xb5O\x0c^$7\xed\xbb\x1f)o\\w\xaaR\xb8\x1fDQ\xe5\xe7\x9a\xe2\xb4\xaf\x8aZ&gt;\xa1h&lt;\xcb\xbf\xb3\xb9P[\xeb\xde\xba\r\'V\x8a\xea\x03=\xb3\xf9\xab\x8c\x87\xfe\xf0\xf5\xaa\x03JW\xf2\x06i\xa2m\xc0\x1f^j\x0f\xb7\x1b\x8e\xbdOZ|t\x01d\x1c\x80h\xa0t\xa2\x80\n(\xa2\x80\n(\xa2\x80\n(\xa2\x80\n(\xa2\x80\n(\xa2\x80\n(\xa2\x80\n(\xa2\x80\n(\xa2\x80\n(\xa2\x80\n(\xa2\x80\n(\xa2\x80\n(\xa2\x80\n(\xa2\x80\n(\xa2\x80\n(\xa2\x80\n(\xa2\x80\n(\xa2\x80\n(\xa2\x80\n(\xa2\x80\n(\xa2\x80\n(\xa2\x80\n(\xa2\x80\n(\xa2\x80\n(\xa2\x80\n(\xa2\x80\n(\xa2\x80\n(\xa2\x80\n(\xa2\x80\n(\xa2\x80\n(\xa2\x80\n(\xa2\x80\n(\xa2\x80\n(\xa2\x80\n(\xa2\x80\n(\xa2\x80\n(\xa2\x80\n(\xa2\x80\n(\xa2\x80\n(\xa2\x80\n(\xa2\x80\n(\xa2\x80\n(\xa2\x80\n(\xa2\x80\n(\xa2\x80\n(\xa2\x80\n(\xa2\x80\n(\xa2\x80\n(\xa2\x80\n(\xa2\x80\n(\xa3\xcb\xcf4\x00R\'SK\x8cqE\x006g\xf2r\xd4\xc8\xdby\xdd\xeb\xcd$\xc3\xca\xf9\xbdy\xacmSX\xfb"\x94\xfe\xf5\x00l\xdc\xc9\x85\xc5A\x16\x9enNe\xfb\x87\x91\xf4\xaf&gt;\xd6~+i~\x0fR\xfa\x96\xa5\x04q\x8f\xe03`\xaf\xb6+\xcf\xbc]\xfbqx#@\xb1\x90\xc5\xa8\t\x9dx!NG\xe7S\'b\xa2{g\x8a$\xb6\xd1\xed\x82\xb7\xdfa\xf2W\x1f\x1e\xa1m\xa7\xc4\xfa\x85\xe4\xd8U;\xb1\xe9_$\xf8\xe7\xf6\xf5\xd3&lt;Qn\xcbk6\x16\x0eT{\n\xf9\xaf\xe2\x97\xed\xbd\xab\xeb\xab-\x9cS\xfe\xebiT\xfav\xac9\xb5,\xfbo\xe3\x9f\xed\x99\xa4\xf8&amp;\xc6\xe2\x1d0\xe6\xedT\xa8&gt;\xe3\x8a\xf8+\xc7\xff\x00\xb4\xaf\x89~\'\\\xc8\xd7\xd7\x9b`,J/\xa2\xe7\x81^)\xaa\xfcH\xd4&lt;L\x1b\xcf9\xdd\xce~\xb5\x87q\xab\xcc\x88\x17\xb0\xe2\x9f0\x1e\xb1m\xe3{M\t\xbc\xe7m\xceyf\xf5=\xcdex\x8f\xf6\x90\xbf\x923\x05\xac\xd8H\xfeE\x1e\xc3\x81^M\xa9j\xa4\xc6\t\xeb\x8ek*\x05\xf3\x1c\xbf\xf7\x8eh\xbd\xc0\xea5\xaf\x88\x97\xfa\xd8fy\xfew;\x8f\xd4\xd6\x1cz\xac\xe4\xe4\x9c\x9e\xe7\xd6\xb3\xee$\xda\xcc=\r$G84\x13#N]FyF*\x18\xe5;\x8ez\xf7\xa7\xa5\xbe\xe4S\x8e\xa2\x9c\xf0y*\x1b\xd6\x82\x01\x0eX\x9fz\xb5\x0c\x98\xc0\xaa&gt;l=\xfa\xf7\xa6Ir\x00\xc0\xe9\xda\x80:KMvk\x0cc\xa0\xe9[\xb6\x7f\x11\'Kr\xbe\x9cW\x9c\xfd\xab\xda\x9f\x15\xd74\x01\xe8v\xfe\'\x9eg2\x7f\x7f\xe6\xfc\xebB\xdb\xc4gw={\xd7\x9d\xc3\xa9\xed\x00zqW!\xd5*\xa2\x07\xbbx3\xe2m\xe6\x9a\x9bVl*\xf0\x07\xb5}\x03\xf0_\xf6\xab\xb8\xd1\xef\xc6\x9buq\xe6\xd8\xb9\xdb"\xfaW\xc6\xba\x16\xb5e"\xa2\xcb\xfe\xb8(\x02\xb6\x1bX\x9fN\xb9Y\x1f\xfdY\xe5~\x9d\xaa\xc0\xfd\x10\xd5u\xad/Z\x96Mw\xc3g\xcb\xbd\x0cd\x9a?\xef!9\xafB\xf0-\xf1\xf1\xff\x00\x87]\xf4\xcb\xcf\xb3\xdc\xc6\x80&lt;&gt;\xad\x8eG\xe7_\x08\xfc\x1e\xf8\xa6m\xef\x12\x19\x1bj\x1c\x01\'\xa8\xfe\xed{\xd6\x89\xadj\xfe\x1d\xd7\xa1\xf1G\x86\xfet\'u\xcc\x7f\xdd\xcf$TK\xa0\x1fIx\x03\xc6\xba\xe7\x83\xae\xe7\xb2\xbf\x8b\xcf\xb7\x0eQ\x87\xd0\xe2\xba\xfdb\xf3\xc3\xbe\'BJ\xec\xb9\x7f\x9bo\xa1=\xab\x07\xc0\x9e.\xd1\xfe.h\xed{\x10\xdb\xa8B\xa3\xcf\x1e\x92c\xe6\xfdsX\xda\xc2\xc3\xf6\xd6\x8e\xe5&gt;\xca\xe8\xc5R_\xef\x00z\xd6\xcb`0\xfcS\xa1,Z\xb4H\xbfuN\x07\xd2\xbb\xef\x0e\xf8\xa2\xe3\xc2\xbaT)\xff\x00.\xf8\x00\xfeU\xe7w\x92\t&amp;\x92@\xfe`\x81\x8a\xef\xfe\xf6\x0e3P\xd9\xfc\\\x8e\xd1d\x82\xeb\xfd\\D\xa0\xfa\x0e(\x03\xe8\x8f\x0ex\xf2\xcbZp\x9eo\x93\xef]\x82\xdeAj\xa1\xdd\xb7\xc6FCz\x8fZ\xf9F\xe3\xe3v\x87\x16\x94\xf1\xc7\xf7\xd4o?Z\xe7|#\xfbR\x0b\xcdJ[&amp;\xff\x00R\xaeQ~\x80\xe0P\x07\xdaO\xac\xdb\xa2\x87_\xbay\x15\x95\x7f\xe3(,\x81o\'&gt;\xfe\xb5\xe5m\xf1:\xc3M\xf0\xe5\xb6\xa6.~\xd3=\xc1\n"\xfe\xee{WE\xe1\xdf\x1e[\xdd\x04mF\xc7\xf7l\x01\x1fJ\x00\xeft\x8ddk\xb6\xe6@01\x90=*\xe4w[\xce\xcf\xee\xf1\\\xe0\xd6m!\xfd\xf5\x90\xdb\x03\xfc\xc5}3Z\x1aD\xe2e{\x91\xd0\x9d\xc2\x806\xe3\xebN=Mr\x97\x1e\'\x0b|\xc2/\xbc\x18\x83\xf9\xd6\xf5\x85\xc9\x9a\xcf\xccn\xae\xdb\x8f\xe3@\x17(\xa39\xe6\x8a\x00(\xa2\x8a\x00(\xa2\x8a\x00(\xa2\x8a\x00(\xa2\x8a\x00(\xa2\x8a\x00(\xa2\x8a\x00(\xa2\x8a\x00(\xa2\x8a\x00(\xa2\x8a\x00(\xa2\x8a\x00(\xa2\x8a\x00(\xa2\x8a\x00(\xa2\x8a\x00(\xa2\x8a\x00(\xa2\x8a\x00(\xa2\x8a\x00(\xa2\x8a\x00(\xa2\x8a\x00(\xa2\x8a\x00(\xa2\x8a\x00(\xa2\x8a\x00(\xa2\x8a\x00(\xa2\x8a\x00(\xa2\x8a\x00(\xa2\x8a\x00(\xa2\x8a\x00(\xa2\x8a\x00(\xa2\x8a\x00(\xa2\x8a\x00(\xa2\x8a\x00(\xa2\x8a\x00(\xa2\x8a\x00(\xa2\x8a\x00(\xa2\x8a\x00(\xa2\x8a\x00(\xa2\x8a\x00(\xa2\x8a\x00(\xa2\x8a\x00(\xa2\x8a\x00(\xa2\x8a\x00(\xa2\x8a\x00(\xa2\x8a\x00(\xa2\x8a\x00(\xa2\x8a\x00(\xa2\x8a\x00(\xa6\x9e\xb5\x14\xb3Eh7\xcd\xd0\xf3@\x13\xd471e\x7f\xd7c=\xab\xcc\xfe#~\xd1~\x1d\xf8y\x13\xc7p\xdfj\xbb\x04\x84\x88v\xf6\xaf\x9f\xbc]\xfbR\xf8\xc7\xc6\xa8\xf1xkM\xfb\x1d\xaeN\xe9=}\xeaX\x1fYk\x1e-\xd3\xfc/f\xf7\x17\xda\x8d\xbc\n\x9f\xde\x9b\x07\xf1\x15\xe3\x1e:\xfd\xb9|\x11\xe0\x7f1&lt;\xe4\xbf\xb8\x0b\x80-\xceI5\xf3\x9e\xa5\xe1\x9dC\xc51\x8dO\xc6\x1a\xec\xee\xaf\xf7mW\xa0\xcfj\xe7c\xf8G\x1e\xb1{\xe5\xe9\x1aq\xb1\xd3A\xc4\x97\x07\xab\x8f\xef~=j$&amp;v~7\xff\x00\x82\x90\xeb\x1a\xbd\xb1\xb6\xf0\xde\x82\xd6\xc5\xb8Y\\\xf2\xc3\xb1\xaf\x0b\xf1?\xc6\xaf\x8c_\x13g1\xa6\xa5&lt;J\xe4\x90\x8b\xd1A\xed\xf8W\xae\x8f\x86\x1e\x1a\xf0\xbc\xd1\xa8\x97\xed\xd7\xe4\r\xab\xefY?\x12u\x8b\x9f\x0bxy\xde\xe4\xae\x9f\x10_\x94\xc3\xf7\xb1\xefY\xb3DxG\x89\xbe\x14x\xa2KU\xbd\xd7\xfc`fg\x1b\xde\xdc\xf5\x8c\x9eJ\xfe\x07\x8a\xf2}v\x0b-\x19\x9c\x1dG\xed\x05I\x18\xfaU\xff\x00\x17\xfcV\xba\xd4n\xee\x129\x0c\xb1\x8c\x85v\xea\xc3&lt;\x13\xf5\xaf5\x9e\xf1\xf5Vig\xecsRQ&gt;\xa9\xad+)+\xca\x9e\x9fJ\xc1\x88\xfd\xbeV\xf75j[`y^\x9d\xaaX&amp;\xfb8\x1e\xc2\x81\xa2\xb4\xa3\xec#\xe9\xc5fO&gt;\xf6f\xfe\xf1\xcdZ\xbb\xb8\xf3\xe5\x93\xfd\xe3Un"\xf9\x07\xd2\x82\x8a\xd2\x1c\xf3M\x8a&lt;\x9c\xd5\xebM7~\x1b\xd4f\xad\xfd\x9f\xc8\xa0\n6\xd6;\x9b&gt;\xb5i&amp;\x86\xd9\x88=G\x06\x96[\xed\xa3\x1e\x9cU\x1b\x96\xdf\x96\xf5\xe6\x93\x02\xc5\xd4\xe1\xc1a\xd0\xf2+6Yi\x1e\xe7j\x81\xe81PI.F}k\xa5ls\xf5\x1f\x9c\xf3P\xcd\x1eri\xbfi\xc7\x18\xa3\xed^\xd52\x00h\xbeA\xf4\xa6c\x1cT\x8f.T\x1ah\x8fp\x07\xd6\xa0\x07\xdb\xdc\xedlzqWc\xba\xe6\xb3\x0c|\x9a\x91\x86\x14\x0fj\x00\xda\xb6\xd4\xb6\xb6?\n\xdb\xb7\xd7\xcd\xc2,R\xfd\xd5\x01G\xd2\xb8\xfb[\x9d\xa4\x0fJ\xb5\r\xd7\xef\x1b\xeb@\x1e\xa3\xe1\x0f\x116\x83\xaa\xc3,\x9f\xf1\xe8p\x7f\n\xfb\x1b\xe0\xf7\xc4\xeb\r{MkD\x9b\x0b\xb4\x00=\x06+\xf3\xee\x1dOh\x03\xd3\x8a\xeb|\x19\xe3\xb9t;\x9d\xd0\xcd\x82\x0fOJ\x00\xfb\xc6\xd7\xc6:\xa7\xc2o\x1bC\xabX\x0f3N\xb9\x90\x89c\xf4\xc9\xfb\xd5\xefZ\xa7\x8dt\xcf\x15\xe8\x03T7\xdc\xec\x0e\x7f\x11\x9a\xfc\xe7_\x8ew\xf2A\x1a\xcar\xa1@\x07\xd7\x8a\xb1\x07\xed\x03yoc,+\xf7O\x02\x80&gt;\x8d\xd3\xbe"\xdd\xeb\xfe&gt;\x93K\xfe\xd3\xf24\x7f\xb4:9\xf6\x0cEu?\x19u\xaf\x00xCHH"\xd5\xb7]2\x0e}N+\xf3\xfe\xef\xe2e\xed\xc6\xad4\xbeo\x91\xe6H\xcd\x9f\xa9\xcd[\x87T\x7f\x14H\xd1\xcfq\xbb\'\xaf\xad\x00zG\x8a&gt;2\xc3itm\xec_\xcc\xf9v\x87\xfe\xf7\xbd7\xc2\xdf\x18\x9a\x1bY\x0b\xfd\xff\x00\xe2\xfa\xf7\xaf-\xd6t\xd1\xa7!\nr\xab\xc0&gt;\xb5\xcd\xb6\xa72\xc5 \x1d\x01 P\x07\xd5\x9a_\xc6\x99\x9e\xd2\x1b\x81y\xb0E\x80\x17\xd3\xda\xbaY\x7fo-g\xc3q-\x81\x7f\xb4B\x00D\xfa\x0e\x05|Eg\xe2k\xc4I\x14tR@\xabV\xba\x93Hw\xb7\xdenO\xd6\x80?I\xbe\x0c~\xde\xf6:\xbc\xbf\xd9\xfa\x98\xdb+p\x07\xa5}\x11\xe1\xaf\x8f1x\x9a\x7f\xb2[}\xd2p\xbfN\xd5\xf8\xa5\x06\xb5\xfd\x99\xaeCq\xe8s_Z\xfe\xcf\x1f\x1d!\xd2\xb5k2f\xc1\x05r=)0?O\xf4/\r\x99\x91\xef\x9b\xef?\xef\x0f\xe3\xcdt\xba%\xc4\xe8$W\xff\x00V\t\x03\xe9^C\xe1\x1f\x8d\xe3X\xb7\\\\y\xa1\x94\x10\xbe\x95\xe8\x9a\x07\x8c-d\x88\xbc\xe3\x1b\xb9\xc5h\x80\xef-\xce\xe4S\xea3R\x1e\xa6\xb0\xed\xf5\xbbi\x15Y&gt;\xe3\x00G\xd2\xaf.\xa9\x01P|\xecq\xd3\xd2\xad\x01v\x8a\xabop\'s\x83\x91\xd8\xd4\xf2\x0cU\x00\xfa)\x83\xa0\xa7\x8e\x94\x00QE\x14\x00QE\x14\x00QE\x14\x00QE\x14\x00QE\x14\x00QE\x14\x00QE\x14\x00QE\x14\x00QE\x14\x00QE\x14\x00QE\x14\x00QE\x14\x00QE\x14\x00QE\x14\x00QE\x14\x00QE\x14\x00QE\x14\x00QE\x14\x00QE\x14\x00QE\x14\x00QE\x14\x00QE\x14\x00QE\x14\x00QE\x14\x00QE\x14\x00QE\x14\x00QE\x14\x00QE\x14\x00QE\x14\x00QE\x14\x00QE\x14\x00QE\x14\x00QE\x14\x00QE\x14\x00QE\x14\x00QE\x14\x00QE\x14\x00QE\x14\x00QE\x14\x00QE\x14\x00QE\x14\x00QE\x14\x00U[\xeb\xf8l\xad\x9d\x8c\xd8=\xc7\xa5E\xaf\\\x8b{\x13,_}G5\xe3\x9e#\xf8\x8eY\xa4\xb5?{qS\xf9\xd0TN\xeb]\xf8\x9f\x06\x87`[9\xc0\xeb_=x\xff\x00\xe2/\x89\xbct\xf3\xd9\xe9\xa3\xca\x8d\x9d\x827\xaa\xe7\x83\xf9W[\xa1\xf8WV\xf1\x8e\xa1\xbc\x0f+O\xceY\xbdG\xadu7zn\x9f\xe1\x19\x96\x1bS\xbaA\xf2\x93\xeaE+\xd8\xb3\xc3\xbc%\xfb&lt;\xcd}"\xea\xbe"\x9f3\x00\x1f\xf1\xeb[\xfe$\xb0]2\xc5\xact\xa3\x93\xf7A\xae\x8b\xe2/\x8c\xcd\xb5\x97=@\xc5xw\x88~!Zi1}\xaey\xb1\xfcX\xf4\xac\\\x80\xd6\xd2&gt;\x1b\\\rC\xfbCT\xfb\xa0\xee5\x85\xf1\x8b\xe2\xfd\xb7\x864\xff\x00\xec\xebI\xb1\x12\x8f-\x87\xa68\xaf*\xf8\x87\xfbXEie-\xbd\x91\xc9\t\x8c\xfa\xd7\xcb\x9e%\xf1\xf6\xab\xe3{\xa6\x9aO\xb8\xccX}\t\xcdKw\x13W=\x9f\xc4\x1f\xb4\\z$;\xac\x0eg\x1fx\xfa\x9e\xf5\xe2~8\xf8\xa1\xae\xfcA\xbe\x12\\\xdem\x88\xb1e_@k\x16\xe6\xda"\xb9\x7f\xbf\xfc_Z\xc9\xd4\xb5Q\x0cb1\xd1\x06\xd1\xf8Vkr\xd4K\xd7\x1a\x91\xb6A\x036\xe2F\x0bz\xfb\xd5_#\x7f\xcd\x9e\xbc\xd6V\x9e?\xb4\xef\x15\xff\x00\xbak\xa3#i\xc7\xa7\x15C\xb5\x8aO\x16\x14\n\xcd\xbb\x93nG\xa7\x15\xa1x|\xdc\xaf\xa1\xc5W\x8a\xc7\'4\t\x99\x9b7s\xebVmb\xe6\xaeKm\xf6A\xbf\xd7\x9a\xa3uy\xe6\x8cP$2\xf2\xf7\xcb,\xbe\x87\x15\x98\xd7Ybs\xde\x96\xe6\\\n\xa5$\xbcP6Y\xb8\xba\xf9\x05U{\xaf\x94}*\t%\xe2\x9e\x87*\x0f\xb5&amp;"\xa3\xdd|\xed\xc7zp\x97 \x1a\xb2\x96\xdb\x98\x9fS\x9a\x93\xec\xbe\xf5\xbb\xd9\x192\xa6sE[\xf2\xb1\xc5&gt;+l\x9c\xd4\x0e%A\xd2\x8a\xb54X\xc8\xa8|\xba\x0b\x14t\x15\x1c\x95&amp;1Q\xc9@\r\x8e\xacG&amp;\x0e*\xa8\xe9N\x8f\xad\x00hG/5z\xc6O)\xf7z\xf3Y1\xf5\xab\x10I\x87#\xde\x82doI\x7f\xf2\xd3E\xd6@9\xaa\x02N*ks\x93\x9a\x08\x1e\xc9\xb9\x89\xf59\xa4\xfb\x7f\xd8y\xa7\\t\xac\xb9\xa3\xc9&amp;\x807\xa3\xd5\xb7\xda\x96\xf5\x19\xaa\x82}\xf0;z\xf3P\xc3&amp;\xdb&lt;z\x0cUG\xb9\xc2\x81\xed@\x0f\x8e\xe7\r\x8a\xb1\x1c\xb99\xac\xc3s\xc9\xe6\xb4,\xe6\xc8_\xa5\x00W\xbf\x8fu\xe4G\xd7\x06\xbaX5\xf9t\x98#0\xf5\n\x07\xe9Xwg3)\xab\xf3\xff\x00\xc7\xb4\x7f\xee\x8f\xe5U\x10=\x1f\xc1\x9f\xb4\xce\xbf\xe0\xb7\xb7)6\x11\x08\n=\x85}}\xf0\x8f\xf6\xeb\x83W\xd3\xe0\xb4\xd5\x0eg\xde\x06}M~w\xcd\xfe\xa9~\x94\xed\x1bQ\xbc\xd25H\xa5_\xbay\x1fJ\xb0?o\xbc\x03\xf1Q&lt;D\x9fh\x8f\xeeL&gt;_\xa1\xe9^\x97\xa7\xc1\xe6a\xff\x00\xbc3_\x94?\x05\x7fk;\xdf\x05\x184\xeb\x9f\xf8\xf0$+\xfe\x1cW\xe8?\xc1?\xda\x0fL\xf1~\x8c\xa6\xc6\xfa\x07#\x18\x8d\xba\xaf\x1d(\x03\xdd\xb4\xd8&lt;\x97\xcdi\xdc\xdc^D\xb9_\xbb\xdb\xe9\\\xa5\x9f\x8e/5$\x91\x01\x04\x02@\xdb\xd2\xadYx\xb2\xfa\xc1\xff\x00z|\xd4\x1d\x17\xd0R`tv\x1a\xdb\\7\x96\xdfyx?Z\xd8h\xb6F\xaf\xea3\\\xb8\xf1\x04w\x83|\xd69\x0f\xf3~u&lt;Z\xc5\xba\xe0*\xed\x03\x80\xbe\x9e\xd5\xb3\xd9\x01\xd0\x03\x90\r-f[k6\xe4\xfe\xeel7q\xe9W\xa3\xb8\x17\x07\xf7s\xfc\xfd\xfe\xb5%D\x96\x8aW\x88\xed\x1b\x8eOs\xebM\x03\x00\n\x07!h\xa2\x8a\x08\n(\xa2\x80\n(\xa2\x80\n(\xa2\x80\n(\xa2\x80\n(\xa2\x80\n(\xa2\x80\n(\xa2\x80\n(\xa2\x80\n(\xa2\x80\n(\xa2\x80\n(\xa2\x80\n(\xa2\x80\n(\xa2\x80\n(\xa2\x80\n(\xa2\x80\n(\xa2\x80\n(\xa2\x80\n(\xa2\x80\n(\xa2\x80\n(\xa2\x80\n(\xa2\x80\n(\xa2\x80\n(\xa2\x80\n(\xa2\x80\n(\xa2\x80\n(\xa2\x80\n(\xa2\x80\n(\xa2\x80\n(\xa2\x80\n(\xa2\x80\n(\xa2\x80\n(\xa2\x80\n(\xa2\x80\n(\xa2\x80\n(\xa2\x80\n(\xa2\x80\n(\xa2\x80\n(\xa2\x80\x19+\xf9#uE\xe7n\xe7\xd7\x9a\x9a\xe2L \x15\xc3\xf8\xd7\xc5f\xde\x03\xa7Y\xff\x00\xc7\xdc\x9c\x0f\xad\x00b\xfcS\xf1\xc9\x85\x7f\xb2\xb4\xc3\xe6\xdc\xb7\xca\xeb\xe8\xdd\xeb\x03\xc0\xff\x00\x0bZ\xeeD\xd4\xb5/\x9d\xc8\x0e\xe9\xfd\xd2y"\xb64\x0f\x0cA\xa5Dn\xef\x7f\xe3\xf6_\xde?\xfb\xc7\x93\xfa\xd6\xb4s\\3f\xdel[\x1f\xf5\x83\xd0\xf7\xa9r\xe5\x02y\xf5x\xedY\xb4\xed9&lt;\x84\x07c\x1f\xa7\x15\xe6\x7f\x10\xbcY\xa7xf;\x9f6\xe3\xf7\xaa\x08\x7f\xa8\xebK\xf1\x83\xe3g\x86\xbe\x1d\xe87p\xc7?\xfcL\xd9N&gt;\xb5\xf9\xc5\xf1G\xe3\xb5\xfe\xb9yx\xf2\xde\xe1]\x99\x80\xfa\x92k7;\x9b\xf4=S\xe2\xef\xed\x11k\x0cS$\x07;Y\x97&gt;\xb85\xf3\x0f\x8c\xbe1\xea^&amp;a\x12}\xce\x83\xe9\\6\xb1\xe2I\xb5\xc6u\r\xbb$\xfc\xde\xbe\xf5F\xd5J\x80\x0fQ\xc1\xa8n\xe4\x9b\xf6z|\x97\x97kqq6\t\xf9\x88\xab\x9e#\xf1\n\xd9[\x04\x86-\xe5\x06\xdd\xde\xb8\xef\\\xe4\x97\x13@2:v\xac\x9dB\xe0\xcf2\xe7\xafz\x91\xa1\x97\x9a\xac\xf7d\xb1\x18\xdcs\x8fJ\xa9\x1d\x8c\xf7\xd3\xa0\xad\xed;J\xfbF\xd3\xea+TZ}\x80}8\xa0\xa2=\'O\x8a\xc2\x13\xbb\xef\x0e\xbfZ\xa7{t76:d\xe2\xa6\x9e\xeb\xed\x04\xc3\xfd\xe3S\xdai\x10\xdaa\xcfR2h\x02\x9d\xa6\x9ee\xc3\xcb\xf7[\xe6\x1fCK9\x16\xc4\x85\xfb\xa0\xe0U\xdb\xeb\xd0\x89\xb4t\x1c\n\xc0\xbf\xba\xc8&amp;\x80+\xde\xdde\x98\xfb\x9a\xc9\xba\xba\xe2\x89\xe5\xc9\'\xde\xb3.%\xf9\x9b\xeb@\x98\xe9n\xaa\xb1\x97$\x9a|Q\xee9\xf5\xab\x91Xl\xf9\xff\x00\xbd\xcd\x04\x94\xe2\xb7\xdcwz\xf3VF\x9b\xb8\x03\xebZ\x06xm\xe3\\\xf5\xc75FmPd\xe3\xa7jL\x05\x10m\x01}8\xa7&lt;\x9bT\x0fJ\xcc\x9bT\xe4\xfdj\xb4\x97\xf9\x15\xd2\xb6\x03L\xcb\xc9\xa8\xcc\x9c\x9a\xcf\x17\xfc\nD\xba\xcb\x13S 4\xb3\x9a*\x8a]|\xc7\xebR\xfd\xa7\xde\xa0\x0b\x1e^id\x8b\xe5\x14\xc8e\xcdM\x9c\xf3@\x15\xfc\xaa1\x8e*C\x1eI4\xc9"\xe2\x80\x1d\x14\x988\xa9\xe09b}\xea\x14\x18P=\xa8I0\xc4{\xd0L\x8d\x0f3\x155\xb4\xbf5gI/\xca+GG\x8fs\x83\xebA\x04\xf2\xdc\xe0b\xa9\x03\xb9\xd8\xfa\x9c\xd4\xfa\xd4\x9bC\x0fC\x8a\xa9fr\x8a}\xa8\x02k\x8b\x9d\xa8\x07\xa7\x15JC\xb8g\xd7\x9a\xb3?\xde?Z\xad?\xfa\xb1@\x10\xa7Z\xbdks\xb4\xe3\xd3\x8a\xce\xf31\xc5M\x0c\xb4\x01\xa6e\xc9&amp;\xa7\x97R\xd9\n/\xa0\x02\xb3\xa3\x97\x9a\x9aI~Q@\x11\xcb\xaaR\xdbj\x7f5BSq\xcf\xadY\xb5\x8b\x9a\xa8\x81\xa9k\xacL1\x8e\x9d\xab\xac\xf0?\xc4\xeds\xc1z\xa8\xbb\xb1\xbc\xdaT\xe4/\xa7\xb5q\xb1\xc5\xcd[\x88c\x8a\xb0&gt;\xc4\xf0?\xfc\x14?Y\xd0\xad\xd6=J\xdb\xedRF\xa1A\xf5\xc0\xc6kgY\xff\x00\x82\x96x\x8a\xf5\x08\xb1\xd3~\xc6{?\xaf\xbd|K-\xfc6C\'\xafz\xbd\xa5\xf8\xce\xca\xcd\x83\x18r{\x9fZ\x00\xfaGS\xff\x00\x82\x88|G\x9a\xe7\t{\x85\xcf\x03\xd0Wm\xf0\xe3\xfe\n=\x7f\xa6]\x04\xf1]\xb7\xda\x8bt&gt;\xbe\xf5\xf3-\x8f\x8c4\rQU^\x0f\x9f\x03w\xd7\xbdt\x96?\x0cto\x1a\xa2\x0byv\xce\xe02\xaf\xa6{T\xc9\xd8\xa8\x9f~\xf8\x1b\xf6\xe9\xf8\x7f\xe2\xbb\x80\xb2O&gt;\x9d#r\xd8\xe8\x0fq^\xf5\xe0\xff\x00\x8b\xda\x16\xb8\xc8\xfaO\x88\r\xe7\x98\x03,g\xa8\x07\x90+\xf1\xee\xff\x00\xe1\x06\xbd\xf0\xe6\xeb\xed1\xdao\x8c\x9c\xab\xff\x00xv5\xe8~\x00\xf8\xd6\xfa;\xc7\r\xca}\x82\xe6%\t\xe7\xff\x00x\x8e6\xd6w\xb9g\xec\xa6\x9f\xe2#q\x14y9%FO\xe1[\x91\xcf\x0b\xc6\xacf\xc1 \x12=+\xe0\xef\xd9\xef\xf6\x8a\x8b\xc4\xb7\xf1\xe9\xf7w\xb8\x91@E\x1fN+\xec+]V\xefN\xb5\x86\xe1$\xfbj:+\xaaz\x023]\x1d\x00\xecr\x0f \xe4v&gt;\xb4V\x1d\x9f\x8bc\xbe\n\x1d&lt;\xb7\xc7\xcc\x9f\xdd=\xc5kB\xe2@\x18tnE2dME\x14P@QE\x14\x00QE\x14\x00QE\x14\x00QE\x14\x00QE\x14\x00QE\x14\x00QE\x14\x00QE\x14\x00QE\x14\x00QE\x14\x00QE\x14\x00QE\x14\x00QE\x14\x00QE\x14\x00QE\x14\x00QE\x14\x00QE\x14\x00QE\x14\x00QE\x14\x00QE\x14\x00QE\x14\x00QE\x14\x00QE\x14\x00QE\x14\x00QE\x14\x00QE\x14\x00QE\x14\x00QE\x14\x00QE\x14\x00QE\x14\x00QE\x14\x00QE\x14\x00QE\x14\x00QE\x14\x00QE\x14\x00QE0\xc9\x82E\x00&gt;\x99#o\x1b\xff\x00\xb9\xc5\'\x99X~7\xf1\x14&gt;\x19\xd0\xe4\xbb=B\xe4\xd2bf?\xc4\x0f\x88pxz\xcf\xec\xff\x00\xf3\x11\x9cm\x87\xfaW%\xa5[\x7fdZ\rSS\xff\x00\x90\x9d\xca\x87\xfc\x0f?\xd6\xb0\xfc7x&lt;M\xaa\xcd\xe2}UwB2\xb6\xd1z\x0e\xcdY\x9e#\xd4/u\xedP\xc4\xff\x00$a\x88Y?\xbc3\xc1\xa94GC\xad\xfcD\xd2\xfc?h\xf2L\xdel\xddB\xfaW\x88|H\xf8\xd1\xaa\xcb\xa4\\:\xdc}\x83MbI?\xec\xd7c\xe2\xa1\xe1\xdf\x01i\xb3j\x9a\xdd\xff\x00\x9b:\xa6\xe8\xd3\xd3\xda\xbe\x05\xfd\xa0\xbe&lt;?\x8c5\xa9\x17O9\xd3\x90\xb0\xff\x00\x80\xe7\x8a\x89lQ\xcf|a\xf8\xbe\x9a\x85\xec\xf1\xa4\x9er\x02\xc1d\xfe\xf8\xcf\x07\xf1\xaf\x14\xb8\xbc\xfe\xd2Aq\xea7V\x8c\xfa\xa2\xccL\x89\xf7_\xe6\x1fCYw\x13nf&gt;\xa75\x82\xdch\xaa\xa7,O\xa9\xabQt\x15]\x0enT\xd6\x92[\xf9\xeeG\xbd'... (set the log level to DEBUG or TRACE to see the full content) 
 </msg>
<msg time="2026-02-17T20:10:09.043374" level="INFO">POST Response : url=http://localhost:3000/api/users 
 status=201, reason=Created 
 headers={'Content-Security-Policy': "default-src 'self';base-uri 'self';font-src 'self' https: data:;form-action 'self';frame-ancestors 'self';img-src 'self' data:;object-src 'none';script-src 'self';script-src-attr 'none';style-src 'self' https: 'unsafe-inline';upgrade-insecure-requests", 'Cross-Origin-Opener-Policy': 'same-origin', 'Cross-Origin-Resource-Policy': 'same-origin', 'Origin-Agent-Cluster': '?1', 'Referrer-Policy': 'no-referrer', 'Strict-Transport-Security': 'max-age=15552000; includeSubDomains', 'X-Content-Type-Options': 'nosniff', 'X-DNS-Prefetch-Control': 'off', 'X-Download-Options': 'noopen', 'X-Frame-Options': 'SAMEORIGIN', 'X-Permitted-Cross-Domain-Policies': 'none', 'X-XSS-Protection': '0', 'Vary': 'Origin', 'Access-Control-Allow-Credentials': 'true', 'Content-Type': 'application/json; charset=utf-8', 'Content-Length': '866', 'ETag': 'W/"362-WD3F+VRZOcgRZRVm36ioFPbT7XY"', 'Date': 'Tue, 17 Feb 2026 13:10:09 GMT', 'Connection': 'keep-alive', 'Keep-Alive': 'timeout=5'} 
 body={"success":true,"message":"User created successfully. Please wait for verification.","data":{"id":"cmlqmeydn0000fz6btop8w8xs","username":"user617098","email":"test617098@gmail.com","firstName":"test","lastName":"user","gender":"MALE","phoneNumber":"0656587417","profilePicture":null,"nationalIdNumber":"9385061060655","nationalIdPhotoUrl":"https://res.cloudinary.com/dgksww9sr/image/upload/v1771333808/painamnae/national_ids/jk09e5nfi0ib4dh9zufh.jpg","nationalIdExpiryDate":"2026-12-31T00:00:00.000Z","selfiePhotoUrl":"https://res.cloudinary.com/dgksww9sr/image/upload/v1771333808/painamnae/selfies/cxdp4vrvtymmdhatncan.jpg","role":"PASSENGER","isVerified":false,"isActive":true,"otpCode":null,"lastLogin":null,"createdAt":"2026-02-17T13:10:09.035Z","updatedAt":"2026-02-17T13:10:09.035Z","passengerSuspendedUntil":null,"driverSuspendedUntil":null,"deletedAt":null}} 
 </msg>
<msg time="2026-02-17T20:10:09.043521" level="INFO">${response} = &lt;Response [201]&gt;</msg>
<var>${response}</var>
<arg>${SESSION}</arg>
<arg>/api/users</arg>
<arg>data=${form}</arg>
<arg>files=${files}</arg>
<arg>expected_status=any</arg>
<doc>Sends a POST request on a previously created HTTP Session.</doc>
<status status="PASS" start="2026-02-17T20:10:05.859052" elapsed="3.184490"/>
</kw>
<kw name="Should Be Equal As Integers" owner="BuiltIn">
<msg time="2026-02-17T20:10:09.044250" level="INFO">Argument types are:
&lt;class 'int'&gt;
&lt;class 'str'&gt;</msg>
<arg>${response.status_code}</arg>
<arg>201</arg>
<doc>Fails if objects are unequal after converting them to integers.</doc>
<status status="PASS" start="2026-02-17T20:10:09.043670" elapsed="0.000633"/>
</kw>
<kw name="Set Variable" owner="BuiltIn">
<msg time="2026-02-17T20:10:09.045010" level="INFO">${json} = {'success': True, 'message': 'User created successfully. Please wait for verification.', 'data': {'id': 'cmlqmeydn0000fz6btop8w8xs', 'username': 'user617098', 'email': 'test617098@gmail.com', 'firstNa...</msg>
<var>${json}</var>
<arg>${response.json()}</arg>
<doc>Returns the given values which can then be assigned to a variables.</doc>
<status status="PASS" start="2026-02-17T20:10:09.044402" elapsed="0.000630"/>
</kw>
<kw name="Should Be True" owner="BuiltIn">
<arg>${json["success"]}</arg>
<doc>Fails if the given condition is not true.</doc>
<status status="PASS" start="2026-02-17T20:10:09.045137" elapsed="0.000382"/>
</kw>
<return>
<value>${EMAIL}</value>
<value>${PASSWORD}</value>
<status status="PASS" start="2026-02-17T20:10:09.045560" elapsed="0.000039"/>
</return>
<msg time="2026-02-17T20:10:09.045728" level="INFO">${email} = test617098@gmail.com</msg>
<msg time="2026-02-17T20:10:09.045756" level="INFO">${password} = 12345678</msg>
<var>${email}</var>
<var>${password}</var>
<status status="PASS" start="2026-02-17T20:10:05.852566" elapsed="3.193205"/>
</kw>
<kw name="Delete All Sessions" owner="RequestsLibrary">
<msg time="2026-02-17T20:10:09.046094" level="INFO">Deleting All Sessions</msg>
<doc>Removes all the session objects</doc>
<status status="PASS" start="2026-02-17T20:10:09.046027" elapsed="0.000127"/>
</kw>
<status status="PASS" start="2026-02-17T20:10:05.851127" elapsed="3.195184"/>
</test>
<test id="s1-t2" name="Login API Test" line="16">
<kw name="Create Session" owner="RequestsLibrary">
<msg time="2026-02-17T20:10:09.047034" level="INFO">Creating Session using : alias=api, url=http://localhost:3000, headers={},                     cookies={}, auth=None, timeout=None, proxies=None, verify=False,                     debug=0 </msg>
<arg>${SESSION}</arg>
<arg>${BASE_URL}</arg>
<doc>Create Session: create a HTTP session to a server</doc>
<status status="PASS" start="2026-02-17T20:10:09.046913" elapsed="0.000234"/>
</kw>
<kw name="Create Account">
<kw name="Generate Random Data">
<kw name="Evaluate" owner="BuiltIn">
<msg time="2026-02-17T20:10:09.047906" level="INFO">${rand} = 661352</msg>
<var>${rand}</var>
<arg>random.randint(100000,999999)</arg>
<arg>modules=random</arg>
<doc>Evaluates the given expression in Python and returns the result.</doc>
<status status="PASS" start="2026-02-17T20:10:09.047651" elapsed="0.000274"/>
</kw>
<kw name="Evaluate" owner="BuiltIn">
<msg time="2026-02-17T20:10:09.048231" level="INFO">${nid} = 7453615704628</msg>
<var>${nid}</var>
<arg>''.join(random.choices('0123456789', k=13))</arg>
<arg>modules=random</arg>
<doc>Evaluates the given expression in Python and returns the result.</doc>
<status status="PASS" start="2026-02-17T20:10:09.047996" elapsed="0.000253"/>
</kw>
<return>
<value>${rand}</value>
<value>${nid}</value>
<status status="PASS" start="2026-02-17T20:10:09.048285" elapsed="0.000026"/>
</return>
<msg time="2026-02-17T20:10:09.048415" level="INFO">${rand} = 661352</msg>
<msg time="2026-02-17T20:10:09.048442" level="INFO">${nid} = 7453615704628</msg>
<var>${rand}</var>
<var>${nid}</var>
<status status="PASS" start="2026-02-17T20:10:09.047527" elapsed="0.000930"/>
</kw>
<kw name="Set Variable" owner="BuiltIn">
<msg time="2026-02-17T20:10:09.048710" level="INFO">${USERNAME} = user661352</msg>
<var>${USERNAME}</var>
<arg>user${rand}</arg>
<doc>Returns the given values which can then be assigned to a variables.</doc>
<status status="PASS" start="2026-02-17T20:10:09.048520" elapsed="0.000208"/>
</kw>
<kw name="Set Variable" owner="BuiltIn">
<msg time="2026-02-17T20:10:09.048965" level="INFO">${EMAIL} = test661352@gmail.com</msg>
<var>${EMAIL}</var>
<arg>test${rand}@gmail.com</arg>
<doc>Returns the given values which can then be assigned to a variables.</doc>
<status status="PASS" start="2026-02-17T20:10:09.048789" elapsed="0.000193"/>
</kw>
<kw name="Set Variable" owner="BuiltIn">
<msg time="2026-02-17T20:10:09.049182" level="INFO">${PASSWORD} = 12345678</msg>
<var>${PASSWORD}</var>
<arg>12345678</arg>
<doc>Returns the given values which can then be assigned to a variables.</doc>
<status status="PASS" start="2026-02-17T20:10:09.049042" elapsed="0.000156"/>
</kw>
<kw name="Get Binary File" owner="OperatingSystem">
<msg time="2026-02-17T20:10:09.049330" level="INFO" html="true">Getting file '&lt;a href="file://D:\PaiNamNaeWebApp_Sec1_Group3\sprint1\test\files\national.jpg"&gt;D:\PaiNamNaeWebApp_Sec1_Group3\sprint1\test\files\national.jpg&lt;/a&gt;'.</msg>
<msg time="2026-02-17T20:10:09.049738" level="INFO">${national_file} = ÿØÿàJFIF``ÿÛC


ÿÛC		ÿÀ$"ÿÄ...</msg>
<var>${national_file}</var>
<arg>D:\\PaiNamNaeWebApp_Sec1_Group3\\sprint1\\test/files/national.jpg</arg>
<doc>Returns the contents of a specified file.</doc>
<status status="PASS" start="2026-02-17T20:10:09.049254" elapsed="0.000523"/>
</kw>
<kw name="Create List" owner="BuiltIn">
<msg time="2026-02-17T20:10:09.050885" level="INFO">${national_list} = ['national.jpg', b'\xff\xd8\xff\xe0\x00\x10JFIF\x00\x01\x01\x01\x00`\x00`\x00\x00\xff\xdb\x00C\x00\x03\x02\x02\x03\x02\x02\x03\x03\x03\x03\x04\x03\x03\x04\x05\x08\x05\x05\x04\x04\x05\n\x07\x07\x06\x08...</msg>
<var>${national_list}</var>
<arg>national.jpg</arg>
<arg>${national_file}</arg>
<arg>image/jpeg</arg>
<doc>Returns a list containing given items.</doc>
<status status="PASS" start="2026-02-17T20:10:09.049848" elapsed="0.001077"/>
</kw>
<kw name="Create Dictionary" owner="BuiltIn">
<msg time="2026-02-17T20:10:09.053169" level="INFO">&amp;{files} = { nationalIdPhotoUrl=['national.jpg', b'\xff\xd8\xff\xe0\x00\x10JFIF\x00\x01\x01\x01\x00`\x00`\x00\x00\xff\xdb\x00C\x00\x03\x02\x02\x03\x02\x02\x03\x03\x03\x03\x04\x03\x03\x04\x05\x08\x05\x05\x04\x04\...</msg>
<var>&amp;{files}</var>
<arg>nationalIdPhotoUrl=${national_list}</arg>
<arg>selfiePhotoUrl=${national_list}</arg>
<doc>Creates and returns a dictionary based on the given ``items``.</doc>
<status status="PASS" start="2026-02-17T20:10:09.051021" elapsed="0.002181"/>
</kw>
<kw name="Create Dictionary" owner="BuiltIn">
<msg time="2026-02-17T20:10:09.053656" level="INFO">&amp;{form} = { username=user661352 | email=test661352@gmail.com | password=12345678 | firstName=test | lastName=user | gender=MALE | phoneNumber=0656587417 | nationalIdNumber=7453615704628 | nationalIdExpiryDate=2...</msg>
<var>&amp;{form}</var>
<arg>username=${USERNAME}</arg>
<arg>email=${EMAIL}</arg>
<arg>password=${PASSWORD}</arg>
<arg>firstName=test</arg>
<arg>lastName=user</arg>
<arg>gender=MALE</arg>
<arg>phoneNumber=0656587417</arg>
<arg>nationalIdNumber=${nid}</arg>
<arg>nationalIdExpiryDate=2026-12-31T00:00:00.000Z</arg>
<doc>Creates and returns a dictionary based on the given ``items``.</doc>
<status status="PASS" start="2026-02-17T20:10:09.053287" elapsed="0.000390"/>
</kw>
<kw name="POST On Session" owner="RequestsLibrary">
<msg time="2026-02-17T20:10:10.857793" level="INFO">POST Request : url=http://localhost:3000/api/users 
 path_url=/api/users 
 headers={'User-Agent': 'python-requests/2.32.5', 'Accept-Encoding': 'gzip, deflate, zstd', 'Accept': '*/*', 'Connection': 'keep-alive', 'Content-Length': '188799', 'Content-Type': 'multipart/form-data; boundary=6e94d3e3e448d600bbd0ce647fa90ccd'} 
 body=b'--6e94d3e3e448d600bbd0ce647fa90ccd\r\nContent-Disposition: form-data; name="username"\r\n\r\nuser661352\r\n--6e94d3e3e448d600bbd0ce647fa90ccd\r\nContent-Disposition: form-data; name="email"\r\n\r\ntest661352@gmail.com\r\n--6e94d3e3e448d600bbd0ce647fa90ccd\r\nContent-Disposition: form-data; name="password"\r\n\r\n12345678\r\n--6e94d3e3e448d600bbd0ce647fa90ccd\r\nContent-Disposition: form-data; name="firstName"\r\n\r\ntest\r\n--6e94d3e3e448d600bbd0ce647fa90ccd\r\nContent-Disposition: form-data; name="lastName"\r\n\r\nuser\r\n--6e94d3e3e448d600bbd0ce647fa90ccd\r\nContent-Disposition: form-data; name="gender"\r\n\r\nMALE\r\n--6e94d3e3e448d600bbd0ce647fa90ccd\r\nContent-Disposition: form-data; name="phoneNumber"\r\n\r\n0656587417\r\n--6e94d3e3e448d600bbd0ce647fa90ccd\r\nContent-Disposition: form-data; name="nationalIdNumber"\r\n\r\n7453615704628\r\n--6e94d3e3e448d600bbd0ce647fa90ccd\r\nContent-Disposition: form-data; name="nationalIdExpiryDate"\r\n\r\n2026-12-31T00:00:00.000Z\r\n--6e94d3e3e448d600bbd0ce647fa90ccd\r\nContent-Disposition: form-data; name="nationalIdPhotoUrl"; filename="national.jpg"\r\nContent-Type: image/jpeg\r\n\r\n\xff\xd8\xff\xe0\x00\x10JFIF\x00\x01\x01\x01\x00`\x00`\x00\x00\xff\xdb\x00C\x00\x03\x02\x02\x03\x02\x02\x03\x03\x03\x03\x04\x03\x03\x04\x05\x08\x05\x05\x04\x04\x05\n\x07\x07\x06\x08\x0c\n\x0c\x0c\x0b\n\x0b\x0b\r\x0e\x12\x10\r\x0e\x11\x0e\x0b\x0b\x10\x16\x10\x11\x13\x14\x15\x15\x15\x0c\x0f\x17\x18\x16\x14\x18\x12\x14\x15\x14\xff\xdb\x00C\x01\x03\x04\x04\x05\x04\x05\t\x05\x05\t\x14\r\x0b\r\x14\x14\x14\x14\x14\x14\x14\x14\x14\x14\x14\x14\x14\x14\x14\x14\x14\x14\x14\x14\x14\x14\x14\x14\x14\x14\x14\x14\x14\x14\x14\x14\x14\x14\x14\x14\x14\x14\x14\x14\x14\x14\x14\x14\x14\x14\x14\x14\x14\x14\xff\xc0\x00\x11\x08\x05\x99\x04$\x03\x01"\x00\x02\x11\x01\x03\x11\x01\xff\xc4\x00\x1f\x00\x00\x01\x05\x01\x01\x01\x01\x01\x01\x00\x00\x00\x00\x00\x00\x00\x00\x01\x02\x03\x04\x05\x06\x07\x08\t\n\x0b\xff\xc4\x00\xb5\x10\x00\x02\x01\x03\x03\x02\x04\x03\x05\x05\x04\x04\x00\x00\x01}\x01\x02\x03\x00\x04\x11\x05\x12!1A\x06\x13Qa\x07"q\x142\x81\x91\xa1\x08#B\xb1\xc1\x15R\xd1\xf0$3br\x82\t\n\x16\x17\x18\x19\x1a%&amp;\'()*456789:CDEFGHIJSTUVWXYZcdefghijstuvwxyz\x83\x84\x85\x86\x87\x88\x89\x8a\x92\x93\x94\x95\x96\x97\x98\x99\x9a\xa2\xa3\xa4\xa5\xa6\xa7\xa8\xa9\xaa\xb2\xb3\xb4\xb5\xb6\xb7\xb8\xb9\xba\xc2\xc3\xc4\xc5\xc6\xc7\xc8\xc9\xca\xd2\xd3\xd4\xd5\xd6\xd7\xd8\xd9\xda\xe1\xe2\xe3\xe4\xe5\xe6\xe7\xe8\xe9\xea\xf1\xf2\xf3\xf4\xf5\xf6\xf7\xf8\xf9\xfa\xff\xc4\x00\x1f\x01\x00\x03\x01\x01\x01\x01\x01\x01\x01\x01\x01\x00\x00\x00\x00\x00\x00\x01\x02\x03\x04\x05\x06\x07\x08\t\n\x0b\xff\xc4\x00\xb5\x11\x00\x02\x01\x02\x04\x04\x03\x04\x07\x05\x04\x04\x00\x01\x02w\x00\x01\x02\x03\x11\x04\x05!1\x06\x12AQ\x07aq\x13"2\x81\x08\x14B\x91\xa1\xb1\xc1\t#3R\xf0\x15br\xd1\n\x16$4\xe1%\xf1\x17\x18\x19\x1a&amp;\'()*56789:CDEFGHIJSTUVWXYZcdefghijstuvwxyz\x82\x83\x84\x85\x86\x87\x88\x89\x8a\x92\x93\x94\x95\x96\x97\x98\x99\x9a\xa2\xa3\xa4\xa5\xa6\xa7\xa8\xa9\xaa\xb2\xb3\xb4\xb5\xb6\xb7\xb8\xb9\xba\xc2\xc3\xc4\xc5\xc6\xc7\xc8\xc9\xca\xd2\xd3\xd4\xd5\xd6\xd7\xd8\xd9\xda\xe2\xe3\xe4\xe5\xe6\xe7\xe8\xe9\xea\xf2\xf3\xf4\xf5\xf6\xf7\xf8\xf9\xfa\xff\xda\x00\x0c\x03\x01\x00\x02\x11\x03\x11\x00?\x00\xfd@\xa2\x8a+\xa0\x02\x8a(\xa0\x02\x8a(\xa0\x02\x8a(\xa0\x02\x8a(\xa0\x02\x8a(\xa0\x02\x8a(\xa0\x02\x8a(\xa0\x02\x8a(\xa0\x02\x8a(\xa0\x02\x8a(\xa0\x02\x8a(\xa0\x02\x8a(\xa0\x02\x8a(\xa0\x02\x8a(\xa0\x02\x8a(\xa0\x02\x8a(\xa0\x02\x8a(\xa0\x02\x8a(\xa0\x02\x8a(\xa0\x02\x8a(\xa0\x02\x8a(\xa0\x02\x8a(\xa0\x02\x8a(\xa0\x02\x8a(\xa0\x02\x8a(\xa0\x02\x8a(\xa0\x02\x8a(\xa0\x02\x8a(\xa0\x02\x8a(\xa0\x02\x8a(\xa0\x02\x8a(\xa0\x02\x8a(\xa0\x02\x8a(\xa0\x02\x8a(\xa0\x02\x8a(\xa0\x02\x8a(\xa0\x02\x8a(\xa0\x02\x8a(\xa0\x02\x8a(\xa0\x02\x8a(\xa0\x02\x8a(\xa0\x02\x8a(\xa0\x02\x8a(\xa0\x02\x8a(\xa0\x02\x8a(\xa0\x02\x8a(\xa0\x02\x8a(\xa0\x02\x8a(\xa0\x02\x8a(\xa0\x02\x8a(\xa0\x02\x8a(\xa0\x02\x8a(\xa0\x02\x8a(\xa0\x02\x8a(\xa0\x02\x8a(\xa0\x02\x8a(\xa0\x02\x8a(\xa0\x02\x8a(\xa0\x02\x8a(\xa0\x02\x8a(\xa0\x02\x8a(\xa0\x02\x8a(\xa0\x02\x8a(\xa0\x02\x8a(\xa0\x02\x8a(\xa0\x02\x8a(\xa0\x02\x8a(\xa0\x02\x8a(\xa0\x02\x8a(\xa0\x02\x8a(\xa0\x02\x8a(\xa0\x02\x8a(\xa0\x02\x8a(\xa0\x02\x8a(\xa0\x02\x8a(\xa0\x02\x8a(\xa0\x02\x8a(\xa0\x02\x8a(\xa0\x02\x8a(\xa0\x02\x8a(\xa0\x02\x8a(\xa0\x02\x8a(\xa0\x02\x8a(\xa0\x02\x8a(\xa0\x02\x8a(\xa0\x02\x8a(\xa0\x02\x8a(\xa0\x02\x8a(\xa0\x02\x8a(\xa0\x02\x8a(\xa0\x02\x8a(\xa0\x02\x8a(\xa0\x02\x8a(\xa0\x02\x8a(\xa0\x02\x8a(\xa0\x02\x8a(\xa0\x02\x8a(\xa0\x02\x8a(\xa0\x02\x8a(\xa0\x02\x8a(\xa0\x02\x8a(\xa0\x02\x8a(\xa0\x02\x8a(\xa0\x02\x8a(\xa0\x02\x8a(\xa0\x02\x8a(\xa0\x02\x8a(\xa0\x02\x8a(\xa0\x02\x8a(\xa0\x02\x8a(\xa0\x02\x8a(\xa0\x02\x8a(\xa0\x02\x8a(\xa0\x02\x8a(\xa0\x02\x8a(\xa0\x02\x8a(\xa0\x02\x8a(\xa0\x02\x8a(\xa0\x02\x8a(\xa0\x02\x8a(\xa0\x02\x8a(\xa0\x02\x8a(\xa0\x02\x8a(\xa0\x02\x8a(\xa0\x02\x8a(\xa0\x02\x8a(\xa0\x02\x8a(\xa0\x02\x8a(\xa0\x02\x8a(\xa0\x02\x8a(\xa0\x02\x8a(\xa0\x02\x8a(\xa0\x02\x8a(\xa0\x02\x8a(\xa0\x02\x8a(\xa0\x02\x8a(\xa0\x02\x8a(\xa0\x02\x8a(\xa0\x02\x8a(\xa0\x02\x8a(\xa0\x02\x8a(\xa0\x02\x8a(\xa0\x02\x8a(\xa0\x02\x8a(\xa0\x02\x8a(\xa0\x02\x8a(\xa0\x02\x8a(\xa0\x02\x8a(\xa0\x02\x8a(\xa0\x02\x8a(\xa0\x02\x8a(\xa0\x02\x8a(\xa0\x02\x8a(\xa0\x02\x8a(\xa0\x02\x8a(\xa0\x02\x8a(\xa0\x02\x8a(\xa0\x02\x8a(\xa0\x02\x8a(\xa0\x02\x8a(\xa0\x02\x8a(\xa0\x02\x8a(\xa0\x02\x8a(\xa0\x02\x8a(\xa0\x02\x8a(\xa0\x02\x8a(\xa0\x02\x8a(\xa0\x02\x8a(\xa0\x02\x8a(\xa0\x02\x8a(\xa0\x02\x8a(\xa0\x02\x8a(\xa0\x02\x8a(\xa0\x02\x8a(\xa0\x02\x8a(\xa0\x02\x8a(\xa0\x02\x8a(\xa0\x02\x8a(\xa0\x02\x8a(\xa0\x02\x8a(\xa0\x02\x8a(\xa0\x02\x8a(\xa0\x02\x8a(\xa0\x02\x8a(\xa0\x02\x8a(\xa0\x02\x8a(\xa0\x02\x8a(\xa0\x02\x8a(\xa0\x02\x8a(\xa0\x02\x8a(\xa0\x02\x8a(\xa0\x02\x8a(\xa0\x02\x8a(\xa0\x02\x8a(\xa0\x02\x8a(\xa0\x02\x8a(\xa0\x02\x8a(\xa0\x02\x8a(\xa0\x02\x8a(\xa0\x02\x8a(\xa0\x02\x8a(\xa0\x02\x8a(\xa0\x02\x8a(\xa0\x02\x8a(\xa0\x02\x8a(\xa0\x02\x8a(\xa0\x02\x8a(\xa0\x02\x8a(\xa0\x02\x8a(\xa0\x02\x8a(\xa0\x02\x8a(\xa0\x02\x8a(\xa0\x02\x8a(\xa0\x02\x8a(\xa0\x02\x8a(\xa0\x02\x8a(\xa0\x02\x8a(\xa0\x02\x8a(\xa0\x02\x8a(\xa0\x02\x8a(\xa0\x02\x8a(\xa0\x02\x8a(\xa0\x02\x8a(\xa0\x02\x8a(\xa0\x02\x8a(\xa0\x02\x8a(\xa0\x02\x8a(\xa0\x02\x8a(\xa0\x02\x8a(\xa0\x02\x8a(\xa0\x02\x8a(\xa0\x02\x8a(\xa0\x02\x8a(\xa0\x02\x8a(\xa0\x02\x8a(\xa0\x02\x8a(\xa0\x02\x8a(\xa0\x02\x8a(\xa0\x02\x8a(\xa0\x02\x8a(\xa0\x02\x8a(\xa0\x02\x8a(\xa0\x02\x8a(\xa0\x02\x8a(\xa0\x02\x8a(\xa0\x02\x8a(\xa0\x02\x8a(\xa0\x02\x8a(\xa0\x02\x8a(\xa0\x02\x8a(\xa0\x02\x8a(\xa0\x02\x8a(\xa0\x02\x8a(\xa0\x02\x8a(\xa0\x02\x8a(\xa0\x02\x8a(\xa0\x02\x8a(\xa0\x02\x8a(\xa0\x02\x8a(\xa0\x02\x8a(\xa0\x02\x8a(\xa0\x02\x8a(\xa0\x02\x8a(\xa0\x02\x8a(\xa0\x02\x8a(\xa0\x02\x8a(\xa0\x02\x8a(\xa0\x02\x8a(\xa0\x02\x8a(\xa0\x02\x8a(\xa0\x02\x8a(\xa0\x02\x8a(\xa0\x02\x8a(\xa0\x02\x8a(\xa0\x02\x8a(\xa0\x02\x8a(\xa0\x02\x8a(\xa0\x02\x8a(\xa0\x02\x8a(\xa0\x02\x8a(\xa0\x02\x8a(\xa0\x02\x8a(\xa0\x02\x8a(\xa0\x02\x8a(\xa0\x02\x8a(\xa0\x02\x8a(\xa0\x02\x8a(\xa0\x02\x8a(\xa0\x02\x8a(\xa0\x02\x8a(\xa0\x02\x8a(\xa0\x02\x8a(\xa0\x02\x8a(\xa0\x02\x8a(\xa0\x02\x8a(\xa0\x02\x8a(\xa0\x02\x8a(\xa0\x02\x8a(\xa0\x02\x8a(\xa0\x02\x8a(\xa0\x02\x8a(\xa0\x02\x8a(\xa0\x02\x8a(\xa0\x02\x8a(\xa0\x02\x8a(\xa0\x02\x8a(\xa0\x02\x8a(\xa0\x02\x8a(\xa0\x02\x8a(\xa0\x02\x8a(\xa0\x02\x8a(\xa0\x02\x8a(\xa0\x02\x8a(\xa0\x02\x8a(\xa0\x02\x8a(\xa0\x02\x8a(\xa0\x02\x8a(\xa0\x02\x8a(\xa0\x02\x8a(\xa0\x02\x8a(\xa0\x02\x8a(\xa0\x02\x8a(\xa0\x02\x8a(\xa0\x02\x8a(\xa0\x02\x8a(\xa0\x02\x8a(\xa0\x02\x8a(\xa0\x02\x8a(\xa0\x02\x8a(\xa0\x02\x8a(\xa0\x02\x8a(\xa0\x02\x8a(\xa0\x02\x8a(\xa0\x02\x8a(\xa0\x02\x8a(\xa0\x02\x8a(\xa0\x02\x8a(\xa0\x02\x8a(\xa0\x02\x8a(\xa0\x02\x8a(\xa0\x02\x8a(\xa0\x02\x8a(\xa0\x02\x8a(\xa0\x02\x8a(\xa0\x02\x8a(\xa0\x02\x8a(\xa0\x02\x8a(\xa0\x02\x8a(\xa0\x02\x8a(\xa0\x02\x8a(\xa0\x02\x8a(\xa0\x02\x8a(\xa0\x02\x8a(\xa0\x02\x8a(\xa0\x02\x8a(\xa0\x02\x8a(\xa0\x02\x8a(\xa0\x02\x8a(\xa0\x02\x8a(\xa0\x02\x8a(\xa0\x02\x8a(\xa0\x02\x8a(\xa0\x02\x8a(\xa0\x02\x8a)\x86L\x12(\x01\xf4TQ\xf2\xc4\xf9\xd8\xf6\xf4\xa9P\xf9\xacW9\xc7\x19\xa0\x02\x8a\x85\xe7\xd8\xec\xb8\xe8qN\x12\xe4\x03@\x12QPKs\x81\x8alWP\xe7\x99\xb0{\x8fJ\x00\xb3EG\xe6\x83\xc89\x1d\x8f\xad"7\x9c\xc4P\x04\xb4R\xb8\xda\x00\xf4\xe2\x9a\x07\x03\xf7\xd8\xf6\xf4\xa0\x05\xa2\x8f\xc7&gt;\xfe\xb4P\x01E\x14P\x01E\x14P\x01E\x14P\x01E\x14P\x01E\x14P\x01E\x14P\x01E\x14P\x01E\x14P\x01E\x14P\x01E\x14P\x01E\x14P\x01E\x14P\x01E\x14P\x01E\x14P\x01E\x14P\x01E\x14P\x01E\x14P\x01E\x14P\x01E\x14P\x01E\x14P\x01E\x14P\x01E\x14P\x01E\x14P\x01E\x14P\x01E\x14P\x01E\x14P\x01E\x14P\x01E\x14P\x01E\x14P\x01E\x14P\x01E\x14P\x01E\x14P\x01E\x14P\x01E\x14P\x01E\x14P\x01E\x14P\x01E\x14P\x01E\x14P\x01E\x14P\x01E\x14P\x01E\x14P\x01E\x14P\x01E\x14P\x01E\x14P\x01E\x14P\x01E\x14P\x01E\x14P\x01E\x14P\x01E\x14P\x01E\x14P\x01E\x14P\x01E\x14P\x01E\x14P\x01E\x14P\x01E\x14P\x01E\x14P\x01E\x14P\x01E\x14P\x01E\x14P\x03%\x7f$n\xaa\xc7R\xc154\xd1\xe7&amp;\x99\x14\\\xff\x00\xa9\xcf\xbf\xad\x003\xfbb\x11\xc1\x87\'\xb9\xf5\xa3\xfbCw.1\x19\xe4\x0fAU\xef\xf58l\x01\xc9\xf3\x08\xea\x9e\x9e\xd5\x81\xabjw\xfa\xcc";ko%q\xc3z\x8a\x96\x06\xf5\xee\xb5ef\x9b\x8fZ\xe6u_\x8a\xd6\x9ar\x95\xb0\xb5\xfbl\xcb\xc3\'\xa1\xefQ\xdbx:i\xd1f\xbe\x7f\xb5\xe0\x0c\xc7\xe9\xedW\x96M/CP|\xa8,p&gt;\xf1\xebB\x03\x9c\xff\x00\x85\x85\xe3\rc\x9b]\x07\xc9F\xe5O\xb7j\x86\xe5\xfe$H\xbb\xd5\xecm\x95\xb9\x01\xfa\x8fc\xefZ\xba\xaf\xc4KE\xb7\x91m\x1cH\xe0\x91\xb9z7\xbds\t\xe2\x91v\xc5\xb5\x1dk\xec\xf17"\x0foJ\x1c\xac\x05\x1db\xdb\xc7,\x99\xb8\xd6\xed\x94\x9e\xa1z\n\xc2\x93]\xf1v\x86\xa1\x86\xa1`\xf8\xfe#\xd4\xfb\xd7f5\xaf\x0cJ\x02\x9b\x8d\xc4q\x9f;\x19\xfc)\xf1M\xe1v9\xces\xces\x9c\xfe5&gt;\xd0\x0f&gt;\xb9\xfd\xa1\xfcM\xe1\xb5\rp\x8bs\x02\xf0\xc5:\x1f\xa7\xb5t~\x0c\xfd\xaf\xf4\x1dfAo\xaa\xc3\xf6\x1b\x85\xf9Q\xbdk\xa4\x92o\x06^(\xb7\x9e\xcf~x\xdd\xeb\xef\\\xdf\x88\xbe\t\xf8\x17\xc5q\x95\xb7\x8b\xecW\r\xca\xbf\xad\x1c\xdc\xc0zn\x8f\xf1[I\xd7\x1f\tq\xb9\x0fB;\x8a\xe9!\xd5\xec.1\xe4\xcf\xcd|w\xe2o\xd9\xeb\xc5^\x0f\x0f\x7f\xe1\x9dc\xedv\xb1\x93\xba?\xee\x8fJ\x83\xc1\xbf\x1eu/\n\xdc\xfd\x8b\xc4\x1aw\x95$G\xcb\xfbO\xd3\x8c\xfe\x95H\x0f\xb4|\xd0y\x07#\xd7\xd6\x9f\x14\xdei\xdb\xe9\xc5p&gt;\x05\xf8\x8fo\xe2\x8d)\'\xb5\x97\xed\xd1\xb2+2\xfdEv\x1af\xad\x04\xd1\xb8\xd9\xe5\xff\x00\xb1\xfd\xdfj\xa04\xf1\x8e(\xa8\x95\x03\xa8a\xd0\x8c\x8ai\xb8\xdaJ\xe3\xa7\x14\x01=\x15\x14gq\xcf\xadK@\x05\x14Q@\x05\x14Q@\x05\x14Q@\x05\x14Q@\x05\x14Q@\x05\x14Q@\x05\x14Q@\x05\x14Q@\x05\x14Q@\x05\x14Q@\x05\x14Q@\x05\x14Q@\x05\x14Q@\x05\x14Q@\x05\x14Q@\x05\x14Q@\x05\x14Q@\x05\x14Q@\x05\x14Q@\x05\x14Q@\x05\x14Q@\x05\x14Q@\x05\x14Q@\x05\x14Q@\x05\x14Q@\x05\x14Q@\x05\x14Q@\x05\x14Q@\x05\x14Q@\x05\x14Q@\x05\x14Q@\x05\x14Q@\x05\x14Q@\x05\x14Q@\x05\x14Q@\x05\x14Q@\x05\x14Q@\x05\x14Q@\x05\x14Q@\x05\x14Q@\x05\x14Q@\x05\x14Q@\x05\x14Q@\x05\x14Q@\x05\x14Q@\x05\x14Q@\x05\x14Q@\x05\x14Q@\x05\x14Q@\x05\x14Q@\x05\x14Q@\x05\x14Q@\x05\x14Q@\x05\x14Q@\x05\x14Q@\x050\xc9\x82E&gt;\x99-\xcc*0z\x8e\xb4^\xc0&lt;\x1c\x80i\xa7\xadV\x92\xe2\x0b\xa1\xb3\xd3\x8a\xcb\xd5\xbcJ\x9a&lt;B\x14\xff\x00]\x8c-\x17\xb8\x17\xf5=~\x1d\t\x06\xee\xad\xcdcAu\xa9x\x92F\x16\xff\x00\xe8\xf6\xecs\xe7\xff\x00x\x7fv\xb1m\xed_S\xbe\xfbv\xa1\xf7\xb3\xb9&gt;\x94x\xb7\xe2\xa5\xaf\x824\xf7\x92\xealF\x07\x03\xd0R\x03\xac\xb5\xf0\xc4Za\xfbC}\xf1\xc9\xfa\xd6O\x89&gt;#\xe9\x1e\x1c\xb6\x95\xae&amp;\xc1\x04\xe4zW\xc8\xdf\x16?n\xc8-\x99\xad4\xc3\x97RS&gt;\xb8\xe2\xbcG\xc4\x7f\xb4\x0f\x89\xfcWn\x1dl\xf7\xac\x83xoPy\xcd&amp;\x07\xd6\xfe8\xfd\xa9\xd2\xd67\x83E\xb4\xf3\x1f$\x07\xfe\xf7\xbdy=\xf7\x8f\xfcy\xe3k\x91\x8b\x88,-\xa4;\xb2z\x80k\xe5\x1f\x11\xfcd\xd74\x84m\xcb\xb5\x87\x05}\x0f\xa5p\x9a\xbf\xed\r\xad\xdd\xc7\xb3\xed\x93\xae8\xda\xbd\x07\xb5 &gt;\xcc\xd5\x1bX\xd2\x9d\xcd\xc7\x8dm\xe3!\x8eS\xfb\xbe\xd5\xc9x\x93\xc6\xaa\x90\x05\x8f\\\x1a\x85\xd8\x18\xe3\xa15\xf1\x8d\xcf\xc5}T;JX\xb9rX\xb1\xeasS\xc7\xf1\xc6\xfa8\xd5OU\x00\x1a\x99\x01\xf5\x04&gt;*\xd6\xdf\r\xf6\xcd\xb9\xe7o\xa7\xb5E\xff\x00\x0b\x13\xc6Z|\xad\xe5_~\xec\x12\x17\xe9\xda\xbel\xb6\xf8\xcf\xa9\xce\xdc^m\x07\xa2\xfa{U\xb9&gt;-\xdfJ\xa1M\xc6H\xeaj\x00\xfawH\xfd\xa0&lt;Q\xa4I\xe7\\\xb6\xe8S\x87o_z\xee\xb4\x1f\xda\xc6\xd7Rp\x97\x0b\xe5v-\xeb_\x1c\xe9_\x10\xef_kg9\x19\xcf\xadY\xbb\xd7.\xb5"M\xd7\xfa\xb69\x1fJL\x0f\xd1\x0f\r\xfck\x8bQ\xb6\x06\xca\xfb\x05\x94\x1a\xd4\x97]\xd1\xfcG\x03\xae\xa5\x1f\x98\xe7\x97\x7f\xef\x1e\xe6\xbf8t\xbf\x16\xdcxb\xe29lo6\x1c\x02\x17\xd3\xda\xbd?\xc3\xdf\xb4\x93\xc3\x07\x97r\xdb\xaeTm\xdd\xeaGz\xd1\x01\xf4\xf5\xc4:\xe7\xc3\x9b\xe6\xd7\xfc\x19\xa8\xff\x00\xc4\xb5X\xc95\x8f\xf7\xb9\xce+\xd5\xbe\x1b\xfe\xd2zg\x8c\xed\x98_\xff\x00\xc4\xbbPQ\x89=\x9f\xbf\xeb\x9a\xf9\x83\xc1\x9f\x1c\xef\xb5U\x88Io\xe5\xa5\xc2\x88\xc3\xfa\x8cu\xae\x97\xc5\xbf\xb3\xd6\xa1\xa9X\xa7\x89\xf4\xbb\xdd\xa7h\x9aA\xe8H\xc9\xfeu\\\xdc\xa0}\x85\xa7\xfcT\xb1\\\x01\xa8\xfd\xa3\x1cb\xb5\xac\xfe"\xe8\xd7\x12\x1d\xd7\xbbX\x9eG\xa1\xaf\x8c~\x14\xe8\xd7:\x94\xcc\xf7\x17\xdf\xe90\x1d\xbf\x88\xafp\xb1\xd3F\xa2\x89k{?\x960\x06\xff\x00_z^\xd0\x0f|\xb0\xf1.\x9f\xa9\xb0H.3\xef\xebZ\x9fC\x91\xeb\xeb_;^\xfc?\xd4\xb48\xfc\xfd6\xff\x00(\xdf2};R\xe8\x9f\x11\xb5O\x0c^$7\xed\xbb\x1f)o\\w\xaaR\xb8\x1fDQ\xe5\xe7\x9a\xe2\xb4\xaf\x8aZ&gt;\xa1h&lt;\xcb\xbf\xb3\xb9P[\xeb\xde\xba\r\'V\x8a\xea\x03=\xb3\xf9\xab\x8c\x87\xfe\xf0\xf5\xaa\x03JW\xf2\x06i\xa2m\xc0\x1f^j\x0f\xb7\x1b\x8e\xbdOZ|t\x01d\x1c\x80h\xa0t\xa2\x80\n(\xa2\x80\n(\xa2\x80\n(\xa2\x80\n(\xa2\x80\n(\xa2\x80\n(\xa2\x80\n(\xa2\x80\n(\xa2\x80\n(\xa2\x80\n(\xa2\x80\n(\xa2\x80\n(\xa2\x80\n(\xa2\x80\n(\xa2\x80\n(\xa2\x80\n(\xa2\x80\n(\xa2\x80\n(\xa2\x80\n(\xa2\x80\n(\xa2\x80\n(\xa2\x80\n(\xa2\x80\n(\xa2\x80\n(\xa2\x80\n(\xa2\x80\n(\xa2\x80\n(\xa2\x80\n(\xa2\x80\n(\xa2\x80\n(\xa2\x80\n(\xa2\x80\n(\xa2\x80\n(\xa2\x80\n(\xa2\x80\n(\xa2\x80\n(\xa2\x80\n(\xa2\x80\n(\xa2\x80\n(\xa2\x80\n(\xa2\x80\n(\xa2\x80\n(\xa2\x80\n(\xa2\x80\n(\xa2\x80\n(\xa2\x80\n(\xa2\x80\n(\xa2\x80\n(\xa2\x80\n(\xa2\x80\n(\xa3\xcb\xcf4\x00R\'SK\x8cqE\x006g\xf2r\xd4\xc8\xdby\xdd\xeb\xcd$\xc3\xca\xf9\xbdy\xacmSX\xfb"\x94\xfe\xf5\x00l\xdc\xc9\x85\xc5A\x16\x9enNe\xfb\x87\x91\xf4\xaf&gt;\xd6~+i~\x0fR\xfa\x96\xa5\x04q\x8f\xe03`\xaf\xb6+\xcf\xbc]\xfbqx#@\xb1\x90\xc5\xa8\t\x9dx!NG\xe7S\'b\xa2{g\x8a$\xb6\xd1\xed\x82\xb7\xdfa\xf2W\x1f\x1e\xa1m\xa7\xc4\xfa\x85\xe4\xd8U;\xb1\xe9_$\xf8\xe7\xf6\xf5\xd3&lt;Qn\xcbk6\x16\x0eT{\n\xf9\xaf\xe2\x97\xed\xbd\xab\xeb\xab-\x9cS\xfe\xebiT\xfav\xac9\xb5,\xfbo\xe3\x9f\xed\x99\xa4\xf8&amp;\xc6\xe2\x1d0\xe6\xedT\xa8&gt;\xe3\x8a\xf8+\xc7\xff\x00\xb4\xaf\x89~\'\\\xc8\xd7\xd7\x9b`,J/\xa2\xe7\x81^)\xaa\xfcH\xd4&lt;L\x1b\xcf9\xdd\xce~\xb5\x87q\xab\xcc\x88\x17\xb0\xe2\x9f0\x1e\xb1m\xe3{M\t\xbc\xe7m\xceyf\xf5=\xcdex\x8f\xf6\x90\xbf\x923\x05\xac\xd8H\xfeE\x1e\xc3\x81^M\xa9j\xa4\xc6\t\xeb\x8ek*\x05\xf3\x1c\xbf\xf7\x8eh\xbd\xc0\xea5\xaf\x88\x97\xfa\xd8fy\xfew;\x8f\xd4\xd6\x1cz\xac\xe4\xe4\x9c\x9e\xe7\xd6\xb3\xee$\xda\xcc=\r$G84\x13#N]FyF*\x18\xe5;\x8ez\xf7\xa7\xa5\xbe\xe4S\x8e\xa2\x9c\xf0y*\x1b\xd6\x82\x01\x0eX\x9fz\xb5\x0c\x98\xc0\xaa&gt;l=\xfa\xf7\xa6Ir\x00\xc0\xe9\xda\x80:KMvk\x0cc\xa0\xe9[\xb6\x7f\x11\'Kr\xbe\x9cW\x9c\xfd\xab\xda\x9f\x15\xd74\x01\xe8v\xfe\'\x9eg2\x7f\x7f\xe6\xfc\xebB\xdb\xc4gw={\xd7\x9d\xc3\xa9\xed\x00zqW!\xd5*\xa2\x07\xbbx3\xe2m\xe6\x9a\x9bVl*\xf0\x07\xb5}\x03\xf0_\xf6\xab\xb8\xd1\xef\xc6\x9buq\xe6\xd8\xb9\xdb"\xfaW\xc6\xba\x16\xb5e"\xa2\xcb\xfe\xb8(\x02\xb6\x1bX\x9fN\xb9Y\x1f\xfdY\xe5~\x9d\xaa\xc0\xfd\x10\xd5u\xad/Z\x96Mw\xc3g\xcb\xbd\x0cd\x9a?\xef!9\xafB\xf0-\xf1\xf1\xff\x00\x87]\xf4\xcb\xcf\xb3\xdc\xc6\x80&lt;&gt;\xad\x8eG\xe7_\x08\xfc\x1e\xf8\xa6m\xef\x12\x19\x1bj\x1c\x01\'\xa8\xfe\xed{\xd6\x89\xadj\xfe\x1d\xd7\xa1\xf1G\x86\xfet\'u\xcc\x7f\xdd\xcf$TK\xa0\x1fIx\x03\xc6\xba\xe7\x83\xae\xe7\xb2\xbf\x8b\xcf\xb7\x0eQ\x87\xd0\xe2\xba\xfdb\xf3\xc3\xbe\'BJ\xec\xb9\x7f\x9bo\xa1=\xab\x07\xc0\x9e.\xd1\xfe.h\xed{\x10\xdb\xa8B\xa3\xcf\x1e\x92c\xe6\xfdsX\xda\xc2\xc3\xf6\xd6\x8e\xe5&gt;\xca\xe8\xc5R_\xef\x00z\xd6\xcb`0\xfcS\xa1,Z\xb4H\xbfuN\x07\xd2\xbb\xef\x0e\xf8\xa2\xe3\xc2\xbaT)\xff\x00.\xf8\x00\xfeU\xe7w\x92\t&amp;\x92@\xfe`\x81\x8a\xef\xfe\xf6\x0e3P\xd9\xfc\\\x8e\xd1d\x82\xeb\xfd\\D\xa0\xfa\x0e(\x03\xe8\x8f\x0ex\xf2\xcbZp\x9eo\x93\xef]\x82\xdeAj\xa1\xdd\xb7\xc6FCz\x8fZ\xf9F\xe3\xe3v\x87\x16\x94\xf1\xc7\xf7\xd4o?Z\xe7|#\xfbR\x0b\xcdJ[&amp;\xff\x00R\xaeQ~\x80\xe0P\x07\xdaO\xac\xdb\xa2\x87_\xbay\x15\x95\x7f\xe3(,\x81o\'&gt;\xfe\xb5\xe5m\xf1:\xc3M\xf0\xe5\xb6\xa6.~\xd3=\xc1\n"\xfe\xee{WE\xe1\xdf\x1e[\xdd\x04mF\xc7\xf7l\x01\x1fJ\x00\xeft\x8ddk\xb6\xe6@01\x90=*\xe4w[\xce\xcf\xee\xf1\\\xe0\xd6m!\xfd\xf5\x90\xdb\x03\xfc\xc5}3Z\x1aD\xe2e{\x91\xd0\x9d\xc2\x806\xe3\xebN=Mr\x97\x1e\'\x0b|\xc2/\xbc\x18\x83\xf9\xd6\xf5\x85\xc9\x9a\xcf\xccn\xae\xdb\x8f\xe3@\x17(\xa39\xe6\x8a\x00(\xa2\x8a\x00(\xa2\x8a\x00(\xa2\x8a\x00(\xa2\x8a\x00(\xa2\x8a\x00(\xa2\x8a\x00(\xa2\x8a\x00(\xa2\x8a\x00(\xa2\x8a\x00(\xa2\x8a\x00(\xa2\x8a\x00(\xa2\x8a\x00(\xa2\x8a\x00(\xa2\x8a\x00(\xa2\x8a\x00(\xa2\x8a\x00(\xa2\x8a\x00(\xa2\x8a\x00(\xa2\x8a\x00(\xa2\x8a\x00(\xa2\x8a\x00(\xa2\x8a\x00(\xa2\x8a\x00(\xa2\x8a\x00(\xa2\x8a\x00(\xa2\x8a\x00(\xa2\x8a\x00(\xa2\x8a\x00(\xa2\x8a\x00(\xa2\x8a\x00(\xa2\x8a\x00(\xa2\x8a\x00(\xa2\x8a\x00(\xa2\x8a\x00(\xa2\x8a\x00(\xa2\x8a\x00(\xa2\x8a\x00(\xa2\x8a\x00(\xa2\x8a\x00(\xa2\x8a\x00(\xa2\x8a\x00(\xa2\x8a\x00(\xa2\x8a\x00(\xa2\x8a\x00(\xa2\x8a\x00(\xa6\x9e\xb5\x14\xb3Eh7\xcd\xd0\xf3@\x13\xd471e\x7f\xd7c=\xab\xcc\xfe#~\xd1~\x1d\xf8y\x13\xc7p\xdfj\xbb\x04\x84\x88v\xf6\xaf\x9f\xbc]\xfbR\xf8\xc7\xc6\xa8\xf1xkM\xfb\x1d\xaeN\xe9=}\xeaX\x1fYk\x1e-\xd3\xfc/f\xf7\x17\xda\x8d\xbc\n\x9f\xde\x9b\x07\xf1\x15\xe3\x1e:\xfd\xb9|\x11\xe0\x7f1&lt;\xe4\xbf\xb8\x0b\x80-\xceI5\xf3\x9e\xa5\xe1\x9dC\xc51\x8dO\xc6\x1a\xec\xee\xaf\xf7mW\xa0\xcfj\xe7c\xf8G\x1e\xb1{\xe5\xe9\x1aq\xb1\xd3A\xc4\x97\x07\xab\x8f\xef~=j$&amp;v~7\xff\x00\x82\x90\xeb\x1a\xbd\xb1\xb6\xf0\xde\x82\xd6\xc5\xb8Y\\\xf2\xc3\xb1\xaf\x0b\xf1?\xc6\xaf\x8c_\x13g1\xa6\xa5&lt;J\xe4\x90\x8b\xd1A\xed\xf8W\xae\x8f\x86\x1e\x1a\xf0\xbc\xd1\xa8\x97\xed\xd7\xe4\r\xab\xefY?\x12u\x8b\x9f\x0bxy\xde\xe4\xae\x9f\x10_\x94\xc3\xf7\xb1\xefY\xb3DxG\x89\xbe\x14x\xa2KU\xbd\xd7\xfc`fg\x1b\xde\xdc\xf5\x8c\x9eJ\xfe\x07\x8a\xf2}v\x0b-\x19\x9c\x1dG\xed\x05I\x18\xfaU\xff\x00\x17\xfcV\xba\xd4n\xee\x129\x0c\xb1\x8c\x85v\xea\xc3&lt;\x13\xf5\xaf5\x9e\xf1\xf5Vig\xecsRQ&gt;\xa9\xad+)+\xca\x9e\x9fJ\xc1\x88\xfd\xbeV\xf75j[`y^\x9d\xaaX&amp;\xfb8\x1e\xc2\x81\xa2\xb4\xa3\xec#\xe9\xc5fO&gt;\xf6f\xfe\xf1\xcdZ\xbb\xb8\xf3\xe5\x93\xfd\xe3Un"\xf9\x07\xd2\x82\x8a\xd2\x1c\xf3M\x8a&lt;\x9c\xd5\xebM7~\x1b\xd4f\xad\xfd\x9f\xc8\xa0\n6\xd6;\x9b&gt;\xb5i&amp;\x86\xd9\x88=G\x06\x96[\xed\xa3\x1e\x9cU\x1b\x96\xdf\x96\xf5\xe6\x93\x02\xc5\xd4\xe1\xc1a\xd0\xf2+6Yi\x1e\xe7j\x81\xe81PI.F}k\xa5ls\xf5\x1f\x9c\xf3P\xcd\x1eri\xbfi\xc7\x18\xa3\xed^\xd52\x00h\xbeA\xf4\xa6c\x1cT\x8f.T\x1ah\x8fp\x07\xd6\xa0\x07\xdb\xdc\xedlzqWc\xba\xe6\xb3\x0c|\x9a\x91\x86\x14\x0fj\x00\xda\xb6\xd4\xb6\xb6?\n\xdb\xb7\xd7\xcd\xc2,R\xfd\xd5\x01G\xd2\xb8\xfb[\x9d\xa4\x0fJ\xb5\r\xd7\xef\x1b\xeb@\x1e\xa3\xe1\x0f\x116\x83\xaa\xc3,\x9f\xf1\xe8p\x7f\n\xfb\x1b\xe0\xf7\xc4\xeb\r{MkD\x9b\x0b\xb4\x00=\x06+\xf3\xee\x1dOh\x03\xd3\x8a\xeb|\x19\xe3\xb9t;\x9d\xd0\xcd\x82\x0fOJ\x00\xfb\xc6\xd7\xc6:\xa7\xc2o\x1bC\xabX\x0f3N\xb9\x90\x89c\xf4\xc9\xfb\xd5\xefZ\xa7\x8dt\xcf\x15\xe8\x03T7\xdc\xec\x0e\x7f\x11\x9a\xfc\xe7_\x8ew\xf2A\x1a\xcar\xa1@\x07\xd7\x8a\xb1\x07\xed\x03yoc,+\xf7O\x02\x80&gt;\x8d\xd3\xbe"\xdd\xeb\xfe&gt;\x93K\xfe\xd3\xf24\x7f\xb4:9\xf6\x0cEu?\x19u\xaf\x00xCHH"\xd5\xb7]2\x0e}N+\xf3\xfe\xef\xe2e\xed\xc6\xad4\xbeo\x91\xe6H\xcd\x9f\xa9\xcd[\x87T\x7f\x14H\xd1\xcfq\xbb\'\xaf\xad\x00zG\x8a&gt;2\xc3itm\xec_\xcc\xf9v\x87\xfe\xf7\xbd7\xc2\xdf\x18\x9a\x1bY\x0b\xfd\xff\x00\xe2\xfa\xf7\xaf-\xd6t\xd1\xa7!\nr\xab\xc0&gt;\xb5\xcd\xb6\xa72\xc5 \x1d\x01 P\x07\xd5\x9a_\xc6\x99\x9e\xd2\x1b\x81y\xb0E\x80\x17\xd3\xda\xbaY\x7fo-g\xc3q-\x81\x7f\xb4B\x00D\xfa\x0e\x05|Eg\xe2k\xc4I\x14tR@\xabV\xba\x93Hw\xb7\xdenO\xd6\x80?I\xbe\x0c~\xde\xf6:\xbc\xbf\xd9\xfa\x98\xdb+p\x07\xa5}\x11\xe1\xaf\x8f1x\x9a\x7f\xb2[}\xd2p\xbfN\xd5\xf8\xa5\x06\xb5\xfd\x99\xaeCq\xe8s_Z\xfe\xcf\x1f\x1d!\xd2\xb5k2f\xc1\x05r=)0?O\xf4/\r\x99\x91\xef\x9b\xef?\xef\x0f\xe3\xcdt\xba%\xc4\xe8$W\xff\x00V\t\x03\xe9^C\xe1\x1f\x8d\xe3X\xb7\\\\y\xa1\x94\x10\xbe\x95\xe8\x9a\x07\x8c-d\x88\xbc\xe3\x1b\xb9\xc5h\x80\xef-\xce\xe4S\xea3R\x1e\xa6\xb0\xed\xf5\xbbi\x15Y&gt;\xe3\x00G\xd2\xaf.\xa9\x01P|\xecq\xd3\xd2\xad\x01v\x8a\xabop\'s\x83\x91\xd8\xd4\xf2\x0cU\x00\xfa)\x83\xa0\xa7\x8e\x94\x00QE\x14\x00QE\x14\x00QE\x14\x00QE\x14\x00QE\x14\x00QE\x14\x00QE\x14\x00QE\x14\x00QE\x14\x00QE\x14\x00QE\x14\x00QE\x14\x00QE\x14\x00QE\x14\x00QE\x14\x00QE\x14\x00QE\x14\x00QE\x14\x00QE\x14\x00QE\x14\x00QE\x14\x00QE\x14\x00QE\x14\x00QE\x14\x00QE\x14\x00QE\x14\x00QE\x14\x00QE\x14\x00QE\x14\x00QE\x14\x00QE\x14\x00QE\x14\x00QE\x14\x00QE\x14\x00QE\x14\x00QE\x14\x00QE\x14\x00QE\x14\x00QE\x14\x00QE\x14\x00QE\x14\x00QE\x14\x00U[\xeb\xf8l\xad\x9d\x8c\xd8=\xc7\xa5E\xaf\\\x8b{\x13,_}G5\xe3\x9e#\xf8\x8eY\xa4\xb5?{qS\xf9\xd0TN\xeb]\xf8\x9f\x06\x87`[9\xc0\xeb_=x\xff\x00\xe2/\x89\xbct\xf3\xd9\xe9\xa3\xca\x8d\x9d\x827\xaa\xe7\x83\xf9W[\xa1\xf8WV\xf1\x8e\xa1\xbc\x0f+O\xceY\xbdG\xadu7zn\x9f\xe1\x19\x96\x1bS\xbaA\xf2\x93\xeaE+\xd8\xb3\xc3\xbc%\xfb&lt;\xcd}"\xea\xbe"\x9f3\x00\x1f\xf1\xeb[\xfe$\xb0]2\xc5\xact\xa3\x93\xf7A\xae\x8b\xe2/\x8c\xcd\xb5\x97=@\xc5xw\x88~!Zi1}\xaey\xb1\xfcX\xf4\xac\\\x80\xd6\xd2&gt;\x1b\\\rC\xfbCT\xfb\xa0\xee5\x85\xf1\x8b\xe2\xfd\xb7\x864\xff\x00\xec\xebI\xb1\x12\x8f-\x87\xa68\xaf*\xf8\x87\xfbXEie-\xbd\x91\xc9\t\x8c\xfa\xd7\xcb\x9e%\xf1\xf6\xab\xe3{\xa6\x9aO\xb8\xccX}\t\xcdKw\x13W=\x9f\xc4\x1f\xb4\\z$;\xac\x0eg\x1fx\xfa\x9e\xf5\xe2~8\xf8\xa1\xae\xfcA\xbe\x12\\\xdem\x88\xb1e_@k\x16\xe6\xda"\xb9\x7f\xbf\xfc_Z\xc9\xd4\xb5Q\x0cb1\xd1\x06\xd1\xf8Vkr\xd4K\xd7\x1a\x91\xb6A\x036\xe2F\x0bz\xfb\xd5_#\x7f\xcd\x9e\xbc\xd6V\x9e?\xb4\xef\x15\xff\x00\xbak\xa3#i\xc7\xa7\x15C\xb5\x8aO\x16\x14\n\xcd\xbb\x93nG\xa7\x15\xa1x|\xdc\xaf\xa1\xc5W\x8a\xc7\'4\t\x99\x9b7s\xebVmb\xe6\xaeKm\xf6A\xbf\xd7\x9a\xa3uy\xe6\x8cP$2\xf2\xf7\xcb,\xbe\x87\x15\x98\xd7Ybs\xde\x96\xe6\\\n\xa5$\xbcP6Y\xb8\xba\xf9\x05U{\xaf\x94}*\t%\xe2\x9e\x87*\x0f\xb5&amp;"\xa3\xdd|\xed\xc7zp\x97 \x1a\xb2\x96\xdb\x98\x9fS\x9a\x93\xec\xbe\xf5\xbb\xd9\x192\xa6sE[\xf2\xb1\xc5&gt;+l\x9c\xd4\x0e%A\xd2\x8a\xb54X\xc8\xa8|\xba\x0b\x14t\x15\x1c\x95&amp;1Q\xc9@\r\x8e\xacG&amp;\x0e*\xa8\xe9N\x8f\xad\x00hG/5z\xc6O)\xf7z\xf3Y1\xf5\xab\x10I\x87#\xde\x82doI\x7f\xf2\xd3E\xd6@9\xaa\x02N*ks\x93\x9a\x08\x1e\xc9\xb9\x89\xf59\xa4\xfb\x7f\xd8y\xa7\\t\xac\xb9\xa3\xc9&amp;\x807\xa3\xd5\xb7\xda\x96\xf5\x19\xaa\x82}\xf0;z\xf3P\xc3&amp;\xdb&lt;z\x0cUG\xb9\xc2\x81\xed@\x0f\x8e\xe7\r\x8a\xb1\x1c\xb99\xac\xc3s\xc9\xe6\xb4,\xe6\xc8_\xa5\x00W\xbf\x8fu\xe4G\xd7\x06\xbaX5\xf9t\x98#0\xf5\n\x07\xe9Xwg3)\xab\xf3\xff\x00\xc7\xb4\x7f\xee\x8f\xe5U\x10=\x1f\xc1\x9f\xb4\xce\xbf\xe0\xb7\xb7)6\x11\x08\n=\x85}}\xf0\x8f\xf6\xeb\x83W\xd3\xe0\xb4\xd5\x0eg\xde\x06}M~w\xcd\xfe\xa9~\x94\xed\x1bQ\xbc\xd25H\xa5_\xbay\x1fJ\xb0?o\xbc\x03\xf1Q&lt;D\x9fh\x8f\xeeL&gt;_\xa1\xe9^\x97\xa7\xc1\xe6a\xff\x00\xbc3_\x94?\x05\x7fk;\xdf\x05\x184\xeb\x9f\xf8\xf0$+\xfe\x1cW\xe8?\xc1?\xda\x0fL\xf1~\x8c\xa6\xc6\xfa\x07#\x18\x8d\xba\xaf\x1d(\x03\xdd\xb4\xd8&lt;\x97\xcdi\xdc\xdc^D\xb9_\xbb\xdb\xe9\\\xa5\x9f\x8e/5$\x91\x01\x04\x02@\xdb\xd2\xadYx\xb2\xfa\xc1\xff\x00z|\xd4\x1d\x17\xd0R`tv\x1a\xdb\\7\x96\xdfyx?Z\xd8h\xb6F\xaf\xea3\\\xb8\xf1\x04w\x83|\xd69\x0f\xf3~u&lt;Z\xc5\xba\xe0*\xed\x03\x80\xbe\x9e\xd5\xb3\xd9\x01\xd0\x03\x90\r-f[k6\xe4\xfe\xeel7q\xe9W\xa3\xb8\x17\x07\xf7s\xfc\xfd\xfe\xb5%D\x96\x8aW\x88\xed\x1b\x8eOs\xebM\x03\x00\n\x07!h\xa2\x8a\x08\n(\xa2\x80\n(\xa2\x80\n(\xa2\x80\n(\xa2\x80\n(\xa2\x80\n(\xa2\x80\n(\xa2\x80\n(\xa2\x80\n(\xa2\x80\n(\xa2\x80\n(\xa2\x80\n(\xa2\x80\n(\xa2\x80\n(\xa2\x80\n(\xa2\x80\n(\xa2\x80\n(\xa2\x80\n(\xa2\x80\n(\xa2\x80\n(\xa2\x80\n(\xa2\x80\n(\xa2\x80\n(\xa2\x80\n(\xa2\x80\n(\xa2\x80\n(\xa2\x80\n(\xa2\x80\n(\xa2\x80\n(\xa2\x80\n(\xa2\x80\n(\xa2\x80\n(\xa2\x80\n(\xa2\x80\n(\xa2\x80\n(\xa2\x80\n(\xa2\x80\n(\xa2\x80\n(\xa2\x80\x19+\xf9#uE\xe7n\xe7\xd7\x9a\x9a\xe2L \x15\xc3\xf8\xd7\xc5f\xde\x03\xa7Y\xff\x00\xc7\xdc\x9c\x0f\xad\x00b\xfcS\xf1\xc9\x85\x7f\xb2\xb4\xc3\xe6\xdc\xb7\xca\xeb\xe8\xdd\xeb\x03\xc0\xff\x00\x0bZ\xeeD\xd4\xb5/\x9d\xc8\x0e\xe9\xfd\xd2y"\xb64\x0f\x0cA\xa5Dn\xef\x7f\xe3\xf6_\xde?\xfb\xc7\x93\xfa\xd6\xb4s\\3f\xdel[\x1f\xf5\x83\xd0\xf7\xa9r\xe5\x02y\xf5x\xedY\xb4\xed9&lt;\x84\x07c\x1f\xa7\x15\xe6\x7f\x10\xbcY\xa7xf;\x9f6\xe3\xf7\xaa\x08\x7f\xa8\xebK\xf1\x83\xe3g\x86\xbe\x1d\xe87p\xc7?\xfcL\xd9N&gt;\xb5\xf9\xc5\xf1G\xe3\xb5\xfe\xb9yx\xf2\xde\xe1]\x99\x80\xfa\x92k7;\x9b\xf4=S\xe2\xef\xed\x11k\x0cS$\x07;Y\x97&gt;\xb85\xf3\x0f\x8c\xbe1\xea^&amp;a\x12}\xce\x83\xe9\\6\xb1\xe2I\xb5\xc6u\r\xbb$\xfc\xde\xbe\xf5F\xd5J\x80\x0fQ\xc1\xa8n\xe4\x9b\xf6z|\x97\x97kqq6\t\xf9\x88\xab\x9e#\xf1\n\xd9[\x04\x86-\xe5\x06\xdd\xde\xb8\xef\\\xe4\x97\x13@2:v\xac\x9dB\xe0\xcf2\xe7\xafz\x91\xa1\x97\x9a\xac\xf7d\xb1\x18\xdcs\x8fJ\xa9\x1d\x8c\xf7\xd3\xa0\xad\xed;J\xfbF\xd3\xea+TZ}\x80}8\xa0\xa2=\'O\x8a\xc2\x13\xbb\xef\x0e\xbfZ\xa7{t76:d\xe2\xa6\x9e\xeb\xed\x04\xc3\xfd\xe3S\xdai\x10\xdaa\xcfR2h\x02\x9d\xa6\x9ee\xc3\xcb\xf7[\xe6\x1fCK9\x16\xc4\x85\xfb\xa0\xe0U\xdb\xeb\xd0\x89\xb4t\x1c\n\xc0\xbf\xba\xc8&amp;\x80+\xde\xdde\x98\xfb\x9a\xc9\xba\xba\xe2\x89\xe5\xc9\'\xde\xb3.%\xf9\x9b\xeb@\x98\xe9n\xaa\xb1\x97$\x9a|Q\xee9\xf5\xab\x91Xl\xf9\xff\x00\xbd\xcd\x04\x94\xe2\xb7\xdcwz\xf3VF\x9b\xb8\x03\xebZ\x06xm\xe3\\\xf5\xc75FmPd\xe3\xa7jL\x05\x10m\x01}8\xa7&lt;\x9bT\x0fJ\xcc\x9bT\xe4\xfdj\xb4\x97\xf9\x15\xd2\xb6\x03L\xcb\xc9\xa8\xcc\x9c\x9a\xcf\x17\xfc\nD\xba\xcb\x13S 4\xb3\x9a*\x8a]|\xc7\xebR\xfd\xa7\xde\xa0\x0b\x1e^id\x8b\xe5\x14\xc8e\xcdM\x9c\xf3@\x15\xfc\xaa1\x8e*C\x1eI4\xc9"\xe2\x80\x1d\x14\x988\xa9\xe09b}\xea\x14\x18P=\xa8I0\xc4{\xd0L\x8d\x0f3\x155\xb4\xbf5gI/\xca+GG\x8fs\x83\xebA\x04\xf2\xdc\xe0b\xa9\x03\xb9\xd8\xfa\x9c\xd4\xfa\xd4\x9bC\x0fC\x8a\xa9fr\x8a}\xa8\x02k\x8b\x9d\xa8\x07\xa7\x15JC\xb8g\xd7\x9a\xb3?\xde?Z\xad?\xfa\xb1@\x10\xa7Z\xbdks\xb4\xe3\xd3\x8a\xce\xf31\xc5M\x0c\xb4\x01\xa6e\xc9&amp;\xa7\x97R\xd9\n/\xa0\x02\xb3\xa3\x97\x9a\x9aI~Q@\x11\xcb\xaaR\xdbj\x7f5BSq\xcf\xadY\xb5\x8b\x9a\xa8\x81\xa9k\xacL1\x8e\x9d\xab\xac\xf0?\xc4\xeds\xc1z\xa8\xbb\xb1\xbc\xdaT\xe4/\xa7\xb5q\xb1\xc5\xcd[\x88c\x8a\xb0&gt;\xc4\xf0?\xfc\x14?Y\xd0\xad\xd6=J\xdb\xedRF\xa1A\xf5\xc0\xc6kgY\xff\x00\x82\x96x\x8a\xf5\x08\xb1\xd3~\xc6{?\xaf\xbd|K-\xfc6C\'\xafz\xbd\xa5\xf8\xce\xca\xcd\x83\x18r{\x9fZ\x00\xfaGS\xff\x00\x82\x88|G\x9a\xe7\t{\x85\xcf\x03\xd0Wm\xf0\xe3\xfe\n=\x7f\xa6]\x04\xf1]\xb7\xda\x8bt&gt;\xbe\xf5\xf3-\x8f\x8c4\rQU^\x0f\x9f\x03w\xd7\xbdt\x96?\x0cto\x1a\xa2\x0byv\xce\xe02\xaf\xa6{T\xc9\xd8\xa8\x9f~\xf8\x1b\xf6\xe9\xf8\x7f\xe2\xbb\x80\xb2O&gt;\x9d#r\xd8\xe8\x0fq^\xf5\xe0\xff\x00\x8b\xda\x16\xb8\xc8\xfaO\x88\r\xe7\x98\x03,g\xa8\x07\x90+\xf1\xee\xff\x00\xe1\x06\xbd\xf0\xe6\xeb\xed1\xdao\x8c\x9c\xab\xff\x00xv5\xe8~\x00\xf8\xd6\xfa;\xc7\r\xca}\x82\xe6%\t\xe7\xff\x00x\x8e6\xd6w\xb9g\xec\xa6\x9f\xe2#q\x14y9%FO\xe1[\x91\xcf\x0b\xc6\xacf\xc1 \x12=+\xe0\xef\xd9\xef\xf6\x8a\x8b\xc4\xb7\xf1\xe9\xf7w\xb8\x91@E\x1fN+\xec+]V\xefN\xb5\x86\xe1$\xfbj:+\xaaz\x023]\x1d\x00\xecr\x0f \xe4v&gt;\xb4V\x1d\x9f\x8bc\xbe\n\x1d&lt;\xb7\xc7\xcc\x9f\xdd=\xc5kB\xe2@\x18tnE2dME\x14P@QE\x14\x00QE\x14\x00QE\x14\x00QE\x14\x00QE\x14\x00QE\x14\x00QE\x14\x00QE\x14\x00QE\x14\x00QE\x14\x00QE\x14\x00QE\x14\x00QE\x14\x00QE\x14\x00QE\x14\x00QE\x14\x00QE\x14\x00QE\x14\x00QE\x14\x00QE\x14\x00QE\x14\x00QE\x14\x00QE\x14\x00QE\x14\x00QE\x14\x00QE\x14\x00QE\x14\x00QE\x14\x00QE\x14\x00QE\x14\x00QE\x14\x00QE\x14\x00QE\x14\x00QE\x14\x00QE\x14\x00QE0\xc9\x82E\x00&gt;\x99#o\x1b\xff\x00\xb9\xc5\'\x99X~7\xf1\x14&gt;\x19\xd0\xe4\xbb=B\xe4\xd2bf?\xc4\x0f\x88pxz\xcf\xec\xff\x00\xf3\x11\x9cm\x87\xfaW%\xa5[\x7fdZ\rSS\xff\x00\x90\x9d\xca\x87\xfc\x0f?\xd6\xb0\xfc7x&lt;M\xaa\xcd\xe2}UwB2\xb6\xd1z\x0e\xcdY\x9e#\xd4/u\xedP\xc4\xff\x00$a\x88Y?\xbc3\xc1\xa94GC\xad\xfcD\xd2\xfc?h\xf2L\xdel\xddB\xfaW\x88|H\xf8\xd1\xaa\xcb\xa4\\:\xdc}\x83MbI?\xec\xd7c\xe2\xa1\xe1\xdf\x01i\xb3j\x9a\xdd\xff\x00\x9b:\xa6\xe8\xd3\xd3\xda\xbe\x05\xfd\xa0\xbe&lt;?\x8c5\xa9\x17O9\xd3\x90\xb0\xff\x00\x80\xe7\x8a\x89lQ\xcf|a\xf8\xbe\x9a\x85\xec\xf1\xa4\x9er\x02\xc1d\xfe\xf8\xcf\x07\xf1\xaf\x14\xb8\xbc\xfe\xd2Aq\xea7V\x8c\xfa\xa2\xccL\x89\xf7_\xe6\x1fCYw\x13nf&gt;\xa75\x82\xdch\xaa\xa7,O\xa9\xabQt\x15]\x0enT\xd6\x92[\xf9\xeeG\xbd'... (set the log level to DEBUG or TRACE to see the full content) 
 </msg>
<msg time="2026-02-17T20:10:10.858050" level="INFO">POST Response : url=http://localhost:3000/api/users 
 status=201, reason=Created 
 headers={'Content-Security-Policy': "default-src 'self';base-uri 'self';font-src 'self' https: data:;form-action 'self';frame-ancestors 'self';img-src 'self' data:;object-src 'none';script-src 'self';script-src-attr 'none';style-src 'self' https: 'unsafe-inline';upgrade-insecure-requests", 'Cross-Origin-Opener-Policy': 'same-origin', 'Cross-Origin-Resource-Policy': 'same-origin', 'Origin-Agent-Cluster': '?1', 'Referrer-Policy': 'no-referrer', 'Strict-Transport-Security': 'max-age=15552000; includeSubDomains', 'X-Content-Type-Options': 'nosniff', 'X-DNS-Prefetch-Control': 'off', 'X-Download-Options': 'noopen', 'X-Frame-Options': 'SAMEORIGIN', 'X-Permitted-Cross-Domain-Policies': 'none', 'X-XSS-Protection': '0', 'Vary': 'Origin', 'Access-Control-Allow-Credentials': 'true', 'Content-Type': 'application/json; charset=utf-8', 'Content-Length': '866', 'ETag': 'W/"362-bFh7yAbDldFG3WMUZqa27+MDoeg"', 'Date': 'Tue, 17 Feb 2026 13:10:10 GMT', 'Connection': 'keep-alive', 'Keep-Alive': 'timeout=5'} 
 body={"success":true,"message":"User created successfully. Please wait for verification.","data":{"id":"cmlqmezs50003fz6bm3pungfr","username":"user661352","email":"test661352@gmail.com","firstName":"test","lastName":"user","gender":"MALE","phoneNumber":"0656587417","profilePicture":null,"nationalIdNumber":"7453615704628","nationalIdPhotoUrl":"https://res.cloudinary.com/dgksww9sr/image/upload/v1771333809/painamnae/national_ids/eoefrnkqonn47blryufm.jpg","nationalIdExpiryDate":"2026-12-31T00:00:00.000Z","selfiePhotoUrl":"https://res.cloudinary.com/dgksww9sr/image/upload/v1771333809/painamnae/selfies/lv3kjzvb0jeqz8voriqt.jpg","role":"PASSENGER","isVerified":false,"isActive":true,"otpCode":null,"lastLogin":null,"createdAt":"2026-02-17T13:10:10.853Z","updatedAt":"2026-02-17T13:10:10.853Z","passengerSuspendedUntil":null,"driverSuspendedUntil":null,"deletedAt":null}} 
 </msg>
<msg time="2026-02-17T20:10:10.858159" level="INFO">${response} = &lt;Response [201]&gt;</msg>
<var>${response}</var>
<arg>${SESSION}</arg>
<arg>/api/users</arg>
<arg>data=${form}</arg>
<arg>files=${files}</arg>
<arg>expected_status=any</arg>
<doc>Sends a POST request on a previously created HTTP Session.</doc>
<status status="PASS" start="2026-02-17T20:10:09.053760" elapsed="1.804416"/>
</kw>
<kw name="Should Be Equal As Integers" owner="BuiltIn">
<msg time="2026-02-17T20:10:10.858747" level="INFO">Argument types are:
&lt;class 'int'&gt;
&lt;class 'str'&gt;</msg>
<arg>${response.status_code}</arg>
<arg>201</arg>
<doc>Fails if objects are unequal after converting them to integers.</doc>
<status status="PASS" start="2026-02-17T20:10:10.858297" elapsed="0.000496"/>
</kw>
<kw name="Set Variable" owner="BuiltIn">
<msg time="2026-02-17T20:10:10.859298" level="INFO">${json} = {'success': True, 'message': 'User created successfully. Please wait for verification.', 'data': {'id': 'cmlqmezs50003fz6bm3pungfr', 'username': 'user661352', 'email': 'test661352@gmail.com', 'firstNa...</msg>
<var>${json}</var>
<arg>${response.json()}</arg>
<doc>Returns the given values which can then be assigned to a variables.</doc>
<status status="PASS" start="2026-02-17T20:10:10.858880" elapsed="0.000436"/>
</kw>
<kw name="Should Be True" owner="BuiltIn">
<arg>${json["success"]}</arg>
<doc>Fails if the given condition is not true.</doc>
<status status="PASS" start="2026-02-17T20:10:10.859380" elapsed="0.000344"/>
</kw>
<return>
<value>${EMAIL}</value>
<value>${PASSWORD}</value>
<status status="PASS" start="2026-02-17T20:10:10.859758" elapsed="0.000024"/>
</return>
<msg time="2026-02-17T20:10:10.859887" level="INFO">${email} = test661352@gmail.com</msg>
<msg time="2026-02-17T20:10:10.859912" level="INFO">${password} = 12345678</msg>
<var>${email}</var>
<var>${password}</var>
<status status="PASS" start="2026-02-17T20:10:09.047352" elapsed="1.812574"/>
</kw>
<kw name="Login Account">
<kw name="Create Dictionary" owner="BuiltIn">
<msg time="2026-02-17T20:10:10.860943" level="INFO">&amp;{login_body} = { email=test661352@gmail.com | password=12345678 }</msg>
<var>&amp;{login_body}</var>
<arg>email=${email}</arg>
<arg>password=${password}</arg>
<doc>Creates and returns a dictionary based on the given ``items``.</doc>
<status status="PASS" start="2026-02-17T20:10:10.860592" elapsed="0.000369"/>
</kw>
<kw name="POST On Session" owner="RequestsLibrary">
<msg time="2026-02-17T20:10:10.925253" level="INFO">POST Request : url=http://localhost:3000/api/auth/login 
 path_url=/api/auth/login 
 headers={'User-Agent': 'python-requests/2.32.5', 'Accept-Encoding': 'gzip, deflate, zstd', 'Accept': '*/*', 'Connection': 'keep-alive', 'Content-Length': '57', 'Content-Type': 'application/json'} 
 body=b'{"email": "test661352@gmail.com", "password": "12345678"}' 
 </msg>
<msg time="2026-02-17T20:10:10.925335" level="INFO">POST Response : url=http://localhost:3000/api/auth/login 
 status=200, reason=OK 
 headers={'Content-Security-Policy': "default-src 'self';base-uri 'self';font-src 'self' https: data:;form-action 'self';frame-ancestors 'self';img-src 'self' data:;object-src 'none';script-src 'self';script-src-attr 'none';style-src 'self' https: 'unsafe-inline';upgrade-insecure-requests", 'Cross-Origin-Opener-Policy': 'same-origin', 'Cross-Origin-Resource-Policy': 'same-origin', 'Origin-Agent-Cluster': '?1', 'Referrer-Policy': 'no-referrer', 'Strict-Transport-Security': 'max-age=15552000; includeSubDomains', 'X-Content-Type-Options': 'nosniff', 'X-DNS-Prefetch-Control': 'off', 'X-Download-Options': 'noopen', 'X-Frame-Options': 'SAMEORIGIN', 'X-Permitted-Cross-Domain-Policies': 'none', 'X-XSS-Protection': '0', 'Vary': 'Origin', 'Access-Control-Allow-Credentials': 'true', 'Content-Type': 'application/json; charset=utf-8', 'Content-Length': '460', 'ETag': 'W/"1cc-BrbZaZetD/yJSvZY/Yv5g1z623s"', 'Date': 'Tue, 17 Feb 2026 13:10:10 GMT', 'Connection': 'keep-alive', 'Keep-Alive': 'timeout=5'} 
 body={"success":true,"message":"Login successful","data":{"token":"eyJhbGciOiJIUzI1NiIsInR5cCI6IkpXVCJ9.eyJzdWIiOiJjbWxxbWV6czUwMDAzZno2Ym0zcHVuZ2ZyIiwicm9sZSI6IlBBU1NFTkdFUiIsImlhdCI6MTc3MTMzMzgxMCwiZXhwIjoxNzcxMzM3NDEwfQ.Ie8KJ0gKFDgchClplSAnfJjnvvjCbLfnTjjZn5P5wxU","user":{"id":"cmlqmezs50003fz6bm3pungfr","firstName":"test","lastName":"user","profilePicture":null,"role":"PASSENGER","passengerSuspendedUntil":null,"driverSuspendedUntil":null,"deletedAt":null}}} 
 </msg>
<msg time="2026-02-17T20:10:10.925435" level="INFO">${response} = &lt;Response [200]&gt;</msg>
<var>${response}</var>
<arg>${SESSION}</arg>
<arg>/api/auth/login</arg>
<arg>json=${login_body}</arg>
<arg>expected_status=any</arg>
<doc>Sends a POST request on a previously created HTTP Session.</doc>
<status status="PASS" start="2026-02-17T20:10:10.861028" elapsed="0.064425"/>
</kw>
<kw name="Should Be Equal As Integers" owner="BuiltIn">
<msg time="2026-02-17T20:10:10.925986" level="INFO">Argument types are:
&lt;class 'int'&gt;
&lt;class 'str'&gt;</msg>
<arg>${response.status_code}</arg>
<arg>200</arg>
<doc>Fails if objects are unequal after converting them to integers.</doc>
<status status="PASS" start="2026-02-17T20:10:10.925569" elapsed="0.000455"/>
</kw>
<kw name="Set Variable" owner="BuiltIn">
[...]
b4\xe3\xd3\x8a\xce\xf31\xc5M\x0c\xb4\x01\xa6e\xc9&amp;\xa7\x97R\xd9\n/\xa0\x02\xb3\xa3\x97\x9a\x9aI~Q@\x11\xcb\xaaR\xdbj\x7f5BSq\xcf\xadY\xb5\x8b\x9a\xa8\x81\xa9k\xacL1\x8e\x9d\xab\xac\xf0?\xc4\xeds\xc1z\xa8\xbb\xb1\xbc\xdaT\xe4/\xa7\xb5q\xb1\xc5\xcd[\x88c\x8a\xb0&gt;\xc4\xf0?\xfc\x14?Y\xd0\xad\xd6=J\xdb\xedRF\xa1A\xf5\xc0\xc6kgY\xff\x00\x82\x96x\x8a\xf5\x08\xb1\xd3~\xc6{?\xaf\xbd|K-\xfc6C\'\xafz\xbd\xa5\xf8\xce\xca\xcd\x83\x18r{\x9fZ\x00\xfaGS\xff\x00\x82\x88|G\x9a\xe7\t{\x85\xcf\x03\xd0Wm\xf0\xe3\xfe\n=\x7f\xa6]\x04\xf1]\xb7\xda\x8bt&gt;\xbe\xf5\xf3-\x8f\x8c4\rQU^\x0f\x9f\x03w\xd7\xbdt\x96?\x0cto\x1a\xa2\x0byv\xce\xe02\xaf\xa6{T\xc9\xd8\xa8\x9f~\xf8\x1b\xf6\xe9\xf8\x7f\xe2\xbb\x80\xb2O&gt;\x9d#r\xd8\xe8\x0fq^\xf5\xe0\xff\x00\x8b\xda\x16\xb8\xc8\xfaO\x88\r\xe7\x98\x03,g\xa8\x07\x90+\xf1\xee\xff\x00\xe1\x06\xbd\xf0\xe6\xeb\xed1\xdao\x8c\x9c\xab\xff\x00xv5\xe8~\x00\xf8\xd6\xfa;\xc7\r\xca}\x82\xe6%\t\xe7\xff\x00x\x8e6\xd6w\xb9g\xec\xa6\x9f\xe2#q\x14y9%FO\xe1[\x91\xcf\x0b\xc6\xacf\xc1 \x12=+\xe0\xef\xd9\xef\xf6\x8a\x8b\xc4\xb7\xf1\xe9\xf7w\xb8\x91@E\x1fN+\xec+]V\xefN\xb5\x86\xe1$\xfbj:+\xaaz\x023]\x1d\x00\xecr\x0f \xe4v&gt;\xb4V\x1d\x9f\x8bc\xbe\n\x1d&lt;\xb7\xc7\xcc\x9f\xdd=\xc5kB\xe2@\x18tnE2dME\x14P@QE\x14\x00QE\x14\x00QE\x14\x00QE\x14\x00QE\x14\x00QE\x14\x00QE\x14\x00QE\x14\x00QE\x14\x00QE\x14\x00QE\x14\x00QE\x14\x00QE\x14\x00QE\x14\x00QE\x14\x00QE\x14\x00QE\x14\x00QE\x14\x00QE\x14\x00QE\x14\x00QE\x14\x00QE\x14\x00QE\x14\x00QE\x14\x00QE\x14\x00QE\x14\x00QE\x14\x00QE\x14\x00QE\x14\x00QE\x14\x00QE\x14\x00QE\x14\x00QE\x14\x00QE\x14\x00QE\x14\x00QE0\xc9\x82E\x00&gt;\x99#o\x1b\xff\x00\xb9\xc5\'\x99X~7\xf1\x14&gt;\x19\xd0\xe4\xbb=B\xe4\xd2bf?\xc4\x0f\x88pxz\xcf\xec\xff\x00\xf3\x11\x9cm\x87\xfaW%\xa5[\x7fdZ\rSS\xff\x00\x90\x9d\xca\x87\xfc\x0f?\xd6\xb0\xfc7x&lt;M\xaa\xcd\xe2}UwB2\xb6\xd1z\x0e\xcdY\x9e#\xd4/u\xedP\xc4\xff\x00$a\x88Y?\xbc3\xc1\xa94GC\xad\xfcD\xd2\xfc?h\xf2L\xdel\xddB\xfaW\x88|H\xf8\xd1\xaa\xcb\xa4\\:\xdc}\x83MbI?\xec\xd7c\xe2\xa1\xe1\xdf\x01i\xb3j\x9a\xdd\xff\x00\x9b:\xa6\xe8\xd3\xd3\xda\xbe\x05\xfd\xa0\xbe&lt;?\x8c5\xa9\x17O9\xd3\x90\xb0\xff\x00\x80\xe7\x8a\x89lQ\xcf|a\xf8\xbe\x9a\x85\xec\xf1\xa4\x9er\x02\xc1d\xfe\xf8\xcf\x07\xf1\xaf\x14\xb8\xbc\xfe\xd2Aq\xea7V\x8c\xfa\xa2\xccL\x89\xf7_\xe6\x1fCYw\x13nf&gt;\xa75\x82\xdch\xaa\xa7,O\xa9\xabQt\x15]\x0enT\xd6\x92[\xf9\xeeG\xbd'... (set the log level to DEBUG or TRACE to see the full content) 
 </msg>
<msg time="2026-02-17T20:10:12.098739" level="INFO">POST Response : url=http://localhost:3000/api/users 
 status=201, reason=Created 
 headers={'Content-Security-Policy': "default-src 'self';base-uri 'self';font-src 'self' https: data:;form-action 'self';frame-ancestors 'self';img-src 'self' data:;object-src 'none';script-src 'self';script-src-attr 'none';style-src 'self' https: 'unsafe-inline';upgrade-insecure-requests", 'Cross-Origin-Opener-Policy': 'same-origin', 'Cross-Origin-Resource-Policy': 'same-origin', 'Origin-Agent-Cluster': '?1', 'Referrer-Policy': 'no-referrer', 'Strict-Transport-Security': 'max-age=15552000; includeSubDomains', 'X-Content-Type-Options': 'nosniff', 'X-DNS-Prefetch-Control': 'off', 'X-Download-Options': 'noopen', 'X-Frame-Options': 'SAMEORIGIN', 'X-Permitted-Cross-Domain-Policies': 'none', 'X-XSS-Protection': '0', 'Vary': 'Origin', 'Access-Control-Allow-Credentials': 'true', 'Content-Type': 'application/json; charset=utf-8', 'Content-Length': '866', 'ETag': 'W/"362-c9OwNvNRJ1AdOTtwj7G6xY7KLvw"', 'Date': 'Tue, 17 Feb 2026 13:10:12 GMT', 'Connection': 'keep-alive', 'Keep-Alive': 'timeout=5'} 
 body={"success":true,"message":"User created successfully. Please wait for verification.","data":{"id":"cmlqmf0qm0006fz6b7vbvlzwc","username":"user427564","email":"test427564@gmail.com","firstName":"test","lastName":"user","gender":"MALE","phoneNumber":"0656587417","profilePicture":null,"nationalIdNumber":"8713308657287","nationalIdPhotoUrl":"https://res.cloudinary.com/dgksww9sr/image/upload/v1771333811/painamnae/national_ids/wf24hew1nkvcin8a5iie.jpg","nationalIdExpiryDate":"2026-12-31T00:00:00.000Z","selfiePhotoUrl":"https://res.cloudinary.com/dgksww9sr/image/upload/v1771333811/painamnae/selfies/rlnwuzilihplfkafffeo.jpg","role":"PASSENGER","isVerified":false,"isActive":true,"otpCode":null,"lastLogin":null,"createdAt":"2026-02-17T13:10:12.095Z","updatedAt":"2026-02-17T13:10:12.095Z","passengerSuspendedUntil":null,"driverSuspendedUntil":null,"deletedAt":null}} 
 </msg>
<msg time="2026-02-17T20:10:12.098849" level="INFO">${response} = &lt;Response [201]&gt;</msg>
<var>${response}</var>
<arg>${SESSION}</arg>
<arg>/api/users</arg>
<arg>data=${form}</arg>
<arg>files=${files}</arg>
<arg>expected_status=any</arg>
<doc>Sends a POST request on a previously created HTTP Session.</doc>
<status status="PASS" start="2026-02-17T20:10:10.936075" elapsed="1.162792"/>
</kw>
<kw name="Should Be Equal As Integers" owner="BuiltIn">
<msg time="2026-02-17T20:10:12.099427" level="INFO">Argument types are:
&lt;class 'int'&gt;
&lt;class 'str'&gt;</msg>
<arg>${response.status_code}</arg>
<arg>201</arg>
<doc>Fails if objects are unequal after converting them to integers.</doc>
<status status="PASS" start="2026-02-17T20:10:12.098984" elapsed="0.000484"/>
</kw>
<kw name="Set Variable" owner="BuiltIn">
<msg time="2026-02-17T20:10:12.099940" level="INFO">${json} = {'success': True, 'message': 'User created successfully. Please wait for verification.', 'data': {'id': 'cmlqmf0qm0006fz6b7vbvlzwc', 'username': 'user427564', 'email': 'test427564@gmail.com', 'firstNa...</msg>
<var>${json}</var>
<arg>${response.json()}</arg>
<doc>Returns the given values which can then be assigned to a variables.</doc>
<status status="PASS" start="2026-02-17T20:10:12.099551" elapsed="0.000408"/>
</kw>
<kw name="Should Be True" owner="BuiltIn">
<arg>${json["success"]}</arg>
<doc>Fails if the given condition is not true.</doc>
<status status="PASS" start="2026-02-17T20:10:12.100025" elapsed="0.000351"/>
</kw>
<return>
<value>${EMAIL}</value>
<value>${PASSWORD}</value>
<status status="PASS" start="2026-02-17T20:10:12.100412" elapsed="0.000025"/>
</return>
<msg time="2026-02-17T20:10:12.100543" level="INFO">${email} = test427564@gmail.com</msg>
<msg time="2026-02-17T20:10:12.100569" level="INFO">${password} = 12345678</msg>
<var>${email}</var>
<var>${password}</var>
<status status="PASS" start="2026-02-17T20:10:10.930111" elapsed="1.170472"/>
</kw>
<kw name="Login Account">
<kw name="Create Dictionary" owner="BuiltIn">
<msg time="2026-02-17T20:10:12.101487" level="INFO">&amp;{login_body} = { email=test427564@gmail.com | password=12345678 }</msg>
<var>&amp;{login_body}</var>
<arg>email=${email}</arg>
<arg>password=${password}</arg>
<doc>Creates and returns a dictionary based on the given ``items``.</doc>
<status status="PASS" start="2026-02-17T20:10:12.101219" elapsed="0.000286"/>
</kw>
<kw name="POST On Session" owner="RequestsLibrary">
<msg time="2026-02-17T20:10:12.158175" level="INFO">POST Request : url=http://localhost:3000/api/auth/login 
 path_url=/api/auth/login 
 headers={'User-Agent': 'python-requests/2.32.5', 'Accept-Encoding': 'gzip, deflate, zstd', 'Accept': '*/*', 'Connection': 'keep-alive', 'Content-Length': '57', 'Content-Type': 'application/json'} 
 body=b'{"email": "test427564@gmail.com", "password": "12345678"}' 
 </msg>
<msg time="2026-02-17T20:10:12.158289" level="INFO">POST Response : url=http://localhost:3000/api/auth/login 
 status=200, reason=OK 
 headers={'Content-Security-Policy': "default-src 'self';base-uri 'self';font-src 'self' https: data:;form-action 'self';frame-ancestors 'self';img-src 'self' data:;object-src 'none';script-src 'self';script-src-attr 'none';style-src 'self' https: 'unsafe-inline';upgrade-insecure-requests", 'Cross-Origin-Opener-Policy': 'same-origin', 'Cross-Origin-Resource-Policy': 'same-origin', 'Origin-Agent-Cluster': '?1', 'Referrer-Policy': 'no-referrer', 'Strict-Transport-Security': 'max-age=15552000; includeSubDomains', 'X-Content-Type-Options': 'nosniff', 'X-DNS-Prefetch-Control': 'off', 'X-Download-Options': 'noopen', 'X-Frame-Options': 'SAMEORIGIN', 'X-Permitted-Cross-Domain-Policies': 'none', 'X-XSS-Protection': '0', 'Vary': 'Origin', 'Access-Control-Allow-Credentials': 'true', 'Content-Type': 'application/json; charset=utf-8', 'Content-Length': '460', 'ETag': 'W/"1cc-oD8OcNLUVrBACQ5ErIc3DYqjuTQ"', 'Date': 'Tue, 17 Feb 2026 13:10:12 GMT', 'Connection': 'keep-alive', 'Keep-Alive': 'timeout=5'} 
 body={"success":true,"message":"Login successful","data":{"token":"eyJhbGciOiJIUzI1NiIsInR5cCI6IkpXVCJ9.eyJzdWIiOiJjbWxxbWYwcW0wMDA2Zno2Yjd2YnZsendjIiwicm9sZSI6IlBBU1NFTkdFUiIsImlhdCI6MTc3MTMzMzgxMiwiZXhwIjoxNzcxMzM3NDEyfQ.qCyQro4yebO9tIxptxyLW6IHtJ0TJyQaXjeelMLzQPk","user":{"id":"cmlqmf0qm0006fz6b7vbvlzwc","firstName":"test","lastName":"user","profilePicture":null,"role":"PASSENGER","passengerSuspendedUntil":null,"driverSuspendedUntil":null,"deletedAt":null}}} 
 </msg>
<msg time="2026-02-17T20:10:12.158425" level="INFO">${response} = &lt;Response [200]&gt;</msg>
<var>${response}</var>
<arg>${SESSION}</arg>
<arg>/api/auth/login</arg>
<arg>json=${login_body}</arg>
<arg>expected_status=any</arg>
<doc>Sends a POST request on a previously created HTTP Session.</doc>
<status status="PASS" start="2026-02-17T20:10:12.101568" elapsed="0.056882"/>
</kw>
<kw name="Should Be Equal As Integers" owner="BuiltIn">
<msg time="2026-02-17T20:10:12.159344" level="INFO">Argument types are:
&lt;class 'int'&gt;
&lt;class 'str'&gt;</msg>
<arg>${response.status_code}</arg>
<arg>200</arg>
<doc>Fails if objects are unequal after converting them to integers.</doc>
<status status="PASS" start="2026-02-17T20:10:12.158615" elapsed="0.000797"/>
</kw>
<kw name="Set Variable" owner="BuiltIn">
<msg time="2026-02-17T20:10:12.160018" level="INFO">${json} = {'success': True, 'message': 'Login successful', 'data': {'token': 'eyJhbGciOiJIUzI1NiIsInR5cCI6IkpXVCJ9.eyJzdWIiOiJjbWxxbWYwcW0wMDA2Zno2Yjd2YnZsendjIiwicm9sZSI6IlBBU1NFTkdFUiIsImlhdCI6MTc3MTMzMzgxMiw...</msg>
<var>${json}</var>
<arg>${response.json()}</arg>
<doc>Returns the given values which can then be assigned to a variables.</doc>
<status status="PASS" start="2026-02-17T20:10:12.159542" elapsed="0.000497"/>
</kw>
<kw name="Should Be True" owner="BuiltIn">
<arg>${json["success"]}</arg>
<doc>Fails if the given condition is not true.</doc>
<status status="PASS" start="2026-02-17T20:10:12.160114" elapsed="0.000358"/>
</kw>
<return>
<value>${json["data"]["token"]}</value>
<status status="PASS" start="2026-02-17T20:10:12.160510" elapsed="0.000027"/>
</return>
<msg time="2026-02-17T20:10:12.160832" level="INFO">${token} = eyJhbGciOiJIUzI1NiIsInR5cCI6IkpXVCJ9.eyJzdWIiOiJjbWxxbWYwcW0wMDA2Zno2Yjd2YnZsendjIiwicm9sZSI6IlBBU1NFTkdFUiIsImlhdCI6MTc3MTMzMzgxMiwiZXhwIjoxNzcxMzM3NDEyfQ.qCyQro4yebO9tIxptxyLW6IHtJ0TJyQaXjeelMLzQPk</msg>
<var>${token}</var>
<arg>${email}</arg>
<arg>${password}</arg>
<status status="PASS" start="2026-02-17T20:10:12.101000" elapsed="0.059857"/>
</kw>
<kw name="Delete Account">
<kw name="Create Dictionary" owner="BuiltIn">
<msg time="2026-02-17T20:10:12.161992" level="INFO">&amp;{headers} = { Authorization=Bearer eyJhbGciOiJIUzI1NiIsInR5cCI6IkpXVCJ9.eyJzdWIiOiJjbWxxbWYwcW0wMDA2Zno2Yjd2YnZsendjIiwicm9sZSI6IlBBU1NFTkdFUiIsImlhdCI6MTc3MTMzMzgxMiwiZXhwIjoxNzcxMzM3NDEyfQ.qCyQro4yebO9tIxptxyLW...</msg>
<var>&amp;{headers}</var>
<arg>Authorization=Bearer ${token}</arg>
<doc>Creates and returns a dictionary based on the given ``items``.</doc>
<status status="PASS" start="2026-02-17T20:10:12.161612" elapsed="0.000410"/>
</kw>
<kw name="Create Dictionary" owner="BuiltIn">
<msg time="2026-02-17T20:10:12.162493" level="INFO">&amp;{delete_body} = { password=12345678 }</msg>
<var>&amp;{delete_body}</var>
<arg>password=${password}</arg>
<doc>Creates and returns a dictionary based on the given ``items``.</doc>
<status status="PASS" start="2026-02-17T20:10:12.162128" elapsed="0.000391"/>
</kw>
<kw name="DELETE On Session" owner="RequestsLibrary">
<msg time="2026-02-17T20:10:12.220663" level="INFO">DELETE Request : url=http://localhost:3000/api/users/me 
 path_url=/api/users/me 
 headers={'User-Agent': 'python-requests/2.32.5', 'Accept-Encoding': 'gzip, deflate, zstd', 'Accept': '*/*', 'Connection': 'keep-alive', 'Authorization': 'Bearer eyJhbGciOiJIUzI1NiIsInR5cCI6IkpXVCJ9.eyJzdWIiOiJjbWxxbWYwcW0wMDA2Zno2Yjd2YnZsendjIiwicm9sZSI6IlBBU1NFTkdFUiIsImlhdCI6MTc3MTMzMzgxMiwiZXhwIjoxNzcxMzM3NDEyfQ.qCyQro4yebO9tIxptxyLW6IHtJ0TJyQaXjeelMLzQPk', 'Content-Length': '24', 'Content-Type': 'application/json'} 
 body=b'{"password": "12345678"}' 
 </msg>
<msg time="2026-02-17T20:10:12.220743" level="INFO">DELETE Response : url=http://localhost:3000/api/users/me 
 status=200, reason=OK 
 headers={'Content-Security-Policy': "default-src 'self';base-uri 'self';font-src 'self' https: data:;form-action 'self';frame-ancestors 'self';img-src 'self' data:;object-src 'none';script-src 'self';script-src-attr 'none';style-src 'self' https: 'unsafe-inline';upgrade-insecure-requests", 'Cross-Origin-Opener-Policy': 'same-origin', 'Cross-Origin-Resource-Policy': 'same-origin', 'Origin-Agent-Cluster': '?1', 'Referrer-Policy': 'no-referrer', 'Strict-Transport-Security': 'max-age=15552000; includeSubDomains', 'X-Content-Type-Options': 'nosniff', 'X-DNS-Prefetch-Control': 'off', 'X-Download-Options': 'noopen', 'X-Frame-Options': 'SAMEORIGIN', 'X-Permitted-Cross-Domain-Policies': 'none', 'X-XSS-Protection': '0', 'Vary': 'Origin', 'Access-Control-Allow-Credentials': 'true', 'Content-Type': 'application/json; charset=utf-8', 'Content-Length': '237', 'ETag': 'W/"ed-qII9vyM2e/VJUKJQP1c64euBQsY"', 'Date': 'Tue, 17 Feb 2026 13:10:12 GMT', 'Connection': 'keep-alive', 'Keep-Alive': 'timeout=5'} 
 body={"success":true,"message":"ระงับการใช้งานบัญชีสำเร็จ ข้อมูลจะถูกลบถาวรภายใน 90 วัน","data":{"deletedUserId":"cmlqmf0qm0006fz6b7vbvlzwc"}} 
 </msg>
<msg time="2026-02-17T20:10:12.220843" level="INFO">${response} = &lt;Response [200]&gt;</msg>
<var>${response}</var>
<arg>${SESSION}</arg>
<arg>/api/users/me</arg>
<arg>headers=${headers}</arg>
<arg>json=${delete_body}</arg>
<arg>expected_status=any</arg>
<doc>Sends a DELETE request on a previously created HTTP Session.</doc>
<status status="PASS" start="2026-02-17T20:10:12.162615" elapsed="0.058245"/>
</kw>
<kw name="Should Be Equal As Integers" owner="BuiltIn">
<msg time="2026-02-17T20:10:12.221395" level="INFO">Argument types are:
&lt;class 'int'&gt;
&lt;class 'str'&gt;</msg>
<arg>${response.status_code}</arg>
<arg>200</arg>
<doc>Fails if objects are unequal after converting them to integers.</doc>
<status status="PASS" start="2026-02-17T20:10:12.220975" elapsed="0.000461"/>
</kw>
<kw name="Set Variable" owner="BuiltIn">
<msg time="2026-02-17T20:10:12.221880" level="INFO">${json} = {'success': True, 'message': 'ระงับการใช้งานบัญชีสำเร็จ ข้อมูลจะถูกลบถาวรภายใน 90 วัน', 'data': {'deletedUserId': 'cmlqmf0qm0006fz6b7vbvlzwc'}}</msg>
<var>${json}</var>
<arg>${response.json()}</arg>
<doc>Returns the given values which can then be assigned to a variables.</doc>
<status status="PASS" start="2026-02-17T20:10:12.221515" elapsed="0.000384"/>
</kw>
<kw name="Should Be True" owner="BuiltIn">
<arg>${json["success"]}</arg>
<doc>Fails if the given condition is not true.</doc>
<status status="PASS" start="2026-02-17T20:10:12.221976" elapsed="0.000336"/>
</kw>
<arg>${token}</arg>
<arg>${password}</arg>
<status status="PASS" start="2026-02-17T20:10:12.161229" elapsed="0.061127"/>
</kw>
<kw name="Login Should Fail">
<kw name="Create Dictionary" owner="BuiltIn">
<msg time="2026-02-17T20:10:12.223220" level="INFO">&amp;{login_body} = { email=test427564@gmail.com | password=12345678 }</msg>
<var>&amp;{login_body}</var>
<arg>email=${email}</arg>
<arg>password=${password}</arg>
<doc>Creates and returns a dictionary based on the given ``items``.</doc>
<status status="PASS" start="2026-02-17T20:10:12.222940" elapsed="0.000299"/>
</kw>
<kw name="POST On Session" owner="RequestsLibrary">
<msg time="2026-02-17T20:10:12.226791" level="INFO">POST Request : url=http://localhost:3000/api/auth/login 
 path_url=/api/auth/login 
 headers={'User-Agent': 'python-requests/2.32.5', 'Accept-Encoding': 'gzip, deflate, zstd', 'Accept': '*/*', 'Connection': 'keep-alive', 'Content-Length': '57', 'Content-Type': 'application/json'} 
 body=b'{"email": "test427564@gmail.com", "password": "12345678"}' 
 </msg>
<msg time="2026-02-17T20:10:12.226846" level="INFO">POST Response : url=http://localhost:3000/api/auth/login 
 status=401, reason=Unauthorized 
 headers={'Content-Security-Policy': "default-src 'self';base-uri 'self';font-src 'self' https: data:;form-action 'self';frame-ancestors 'self';img-src 'self' data:;object-src 'none';script-src 'self';script-src-attr 'none';style-src 'self' https: 'unsafe-inline';upgrade-insecure-requests", 'Cross-Origin-Opener-Policy': 'same-origin', 'Cross-Origin-Resource-Policy': 'same-origin', 'Origin-Agent-Cluster': '?1', 'Referrer-Policy': 'no-referrer', 'Strict-Transport-Security': 'max-age=15552000; includeSubDomains', 'X-Content-Type-Options': 'nosniff', 'X-DNS-Prefetch-Control': 'off', 'X-Download-Options': 'noopen', 'X-Frame-Options': 'SAMEORIGIN', 'X-Permitted-Cross-Domain-Policies': 'none', 'X-XSS-Protection': '0', 'Vary': 'Origin', 'Access-Control-Allow-Credentials': 'true', 'Content-Type': 'application/json; charset=utf-8', 'Content-Length': '61', 'ETag': 'W/"3d-0toiamGqKJ3JkE3ODE9GMUIG1zo"', 'Date': 'Tue, 17 Feb 2026 13:10:12 GMT', 'Connection': 'keep-alive', 'Keep-Alive': 'timeout=5'} 
 body={"success":false,"message":"Invalid credentials","data":null} 
 </msg>
<msg time="2026-02-17T20:10:12.226916" level="INFO">${response} = &lt;Response [401]&gt;</msg>
<var>${response}</var>
<arg>${SESSION}</arg>
<arg>/api/auth/login</arg>
<arg>json=${login_body}</arg>
<arg>expected_status=any</arg>
<doc>Sends a POST request on a previously created HTTP Session.</doc>
<status status="PASS" start="2026-02-17T20:10:12.223305" elapsed="0.003626"/>
</kw>
<kw name="Should Be Equal As Integers" owner="BuiltIn">
<msg time="2026-02-17T20:10:12.227337" level="INFO">Argument types are:
&lt;class 'int'&gt;
&lt;class 'str'&gt;</msg>
<arg>${response.status_code}</arg>
<arg>401</arg>
<doc>Fails if objects are unequal after converting them to integers.</doc>
<status status="PASS" start="2026-02-17T20:10:12.227005" elapsed="0.000365"/>
</kw>
<kw name="Set Variable" owner="BuiltIn">
<msg time="2026-02-17T20:10:12.227766" level="INFO">${json} = {'success': False, 'message': 'Invalid credentials', 'data': None}</msg>
<var>${json}</var>
<arg>${response.json()}</arg>
<doc>Returns the given values which can then be assigned to a variables.</doc>
<status status="PASS" start="2026-02-17T20:10:12.227434" elapsed="0.000489"/>
</kw>
<kw name="Should Be Equal" owner="BuiltIn">
<arg>${json["success"]}</arg>
<arg>${False}</arg>
<doc>Fails if the given objects are unequal.</doc>
<status status="PASS" start="2026-02-17T20:10:12.227993" elapsed="0.000376"/>
</kw>
<arg>${email}</arg>
<arg>${password}</arg>
<status status="PASS" start="2026-02-17T20:10:12.222723" elapsed="0.005689"/>
</kw>
<kw name="Delete All Sessions" owner="RequestsLibrary">
<msg time="2026-02-17T20:10:12.228688" level="INFO">Deleting All Sessions</msg>
<doc>Removes all the session objects</doc>
<status status="PASS" start="2026-02-17T20:10:12.228635" elapsed="0.000094"/>
</kw>
<status status="PASS" start="2026-02-17T20:10:10.929373" elapsed="1.299555"/>
</test>
<status status="PASS" start="2026-02-17T20:10:05.749740" elapsed="6.479911"/>
</suite>
<statistics>
<total>
<stat pass="3" fail="0" skip="0">All Tests</stat>
</total>
<tag>
</tag>
<suite>
<stat name="Api User Test" id="s1" pass="3" fail="0" skip="0">Api User Test</stat>
</suite>
</statistics>
<errors>
</errors>
</robot>
