<?xml version="1.0" encoding="UTF-8"?>
<robot generator="Robot 7.3.2 (Python 3.12.2 on win32)" generated="2026-03-17T04:25:53.268295" rpa="false" schemaversion="5">
<suite id="s1" name="test UAT" source="D:\Software_Engineer\test_painamnae\sprint 3\UAT\test_UAT.robot">
<test id="s1-t1" name="Create Route by Driver:" line="27">
<kw name="Open PNN website">
<kw name="Open Browser" owner="SeleniumLibrary">
<msg time="2026-03-17T04:25:53.711448" level="INFO">Opening browser 'Edge' to base url 'http://www.google.com'.</msg>
<arg>${homepage}</arg>
<arg>${browser}</arg>
<doc>Opens a new browser instance to the optional ``url``.</doc>
<status status="PASS" start="2026-03-17T04:25:53.711448" elapsed="1.906872"/>
</kw>
<kw name="Maximize Browser Window" owner="SeleniumLibrary">
<doc>Maximizes current browser window.</doc>
<status status="PASS" start="2026-03-17T04:25:55.618320" elapsed="0.060088"/>
</kw>
<kw name="Go To" owner="SeleniumLibrary">
<msg time="2026-03-17T04:25:55.678408" level="INFO">Opening url 'https://csse1369.cpkku.com/'</msg>
<arg>${pnnUrl}</arg>
<doc>Navigates the current browser window to the provided ``url``.</doc>
<status status="PASS" start="2026-03-17T04:25:55.678408" elapsed="0.246871"/>
</kw>
<status status="PASS" start="2026-03-17T04:25:53.711448" elapsed="2.214825"/>
</kw>
<kw name="Login as Driver">
<kw name="Sleep" owner="BuiltIn">
<msg time="2026-03-17T04:25:57.926613" level="INFO">Slept 2 seconds.</msg>
<arg>2s</arg>
<doc>Pauses the test executed for the given time.</doc>
<status status="PASS" start="2026-03-17T04:25:55.926273" elapsed="2.000340"/>
</kw>
<kw name="Wait Until Page Contains" owner="SeleniumLibrary">
<arg>เดินทางร่วมกัน อย่างมั่นใจ ด้วยความปลอดภัยเป็นอันดับหนึ่ง</arg>
<arg>timeout=10s</arg>
<doc>Waits until ``text`` appears on the current page.</doc>
<status status="PASS" start="2026-03-17T04:25:57.926613" elapsed="0.013335"/>
</kw>
<kw name="Click Element" owner="SeleniumLibrary">
<msg time="2026-03-17T04:25:57.939948" level="INFO">Clicking element 'xpath=//a[normalize-space()="เข้าสู่ระบบ"]'.</msg>
<arg>xpath=//a[normalize-space()="เข้าสู่ระบบ"]</arg>
<doc>Click the element identified by ``locator``.</doc>
<status status="PASS" start="2026-03-17T04:25:57.939948" elapsed="0.116842"/>
</kw>
<kw name="Sleep" owner="BuiltIn">
<msg time="2026-03-17T04:26:00.057347" level="INFO">Slept 2 seconds.</msg>
<arg>2s</arg>
<doc>Pauses the test executed for the given time.</doc>
<status status="PASS" start="2026-03-17T04:25:58.056790" elapsed="2.000557"/>
</kw>
<kw name="Input Text" owner="SeleniumLibrary">
<msg time="2026-03-17T04:26:00.057347" level="INFO">Typing text 'driver123' into text field 'id=identifier'.</msg>
<arg>id=identifier</arg>
<arg>${driverUser}</arg>
<doc>Types the given ``text`` into the text field identified by ``locator``.</doc>
<status status="PASS" start="2026-03-17T04:26:00.057347" elapsed="0.101064"/>
</kw>
<kw name="Input Text" owner="SeleniumLibrary">
<msg time="2026-03-17T04:26:00.159136" level="INFO">Typing text 'driver987654321' into text field 'id=password'.</msg>
<arg>id=password</arg>
<arg>${driverPass}</arg>
<doc>Types the given ``text`` into the text field identified by ``locator``.</doc>
<status status="PASS" start="2026-03-17T04:26:00.158796" elapsed="0.078068"/>
</kw>
<kw name="Click Button" owner="SeleniumLibrary">
<msg time="2026-03-17T04:26:00.236864" level="INFO">Clicking button 'xpath=//button[normalize-space()="เข้าสู่ระบบ"]'.</msg>
<arg>xpath=//button[normalize-space()="เข้าสู่ระบบ"]</arg>
<doc>Clicks the button identified by ``locator``.</doc>
<status status="PASS" start="2026-03-17T04:26:00.236864" elapsed="0.075204"/>
</kw>
<status status="PASS" start="2026-03-17T04:25:55.926273" elapsed="4.385795"/>
</kw>
<kw name="Go to Home page as driver">
<kw name="Sleep" owner="BuiltIn">
<msg time="2026-03-17T04:26:02.314445" level="INFO">Slept 2 seconds.</msg>
<arg>2s</arg>
<doc>Pauses the test executed for the given time.</doc>
<status status="PASS" start="2026-03-17T04:26:00.314197" elapsed="2.000248"/>
</kw>
<kw name="Wait Until Page Contains" owner="SeleniumLibrary">
<arg>เดินทางร่วมกัน อย่างมั่นใจ ด้วยความปลอดภัยเป็นอันดับหนึ่ง</arg>
<arg>timeout=10s</arg>
<doc>Waits until ``text`` appears on the current page.</doc>
<status status="PASS" start="2026-03-17T04:26:02.314445" elapsed="0.012473"/>
</kw>
<kw name="Wait Until Page Contains" owner="SeleniumLibrary">
<arg>${driverName}</arg>
<arg>timeout=10s</arg>
<doc>Waits until ``text`` appears on the current page.</doc>
<status status="PASS" start="2026-03-17T04:26:02.326918" elapsed="0.012497"/>
</kw>
<status status="PASS" start="2026-03-17T04:26:00.314197" elapsed="2.025218"/>
</kw>
<kw name="Go to Create Route page">
<kw name="Sleep" owner="BuiltIn">
<msg time="2026-03-17T04:26:04.339654" level="INFO">Slept 2 seconds.</msg>
<arg>2s</arg>
<doc>Pauses the test executed for the given time.</doc>
<status status="PASS" start="2026-03-17T04:26:02.339415" elapsed="2.000239"/>
</kw>
<kw name="Click Element" owner="SeleniumLibrary">
<msg time="2026-03-17T04:26:04.353507" level="INFO">Clicking element 'xpath=//a[@href='/createTrip']'.</msg>
<arg>xpath=//a[@href='/createTrip']</arg>
<doc>Click the element identified by ``locator``.</doc>
<status status="PASS" start="2026-03-17T04:26:04.339654" elapsed="0.103989"/>
</kw>
<kw name="Wait Until Page Contains" owner="SeleniumLibrary">
<arg>สร้างการเดินทางของคุณ</arg>
<arg>timeout=10s</arg>
<doc>Waits until ``text`` appears on the current page.</doc>
<status status="PASS" start="2026-03-17T04:26:04.444102" elapsed="0.015433"/>
</kw>
<status status="PASS" start="2026-03-17T04:26:02.339415" elapsed="2.120120"/>
</kw>
<kw name="Create Route">
<kw name="Sleep" owner="BuiltIn">
<msg time="2026-03-17T04:26:06.461460" level="INFO">Slept 2 seconds.</msg>
<arg>2s</arg>
<doc>Pauses the test executed for the given time.</doc>
<status status="PASS" start="2026-03-17T04:26:04.460907" elapsed="2.000553"/>
</kw>
<kw name="Input Text" owner="SeleniumLibrary">
<msg time="2026-03-17T04:26:06.461460" level="INFO">Typing text 'ขอนแก่น' into text field 'xpath=//*[@id="startPoint"]'.</msg>
<arg>xpath=//*[@id="startPoint"]</arg>
<arg>ขอนแก่น</arg>
<doc>Types the given ``text`` into the text field identified by ``locator``.</doc>
<status status="PASS" start="2026-03-17T04:26:06.461460" elapsed="0.091506"/>
</kw>
<kw name="Wait Until Element Is Visible" owner="SeleniumLibrary">
<arg>xpath=(//div[contains(@class,'pac-item')])[1]</arg>
<arg>10s</arg>
<doc>Waits until the element ``locator`` is visible.</doc>
<status status="PASS" start="2026-03-17T04:26:06.552966" elapsed="0.646678"/>
</kw>
<kw name="Click Element" owner="SeleniumLibrary">
<msg time="2026-03-17T04:26:07.199644" level="INFO">Clicking element 'xpath=(//div[contains(@class,'pac-item')])[1]'.</msg>
<arg>xpath=(//div[contains(@class,'pac-item')])[1]</arg>
<doc>Click the element identified by ``locator``.</doc>
<status status="PASS" start="2026-03-17T04:26:07.199644" elapsed="0.059548"/>
</kw>
<kw name="Input Text" owner="SeleniumLibrary">
<msg time="2026-03-17T04:26:07.259192" level="INFO">Typing text 'กรุงเทพ' into text field 'xpath=//*[@id="endPoint"]'.</msg>
<arg>xpath=//*[@id="endPoint"]</arg>
<arg>กรุงเทพ</arg>
<doc>Types the given ``text`` into the text field identified by ``locator``.</doc>
<status status="PASS" start="2026-03-17T04:26:07.259192" elapsed="0.082265"/>
</kw>
<kw name="Wait Until Element Is Visible" owner="SeleniumLibrary">
<arg>xpath=(//div[contains(@class,'pac-item')])[1]</arg>
<arg>10s</arg>
<doc>Waits until the element ``locator`` is visible.</doc>
<status status="PASS" start="2026-03-17T04:26:07.341457" elapsed="0.223062"/>
</kw>
<kw name="Click Element" owner="SeleniumLibrary">
<msg time="2026-03-17T04:26:07.565524" level="INFO">Clicking element 'xpath=(//div[contains(@class,'pac-item')])[1]'.</msg>
<arg>xpath=(//div[contains(@class,'pac-item')])[1]</arg>
<doc>Click the element identified by ``locator``.</doc>
<status status="PASS" start="2026-03-17T04:26:07.565524" elapsed="0.057217"/>
</kw>
<kw name="Input Text" owner="SeleniumLibrary">
<msg time="2026-03-17T04:26:07.622741" level="INFO">Typing text '01012027' into text field 'xpath=//*[@id="travelDate"]'.</msg>
<arg>xpath=//*[@id="travelDate"]</arg>
<arg>01012027</arg>
<doc>Types the given ``text`` into the text field identified by ``locator``.</doc>
<status status="PASS" start="2026-03-17T04:26:07.622741" elapsed="0.064606"/>
</kw>
<kw name="Input Text" owner="SeleniumLibrary">
<msg time="2026-03-17T04:26:07.687347" level="INFO">Typing text '0900AM' into text field 'xpath=//*[@id="travelTime"]'.</msg>
<arg>xpath=//*[@id="travelTime"]</arg>
<arg>0900AM</arg>
<doc>Types the given ``text`` into the text field identified by ``locator``.</doc>
<status status="PASS" start="2026-03-17T04:26:07.687347" elapsed="0.059569"/>
</kw>
<kw name="Input Text" owner="SeleniumLibrary">
<msg time="2026-03-17T04:26:07.746916" level="INFO">Typing text '7' into text field 'xpath=//*[@id="seatCount"]'.</msg>
<arg>xpath=//*[@id="seatCount"]</arg>
<arg>7</arg>
<doc>Types the given ``text`` into the text field identified by ``locator``.</doc>
<status status="PASS" start="2026-03-17T04:26:07.746916" elapsed="0.061760"/>
</kw>
<kw name="Input Text" owner="SeleniumLibrary">
<msg time="2026-03-17T04:26:07.808676" level="INFO">Typing text '100' into text field 'xpath=//*[@id="pricePerSeat"]'.</msg>
<arg>xpath=//*[@id="pricePerSeat"]</arg>
<arg>100</arg>
<doc>Types the given ``text`` into the text field identified by ``locator``.</doc>
<status status="PASS" start="2026-03-17T04:26:07.808676" elapsed="0.068316"/>
</kw>
<kw name="Scroll Element Into View" owner="SeleniumLibrary">
<arg>xpath=//button[@type='submit']</arg>
<doc>Scrolls the element identified by ``locator`` into view.</doc>
<status status="PASS" start="2026-03-17T04:26:07.876992" elapsed="0.289857"/>
</kw>
<kw name="Click Element" owner="SeleniumLibrary">
<msg time="2026-03-17T04:26:08.166849" level="INFO">Clicking element 'xpath=//button[@type='submit']'.</msg>
<arg>xpath=//button[@type='submit']</arg>
<doc>Click the element identified by ``locator``.</doc>
<status status="PASS" start="2026-03-17T04:26:08.166849" elapsed="0.060231"/>
</kw>
<kw name="Wait Until Page Contains" owner="SeleniumLibrary">
<arg>Route created successfully</arg>
<arg>timeout=10s</arg>
<doc>Waits until ``text`` appears on the current page.</doc>
<status status="PASS" start="2026-03-17T04:26:08.227080" elapsed="0.847605"/>
</kw>
<status status="PASS" start="2026-03-17T04:26:04.460417" elapsed="4.614268"/>
</kw>
<kw name="Close Browser" owner="SeleniumLibrary">
<doc>Closes the current browser.</doc>
<status status="PASS" start="2026-03-17T04:26:09.074685" elapsed="2.219031"/>
</kw>
<doc>สร้างเส้นทางการเดินทางโดยผู้ขับขี่</doc>
<status status="PASS" start="2026-03-17T04:25:53.711448" elapsed="17.582268"/>
</test>
<test id="s1-t2" name="Request Route by Passenger:" line="37">
<kw name="Open PNN website">
<kw name="Open Browser" owner="SeleniumLibrary">
<msg time="2026-03-17T04:26:11.295756" level="INFO">Opening browser 'Edge' to base url 'http://www.google.com'.</msg>
<arg>${homepage}</arg>
<arg>${browser}</arg>
<doc>Opens a new browser instance to the optional ``url``.</doc>
<status status="PASS" start="2026-03-17T04:26:11.295756" elapsed="1.753139"/>
</kw>
<kw name="Maximize Browser Window" owner="SeleniumLibrary">
<doc>Maximizes current browser window.</doc>
<status status="PASS" start="2026-03-17T04:26:13.048895" elapsed="0.060249"/>
</kw>
<kw name="Go To" owner="SeleniumLibrary">
<msg time="2026-03-17T04:26:13.109144" level="INFO">Opening url 'https://csse1369.cpkku.com/'</msg>
<arg>${pnnUrl}</arg>
<doc>Navigates the current browser window to the provided ``url``.</doc>
<status status="PASS" start="2026-03-17T04:26:13.109144" elapsed="0.234683"/>
</kw>
<status status="PASS" start="2026-03-17T04:26:11.295756" elapsed="2.048071"/>
</kw>
<kw name="Login as Passenger">
<kw name="Sleep" owner="BuiltIn">
<msg time="2026-03-17T04:26:15.344969" level="INFO">Slept 2 seconds.</msg>
<arg>2s</arg>
<doc>Pauses the test executed for the given time.</doc>
<status status="PASS" start="2026-03-17T04:26:13.344835" elapsed="2.000134"/>
</kw>
<kw name="Wait Until Page Contains" owner="SeleniumLibrary">
<arg>เดินทางร่วมกัน อย่างมั่นใจ ด้วยความปลอดภัยเป็นอันดับหนึ่ง</arg>
<arg>timeout=10s</arg>
<doc>Waits until ``text`` appears on the current page.</doc>
<status status="PASS" start="2026-03-17T04:26:15.344969" elapsed="0.012261"/>
</kw>
<kw name="Click Element" owner="SeleniumLibrary">
<msg time="2026-03-17T04:26:15.357230" level="INFO">Clicking element 'xpath=//a[normalize-space()="เข้าสู่ระบบ"]'.</msg>
<arg>xpath=//a[normalize-space()="เข้าสู่ระบบ"]</arg>
<doc>Click the element identified by ``locator``.</doc>
<status status="PASS" start="2026-03-17T04:26:15.357230" elapsed="0.124987"/>
</kw>
<kw name="Input Text" owner="SeleniumLibrary">
<msg time="2026-03-17T04:26:15.483472" level="INFO">Typing text 'passenger123' into text field 'id=identifier'.</msg>
<arg>id=identifier</arg>
<arg>${passengerUser}</arg>
<doc>Types the given ``text`` into the text field identified by ``locator``.</doc>
<status status="PASS" start="2026-03-17T04:26:15.482217" elapsed="0.118012"/>
</kw>
<kw name="Input Text" owner="SeleniumLibrary">
<msg time="2026-03-17T04:26:15.600923" level="INFO">Typing text 'passenger1234' into text field 'id=password'.</msg>
<arg>id=password</arg>
<arg>${passengerPass}</arg>
<doc>Types the given ``text`` into the text field identified by ``locator``.</doc>
<status status="PASS" start="2026-03-17T04:26:15.600229" elapsed="0.074608"/>
</kw>
<kw name="Click Button" owner="SeleniumLibrary">
<msg time="2026-03-17T04:26:15.674837" level="INFO">Clicking button 'xpath=//button[normalize-space()="เข้าสู่ระบบ"]'.</msg>
<arg>xpath=//button[normalize-space()="เข้าสู่ระบบ"]</arg>
<doc>Clicks the button identified by ``locator``.</doc>
<status status="PASS" start="2026-03-17T04:26:15.674837" elapsed="0.068416"/>
</kw>
<status status="PASS" start="2026-03-17T04:26:13.344835" elapsed="2.398418"/>
</kw>
<kw name="Go to Home page as passenger">
<kw name="Sleep" owner="BuiltIn">
<msg time="2026-03-17T04:26:17.743586" level="INFO">Slept 2 seconds.</msg>
<arg>2s</arg>
<doc>Pauses the test executed for the given time.</doc>
<status status="PASS" start="2026-03-17T04:26:15.743253" elapsed="2.000333"/>
</kw>
<kw name="Wait Until Page Contains" owner="SeleniumLibrary">
<arg>เดินทางร่วมกัน อย่างมั่นใจ ด้วยความปลอดภัยเป็นอันดับหนึ่ง</arg>
<arg>timeout=10s</arg>
<doc>Waits until ``text`` appears on the current page.</doc>
<status status="PASS" start="2026-03-17T04:26:17.743586" elapsed="0.004050"/>
</kw>
<kw name="Wait Until Page Contains" owner="SeleniumLibrary">
<arg>${passengerName}</arg>
<arg>timeout=10s</arg>
<doc>Waits until ``text`` appears on the current page.</doc>
<status status="PASS" start="2026-03-17T04:26:17.747636" elapsed="0.013034"/>
</kw>
<status status="PASS" start="2026-03-17T04:26:15.743253" elapsed="2.017417"/>
</kw>
<for flavor="IN RANGE">
<iter>
<kw name="Go to Find Route page">
<kw name="Sleep" owner="BuiltIn">
<msg time="2026-03-17T04:26:22.761386" level="INFO">Slept 5 seconds.</msg>
<arg>5s</arg>
<doc>Pauses the test executed for the given time.</doc>
<status status="PASS" start="2026-03-17T04:26:17.760670" elapsed="5.000716"/>
</kw>
<kw name="Click Element" owner="SeleniumLibrary">
<msg time="2026-03-17T04:26:22.761386" level="INFO">Clicking element 'xpath=//*[@id="__nuxt"]/div/div[1]/header/div/div[1]/nav/a'.</msg>
<arg>xpath=//*[@id="__nuxt"]/div/div[1]/header/div/div[1]/nav/a</arg>
<doc>Click the element identified by ``locator``.</doc>
<status status="PASS" start="2026-03-17T04:26:22.761386" elapsed="0.066000"/>
</kw>
<kw name="Wait Until Page Contains" owner="SeleniumLibrary">
<arg>ค้นหาการเดินทาง</arg>
<arg>timeout=10s</arg>
<doc>Waits until ``text`` appears on the current page.</doc>
<status status="PASS" start="2026-03-17T04:26:22.827386" elapsed="0.035217"/>
</kw>
<status status="PASS" start="2026-03-17T04:26:17.760670" elapsed="5.101933"/>
</kw>
<kw name="Request Top Route">
<kw name="Sleep" owner="BuiltIn">
<msg time="2026-03-17T04:26:24.864524" level="INFO">Slept 2 seconds.</msg>
<arg>2s</arg>
<doc>Pauses the test executed for the given time.</doc>
<status status="PASS" start="2026-03-17T04:26:22.863597" elapsed="2.000927"/>
</kw>
<kw name="Click Element" owner="SeleniumLibrary">
<msg time="2026-03-17T04:26:24.864524" level="INFO">Clicking element 'xpath=//*[@id="__nuxt"]/div/div[1]/main/div/div/div[2]/div[1]/div/div[2]/div[1]'.</msg>
<arg>xpath=//*[@id="__nuxt"]/div/div[1]/main/div/div/div[2]/div[1]/div/div[2]/div[1]</arg>
<doc>Click the element identified by ``locator``.</doc>
<status status="PASS" start="2026-03-17T04:26:24.864524" elapsed="0.082977"/>
</kw>
<kw name="Wait Until Element Is Visible" owner="SeleniumLibrary">
<arg>xpath=//*[@id="__nuxt"]/div/div[1]/main/div/div/div[2]/div[1]/div/div[2]/div[1]/div[2]/div[3]/button</arg>
<arg>timeout=10s</arg>
<doc>Waits until the element ``locator`` is visible.</doc>
<status status="PASS" start="2026-03-17T04:26:24.947501" elapsed="0.087679"/>
</kw>
<kw name="Click Element" owner="SeleniumLibrary">
<msg time="2026-03-17T04:26:25.035180" level="INFO">Clicking element 'xpath=//*[@id="__nuxt"]/div/div[1]/main/div/div/div[2]/div[1]/div/div[2]/div[1]/div[2]/div[3]/button'.</msg>
<arg>xpath=//*[@id="__nuxt"]/div/div[1]/main/div/div/div[2]/div[1]/div/div[2]/div[1]/div[2]/div[3]/button</arg>
<doc>Click the element identified by ``locator``.</doc>
<status status="PASS" start="2026-03-17T04:26:25.035180" elapsed="0.122550"/>
</kw>
<kw name="Input Text" owner="SeleniumLibrary">
<msg time="2026-03-17T04:26:25.157730" level="INFO">Typing text 'ขอนแก่น' into text field 'xpath=//*[@id="__nuxt"]/div/div[1]/main/div/div[2]/div/div[2]/div[4]/div[2]/div/input'.</msg>
<arg>xpath=//*[@id="__nuxt"]/div/div[1]/main/div/div[2]/div/div[2]/div[4]/div[2]/div/input</arg>
<arg>ขอนแก่น</arg>
<doc>Types the given ``text`` into the text field identified by ``locator``.</doc>
<status status="PASS" start="2026-03-17T04:26:25.157730" elapsed="0.168105"/>
</kw>
<kw name="Wait Until Element Is Visible" owner="SeleniumLibrary">
<arg>xpath=(//div[contains(@class,'pac-item')])[1]</arg>
<arg>10s</arg>
<doc>Waits until the element ``locator`` is visible.</doc>
<status status="PASS" start="2026-03-17T04:26:25.325835" elapsed="0.231682"/>
</kw>
<kw name="Click Element" owner="SeleniumLibrary">
<msg time="2026-03-17T04:26:25.557517" level="INFO">Clicking element 'xpath=(//div[contains(@class,'pac-item')])[1]'.</msg>
<arg>xpath=(//div[contains(@class,'pac-item')])[1]</arg>
<doc>Click the element identified by ``locator``.</doc>
<status status="PASS" start="2026-03-17T04:26:25.557517" elapsed="0.067973"/>
</kw>
<kw name="Input Text" owner="SeleniumLibrary">
<msg time="2026-03-17T04:26:25.625490" level="INFO">Typing text 'กรุงเทพ' into text field 'xpath=//*[@id="__nuxt"]/div/div[1]/main/div/div[2]/div/div[2]/div[4]/div[3]/div/input'.</msg>
<arg>xpath=//*[@id="__nuxt"]/div/div[1]/main/div/div[2]/div/div[2]/div[4]/div[3]/div/input</arg>
<arg>กรุงเทพ</arg>
<doc>Types the given ``text`` into the text field identified by ``locator``.</doc>
<status status="PASS" start="2026-03-17T04:26:25.625490" elapsed="0.084283"/>
</kw>
<kw name="Wait Until Element Is Visible" owner="SeleniumLibrary">
<arg>xpath=(//div[contains(@class,'pac-item')])[1]</arg>
<arg>10s</arg>
<doc>Waits until the element ``locator`` is visible.</doc>
<status status="PASS" start="2026-03-17T04:26:25.709773" elapsed="0.217640"/>
</kw>
<kw name="Click Element" owner="SeleniumLibrary">
<msg time="2026-03-17T04:26:25.927413" level="INFO">Clicking element 'xpath=(//div[contains(@class,'pac-item')])[1]'.</msg>
<arg>xpath=(//div[contains(@class,'pac-item')])[1]</arg>
<doc>Click the element identified by ``locator``.</doc>
<status status="PASS" start="2026-03-17T04:26:25.927413" elapsed="0.062035"/>
</kw>
<kw name="Scroll Element Into View" owner="SeleniumLibrary">
<arg>xpath=//*[@id="__nuxt"]/div/div[1]/main/div/div[2]/div/div[2]/div[6]/button[2]</arg>
<doc>Scrolls the element identified by ``locator`` into view.</doc>
<status status="PASS" start="2026-03-17T04:26:25.989448" elapsed="0.277972"/>
</kw>
<kw name="Click Element" owner="SeleniumLibrary">
<msg time="2026-03-17T04:26:26.267420" level="INFO">Clicking element 'xpath=//*[@id="__nuxt"]/div/div[1]/main/div/div[2]/div/div[2]/div[6]/button[2]'.</msg>
<arg>xpath=//*[@id="__nuxt"]/div/div[1]/main/div/div[2]/div/div[2]/div[6]/button[2]</arg>
<doc>Click the element identified by ``locator``.</doc>
<status status="PASS" start="2026-03-17T04:26:26.267420" elapsed="0.062555"/>
</kw>
<status status="PASS" start="2026-03-17T04:26:22.862603" elapsed="3.467372"/>
</kw>
<var name="${i}">0</var>
<status status="PASS" start="2026-03-17T04:26:17.760670" elapsed="8.570373"/>
</iter>
<iter>
<kw name="Go to Find Route page">
<kw name="Sleep" owner="BuiltIn">
<msg time="2026-03-17T04:26:31.331897" level="INFO">Slept 5 seconds.</msg>
<arg>5s</arg>
<doc>Pauses the test executed for the given time.</doc>
<status status="PASS" start="2026-03-17T04:26:26.331043" elapsed="5.000854"/>
</kw>
<kw name="Click Element" owner="SeleniumLibrary">
<msg time="2026-03-17T04:26:31.331897" level="INFO">Clicking element 'xpath=//*[@id="__nuxt"]/div/div[1]/header/div/div[1]/nav/a'.</msg>
<arg>xpath=//*[@id="__nuxt"]/div/div[1]/header/div/div[1]/nav/a</arg>
<doc>Click the element identified by ``locator``.</doc>
<status status="PASS" start="2026-03-17T04:26:31.331897" elapsed="0.081311"/>
</kw>
<kw name="Wait Until Page Contains" owner="SeleniumLibrary">
<arg>ค้นหาการเดินทาง</arg>
<arg>timeout=10s</arg>
<doc>Waits until ``text`` appears on the current page.</doc>
<status status="PASS" start="2026-03-17T04:26:31.413208" elapsed="0.032724"/>
</kw>
<status status="PASS" start="2026-03-17T04:26:26.331043" elapsed="5.114889"/>
</kw>
<kw name="Request Top Route">
<kw name="Sleep" owner="BuiltIn">
<msg time="2026-03-17T04:26:33.448246" level="INFO">Slept 2 seconds.</msg>
<arg>2s</arg>
<doc>Pauses the test executed for the given time.</doc>
<status status="PASS" start="2026-03-17T04:26:31.447942" elapsed="2.000304"/>
</kw>
<kw name="Click Element" owner="SeleniumLibrary">
<msg time="2026-03-17T04:26:33.448246" level="INFO">Clicking element 'xpath=//*[@id="__nuxt"]/div/div[1]/main/div/div/div[2]/div[1]/div/div[2]/div[1]'.</msg>
<arg>xpath=//*[@id="__nuxt"]/div/div[1]/main/div/div/div[2]/div[1]/div/div[2]/div[1]</arg>
<doc>Click the element identified by ``locator``.</doc>
<status status="PASS" start="2026-03-17T04:26:33.448246" elapsed="0.071857"/>
</kw>
<kw name="Wait Until Element Is Visible" owner="SeleniumLibrary">
<arg>xpath=//*[@id="__nuxt"]/div/div[1]/main/div/div/div[2]/div[1]/div/div[2]/div[1]/div[2]/div[3]/button</arg>
<arg>timeout=10s</arg>
<doc>Waits until the element ``locator`` is visible.</doc>
<status status="PASS" start="2026-03-17T04:26:33.520103" elapsed="0.033446"/>
</kw>
<kw name="Click Element" owner="SeleniumLibrary">
<msg time="2026-03-17T04:26:33.553549" level="INFO">Clicking element 'xpath=//*[@id="__nuxt"]/div/div[1]/main/div/div/div[2]/div[1]/div/div[2]/div[1]/div[2]/div[3]/button'.</msg>
<arg>xpath=//*[@id="__nuxt"]/div/div[1]/main/div/div/div[2]/div[1]/div/div[2]/div[1]/div[2]/div[3]/button</arg>
<doc>Click the element identified by ``locator``.</doc>
<status status="PASS" start="2026-03-17T04:26:33.553549" elapsed="0.104343"/>
</kw>
<kw name="Input Text" owner="SeleniumLibrary">
<msg time="2026-03-17T04:26:33.657892" level="INFO">Typing text 'ขอนแก่น' into text field 'xpath=//*[@id="__nuxt"]/div/div[1]/main/div/div[2]/div/div[2]/div[4]/div[2]/div/input'.</msg>
<arg>xpath=//*[@id="__nuxt"]/div/div[1]/main/div/div[2]/div/div[2]/div[4]/div[2]/div/input</arg>
<arg>ขอนแก่น</arg>
<doc>Types the given ``text`` into the text field identified by ``locator``.</doc>
<status status="PASS" start="2026-03-17T04:26:33.657892" elapsed="0.150853"/>
</kw>
<kw name="Wait Until Element Is Visible" owner="SeleniumLibrary">
<arg>xpath=(//div[contains(@class,'pac-item')])[1]</arg>
<arg>10s</arg>
<doc>Waits until the element ``locator`` is visible.</doc>
<status status="PASS" start="2026-03-17T04:26:33.808745" elapsed="0.239147"/>
</kw>
<kw name="Click Element" owner="SeleniumLibrary">
<msg time="2026-03-17T04:26:34.047892" level="INFO">Clicking element 'xpath=(//div[contains(@class,'pac-item')])[1]'.</msg>
<arg>xpath=(//div[contains(@class,'pac-item')])[1]</arg>
<doc>Click the element identified by ``locator``.</doc>
<status status="PASS" start="2026-03-17T04:26:34.047892" elapsed="0.057017"/>
</kw>
<kw name="Input Text" owner="SeleniumLibrary">
<msg time="2026-03-17T04:26:34.104909" level="INFO">Typing text 'กรุงเทพ' into text field 'xpath=//*[@id="__nuxt"]/div/div[1]/main/div/div[2]/div/div[2]/div[4]/div[3]/div/input'.</msg>
<arg>xpath=//*[@id="__nuxt"]/div/div[1]/main/div/div[2]/div/div[2]/div[4]/div[3]/div/input</arg>
<arg>กรุงเทพ</arg>
<doc>Types the given ``text`` into the text field identified by ``locator``.</doc>
<status status="PASS" start="2026-03-17T04:26:34.104909" elapsed="0.072680"/>
</kw>
<kw name="Wait Until Element Is Visible" owner="SeleniumLibrary">
<arg>xpath=(//div[contains(@class,'pac-item')])[1]</arg>
<arg>10s</arg>
<doc>Waits until the element ``locator`` is visible.</doc>
<status status="PASS" start="2026-03-17T04:26:34.177589" elapsed="0.222999"/>
</kw>
<kw name="Click Element" owner="SeleniumLibrary">
<msg time="2026-03-17T04:26:34.400588" level="INFO">Clicking element 'xpath=(//div[contains(@class,'pac-item')])[1]'.</msg>
<arg>xpath=(//div[contains(@class,'pac-item')])[1]</arg>
<doc>Click the element identified by ``locator``.</doc>
<status status="PASS" start="2026-03-17T04:26:34.400588" elapsed="0.050590"/>
</kw>
<kw name="Scroll Element Into View" owner="SeleniumLibrary">
<arg>xpath=//*[@id="__nuxt"]/div/div[1]/main/div/div[2]/div/div[2]/div[6]/button[2]</arg>
<doc>Scrolls the element identified by ``locator`` into view.</doc>
<status status="PASS" start="2026-03-17T04:26:34.451178" elapsed="0.282632"/>
</kw>
<kw name="Click Element" owner="SeleniumLibrary">
<msg time="2026-03-17T04:26:34.733810" level="INFO">Clicking element 'xpath=//*[@id="__nuxt"]/div/div[1]/main/div/div[2]/div/div[2]/div[6]/button[2]'.</msg>
<arg>xpath=//*[@id="__nuxt"]/div/div[1]/main/div/div[2]/div/div[2]/div[6]/button[2]</arg>
<doc>Click the element identified by ``locator``.</doc>
<status status="PASS" start="2026-03-17T04:26:34.733810" elapsed="0.053777"/>
</kw>
<status status="PASS" start="2026-03-17T04:26:31.447942" elapsed="3.340695"/>
</kw>
<var name="${i}">1</var>
<status status="PASS" start="2026-03-17T04:26:26.331043" elapsed="8.457594"/>
</iter>
<iter>
<kw name="Go to Find Route page">
<kw name="Sleep" owner="BuiltIn">
<msg time="2026-03-17T04:26:39.789063" level="INFO">Slept 5 seconds.</msg>
<arg>5s</arg>
<doc>Pauses the test executed for the given time.</doc>
<status status="PASS" start="2026-03-17T04:26:34.788637" elapsed="5.000426"/>
</kw>
<kw name="Click Element" owner="SeleniumLibrary">
<msg time="2026-03-17T04:26:39.789063" level="INFO">Clicking element 'xpath=//*[@id="__nuxt"]/div/div[1]/header/div/div[1]/nav/a'.</msg>
<arg>xpath=//*[@id="__nuxt"]/div/div[1]/header/div/div[1]/nav/a</arg>
<doc>Click the element identified by ``locator``.</doc>
<status status="PASS" start="2026-03-17T04:26:39.789063" elapsed="0.076054"/>
</kw>
<kw name="Wait Until Page Contains" owner="SeleniumLibrary">
<arg>ค้นหาการเดินทาง</arg>
<arg>timeout=10s</arg>
<doc>Waits until ``text`` appears on the current page.</doc>
<status status="PASS" start="2026-03-17T04:26:39.865117" elapsed="0.025000"/>
</kw>
<status status="PASS" start="2026-03-17T04:26:34.788637" elapsed="5.101480"/>
</kw>
<kw name="Request Top Route">
<kw name="Sleep" owner="BuiltIn">
<msg time="2026-03-17T04:26:41.890542" level="INFO">Slept 2 seconds.</msg>
<arg>2s</arg>
<doc>Pauses the test executed for the given time.</doc>
<status status="PASS" start="2026-03-17T04:26:39.890117" elapsed="2.000425"/>
</kw>
<kw name="Click Element" owner="SeleniumLibrary">
<msg time="2026-03-17T04:26:41.890542" level="INFO">Clicking element 'xpath=//*[@id="__nuxt"]/div/div[1]/main/div/div/div[2]/div[1]/div/div[2]/div[1]'.</msg>
<arg>xpath=//*[@id="__nuxt"]/div/div[1]/main/div/div/div[2]/div[1]/div/div[2]/div[1]</arg>
<doc>Click the element identified by ``locator``.</doc>
<status status="PASS" start="2026-03-17T04:26:41.890542" elapsed="0.070727"/>
</kw>
<kw name="Wait Until Element Is Visible" owner="SeleniumLibrary">
<arg>xpath=//*[@id="__nuxt"]/div/div[1]/main/div/div/div[2]/div[1]/div/div[2]/div[1]/div[2]/div[3]/button</arg>
<arg>timeout=10s</arg>
<doc>Waits until the element ``locator`` is visible.</doc>
<status status="PASS" start="2026-03-17T04:26:41.961269" elapsed="0.026718"/>
</kw>
<kw name="Click Element" owner="SeleniumLibrary">
<msg time="2026-03-17T04:26:41.987987" level="INFO">Clicking element 'xpath=//*[@id="__nuxt"]/div/div[1]/main/div/div/div[2]/div[1]/div/div[2]/div[1]/div[2]/div[3]/button'.</msg>
<arg>xpath=//*[@id="__nuxt"]/div/div[1]/main/div/div/div[2]/div[1]/div/div[2]/div[1]/div[2]/div[3]/button</arg>
<doc>Click the element identified by ``locator``.</doc>
<status status="PASS" start="2026-03-17T04:26:41.987987" elapsed="0.119962"/>
</kw>
<kw name="Input Text" owner="SeleniumLibrary">
<msg time="2026-03-17T04:26:42.107949" level="INFO">Typing text 'ขอนแก่น' into text field 'xpath=//*[@id="__nuxt"]/div/div[1]/main/div/div[2]/div/div[2]/div[4]/div[2]/div/input'.</msg>
<arg>xpath=//*[@id="__nuxt"]/div/div[1]/main/div/div[2]/div/div[2]/div[4]/div[2]/div/input</arg>
<arg>ขอนแก่น</arg>
<doc>Types the given ``text`` into the text field identified by ``locator``.</doc>
<status status="PASS" start="2026-03-17T04:26:42.107949" elapsed="0.142847"/>
</kw>
<kw name="Wait Until Element Is Visible" owner="SeleniumLibrary">
<arg>xpath=(//div[contains(@class,'pac-item')])[1]</arg>
<arg>10s</arg>
<doc>Waits until the element ``locator`` is visible.</doc>
<status status="PASS" start="2026-03-17T04:26:42.250796" elapsed="0.227120"/>
</kw>
<kw name="Click Element" owner="SeleniumLibrary">
<msg time="2026-03-17T04:26:42.477916" level="INFO">Clicking element 'xpath=(//div[contains(@class,'pac-item')])[1]'.</msg>
<arg>xpath=(//div[contains(@class,'pac-item')])[1]</arg>
<doc>Click the element identified by ``locator``.</doc>
<status status="PASS" start="2026-03-17T04:26:42.477916" elapsed="0.063379"/>
</kw>
<kw name="Input Text" owner="SeleniumLibrary">
<msg time="2026-03-17T04:26:42.541295" level="INFO">Typing text 'กรุงเทพ' into text field 'xpath=//*[@id="__nuxt"]/div/div[1]/main/div/div[2]/div/div[2]/div[4]/div[3]/div/input'.</msg>
<arg>xpath=//*[@id="__nuxt"]/div/div[1]/main/div/div[2]/div/div[2]/div[4]/div[3]/div/input</arg>
<arg>กรุงเทพ</arg>
<doc>Types the given ``text`` into the text field identified by ``locator``.</doc>
<status status="PASS" start="2026-03-17T04:26:42.541295" elapsed="0.078685"/>
</kw>
<kw name="Wait Until Element Is Visible" owner="SeleniumLibrary">
<arg>xpath=(//div[contains(@class,'pac-item')])[1]</arg>
<arg>10s</arg>
<doc>Waits until the element ``locator`` is visible.</doc>
<status status="PASS" start="2026-03-17T04:26:42.619980" elapsed="0.218215"/>
</kw>
<kw name="Click Element" owner="SeleniumLibrary">
<msg time="2026-03-17T04:26:42.838195" level="INFO">Clicking element 'xpath=(//div[contains(@class,'pac-item')])[1]'.</msg>
<arg>xpath=(//div[contains(@class,'pac-item')])[1]</arg>
<doc>Click the element identified by ``locator``.</doc>
<status status="PASS" start="2026-03-17T04:26:42.838195" elapsed="0.055770"/>
</kw>
<kw name="Scroll Element Into View" owner="SeleniumLibrary">
<arg>xpath=//*[@id="__nuxt"]/div/div[1]/main/div/div[2]/div/div[2]/div[6]/button[2]</arg>
<doc>Scrolls the element identified by ``locator`` into view.</doc>
<status status="PASS" start="2026-03-17T04:26:42.893965" elapsed="0.266148"/>
</kw>
<kw name="Click Element" owner="SeleniumLibrary">
<msg time="2026-03-17T04:26:43.160113" level="INFO">Clicking element 'xpath=//*[@id="__nuxt"]/div/div[1]/main/div/div[2]/div/div[2]/div[6]/button[2]'.</msg>
<arg>xpath=//*[@id="__nuxt"]/div/div[1]/main/div/div[2]/div/div[2]/div[6]/button[2]</arg>
<doc>Click the element identified by ``locator``.</doc>
<status status="PASS" start="2026-03-17T04:26:43.160113" elapsed="0.052548"/>
</kw>
<status status="PASS" start="2026-03-17T04:26:39.890117" elapsed="3.323597"/>
</kw>
<var name="${i}">2</var>
<status status="PASS" start="2026-03-17T04:26:34.788637" elapsed="8.425077"/>
</iter>
<iter>
<kw name="Go to Find Route page">
<kw name="Sleep" owner="BuiltIn">
<msg time="2026-03-17T04:26:48.214304" level="INFO">Slept 5 seconds.</msg>
<arg>5s</arg>
<doc>Pauses the test executed for the given time.</doc>
<status status="PASS" start="2026-03-17T04:26:43.213714" elapsed="5.000590"/>
</kw>
<kw name="Click Element" owner="SeleniumLibrary">
<msg time="2026-03-17T04:26:48.214304" level="INFO">Clicking element 'xpath=//*[@id="__nuxt"]/div/div[1]/header/div/div[1]/nav/a'.</msg>
<arg>xpath=//*[@id="__nuxt"]/div/div[1]/header/div/div[1]/nav/a</arg>
<doc>Click the element identified by ``locator``.</doc>
<status status="PASS" start="2026-03-17T04:26:48.214304" elapsed="0.073946"/>
</kw>
<kw name="Wait Until Page Contains" owner="SeleniumLibrary">
<arg>ค้นหาการเดินทาง</arg>
<arg>timeout=10s</arg>
<doc>Waits until ``text`` appears on the current page.</doc>
<status status="PASS" start="2026-03-17T04:26:48.288250" elapsed="0.046738"/>
</kw>
<status status="PASS" start="2026-03-17T04:26:43.213714" elapsed="5.121274"/>
</kw>
<kw name="Request Top Route">
<kw name="Sleep" owner="BuiltIn">
<msg time="2026-03-17T04:26:50.336586" level="INFO">Slept 2 seconds.</msg>
<arg>2s</arg>
<doc>Pauses the test executed for the given time.</doc>
<status status="PASS" start="2026-03-17T04:26:48.336095" elapsed="2.000491"/>
</kw>
<kw name="Click Element" owner="SeleniumLibrary">
<msg time="2026-03-17T04:26:50.336586" level="INFO">Clicking element 'xpath=//*[@id="__nuxt"]/div/div[1]/main/div/div/div[2]/div[1]/div/div[2]/div[1]'.</msg>
<arg>xpath=//*[@id="__nuxt"]/div/div[1]/main/div/div/div[2]/div[1]/div/div[2]/div[1]</arg>
<doc>Click the element identified by ``locator``.</doc>
<status status="PASS" start="2026-03-17T04:26:50.336586" elapsed="0.075801"/>
</kw>
<kw name="Wait Until Element Is Visible" owner="SeleniumLibrary">
<arg>xpath=//*[@id="__nuxt"]/div/div[1]/main/div/div/div[2]/div[1]/div/div[2]/div[1]/div[2]/div[3]/button</arg>
<arg>timeout=10s</arg>
<doc>Waits until the element ``locator`` is visible.</doc>
<status status="PASS" start="2026-03-17T04:26:50.412387" elapsed="0.031946"/>
</kw>
<kw name="Click Element" owner="SeleniumLibrary">
<msg time="2026-03-17T04:26:50.444333" level="INFO">Clicking element 'xpath=//*[@id="__nuxt"]/div/div[1]/main/div/div/div[2]/div[1]/div/div[2]/div[1]/div[2]/div[3]/button'.</msg>
<arg>xpath=//*[@id="__nuxt"]/div/div[1]/main/div/div/div[2]/div[1]/div/div[2]/div[1]/div[2]/div[3]/button</arg>
<doc>Click the element identified by ``locator``.</doc>
<status status="PASS" start="2026-03-17T04:26:50.444333" elapsed="0.090036"/>
</kw>
<kw name="Input Text" owner="SeleniumLibrary">
<msg time="2026-03-17T04:26:50.534369" level="INFO">Typing text 'ขอนแก่น' into text field 'xpath=//*[@id="__nuxt"]/div/div[1]/main/div/div[2]/div/div[2]/div[4]/div[2]/div/input'.</msg>
<arg>xpath=//*[@id="__nuxt"]/div/div[1]/main/div/div[2]/div/div[2]/div[4]/div[2]/div/input</arg>
<arg>ขอนแก่น</arg>
<doc>Types the given ``text`` into the text field identified by ``locator``.</doc>
<status status="PASS" start="2026-03-17T04:26:50.534369" elapsed="0.175159"/>
</kw>
<kw name="Wait Until Element Is Visible" owner="SeleniumLibrary">
<arg>xpath=(//div[contains(@class,'pac-item')])[1]</arg>
<arg>10s</arg>
<doc>Waits until the element ``locator`` is visible.</doc>
<status status="PASS" start="2026-03-17T04:26:50.709528" elapsed="0.228550"/>
</kw>
<kw name="Click Element" owner="SeleniumLibrary">
<msg time="2026-03-17T04:26:50.938078" level="INFO">Clicking element 'xpath=(//div[contains(@class,'pac-item')])[1]'.</msg>
<arg>xpath=(//div[contains(@class,'pac-item')])[1]</arg>
<doc>Click the element identified by ``locator``.</doc>
<status status="PASS" start="2026-03-17T04:26:50.938078" elapsed="0.057812"/>
</kw>
<kw name="Input Text" owner="SeleniumLibrary">
<msg time="2026-03-17T04:26:50.995890" level="INFO">Typing text 'กรุงเทพ' into text field 'xpath=//*[@id="__nuxt"]/div/div[1]/main/div/div[2]/div/div[2]/div[4]/div[3]/div/input'.</msg>
<arg>xpath=//*[@id="__nuxt"]/div/div[1]/main/div/div[2]/div/div[2]/div[4]/div[3]/div/input</arg>
<arg>กรุงเทพ</arg>
<doc>Types the given ``text`` into the text field identified by ``locator``.</doc>
<status status="PASS" start="2026-03-17T04:26:50.995890" elapsed="0.078734"/>
</kw>
<kw name="Wait Until Element Is Visible" owner="SeleniumLibrary">
<arg>xpath=(//div[contains(@class,'pac-item')])[1]</arg>
<arg>10s</arg>
<doc>Waits until the element ``locator`` is visible.</doc>
<status status="PASS" start="2026-03-17T04:26:51.074624" elapsed="0.223374"/>
</kw>
<kw name="Click Element" owner="SeleniumLibrary">
<msg time="2026-03-17T04:26:51.297998" level="INFO">Clicking element 'xpath=(//div[contains(@class,'pac-item')])[1]'.</msg>
<arg>xpath=(//div[contains(@class,'pac-item')])[1]</arg>
<doc>Click the element identified by ``locator``.</doc>
<status status="PASS" start="2026-03-17T04:26:51.297998" elapsed="0.052443"/>
</kw>
<kw name="Scroll Element Into View" owner="SeleniumLibrary">
<arg>xpath=//*[@id="__nuxt"]/div/div[1]/main/div/div[2]/div/div[2]/div[6]/button[2]</arg>
<doc>Scrolls the element identified by ``locator`` into view.</doc>
<status status="PASS" start="2026-03-17T04:26:51.350441" elapsed="0.284036"/>
</kw>
<kw name="Click Element" owner="SeleniumLibrary">
<msg time="2026-03-17T04:26:51.634477" level="INFO">Clicking element 'xpath=//*[@id="__nuxt"]/div/div[1]/main/div/div[2]/div/div[2]/div[6]/button[2]'.</msg>
<arg>xpath=//*[@id="__nuxt"]/div/div[1]/main/div/div[2]/div/div[2]/div[6]/button[2]</arg>
<doc>Click the element identified by ``locator``.</doc>
<status status="PASS" start="2026-03-17T04:26:51.634477" elapsed="0.053618"/>
</kw>
<status status="PASS" start="2026-03-17T04:26:48.336095" elapsed="3.352000"/>
</kw>
<var name="${i}">3</var>
<status status="PASS" start="2026-03-17T04:26:43.213714" elapsed="8.474381"/>
</iter>
<iter>
<kw name="Go to Find Route page">
<kw name="Sleep" owner="BuiltIn">
<msg time="2026-03-17T04:26:56.688854" level="INFO">Slept 5 seconds.</msg>
<arg>5s</arg>
<doc>Pauses the test executed for the given time.</doc>
<status status="PASS" start="2026-03-17T04:26:51.688600" elapsed="5.000254"/>
</kw>
<kw name="Click Element" owner="SeleniumLibrary">
<msg time="2026-03-17T04:26:56.688854" level="INFO">Clicking element 'xpath=//*[@id="__nuxt"]/div/div[1]/header/div/div[1]/nav/a'.</msg>
<arg>xpath=//*[@id="__nuxt"]/div/div[1]/header/div/div[1]/nav/a</arg>
<doc>Click the element identified by ``locator``.</doc>
<status status="PASS" start="2026-03-17T04:26:56.688854" elapsed="0.077912"/>
</kw>
<kw name="Wait Until Page Contains" owner="SeleniumLibrary">
<arg>ค้นหาการเดินทาง</arg>
<arg>timeout=10s</arg>
<doc>Waits until ``text`` appears on the current page.</doc>
<status status="PASS" start="2026-03-17T04:26:56.767798" elapsed="0.023096"/>
</kw>
<status status="PASS" start="2026-03-17T04:26:51.688600" elapsed="5.102294"/>
</kw>
<kw name="Request Top Route">
<kw name="Sleep" owner="BuiltIn">
<msg time="2026-03-17T04:26:58.791306" level="INFO">Slept 2 seconds.</msg>
<arg>2s</arg>
<doc>Pauses the test executed for the given time.</doc>
<status status="PASS" start="2026-03-17T04:26:56.790894" elapsed="2.000412"/>
</kw>
<kw name="Click Element" owner="SeleniumLibrary">
<msg time="2026-03-17T04:26:58.791306" level="INFO">Clicking element 'xpath=//*[@id="__nuxt"]/div/div[1]/main/div/div/div[2]/div[1]/div/div[2]/div[1]'.</msg>
<arg>xpath=//*[@id="__nuxt"]/div/div[1]/main/div/div/div[2]/div[1]/div/div[2]/div[1]</arg>
<doc>Click the element identified by ``locator``.</doc>
<status status="PASS" start="2026-03-17T04:26:58.791306" elapsed="0.069241"/>
</kw>
<kw name="Wait Until Element Is Visible" owner="SeleniumLibrary">
<arg>xpath=//*[@id="__nuxt"]/div/div[1]/main/div/div/div[2]/div[1]/div/div[2]/div[1]/div[2]/div[3]/button</arg>
<arg>timeout=10s</arg>
<doc>Waits until the element ``locator`` is visible.</doc>
<status status="PASS" start="2026-03-17T04:26:58.860547" elapsed="0.058155"/>
</kw>
<kw name="Click Element" owner="SeleniumLibrary">
<msg time="2026-03-17T04:26:58.918702" level="INFO">Clicking element 'xpath=//*[@id="__nuxt"]/div/div[1]/main/div/div/div[2]/div[1]/div/div[2]/div[1]/div[2]/div[3]/button'.</msg>
<arg>xpath=//*[@id="__nuxt"]/div/div[1]/main/div/div/div[2]/div[1]/div/div[2]/div[1]/div[2]/div[3]/button</arg>
<doc>Click the element identified by ``locator``.</doc>
<status status="PASS" start="2026-03-17T04:26:58.918702" elapsed="0.084764"/>
</kw>
<kw name="Input Text" owner="SeleniumLibrary">
<msg time="2026-03-17T04:26:59.003466" level="INFO">Typing text 'ขอนแก่น' into text field 'xpath=//*[@id="__nuxt"]/div/div[1]/main/div/div[2]/div/div[2]/div[4]/div[2]/div/input'.</msg>
<arg>xpath=//*[@id="__nuxt"]/div/div[1]/main/div/div[2]/div/div[2]/div[4]/div[2]/div/input</arg>
<arg>ขอนแก่น</arg>
<doc>Types the given ``text`` into the text field identified by ``locator``.</doc>
<status status="PASS" start="2026-03-17T04:26:59.003466" elapsed="0.143655"/>
</kw>
<kw name="Wait Until Element Is Visible" owner="SeleniumLibrary">
<arg>xpath=(//div[contains(@class,'pac-item')])[1]</arg>
<arg>10s</arg>
<doc>Waits until the element ``locator`` is visible.</doc>
<status status="PASS" start="2026-03-17T04:26:59.147121" elapsed="0.223271"/>
</kw>
<kw name="Click Element" owner="SeleniumLibrary">
<msg time="2026-03-17T04:26:59.370392" level="INFO">Clicking element 'xpath=(//div[contains(@class,'pac-item')])[1]'.</msg>
<arg>xpath=(//div[contains(@class,'pac-item')])[1]</arg>
<doc>Click the element identified by ``locator``.</doc>
<status status="PASS" start="2026-03-17T04:26:59.370392" elapsed="0.056856"/>
</kw>
<kw name="Input Text" owner="SeleniumLibrary">
<msg time="2026-03-17T04:26:59.428757" level="INFO">Typing text 'กรุงเทพ' into text field 'xpath=//*[@id="__nuxt"]/div/div[1]/main/div/div[2]/div/div[2]/div[4]/div[3]/div/input'.</msg>
<arg>xpath=//*[@id="__nuxt"]/div/div[1]/main/div/div[2]/div/div[2]/div[4]/div[3]/div/input</arg>
<arg>กรุงเทพ</arg>
<doc>Types the given ``text`` into the text field identified by ``locator``.</doc>
<status status="PASS" start="2026-03-17T04:26:59.427248" elapsed="0.075189"/>
</kw>
<kw name="Wait Until Element Is Visible" owner="SeleniumLibrary">
<arg>xpath=(//div[contains(@class,'pac-item')])[1]</arg>
<arg>10s</arg>
<doc>Waits until the element ``locator`` is visible.</doc>
<status status="PASS" start="2026-03-17T04:26:59.502437" elapsed="0.215932"/>
</kw>
<kw name="Click Element" owner="SeleniumLibrary">
<msg time="2026-03-17T04:26:59.718369" level="INFO">Clicking element 'xpath=(//div[contains(@class,'pac-item')])[1]'.</msg>
<arg>xpath=(//div[contains(@class,'pac-item')])[1]</arg>
<doc>Click the element identified by ``locator``.</doc>
<status status="PASS" start="2026-03-17T04:26:59.718369" elapsed="0.061106"/>
</kw>
<kw name="Scroll Element Into View" owner="SeleniumLibrary">
<arg>xpath=//*[@id="__nuxt"]/div/div[1]/main/div/div[2]/div/div[2]/div[6]/button[2]</arg>
<doc>Scrolls the element identified by ``locator`` into view.</doc>
<status status="PASS" start="2026-03-17T04:26:59.779475" elapsed="0.269185"/>
</kw>
<kw name="Click Element" owner="SeleniumLibrary">
<msg time="2026-03-17T04:27:00.048660" level="INFO">Clicking element 'xpath=//*[@id="__nuxt"]/div/div[1]/main/div/div[2]/div/div[2]/div[6]/button[2]'.</msg>
<arg>xpath=//*[@id="__nuxt"]/div/div[1]/main/div/div[2]/div/div[2]/div[6]/button[2]</arg>
<doc>Click the element identified by ``locator``.</doc>
<status status="PASS" start="2026-03-17T04:27:00.048660" elapsed="0.071984"/>
</kw>
<status status="PASS" start="2026-03-17T04:26:56.790894" elapsed="3.329750"/>
</kw>
<var name="${i}">4</var>
<status status="PASS" start="2026-03-17T04:26:51.688095" elapsed="8.432549"/>
</iter>
<iter>
<kw name="Go to Find Route page">
<kw name="Sleep" owner="BuiltIn">
<msg time="2026-03-17T04:27:05.122309" level="INFO">Slept 5 seconds.</msg>
<arg>5s</arg>
<doc>Pauses the test executed for the given time.</doc>
<status status="PASS" start="2026-03-17T04:27:00.121673" elapsed="5.000636"/>
</kw>
<kw name="Click Element" owner="SeleniumLibrary">
<msg time="2026-03-17T04:27:05.122309" level="INFO">Clicking element 'xpath=//*[@id="__nuxt"]/div/div[1]/header/div/div[1]/nav/a'.</msg>
<arg>xpath=//*[@id="__nuxt"]/div/div[1]/header/div/div[1]/nav/a</arg>
<doc>Click the element identified by ``locator``.</doc>
<status status="PASS" start="2026-03-17T04:27:05.122309" elapsed="0.078851"/>
</kw>
<kw name="Wait Until Page Contains" owner="SeleniumLibrary">
<arg>ค้นหาการเดินทาง</arg>
<arg>timeout=10s</arg>
<doc>Waits until ``text`` appears on the current page.</doc>
<status status="PASS" start="2026-03-17T04:27:05.201160" elapsed="0.022362"/>
</kw>
<status status="PASS" start="2026-03-17T04:27:00.120644" elapsed="5.102878"/>
</kw>
<kw name="Request Top Route">
<kw name="Sleep" owner="BuiltIn">
<msg time="2026-03-17T04:27:07.225276" level="INFO">Slept 2 seconds.</msg>
<arg>2s</arg>
<doc>Pauses the test executed for the given time.</doc>
<status status="PASS" start="2026-03-17T04:27:05.224518" elapsed="2.000758"/>
</kw>
<kw name="Click Element" owner="SeleniumLibrary">
<msg time="2026-03-17T04:27:07.225276" level="INFO">Clicking element 'xpath=//*[@id="__nuxt"]/div/div[1]/main/div/div/div[2]/div[1]/div/div[2]/div[1]'.</msg>
<arg>xpath=//*[@id="__nuxt"]/div/div[1]/main/div/div/div[2]/div[1]/div/div[2]/div[1]</arg>
<doc>Click the element identified by ``locator``.</doc>
<status status="PASS" start="2026-03-17T04:27:07.225276" elapsed="0.072595"/>
</kw>
<kw name="Wait Until Element Is Visible" owner="SeleniumLibrary">
<arg>xpath=//*[@id="__nuxt"]/div/div[1]/main/div/div/div[2]/div[1]/div/div[2]/div[1]/div[2]/div[3]/button</arg>
<arg>timeout=10s</arg>
<doc>Waits until the element ``locator`` is visible.</doc>
<status status="PASS" start="2026-03-17T04:27:07.297871" elapsed="0.051328"/>
</kw>
<kw name="Click Element" owner="SeleniumLibrary">
<msg time="2026-03-17T04:27:07.356063" level="INFO">Clicking element 'xpath=//*[@id="__nuxt"]/div/div[1]/main/div/div/div[2]/div[1]/div/div[2]/div[1]/div[2]/div[3]/button'.</msg>
<arg>xpath=//*[@id="__nuxt"]/div/div[1]/main/div/div/div[2]/div[1]/div/div[2]/div[1]/div[2]/div[3]/button</arg>
<doc>Click the element identified by ``locator``.</doc>
<status status="PASS" start="2026-03-17T04:27:07.349199" elapsed="0.091876"/>
</kw>
<kw name="Input Text" owner="SeleniumLibrary">
<msg time="2026-03-17T04:27:07.441075" level="INFO">Typing text 'ขอนแก่น' into text field 'xpath=//*[@id="__nuxt"]/div/div[1]/main/div/div[2]/div/div[2]/div[4]/div[2]/div/input'.</msg>
<arg>xpath=//*[@id="__nuxt"]/div/div[1]/main/div/div[2]/div/div[2]/div[4]/div[2]/div/input</arg>
<arg>ขอนแก่น</arg>
<doc>Types the given ``text`` into the text field identified by ``locator``.</doc>
<status status="PASS" start="2026-03-17T04:27:07.441075" elapsed="0.144284"/>
</kw>
<kw name="Wait Until Element Is Visible" owner="SeleniumLibrary">
<arg>xpath=(//div[contains(@class,'pac-item')])[1]</arg>
<arg>10s</arg>
<doc>Waits until the element ``locator`` is visible.</doc>
<status status="PASS" start="2026-03-17T04:27:07.585359" elapsed="0.227866"/>
</kw>
<kw name="Click Element" owner="SeleniumLibrary">
<msg time="2026-03-17T04:27:07.813225" level="INFO">Clicking element 'xpath=(//div[contains(@class,'pac-item')])[1]'.</msg>
<arg>xpath=(//div[contains(@class,'pac-item')])[1]</arg>
<doc>Click the element identified by ``locator``.</doc>
<status status="PASS" start="2026-03-17T04:27:07.813225" elapsed="0.053199"/>
</kw>
<kw name="Input Text" owner="SeleniumLibrary">
<msg time="2026-03-17T04:27:07.866424" level="INFO">Typing text 'กรุงเทพ' into text field 'xpath=//*[@id="__nuxt"]/div/div[1]/main/div/div[2]/div/div[2]/div[4]/div[3]/div/input'.</msg>
<arg>xpath=//*[@id="__nuxt"]/div/div[1]/main/div/div[2]/div/div[2]/div[4]/div[3]/div/input</arg>
<arg>กรุงเทพ</arg>
<doc>Types the given ``text`` into the text field identified by ``locator``.</doc>
<status status="PASS" start="2026-03-17T04:27:07.866424" elapsed="0.073800"/>
</kw>
<kw name="Wait Until Element Is Visible" owner="SeleniumLibrary">
<arg>xpath=(//div[contains(@class,'pac-item')])[1]</arg>
<arg>10s</arg>
<doc>Waits until the element ``locator`` is visible.</doc>
<status status="PASS" start="2026-03-17T04:27:07.940224" elapsed="0.218338"/>
</kw>
<kw name="Click Element" owner="SeleniumLibrary">
<msg time="2026-03-17T04:27:08.158562" level="INFO">Clicking element 'xpath=(//div[contains(@class,'pac-item')])[1]'.</msg>
<arg>xpath=(//div[contains(@class,'pac-item')])[1]</arg>
<doc>Click the element identified by ``locator``.</doc>
<status status="PASS" start="2026-03-17T04:27:08.158562" elapsed="0.063366"/>
</kw>
<kw name="Scroll Element Into View" owner="SeleniumLibrary">
<arg>xpath=//*[@id="__nuxt"]/div/div[1]/main/div/div[2]/div/div[2]/div[6]/button[2]</arg>
<doc>Scrolls the element identified by ``locator`` into view.</doc>
<status status="PASS" start="2026-03-17T04:27:08.221928" elapsed="0.276628"/>
</kw>
<kw name="Click Element" owner="SeleniumLibrary">
<msg time="2026-03-17T04:27:08.498556" level="INFO">Clicking element 'xpath=//*[@id="__nuxt"]/div/div[1]/main/div/div[2]/div/div[2]/div[6]/button[2]'.</msg>
<arg>xpath=//*[@id="__nuxt"]/div/div[1]/main/div/div[2]/div/div[2]/div[6]/button[2]</arg>
<doc>Click the element identified by ``locator``.</doc>
<status status="PASS" start="2026-03-17T04:27:08.498556" elapsed="0.052006"/>
</kw>
<status status="PASS" start="2026-03-17T04:27:05.223522" elapsed="3.328112"/>
</kw>
<var name="${i}">5</var>
<status status="PASS" start="2026-03-17T04:27:00.120644" elapsed="8.430990"/>
</iter>
<var>${i}</var>
<value>${range}</value>
<status status="PASS" start="2026-03-17T04:26:17.760670" elapsed="50.790964"/>
</for>
<kw name="Close Browser" owner="SeleniumLibrary">
<doc>Closes the current browser.</doc>
<status status="PASS" start="2026-03-17T04:27:08.551634" elapsed="2.220295"/>
</kw>
<doc>ขอจองที่นั่งสำหรับการเดินทาง</doc>
<status status="PASS" start="2026-03-17T04:26:11.295756" elapsed="59.476173"/>
</test>
<test id="s1-t3" name="Accept Request from Passenger by Driver:" line="49">
<kw name="Open PNN website">
<kw name="Open Browser" owner="SeleniumLibrary">
<msg time="2026-03-17T04:27:10.771929" level="INFO">Opening browser 'Edge' to base url 'http://www.google.com'.</msg>
<arg>${homepage}</arg>
<arg>${browser}</arg>
<doc>Opens a new browser instance to the optional ``url``.</doc>
<status status="PASS" start="2026-03-17T04:27:10.771929" elapsed="2.126990"/>
</kw>
<kw name="Maximize Browser Window" owner="SeleniumLibrary">
<doc>Maximizes current browser window.</doc>
<status status="PASS" start="2026-03-17T04:27:12.898919" elapsed="0.043792"/>
</kw>
<kw name="Go To" owner="SeleniumLibrary">
<msg time="2026-03-17T04:27:12.942711" level="INFO">Opening url 'https://csse1369.cpkku.com/'</msg>
<arg>${pnnUrl}</arg>
<doc>Navigates the current browser window to the provided ``url``.</doc>
<status status="PASS" start="2026-03-17T04:27:12.942711" elapsed="0.264740"/>
</kw>
<status status="PASS" start="2026-03-17T04:27:10.771929" elapsed="2.435522"/>
</kw>
<kw name="Login as Driver">
<kw name="Sleep" owner="BuiltIn">
<msg time="2026-03-17T04:27:15.209132" level="INFO">Slept 2 seconds.</msg>
<arg>2s</arg>
<doc>Pauses the test executed for the given time.</doc>
<status status="PASS" start="2026-03-17T04:27:13.208971" elapsed="2.000161"/>
</kw>
<kw name="Wait Until Page Contains" owner="SeleniumLibrary">
<arg>เดินทางร่วมกัน อย่างมั่นใจ ด้วยความปลอดภัยเป็นอันดับหนึ่ง</arg>
<arg>timeout=10s</arg>
<doc>Waits until ``text`` appears on the current page.</doc>
<status status="PASS" start="2026-03-17T04:27:15.209132" elapsed="0.013097"/>
</kw>
<kw name="Click Element" owner="SeleniumLibrary">
<msg time="2026-03-17T04:27:15.222229" level="INFO">Clicking element 'xpath=//a[normalize-space()="เข้าสู่ระบบ"]'.</msg>
<arg>xpath=//a[normalize-space()="เข้าสู่ระบบ"]</arg>
<doc>Click the element identified by ``locator``.</doc>
<status status="PASS" start="2026-03-17T04:27:15.222229" elapsed="0.170533"/>
</kw>
<kw name="Sleep" owner="BuiltIn">
<msg time="2026-03-17T04:27:17.394738" level="INFO">Slept 2 seconds.</msg>
<arg>2s</arg>
<doc>Pauses the test executed for the given time.</doc>
<status status="PASS" start="2026-03-17T04:27:15.393883" elapsed="2.000855"/>
</kw>
<kw name="Input Text" owner="SeleniumLibrary">
<msg time="2026-03-17T04:27:17.394738" level="INFO">Typing text 'driver123' into text field 'id=identifier'.</msg>
<arg>id=identifier</arg>
<arg>${driverUser}</arg>
<doc>Types the given ``text`` into the text field identified by ``locator``.</doc>
<status status="PASS" start="2026-03-17T04:27:17.394738" elapsed="0.099311"/>
</kw>
<kw name="Input Text" owner="SeleniumLibrary">
<msg time="2026-03-17T04:27:17.494049" level="INFO">Typing text 'driver987654321' into text field 'id=password'.</msg>
<arg>id=password</arg>
<arg>${driverPass}</arg>
<doc>Types the given ``text`` into the text field identified by ``locator``.</doc>
<status status="PASS" start="2026-03-17T04:27:17.494049" elapsed="0.111564"/>
</kw>
<kw name="Click Button" owner="SeleniumLibrary">
<msg time="2026-03-17T04:27:17.605613" level="INFO">Clicking button 'xpath=//button[normalize-space()="เข้าสู่ระบบ"]'.</msg>
<arg>xpath=//button[normalize-space()="เข้าสู่ระบบ"]</arg>
<doc>Clicks the button identified by ``locator``.</doc>
<status status="PASS" start="2026-03-17T04:27:17.605613" elapsed="0.069872"/>
</kw>
<status status="PASS" start="2026-03-17T04:27:13.207451" elapsed="4.468034"/>
</kw>
<kw name="Go to Home page as driver">
<kw name="Sleep" owner="BuiltIn">
<msg time="2026-03-17T04:27:19.676868" level="INFO">Slept 2 seconds.</msg>
<arg>2s</arg>
<doc>Pauses the test executed for the given time.</doc>
<status status="PASS" start="2026-03-17T04:27:17.676488" elapsed="2.000380"/>
</kw>
<kw name="Wait Until Page Contains" owner="SeleniumLibrary">
<arg>เดินทางร่วมกัน อย่างมั่นใจ ด้วยความปลอดภัยเป็นอันดับหนึ่ง</arg>
<arg>timeout=10s</arg>
<doc>Waits until ``text`` appears on the current page.</doc>
<status status="PASS" start="2026-03-17T04:27:19.676868" elapsed="0.012593"/>
</kw>
<kw name="Wait Until Page Contains" owner="SeleniumLibrary">
<arg>${driverName}</arg>
<arg>timeout=10s</arg>
<doc>Waits until ``text`` appears on the current page.</doc>
<status status="PASS" start="2026-03-17T04:27:19.689461" elapsed="0.009985"/>
</kw>
<status status="PASS" start="2026-03-17T04:27:17.676488" elapsed="2.022958"/>
</kw>
<for flavor="IN RANGE">
<iter>
<kw name="Go to Request Trip">
<kw name="Sleep" owner="BuiltIn">
<msg time="2026-03-17T04:27:21.704382" level="INFO">Slept 2 seconds.</msg>
<arg>2s</arg>
<doc>Pauses the test executed for the given time.</doc>
<status status="PASS" start="2026-03-17T04:27:19.703752" elapsed="2.000630"/>
</kw>
<kw name="Mouse Over" owner="SeleniumLibrary">
<msg time="2026-03-17T04:27:21.704382" level="INFO">Simulating Mouse Over on element 'xpath=//*[@id="__nuxt"]/div/div[1]/header/div/div[1]/nav/div[2]/div/a'.</msg>
<arg>xpath=//*[@id="__nuxt"]/div/div[1]/header/div/div[1]/nav/div[2]/div/a</arg>
<doc>Simulates hovering the mouse over the element ``locator``.</doc>
<status status="PASS" start="2026-03-17T04:27:21.704382" elapsed="0.274695"/>
</kw>
<kw name="Click Element" owner="SeleniumLibrary">
<msg time="2026-03-17T04:27:21.979077" level="INFO">Clicking element 'xpath=//*[@id="__nuxt"]/div/div[1]/header/div/div[1]/nav/div[2]/div/div/a[2]'.</msg>
<arg>xpath=//*[@id="__nuxt"]/div/div[1]/header/div/div[1]/nav/div[2]/div/div/a[2]</arg>
<doc>Click the element identified by ``locator``.</doc>
<status status="PASS" start="2026-03-17T04:27:21.979077" elapsed="0.064391"/>
</kw>
<kw name="Wait Until Page Contains" owner="SeleniumLibrary">
<arg>คำขอจองเส้นทางของฉัน</arg>
<arg>timeout=10s</arg>
<doc>Waits until ``text`` appears on the current page.</doc>
<status status="PASS" start="2026-03-17T04:27:22.043468" elapsed="0.028910"/>
</kw>
<status status="PASS" start="2026-03-17T04:27:19.703752" elapsed="2.368626"/>
</kw>
<kw name="Accept Passenger Request">
<kw name="Sleep" owner="BuiltIn">
<msg time="2026-03-17T04:27:24.073190" level="INFO">Slept 2 seconds.</msg>
<arg>2s</arg>
<doc>Pauses the test executed for the given time.</doc>
<status status="PASS" start="2026-03-17T04:27:22.072378" elapsed="2.000812"/>
</kw>
<kw name="Click Button" owner="SeleniumLibrary">
<msg time="2026-03-17T04:27:24.073190" level="INFO">Clicking button 'xpath=//*[@id="__nuxt"]/div/div[1]/main/div/div/div[3]/div[1]/div/div[2]/div/div[3]/button[1]'.</msg>
<arg>xpath=//*[@id="__nuxt"]/div/div[1]/main/div/div/div[3]/div[1]/div/div[2]/div/div[3]/button[1]</arg>
<doc>Clicks the button identified by ``locator``.</doc>
<status status="PASS" start="2026-03-17T04:27:24.073190" elapsed="0.151436"/>
</kw>
<kw name="Wait Until Page Contains" owner="SeleniumLibrary">
<arg>ยืนยันคำขอจอง</arg>
<arg>timeout=10s</arg>
<doc>Waits until ``text`` appears on the current page.</doc>
<status status="PASS" start="2026-03-17T04:27:24.224626" elapsed="0.017527"/>
</kw>
<kw name="Click Button" owner="SeleniumLibrary">
<msg time="2026-03-17T04:27:24.242153" level="INFO">Clicking button 'xpath=//*[@id="__nuxt"]/div/div[1]/main/div/div[2]/div/div[2]/button[2]'.</msg>
<arg>xpath=//*[@id="__nuxt"]/div/div[1]/main/div/div[2]/div/div[2]/button[2]</arg>
<doc>Clicks the button identified by ``locator``.</doc>
<status status="PASS" start="2026-03-17T04:27:24.242153" elapsed="0.091381"/>
</kw>
<kw name="Wait Until Page Contains" owner="SeleniumLibrary">
<arg>ยืนยันคำขอแล้ว</arg>
<arg>timeout=10s</arg>
<doc>Waits until ``text`` appears on the current page.</doc>
<status status="PASS" start="2026-03-17T04:27:24.333534" elapsed="0.228080"/>
</kw>
<status status="PASS" start="2026-03-17T04:27:22.072378" elapsed="2.489236"/>
</kw>
<var name="${i}">0</var>
<status status="PASS" start="2026-03-17T04:27:19.699446" elapsed="4.862168"/>
</iter>
<iter>
<kw name="Go to Request Trip">
<kw name="Sleep" owner="BuiltIn">
<msg time="2026-03-17T04:27:26.563487" level="INFO">Slept 2 seconds.</msg>
<arg>2s</arg>
<doc>Pauses the test executed for the given time.</doc>
<status status="PASS" start="2026-03-17T04:27:24.561614" elapsed="2.001873"/>
</kw>
<kw name="Mouse Over" owner="SeleniumLibrary">
<msg time="2026-03-17T04:27:26.563487" level="INFO">Simulating Mouse Over on element 'xpath=//*[@id="__nuxt"]/div/div[1]/header/div/div[1]/nav/div[2]/div/a'.</msg>
<arg>xpath=//*[@id="__nuxt"]/div/div[1]/header/div/div[1]/nav/div[2]/div/a</arg>
<doc>Simulates hovering the mouse over the element ``locator``.</doc>
<status status="PASS" start="2026-03-17T04:27:26.563487" elapsed="0.277385"/>
</kw>
<kw name="Click Element" owner="SeleniumLibrary">
<msg time="2026-03-17T04:27:26.840872" level="INFO">Clicking element 'xpath=//*[@id="__nuxt"]/div/div[1]/header/div/div[1]/nav/div[2]/div/div/a[2]'.</msg>
<arg>xpath=//*[@id="__nuxt"]/div/div[1]/header/div/div[1]/nav/div[2]/div/div/a[2]</arg>
<doc>Click the element identified by ``locator``.</doc>
<status status="PASS" start="2026-03-17T04:27:26.840872" elapsed="0.061805"/>
</kw>
<kw name="Wait Until Page Contains" owner="SeleniumLibrary">
<arg>คำขอจองเส้นทางของฉัน</arg>
<arg>timeout=10s</arg>
<doc>Waits until ``text`` appears on the current page.</doc>
<status status="PASS" start="2026-03-17T04:27:26.902677" elapsed="0.010053"/>
</kw>
<status status="PASS" start="2026-03-17T04:27:24.561614" elapsed="2.351116"/>
</kw>
<kw name="Accept Passenger Request">
<kw name="Sleep" owner="BuiltIn">
<msg time="2026-03-17T04:27:28.914552" level="INFO">Slept 2 seconds.</msg>
<arg>2s</arg>
<doc>Pauses the test executed for the given time.</doc>
<status status="PASS" start="2026-03-17T04:27:26.912730" elapsed="2.001822"/>
</kw>
<kw name="Click Button" owner="SeleniumLibrary">
<msg time="2026-03-17T04:27:28.914552" level="INFO">Clicking button 'xpath=//*[@id="__nuxt"]/div/div[1]/main/div/div/div[3]/div[1]/div/div[2]/div/div[3]/button[1]'.</msg>
<arg>xpath=//*[@id="__nuxt"]/div/div[1]/main/div/div/div[3]/div[1]/div/div[2]/div/div[3]/button[1]</arg>
<doc>Clicks the button identified by ``locator``.</doc>
<status status="PASS" start="2026-03-17T04:27:28.914552" elapsed="0.136777"/>
</kw>
<kw name="Wait Until Page Contains" owner="SeleniumLibrary">
<arg>ยืนยันคำขอจอง</arg>
<arg>timeout=10s</arg>
<doc>Waits until ``text`` appears on the current page.</doc>
<status status="PASS" start="2026-03-17T04:27:29.051329" elapsed="0.015010"/>
</kw>
<kw name="Click Button" owner="SeleniumLibrary">
<msg time="2026-03-17T04:27:29.066339" level="INFO">Clicking button 'xpath=//*[@id="__nuxt"]/div/div[1]/main/div/div[2]/div/div[2]/button[2]'.</msg>
<arg>xpath=//*[@id="__nuxt"]/div/div[1]/main/div/div[2]/div/div[2]/button[2]</arg>
<doc>Clicks the button identified by ``locator``.</doc>
<status status="PASS" start="2026-03-17T04:27:29.066339" elapsed="0.083334"/>
</kw>
<kw name="Wait Until Page Contains" owner="SeleniumLibrary">
<arg>ยืนยันคำขอแล้ว</arg>
<arg>timeout=10s</arg>
<doc>Waits until ``text`` appears on the current page.</doc>
<status status="PASS" start="2026-03-17T04:27:29.149673" elapsed="0.009728"/>
</kw>
<status status="PASS" start="2026-03-17T04:27:26.912730" elapsed="2.246671"/>
</kw>
<var name="${i}">1</var>
<status status="PASS" start="2026-03-17T04:27:24.561614" elapsed="4.597787"/>
</iter>
<iter>
<kw name="Go to Request Trip">
<kw name="Sleep" owner="BuiltIn">
<msg time="2026-03-17T04:27:31.159518" level="INFO">Slept 2 seconds.</msg>
<arg>2s</arg>
<doc>Pauses the test executed for the given time.</doc>
<status status="PASS" start="2026-03-17T04:27:29.159401" elapsed="2.000117"/>
</kw>
<kw name="Mouse Over" owner="SeleniumLibrary">
<msg time="2026-03-17T04:27:31.159518" level="INFO">Simulating Mouse Over on element 'xpath=//*[@id="__nuxt"]/div/div[1]/header/div/div[1]/nav/div[2]/div/a'.</msg>
<arg>xpath=//*[@id="__nuxt"]/div/div[1]/header/div/div[1]/nav/div[2]/div/a</arg>
<doc>Simulates hovering the mouse over the element ``locator``.</doc>
<status status="PASS" start="2026-03-17T04:27:31.159518" elapsed="0.276727"/>
</kw>
<kw name="Click Element" owner="SeleniumLibrary">
<msg time="2026-03-17T04:27:31.436245" level="INFO">Clicking element 'xpath=//*[@id="__nuxt"]/div/div[1]/header/div/div[1]/nav/div[2]/div/div/a[2]'.</msg>
<arg>xpath=//*[@id="__nuxt"]/div/div[1]/header/div/div[1]/nav/div[2]/div/div/a[2]</arg>
<doc>Click the element identified by ``locator``.</doc>
<status status="PASS" start="2026-03-17T04:27:31.436245" elapsed="0.063675"/>
</kw>
<kw name="Wait Until Page Contains" owner="SeleniumLibrary">
<arg>คำขอจองเส้นทางของฉัน</arg>
<arg>timeout=10s</arg>
<doc>Waits until ``text`` appears on the current page.</doc>
<status status="PASS" start="2026-03-17T04:27:31.499920" elapsed="0.009845"/>
</kw>
<status status="PASS" start="2026-03-17T04:27:29.159401" elapsed="2.350364"/>
</kw>
<kw name="Accept Passenger Request">
<kw name="Sleep" owner="BuiltIn">
<msg time="2026-03-17T04:27:33.511112" level="INFO">Slept 2 seconds.</msg>
<arg>2s</arg>
<doc>Pauses the test executed for the given time.</doc>
<status status="PASS" start="2026-03-17T04:27:31.509765" elapsed="2.001347"/>
</kw>
<kw name="Click Button" owner="SeleniumLibrary">
<msg time="2026-03-17T04:27:33.511112" level="INFO">Clicking button 'xpath=//*[@id="__nuxt"]/div/div[1]/main/div/div/div[3]/div[1]/div/div[2]/div/div[3]/button[1]'.</msg>
<arg>xpath=//*[@id="__nuxt"]/div/div[1]/main/div/div/div[3]/div[1]/div/div[2]/div/div[3]/button[1]</arg>
<doc>Clicks the button identified by ``locator``.</doc>
<status status="PASS" start="2026-03-17T04:27:33.511112" elapsed="0.123413"/>
</kw>
<kw name="Wait Until Page Contains" owner="SeleniumLibrary">
<arg>ยืนยันคำขอจอง</arg>
<arg>timeout=10s</arg>
<doc>Waits until ``text`` appears on the current page.</doc>
<status status="PASS" start="2026-03-17T04:27:33.634525" elapsed="0.013275"/>
</kw>
<kw name="Click Button" owner="SeleniumLibrary">
<msg time="2026-03-17T04:27:33.650084" level="INFO">Clicking button 'xpath=//*[@id="__nuxt"]/div/div[1]/main/div/div[2]/div/div[2]/button[2]'.</msg>
<arg>xpath=//*[@id="__nuxt"]/div/div[1]/main/div/div[2]/div/div[2]/button[2]</arg>
<doc>Clicks the button identified by ``locator``.</doc>
<status status="PASS" start="2026-03-17T04:27:33.647800" elapsed="0.072030"/>
</kw>
<kw name="Wait Until Page Contains" owner="SeleniumLibrary">
<arg>ยืนยันคำขอแล้ว</arg>
<arg>timeout=10s</arg>
<doc>Waits until ``text`` appears on the current page.</doc>
<status status="PASS" start="2026-03-17T04:27:33.719830" elapsed="0.009876"/>
</kw>
<status status="PASS" start="2026-03-17T04:27:31.509765" elapsed="2.219941"/>
</kw>
<var name="${i}">2</var>
<status status="PASS" start="2026-03-17T04:27:29.159401" elapsed="4.570305"/>
</iter>
<iter>
<kw name="Go to Request Trip">
<kw name="Sleep" owner="BuiltIn">
<msg time="2026-03-17T04:27:35.733464" level="INFO">Slept 2 seconds.</msg>
<arg>2s</arg>
<doc>Pauses the test executed for the given time.</doc>
<status status="PASS" start="2026-03-17T04:27:33.729706" elapsed="2.003758"/>
</kw>
<kw name="Mouse Over" owner="SeleniumLibrary">
<msg time="2026-03-17T04:27:35.733464" level="INFO">Simulating Mouse Over on element 'xpath=//*[@id="__nuxt"]/div/div[1]/header/div/div[1]/nav/div[2]/div/a'.</msg>
<arg>xpath=//*[@id="__nuxt"]/div/div[1]/header/div/div[1]/nav/div[2]/div/a</arg>
<doc>Simulates hovering the mouse over the element ``locator``.</doc>
<status status="PASS" start="2026-03-17T04:27:35.733464" elapsed="0.275398"/>
</kw>
<kw name="Click Element" owner="SeleniumLibrary">
<msg time="2026-03-17T04:27:36.008862" level="INFO">Clicking element 'xpath=//*[@id="__nuxt"]/div/div[1]/header/div/div[1]/nav/div[2]/div/div/a[2]'.</msg>
<arg>xpath=//*[@id="__nuxt"]/div/div[1]/header/div/div[1]/nav/div[2]/div/div/a[2]</arg>
<doc>Click the element identified by ``locator``.</doc>
<status status="PASS" start="2026-03-17T04:27:36.008862" elapsed="0.060938"/>
</kw>
<kw name="Wait Until Page Contains" owner="SeleniumLibrary">
<arg>คำขอจองเส้นทางของฉัน</arg>
<arg>timeout=10s</arg>
<doc>Waits until ``text`` appears on the current page.</doc>
<status status="PASS" start="2026-03-17T04:27:36.070868" elapsed="0.015586"/>
</kw>
<status status="PASS" start="2026-03-17T04:27:33.729706" elapsed="2.356748"/>
</kw>
<kw name="Accept Passenger Request">
<kw name="Sleep" owner="BuiltIn">
<msg time="2026-03-17T04:27:38.087914" level="INFO">Slept 2 seconds.</msg>
<arg>2s</arg>
<doc>Pauses the test executed for the given time.</doc>
<status status="PASS" start="2026-03-17T04:27:36.087509" elapsed="2.000405"/>
</kw>
<kw name="Click Button" owner="SeleniumLibrary">
<msg time="2026-03-17T04:27:38.087914" level="INFO">Clicking button 'xpath=//*[@id="__nuxt"]/div/div[1]/main/div/div/div[3]/div[1]/div/div[2]/div/div[3]/button[1]'.</msg>
<arg>xpath=//*[@id="__nuxt"]/div/div[1]/main/div/div/div[3]/div[1]/div/div[2]/div/div[3]/button[1]</arg>
<doc>Clicks the button identified by ``locator``.</doc>
<status status="PASS" start="2026-03-17T04:27:38.087914" elapsed="0.112550"/>
</kw>
<kw name="Wait Until Page Contains" owner="SeleniumLibrary">
<arg>ยืนยันคำขอจอง</arg>
<arg>timeout=10s</arg>
<doc>Waits until ``text`` appears on the current page.</doc>
<status status="PASS" start="2026-03-17T04:27:38.200464" elapsed="0.016990"/>
</kw>
<kw name="Click Button" owner="SeleniumLibrary">
<msg time="2026-03-17T04:27:38.217454" level="INFO">Clicking button 'xpath=//*[@id="__nuxt"]/div/div[1]/main/div/div[2]/div/div[2]/button[2]'.</msg>
<arg>xpath=//*[@id="__nuxt"]/div/div[1]/main/div/div[2]/div/div[2]/button[2]</arg>
<doc>Clicks the button identified by ``locator``.</doc>
<status status="PASS" start="2026-03-17T04:27:38.217454" elapsed="0.072826"/>
</kw>
<kw name="Wait Until Page Contains" owner="SeleniumLibrary">
<arg>ยืนยันคำขอแล้ว</arg>
<arg>timeout=10s</arg>
<doc>Waits until ``text`` appears on the current page.</doc>
<status status="PASS" start="2026-03-17T04:27:38.290280" elapsed="0.009988"/>
</kw>
<status status="PASS" start="2026-03-17T04:27:36.086454" elapsed="2.213814"/>
</kw>
<var name="${i}">3</var>
<status status="PASS" start="2026-03-17T04:27:33.729706" elapsed="4.570562"/>
</iter>
<iter>
<kw name="Go to Request Trip">
<kw name="Sleep" owner="BuiltIn">
<msg time="2026-03-17T04:27:40.300691" level="INFO">Slept 2 seconds.</msg>
<arg>2s</arg>
<doc>Pauses the test executed for the given time.</doc>
<status status="PASS" start="2026-03-17T04:27:38.300268" elapsed="2.000423"/>
</kw>
<kw name="Mouse Over" owner="SeleniumLibrary">
<msg time="2026-03-17T04:27:40.300691" level="INFO">Simulating Mouse Over on element 'xpath=//*[@id="__nuxt"]/div/div[1]/header/div/div[1]/nav/div[2]/div/a'.</msg>
<arg>xpath=//*[@id="__nuxt"]/div/div[1]/header/div/div[1]/nav/div[2]/div/a</arg>
<doc>Simulates hovering the mouse over the element ``locator``.</doc>
<status status="PASS" start="2026-03-17T04:27:40.300691" elapsed="0.269218"/>
</kw>
<kw name="Click Element" owner="SeleniumLibrary">
<msg time="2026-03-17T04:27:40.569909" level="INFO">Clicking element 'xpath=//*[@id="__nuxt"]/div/div[1]/header/div/div[1]/nav/div[2]/div/div/a[2]'.</msg>
<arg>xpath=//*[@id="__nuxt"]/div/div[1]/header/div/div[1]/nav/div[2]/div/div/a[2]</arg>
<doc>Click the element identified by ``locator``.</doc>
<status status="PASS" start="2026-03-17T04:27:40.569909" elapsed="0.062875"/>
</kw>
<kw name="Wait Until Page Contains" owner="SeleniumLibrary">
<arg>คำขอจองเส้นทางของฉัน</arg>
<arg>timeout=10s</arg>
<doc>Waits until ``text`` appears on the current page.</doc>
<status status="PASS" start="2026-03-17T04:27:40.632784" elapsed="0.010303"/>
</kw>
<status status="PASS" start="2026-03-17T04:27:38.300268" elapsed="2.343826"/>
</kw>
<kw name="Accept Passenger Request">
<kw name="Sleep" owner="BuiltIn">
<msg time="2026-03-17T04:27:42.644411" level="INFO">Slept 2 seconds.</msg>
<arg>2s</arg>
<doc>Pauses the test executed for the given time.</doc>
<status status="PASS" start="2026-03-17T04:27:40.644094" elapsed="2.000317"/>
</kw>
<kw name="Click Button" owner="SeleniumLibrary">
<msg time="2026-03-17T04:27:42.644411" level="INFO">Clicking button 'xpath=//*[@id="__nuxt"]/div/div[1]/main/div/div/div[3]/div[1]/div/div[2]/div/div[3]/button[1]'.</msg>
<arg>xpath=//*[@id="__nuxt"]/div/div[1]/main/div/div/div[3]/div[1]/div/div[2]/div/div[3]/button[1]</arg>
<doc>Clicks the button identified by ``locator``.</doc>
<status status="PASS" start="2026-03-17T04:27:42.644411" elapsed="0.114222"/>
</kw>
<kw name="Wait Until Page Contains" owner="SeleniumLibrary">
<arg>ยืนยันคำขอจอง</arg>
<arg>timeout=10s</arg>
<doc>Waits until ``text`` appears on the current page.</doc>
<status status="PASS" start="2026-03-17T04:27:42.759220" elapsed="0.010925"/>
</kw>
<kw name="Click Button" owner="SeleniumLibrary">
<msg time="2026-03-17T04:27:42.770145" level="INFO">Clicking button 'xpath=//*[@id="__nuxt"]/div/div[1]/main/div/div[2]/div/div[2]/button[2]'.</msg>
<arg>xpath=//*[@id="__nuxt"]/div/div[1]/main/div/div[2]/div/div[2]/button[2]</arg>
<doc>Clicks the button identified by ``locator``.</doc>
<status status="PASS" start="2026-03-17T04:27:42.770145" elapsed="0.079762"/>
</kw>
<kw name="Wait Until Page Contains" owner="SeleniumLibrary">
<arg>ยืนยันคำขอแล้ว</arg>
<arg>timeout=10s</arg>
<doc>Waits until ``text`` appears on the current page.</doc>
<status status="PASS" start="2026-03-17T04:27:42.854551" elapsed="0.005736"/>
</kw>
<status status="PASS" start="2026-03-17T04:27:40.644094" elapsed="2.216193"/>
</kw>
<var name="${i}">4</var>
<status status="PASS" start="2026-03-17T04:27:38.300268" elapsed="4.560019"/>
</iter>
<iter>
<kw name="Go to Request Trip">
<kw name="Sleep" owner="BuiltIn">
<msg time="2026-03-17T04:27:44.860679" level="INFO">Slept 2 seconds.</msg>
<arg>2s</arg>
<doc>Pauses the test executed for the given time.</doc>
<status status="PASS" start="2026-03-17T04:27:42.860287" elapsed="2.000392"/>
</kw>
<kw name="Mouse Over" owner="SeleniumLibrary">
<msg time="2026-03-17T04:27:44.860679" level="INFO">Simulating Mouse Over on element 'xpath=//*[@id="__nuxt"]/div/div[1]/header/div/div[1]/nav/div[2]/div/a'.</msg>
<arg>xpath=//*[@id="__nuxt"]/div/div[1]/header/div/div[1]/nav/div[2]/div/a</arg>
<doc>Simulates hovering the mouse over the element ``locator``.</doc>
<status status="PASS" start="2026-03-17T04:27:44.860679" elapsed="0.289438"/>
</kw>
<kw name="Click Element" owner="SeleniumLibrary">
<msg time="2026-03-17T04:27:45.150117" level="INFO">Clicking element 'xpath=//*[@id="__nuxt"]/div/div[1]/header/div/div[1]/nav/div[2]/div/div/a[2]'.</msg>
<arg>xpath=//*[@id="__nuxt"]/div/div[1]/header/div/div[1]/nav/div[2]/div/div/a[2]</arg>
<doc>Click the element identified by ``locator``.</doc>
<status status="PASS" start="2026-03-17T04:27:45.150117" elapsed="0.059952"/>
</kw>
<kw name="Wait Until Page Contains" owner="SeleniumLibrary">
<arg>คำขอจองเส้นทางของฉัน</arg>
<arg>timeout=10s</arg>
<doc>Waits until ``text`` appears on the current page.</doc>
<status status="PASS" start="2026-03-17T04:27:45.210069" elapsed="0.010988"/>
</kw>
<status status="PASS" start="2026-03-17T04:27:42.860287" elapsed="2.360770"/>
</kw>
<kw name="Accept Passenger Request">
<kw name="Sleep" owner="BuiltIn">
<msg time="2026-03-17T04:27:47.221634" level="INFO">Slept 2 seconds.</msg>
<arg>2s</arg>
<doc>Pauses the test executed for the given time.</doc>
<status status="PASS" start="2026-03-17T04:27:45.221057" elapsed="2.000577"/>
</kw>
<kw name="Click Button" owner="SeleniumLibrary">
<msg time="2026-03-17T04:27:47.221634" level="INFO">Clicking button 'xpath=//*[@id="__nuxt"]/div/div[1]/main/div/div/div[3]/div[1]/div/div[2]/div/div[3]/button[1]'.</msg>
<arg>xpath=//*[@id="__nuxt"]/div/div[1]/main/div/div/div[3]/div[1]/div/div[2]/div/div[3]/button[1]</arg>
<doc>Clicks the button identified by ``locator``.</doc>
<status status="PASS" start="2026-03-17T04:27:47.221634" elapsed="0.100816"/>
</kw>
<kw name="Wait Until Page Contains" owner="SeleniumLibrary">
<arg>ยืนยันคำขอจอง</arg>
<arg>timeout=10s</arg>
<doc>Waits until ``text`` appears on the current page.</doc>
<status status="PASS" start="2026-03-17T04:27:47.322779" elapsed="0.013096"/>
</kw>
<kw name="Click Button" owner="SeleniumLibrary">
<msg time="2026-03-17T04:27:47.335875" level="INFO">Clicking button 'xpath=//*[@id="__nuxt"]/div/div[1]/main/div/div[2]/div/div[2]/button[2]'.</msg>
<arg>xpath=//*[@id="__nuxt"]/div/div[1]/main/div/div[2]/div/div[2]/button[2]</arg>
<doc>Clicks the button identified by ``locator``.</doc>
<status status="PASS" start="2026-03-17T04:27:47.335875" elapsed="0.074296"/>
</kw>
<kw name="Wait Until Page Contains" owner="SeleniumLibrary">
<arg>ยืนยันคำขอแล้ว</arg>
<arg>timeout=10s</arg>
<doc>Waits until ``text`` appears on the current page.</doc>
<status status="PASS" start="2026-03-17T04:27:47.410171" elapsed="0.013010"/>
</kw>
<status status="PASS" start="2026-03-17T04:27:45.221057" elapsed="2.202124"/>
</kw>
<var name="${i}">5</var>
<status status="PASS" start="2026-03-17T04:27:42.860287" elapsed="4.562894"/>
</iter>
<var>${i}</var>
<value>${range}</value>
<status status="PASS" start="2026-03-17T04:27:19.699446" elapsed="27.723735"/>
</for>
<kw name="Close Browser" owner="SeleniumLibrary">
<doc>Closes the current browser.</doc>
<status status="PASS" start="2026-03-17T04:27:47.423181" elapsed="2.223387"/>
</kw>
<doc>ยืนยันคำขอจองที่นั่งของผู้โดยสารโดยผู้ขับขี่</doc>
<status status="PASS" start="2026-03-17T04:27:10.771929" elapsed="38.874639"/>
</test>
<test id="s1-t4" name="Report Without Evidence:" line="61">
<kw name="Open PNN website">
<kw name="Open Browser" owner="SeleniumLibrary">
<msg time="2026-03-17T04:27:49.650335" level="INFO">Opening browser 'Edge' to base url 'http://www.google.com'.</msg>
<arg>${homepage}</arg>
<arg>${browser}</arg>
<doc>Opens a new browser instance to the optional ``url``.</doc>
<status status="PASS" start="2026-03-17T04:27:49.649783" elapsed="1.868523"/>
</kw>
<kw name="Maximize Browser Window" owner="SeleniumLibrary">
<doc>Maximizes current browser window.</doc>
<status status="PASS" start="2026-03-17T04:27:51.518306" elapsed="0.056355"/>
</kw>
<kw name="Go To" owner="SeleniumLibrary">
<msg time="2026-03-17T04:27:51.574661" level="INFO">Opening url 'https://csse1369.cpkku.com/'</msg>
<arg>${pnnUrl}</arg>
<doc>Navigates the current browser window to the provided ``url``.</doc>
<status status="PASS" start="2026-03-17T04:27:51.574661" elapsed="0.248460"/>
</kw>
<status status="PASS" start="2026-03-17T04:27:49.649783" elapsed="2.173338"/>
</kw>
<kw name="Login as Driver">
<kw name="Sleep" owner="BuiltIn">
<msg time="2026-03-17T04:27:53.824296" level="INFO">Slept 2 seconds.</msg>
<arg>2s</arg>
<doc>Pauses the test executed for the given time.</doc>
<status status="PASS" start="2026-03-17T04:27:51.824122" elapsed="2.000174"/>
</kw>
<kw name="Wait Until Page Contains" owner="SeleniumLibrary">
<arg>เดินทางร่วมกัน อย่างมั่นใจ ด้วยความปลอดภัยเป็นอันดับหนึ่ง</arg>
<arg>timeout=10s</arg>
<doc>Waits until ``text`` appears on the current page.</doc>
<status status="PASS" start="2026-03-17T04:27:53.824296" elapsed="0.015879"/>
</kw>
<kw name="Click Element" owner="SeleniumLibrary">
<msg time="2026-03-17T04:27:53.840175" level="INFO">Clicking element 'xpath=//a[normalize-space()="เข้าสู่ระบบ"]'.</msg>
<arg>xpath=//a[normalize-space()="เข้าสู่ระบบ"]</arg>
<doc>Click the element identified by ``locator``.</doc>
<status status="PASS" start="2026-03-17T04:27:53.840175" elapsed="0.131692"/>
</kw>
<kw name="Sleep" owner="BuiltIn">
<msg time="2026-03-17T04:27:55.972950" level="INFO">Slept 2 seconds.</msg>
<arg>2s</arg>
<doc>Pauses the test executed for the given time.</doc>
<status status="PASS" start="2026-03-17T04:27:53.971867" elapsed="2.001083"/>
</kw>
<kw name="Input Text" owner="SeleniumLibrary">
<msg time="2026-03-17T04:27:55.972950" level="INFO">Typing text 'driver123' into text field 'id=identifier'.</msg>
<arg>id=identifier</arg>
<arg>${driverUser}</arg>
<doc>Types the given ``text`` into the text field identified by ``locator``.</doc>
<status status="PASS" start="2026-03-17T04:27:55.972950" elapsed="0.102360"/>
</kw>
<kw name="Input Text" owner="SeleniumLibrary">
<msg time="2026-03-17T04:27:56.075310" level="INFO">Typing text 'driver987654321' into text field 'id=password'.</msg>
<arg>id=password</arg>
<arg>${driverPass}</arg>
<doc>Types the given ``text`` into the text field identified by ``locator``.</doc>
<status status="PASS" start="2026-03-17T04:27:56.075310" elapsed="0.080990"/>
</kw>
<kw name="Click Button" owner="SeleniumLibrary">
<msg time="2026-03-17T04:27:56.156300" level="INFO">Clicking button 'xpath=//button[normalize-space()="เข้าสู่ระบบ"]'.</msg>
<arg>xpath=//button[normalize-space()="เข้าสู่ระบบ"]</arg>
<doc>Clicks the button identified by ``locator``.</doc>
<status status="PASS" start="2026-03-17T04:27:56.156300" elapsed="0.078222"/>
</kw>
<status status="PASS" start="2026-03-17T04:27:51.823121" elapsed="4.411401"/>
</kw>
<kw name="Go to Home page as driver">
<kw name="Sleep" owner="BuiltIn">
<msg time="2026-03-17T04:27:58.236177" level="INFO">Slept 2 seconds.</msg>
<arg>2s</arg>
<doc>Pauses the test executed for the given time.</doc>
<status status="PASS" start="2026-03-17T04:27:56.235522" elapsed="2.000655"/>
</kw>
<kw name="Wait Until Page Contains" owner="SeleniumLibrary">
[...]
<doc>Clicks the button identified by ``locator``.</doc>
<status status="PASS" start="2026-03-17T04:36:32.357218" elapsed="0.079819"/>
</kw>
<kw name="Click Button" owner="SeleniumLibrary">
<msg time="2026-03-17T04:36:32.437037" level="INFO">Clicking button 'xpath=//*[@id="__nuxt"]/div/div[1]/main/div/div/div/div[2]/div[4]/div/button[3]'.</msg>
<arg>xpath=//*[@id="__nuxt"]/div/div[1]/main/div/div/div/div[2]/div[4]/div/button[3]</arg>
<doc>Clicks the button identified by ``locator``.</doc>
<status status="PASS" start="2026-03-17T04:36:32.437037" elapsed="0.080259"/>
</kw>
<kw name="Click Button" owner="SeleniumLibrary">
<msg time="2026-03-17T04:36:32.517296" level="INFO">Clicking button 'xpath=//*[@id="__nuxt"]/div/div[1]/main/div/div/div/div[2]/div[6]/button'.</msg>
<arg>xpath=//*[@id="__nuxt"]/div/div[1]/main/div/div/div/div[2]/div[6]/button</arg>
<doc>Clicks the button identified by ``locator``.</doc>
<status status="PASS" start="2026-03-17T04:36:32.517296" elapsed="0.088837"/>
</kw>
<kw name="Wait Until Page Contains" owner="SeleniumLibrary">
<arg>ขอบคุณสำหรับรีวิว!</arg>
<arg>timeout=10s</arg>
<doc>Waits until ``text`` appears on the current page.</doc>
<status status="PASS" start="2026-03-17T04:36:32.606133" elapsed="0.223422"/>
</kw>
<status status="PASS" start="2026-03-17T04:36:29.848488" elapsed="2.984361"/>
</kw>
<kw name="Close Browser" owner="SeleniumLibrary">
<doc>Closes the current browser.</doc>
<status status="PASS" start="2026-03-17T04:36:32.832849" elapsed="2.234796"/>
</kw>
<doc>passenger ทำการรีวิวโดยให้ดาวกับ tag</doc>
<status status="PASS" start="2026-03-17T04:36:23.087321" elapsed="11.980324"/>
</test>
<test id="s1-t33" name="Review Star with File by Passenger:" line="370">
<kw name="Open PNN website">
<kw name="Open Browser" owner="SeleniumLibrary">
<msg time="2026-03-17T04:36:35.067645" level="INFO">Opening browser 'Edge' to base url 'http://www.google.com'.</msg>
<arg>${homepage}</arg>
<arg>${browser}</arg>
<doc>Opens a new browser instance to the optional ``url``.</doc>
<status status="PASS" start="2026-03-17T04:36:35.067645" elapsed="1.770483"/>
</kw>
<kw name="Maximize Browser Window" owner="SeleniumLibrary">
<doc>Maximizes current browser window.</doc>
<status status="PASS" start="2026-03-17T04:36:36.838128" elapsed="0.058747"/>
</kw>
<kw name="Go To" owner="SeleniumLibrary">
<msg time="2026-03-17T04:36:36.896875" level="INFO">Opening url 'https://csse1369.cpkku.com/'</msg>
<arg>${pnnUrl}</arg>
<doc>Navigates the current browser window to the provided ``url``.</doc>
<status status="PASS" start="2026-03-17T04:36:36.896875" elapsed="0.244165"/>
</kw>
<status status="PASS" start="2026-03-17T04:36:35.067645" elapsed="2.073395"/>
</kw>
<kw name="Login as Passenger">
<kw name="Sleep" owner="BuiltIn">
<msg time="2026-03-17T04:36:39.142550" level="INFO">Slept 2 seconds.</msg>
<arg>2s</arg>
<doc>Pauses the test executed for the given time.</doc>
<status status="PASS" start="2026-03-17T04:36:37.142043" elapsed="2.000507"/>
</kw>
<kw name="Wait Until Page Contains" owner="SeleniumLibrary">
<arg>เดินทางร่วมกัน อย่างมั่นใจ ด้วยความปลอดภัยเป็นอันดับหนึ่ง</arg>
<arg>timeout=10s</arg>
<doc>Waits until ``text`` appears on the current page.</doc>
<status status="PASS" start="2026-03-17T04:36:39.142550" elapsed="0.004816"/>
</kw>
<kw name="Click Element" owner="SeleniumLibrary">
<msg time="2026-03-17T04:36:39.147366" level="INFO">Clicking element 'xpath=//a[normalize-space()="เข้าสู่ระบบ"]'.</msg>
<arg>xpath=//a[normalize-space()="เข้าสู่ระบบ"]</arg>
<doc>Click the element identified by ``locator``.</doc>
<status status="PASS" start="2026-03-17T04:36:39.147366" elapsed="0.119085"/>
</kw>
<kw name="Input Text" owner="SeleniumLibrary">
<msg time="2026-03-17T04:36:39.267687" level="INFO">Typing text 'passenger123' into text field 'id=identifier'.</msg>
<arg>id=identifier</arg>
<arg>${passengerUser}</arg>
<doc>Types the given ``text`` into the text field identified by ``locator``.</doc>
<status status="PASS" start="2026-03-17T04:36:39.267687" elapsed="0.119554"/>
</kw>
<kw name="Input Text" owner="SeleniumLibrary">
<msg time="2026-03-17T04:36:39.388130" level="INFO">Typing text 'passenger1234' into text field 'id=password'.</msg>
<arg>id=password</arg>
<arg>${passengerPass}</arg>
<doc>Types the given ``text`` into the text field identified by ``locator``.</doc>
<status status="PASS" start="2026-03-17T04:36:39.387732" elapsed="0.071703"/>
</kw>
<kw name="Click Button" owner="SeleniumLibrary">
<msg time="2026-03-17T04:36:39.459435" level="INFO">Clicking button 'xpath=//button[normalize-space()="เข้าสู่ระบบ"]'.</msg>
<arg>xpath=//button[normalize-space()="เข้าสู่ระบบ"]</arg>
<doc>Clicks the button identified by ``locator``.</doc>
<status status="PASS" start="2026-03-17T04:36:39.459435" elapsed="0.071686"/>
</kw>
<status status="PASS" start="2026-03-17T04:36:37.142043" elapsed="2.389078"/>
</kw>
<kw name="Go to Complete Trip">
<kw name="Sleep" owner="BuiltIn">
<msg time="2026-03-17T04:36:41.532219" level="INFO">Slept 2 seconds.</msg>
<arg>2s</arg>
<doc>Pauses the test executed for the given time.</doc>
<status status="PASS" start="2026-03-17T04:36:39.532134" elapsed="2.000085"/>
</kw>
<kw name="Click Element" owner="SeleniumLibrary">
<msg time="2026-03-17T04:36:41.532219" level="INFO">Clicking element 'xpath=//*[@id="__nuxt"]/div/div[1]/header/div/div[1]/nav/div[2]/a'.</msg>
<arg>xpath=//*[@id="__nuxt"]/div/div[1]/header/div/div[1]/nav/div[2]/a</arg>
<doc>Click the element identified by ``locator``.</doc>
<status status="PASS" start="2026-03-17T04:36:41.532219" elapsed="0.076492"/>
</kw>
<kw name="Wait Until Page Contains" owner="SeleniumLibrary">
<arg>การเดินทางของฉัน</arg>
<arg>timeout=10s</arg>
<doc>Waits until ``text`` appears on the current page.</doc>
<status status="PASS" start="2026-03-17T04:36:41.608711" elapsed="0.018762"/>
</kw>
<kw name="Click Button" owner="SeleniumLibrary">
<msg time="2026-03-17T04:36:41.628483" level="INFO">Clicking button 'xpath=//*[@id="__nuxt"]/div/div[1]/main/div/div/div[2]/div/button[5]'.</msg>
<arg>xpath=//*[@id="__nuxt"]/div/div[1]/main/div/div/div[2]/div/button[5]</arg>
<doc>Clicks the button identified by ``locator``.</doc>
<status status="PASS" start="2026-03-17T04:36:41.628483" elapsed="0.075581"/>
</kw>
<kw name="Wait Until Page Contains" owner="SeleniumLibrary">
<arg>เสร็จสิ้นแล้ว</arg>
<arg>timeout=10s</arg>
<doc>Waits until ``text`` appears on the current page.</doc>
<status status="PASS" start="2026-03-17T04:36:41.704064" elapsed="0.010938"/>
</kw>
<status status="PASS" start="2026-03-17T04:36:39.532134" elapsed="2.182868"/>
</kw>
<kw name="Review Star with File">
<kw name="Sleep" owner="BuiltIn">
<msg time="2026-03-17T04:36:43.716573" level="INFO">Slept 2 seconds.</msg>
<arg>2s</arg>
<doc>Pauses the test executed for the given time.</doc>
<status status="PASS" start="2026-03-17T04:36:41.716001" elapsed="2.000572"/>
</kw>
<kw name="Scroll Element Into View" owner="SeleniumLibrary">
<arg>xpath=//*[@id="__nuxt"]/div/div[1]/main/div/div/div[3]/div[1]/div/div[2]/div[4]/div[3]/a</arg>
<doc>Scrolls the element identified by ``locator`` into view.</doc>
<status status="PASS" start="2026-03-17T04:36:43.716573" elapsed="0.282499"/>
</kw>
<kw name="Click Element" owner="SeleniumLibrary">
<msg time="2026-03-17T04:36:43.999072" level="INFO">Clicking element 'xpath=//*[@id="__nuxt"]/div/div[1]/main/div/div/div[3]/div[1]/div/div[2]/div[4]/div[3]/a'.</msg>
<arg>xpath=//*[@id="__nuxt"]/div/div[1]/main/div/div/div[3]/div[1]/div/div[2]/div[4]/div[3]/a</arg>
<doc>Click the element identified by ``locator``.</doc>
<status status="PASS" start="2026-03-17T04:36:43.999072" elapsed="0.085472"/>
</kw>
<kw name="Click Button" owner="SeleniumLibrary">
<msg time="2026-03-17T04:36:44.085554" level="INFO">Clicking button 'xpath=//*[@id="__nuxt"]/div/div[1]/main/div/div/div/div[2]/div[2]/div/button[1]'.</msg>
<arg>xpath=//*[@id="__nuxt"]/div/div[1]/main/div/div/div/div[2]/div[2]/div/button[1]</arg>
<doc>Clicks the button identified by ``locator``.</doc>
<status status="PASS" start="2026-03-17T04:36:44.084544" elapsed="0.118286"/>
</kw>
<kw name="Choose File" owner="SeleniumLibrary">
<msg time="2026-03-17T04:36:44.202830" level="INFO">Sending D:\Software_Engineer\test_painamnae\sprint 3\UAT\testdata\picture_evidence.jpg
D:\Software_Engineer\test_painamnae\sprint 3\UAT\testdata\vdo_evidence.mp4
D:\Software_Engineer\test_painamnae\sprint 3\UAT\testdata\sound_evidence.mp3 to browser.</msg>
<arg>xpath=//input[@type='file']</arg>
<arg>${picture_evidence}\n${vdo_evidence}\n${sound_evidence}</arg>
<doc>Inputs the ``file_path`` into the file input field ``locator``.</doc>
<status status="PASS" start="2026-03-17T04:36:44.202830" elapsed="0.047359"/>
</kw>
<kw name="Click Button" owner="SeleniumLibrary">
<msg time="2026-03-17T04:36:44.250189" level="INFO">Clicking button 'xpath=//*[@id="__nuxt"]/div/div[1]/main/div/div/div/div[2]/div[6]/button'.</msg>
<arg>xpath=//*[@id="__nuxt"]/div/div[1]/main/div/div/div/div[2]/div[6]/button</arg>
<doc>Clicks the button identified by ``locator``.</doc>
<status status="PASS" start="2026-03-17T04:36:44.250189" elapsed="0.107332"/>
</kw>
<kw name="Wait Until Page Contains" owner="SeleniumLibrary">
<arg>ขอบคุณสำหรับรีวิว!</arg>
<arg>timeout=10s</arg>
<doc>Waits until ``text`` appears on the current page.</doc>
<status status="PASS" start="2026-03-17T04:36:44.357521" elapsed="7.590005"/>
</kw>
<status status="PASS" start="2026-03-17T04:36:41.716001" elapsed="10.231525"/>
</kw>
<kw name="Close Browser" owner="SeleniumLibrary">
<doc>Closes the current browser.</doc>
<status status="PASS" start="2026-03-17T04:36:51.947526" elapsed="2.219302"/>
</kw>
<doc>passenger ทำการรีวิวโดยให้ดาวกับอัปโหลดไฟล์</doc>
<status status="PASS" start="2026-03-17T04:36:35.067645" elapsed="19.100222"/>
</test>
<test id="s1-t34" name="Review All by Passenger:" line="379">
<kw name="Open PNN website">
<kw name="Open Browser" owner="SeleniumLibrary">
<msg time="2026-03-17T04:36:54.167867" level="INFO">Opening browser 'Edge' to base url 'http://www.google.com'.</msg>
<arg>${homepage}</arg>
<arg>${browser}</arg>
<doc>Opens a new browser instance to the optional ``url``.</doc>
<status status="PASS" start="2026-03-17T04:36:54.167867" elapsed="2.071531"/>
</kw>
<kw name="Maximize Browser Window" owner="SeleniumLibrary">
<doc>Maximizes current browser window.</doc>
<status status="PASS" start="2026-03-17T04:36:56.239398" elapsed="0.058357"/>
</kw>
<kw name="Go To" owner="SeleniumLibrary">
<msg time="2026-03-17T04:36:56.297755" level="INFO">Opening url 'https://csse1369.cpkku.com/'</msg>
<arg>${pnnUrl}</arg>
<doc>Navigates the current browser window to the provided ``url``.</doc>
<status status="PASS" start="2026-03-17T04:36:56.297755" elapsed="0.238364"/>
</kw>
<status status="PASS" start="2026-03-17T04:36:54.167867" elapsed="2.368252"/>
</kw>
<kw name="Login as Passenger">
<kw name="Sleep" owner="BuiltIn">
<msg time="2026-03-17T04:36:58.536606" level="INFO">Slept 2 seconds.</msg>
<arg>2s</arg>
<doc>Pauses the test executed for the given time.</doc>
<status status="PASS" start="2026-03-17T04:36:56.536119" elapsed="2.000487"/>
</kw>
<kw name="Wait Until Page Contains" owner="SeleniumLibrary">
<arg>เดินทางร่วมกัน อย่างมั่นใจ ด้วยความปลอดภัยเป็นอันดับหนึ่ง</arg>
<arg>timeout=10s</arg>
<doc>Waits until ``text`` appears on the current page.</doc>
<status status="PASS" start="2026-03-17T04:36:58.536606" elapsed="0.011127"/>
</kw>
<kw name="Click Element" owner="SeleniumLibrary">
<msg time="2026-03-17T04:36:58.547733" level="INFO">Clicking element 'xpath=//a[normalize-space()="เข้าสู่ระบบ"]'.</msg>
<arg>xpath=//a[normalize-space()="เข้าสู่ระบบ"]</arg>
<doc>Click the element identified by ``locator``.</doc>
<status status="PASS" start="2026-03-17T04:36:58.547733" elapsed="0.110020"/>
</kw>
<kw name="Input Text" owner="SeleniumLibrary">
<msg time="2026-03-17T04:36:58.657753" level="INFO">Typing text 'passenger123' into text field 'id=identifier'.</msg>
<arg>id=identifier</arg>
<arg>${passengerUser}</arg>
<doc>Types the given ``text`` into the text field identified by ``locator``.</doc>
<status status="PASS" start="2026-03-17T04:36:58.657753" elapsed="0.109971"/>
</kw>
<kw name="Input Text" owner="SeleniumLibrary">
<msg time="2026-03-17T04:36:58.768736" level="INFO">Typing text 'passenger1234' into text field 'id=password'.</msg>
<arg>id=password</arg>
<arg>${passengerPass}</arg>
<doc>Types the given ``text`` into the text field identified by ``locator``.</doc>
<status status="PASS" start="2026-03-17T04:36:58.767724" elapsed="0.078674"/>
</kw>
<kw name="Click Button" owner="SeleniumLibrary">
<msg time="2026-03-17T04:36:58.847686" level="INFO">Clicking button 'xpath=//button[normalize-space()="เข้าสู่ระบบ"]'.</msg>
<arg>xpath=//button[normalize-space()="เข้าสู่ระบบ"]</arg>
<doc>Clicks the button identified by ``locator``.</doc>
<status status="PASS" start="2026-03-17T04:36:58.847686" elapsed="0.087659"/>
</kw>
<status status="PASS" start="2026-03-17T04:36:56.536119" elapsed="2.400242"/>
</kw>
<kw name="Go to Complete Trip">
<kw name="Sleep" owner="BuiltIn">
<msg time="2026-03-17T04:37:00.936695" level="INFO">Slept 2 seconds.</msg>
<arg>2s</arg>
<doc>Pauses the test executed for the given time.</doc>
<status status="PASS" start="2026-03-17T04:36:58.936361" elapsed="2.000334"/>
</kw>
<kw name="Click Element" owner="SeleniumLibrary">
<msg time="2026-03-17T04:37:00.936695" level="INFO">Clicking element 'xpath=//*[@id="__nuxt"]/div/div[1]/header/div/div[1]/nav/div[2]/a'.</msg>
<arg>xpath=//*[@id="__nuxt"]/div/div[1]/header/div/div[1]/nav/div[2]/a</arg>
<doc>Click the element identified by ``locator``.</doc>
<status status="PASS" start="2026-03-17T04:37:00.936695" elapsed="0.059886"/>
</kw>
<kw name="Wait Until Page Contains" owner="SeleniumLibrary">
<arg>การเดินทางของฉัน</arg>
<arg>timeout=10s</arg>
<doc>Waits until ``text`` appears on the current page.</doc>
<status status="PASS" start="2026-03-17T04:37:00.996581" elapsed="0.030615"/>
</kw>
<kw name="Click Button" owner="SeleniumLibrary">
<msg time="2026-03-17T04:37:01.027196" level="INFO">Clicking button 'xpath=//*[@id="__nuxt"]/div/div[1]/main/div/div/div[2]/div/button[5]'.</msg>
<arg>xpath=//*[@id="__nuxt"]/div/div[1]/main/div/div/div[2]/div/button[5]</arg>
<doc>Clicks the button identified by ``locator``.</doc>
<status status="PASS" start="2026-03-17T04:37:01.027196" elapsed="0.075956"/>
</kw>
<kw name="Wait Until Page Contains" owner="SeleniumLibrary">
<arg>เสร็จสิ้นแล้ว</arg>
<arg>timeout=10s</arg>
<doc>Waits until ``text`` appears on the current page.</doc>
<status status="PASS" start="2026-03-17T04:37:01.103152" elapsed="0.010414"/>
</kw>
<status status="PASS" start="2026-03-17T04:36:58.936361" elapsed="2.177205"/>
</kw>
<kw name="Review All">
<kw name="Sleep" owner="BuiltIn">
<msg time="2026-03-17T04:37:03.115149" level="INFO">Slept 2 seconds.</msg>
<arg>2s</arg>
<doc>Pauses the test executed for the given time.</doc>
<status status="PASS" start="2026-03-17T04:37:01.114562" elapsed="2.000587"/>
</kw>
<kw name="Scroll Element Into View" owner="SeleniumLibrary">
<arg>xpath=//*[@id="__nuxt"]/div/div[1]/main/div/div/div[3]/div[1]/div/div[2]/div[5]/div[3]/a</arg>
<doc>Scrolls the element identified by ``locator`` into view.</doc>
<status status="PASS" start="2026-03-17T04:37:03.115149" elapsed="0.292810"/>
</kw>
<kw name="Click Element" owner="SeleniumLibrary">
<msg time="2026-03-17T04:37:03.407959" level="INFO">Clicking element 'xpath=//*[@id="__nuxt"]/div/div[1]/main/div/div/div[3]/div[1]/div/div[2]/div[5]/div[3]/a'.</msg>
<arg>xpath=//*[@id="__nuxt"]/div/div[1]/main/div/div/div[3]/div[1]/div/div[2]/div[5]/div[3]/a</arg>
<doc>Click the element identified by ``locator``.</doc>
<status status="PASS" start="2026-03-17T04:37:03.407959" elapsed="0.081791"/>
</kw>
<kw name="Click Button" owner="SeleniumLibrary">
<msg time="2026-03-17T04:37:03.489750" level="INFO">Clicking button 'xpath=//*[@id="__nuxt"]/div/div[1]/main/div/div/div/div[2]/div[2]/div/button[4]'.</msg>
<arg>xpath=//*[@id="__nuxt"]/div/div[1]/main/div/div/div/div[2]/div[2]/div/button[4]</arg>
<doc>Clicks the button identified by ``locator``.</doc>
<status status="PASS" start="2026-03-17T04:37:03.489750" elapsed="0.139398"/>
</kw>
<kw name="Input Text" owner="SeleniumLibrary">
<msg time="2026-03-17T04:37:03.631123" level="INFO">Typing text 'ค่อนข้างดีเลยนะ ให้ 4 ดาวไปเลย' into text field 'xpath=//*[@id="__nuxt"]/div/div[1]/main/div/div/div/div[2]/div[3]/textarea'.</msg>
<arg>xpath=//*[@id="__nuxt"]/div/div[1]/main/div/div/div/div[2]/div[3]/textarea</arg>
<arg>ค่อนข้างดีเลยนะ ให้ 4 ดาวไปเลย</arg>
<doc>Types the given ``text`` into the text field identified by ``locator``.</doc>
<status status="PASS" start="2026-03-17T04:37:03.631123" elapsed="0.107097"/>
</kw>
<kw name="Wait Until Element Is Not Visible" owner="SeleniumLibrary">
<arg>xpath=//*[contains(.,'เลือกคะแนนก่อนเพื่อดูแท็กที่เกี่ยวข้อง')]</arg>
<arg>10s</arg>
<doc>Waits until the element ``locator`` is not visible.</doc>
<status status="PASS" start="2026-03-17T04:37:03.738220" elapsed="0.009623"/>
</kw>
<kw name="Click Button" owner="SeleniumLibrary">
<msg time="2026-03-17T04:37:03.747843" level="INFO">Clicking button 'xpath=//*[@id="__nuxt"]/div/div[1]/main/div/div/div/div[2]/div[4]/div/button[2]'.</msg>
<arg>xpath=//*[@id="__nuxt"]/div/div[1]/main/div/div/div/div[2]/div[4]/div/button[2]</arg>
<doc>Clicks the button identified by ``locator``.</doc>
<status status="PASS" start="2026-03-17T04:37:03.747843" elapsed="0.083311"/>
</kw>
<kw name="Click Button" owner="SeleniumLibrary">
<msg time="2026-03-17T04:37:03.832146" level="INFO">Clicking button 'xpath=//*[@id="__nuxt"]/div/div[1]/main/div/div/div/div[2]/div[4]/div/button[5]'.</msg>
<arg>xpath=//*[@id="__nuxt"]/div/div[1]/main/div/div/div/div[2]/div[4]/div/button[5]</arg>
<doc>Clicks the button identified by ``locator``.</doc>
<status status="PASS" start="2026-03-17T04:37:03.832146" elapsed="0.082137"/>
</kw>
<kw name="Choose File" owner="SeleniumLibrary">
<msg time="2026-03-17T04:37:03.914612" level="INFO">Sending D:\Software_Engineer\test_painamnae\sprint 3\UAT\testdata\picture_evidence.jpg
D:\Software_Engineer\test_painamnae\sprint 3\UAT\testdata\vdo_evidence.mp4
D:\Software_Engineer\test_painamnae\sprint 3\UAT\testdata\sound_evidence.mp3 to browser.</msg>
<arg>xpath=//input[@type='file']</arg>
<arg>${picture_evidence}\n${vdo_evidence}\n${sound_evidence}</arg>
<doc>Inputs the ``file_path`` into the file input field ``locator``.</doc>
<status status="PASS" start="2026-03-17T04:37:03.914612" elapsed="0.046623"/>
</kw>
<kw name="Click Button" owner="SeleniumLibrary">
<msg time="2026-03-17T04:37:03.962238" level="INFO">Clicking button 'xpath=//*[@id="__nuxt"]/div/div[1]/main/div/div/div/div[2]/div[6]/button'.</msg>
<arg>xpath=//*[@id="__nuxt"]/div/div[1]/main/div/div/div/div[2]/div[6]/button</arg>
<doc>Clicks the button identified by ``locator``.</doc>
<status status="PASS" start="2026-03-17T04:37:03.962238" elapsed="0.114259"/>
</kw>
<kw name="Wait Until Page Contains" owner="SeleniumLibrary">
<arg>ขอบคุณสำหรับรีวิว!</arg>
<arg>timeout=20s</arg>
<doc>Waits until ``text`` appears on the current page.</doc>
<status status="PASS" start="2026-03-17T04:37:04.076497" elapsed="8.041979"/>
</kw>
<status status="PASS" start="2026-03-17T04:37:01.114562" elapsed="11.003914"/>
</kw>
<kw name="Close Browser" owner="SeleniumLibrary">
<doc>Closes the current browser.</doc>
<status status="PASS" start="2026-03-17T04:37:12.118476" elapsed="2.222495"/>
</kw>
<doc>passenger ทำการรีวิวโดยใส่รายละเอียดต่างๆทั้งหมด</doc>
<status status="PASS" start="2026-03-17T04:36:54.167867" elapsed="20.173104"/>
</test>
<status status="PASS" start="2026-03-17T04:25:53.276355" elapsed="681.064616"/>
</suite>
<statistics>
<total>
<stat pass="34" fail="0" skip="0">All Tests</stat>
</total>
<tag>
</tag>
<suite>
<stat name="test UAT" id="s1" pass="34" fail="0" skip="0">test UAT</stat>
</suite>
</statistics>
<errors>
</errors>
</robot>
